Command line: /SPAdes-3.15.5-Linux/bin/spades.py	--phred-offset	33	-k	21,33,55,77	-1	/workspace/output/task_c753c536/data/SRR1234567_R1.fastq.gz	-2	/workspace/output/task_c753c536/data/SRR1234567_R2.fastq.gz	-o	/workspace/output/task_c753c536	

System information:
  SPAdes version: 3.15.5
  Python version: 3.8.10
  OS: Linux-6.6.87.2-microsoft-standard-WSL2-x86_64-with-glibc2.29

Output dir: /workspace/output/task_c753c536
Mode: read error correction and assembling
Debug mode is turned OFF

Dataset parameters:
  Standard mode
  For multi-cell/isolate data we recommend to use '--isolate' option; for single-cell MDA data use '--sc'; for metagenomic data use '--meta'; for RNA-Seq use '--rna'.
  Reads:
    Library number: 1, library type: paired-end
      orientation: fr
      left reads: ['/workspace/output/task_c753c536/data/SRR1234567_R1.fastq.gz']
      right reads: ['/workspace/output/task_c753c536/data/SRR1234567_R2.fastq.gz']
      interlaced reads: not specified
      single reads: not specified
      merged reads: not specified
Read error correction parameters:
  Iterations: 1
  PHRED offset: 33
  Corrected reads will be compressed
Assembly parameters:
  k: [21, 33, 55, 77]
  Repeat resolution is enabled
  Mismatch careful mode is turned OFF
  MismatchCorrector will be SKIPPED
  Coverage cutoff is turned OFF
Other parameters:
  Dir for temp files: /workspace/output/task_c753c536/tmp
  Threads: 16
  Memory limit (in Gb): 7


======= SPAdes pipeline started. Log can be found here: /workspace/output/task_c753c536/spades.log

/workspace/output/task_c753c536/data/SRR1234567_R1.fastq.gz: max reads length: 50
/workspace/output/task_c753c536/data/SRR1234567_R2.fastq.gz: max reads length: 50

Reads length: 50

K-mer sizes were set to [21, 33] because estimated read length (50) is less than 77

===== Before start started. 


===== Read error correction started. 


===== Read error correction started. 


== Running: /SPAdes-3.15.5-Linux/bin/spades-hammer /workspace/output/task_c753c536/corrected/configs/config.info

  0:00:00.000     1M / 10M   INFO    General                 (main.cpp                  :  75)   Starting BayesHammer, built from refs/heads/spades_3.15.5, git revision e757b8216f9a038fb616e9551a2d4891b2d19ad7
  0:00:00.011     1M / 10M   INFO    General                 (main.cpp                  :  76)   Loading config from /workspace/output/task_c753c536/corrected/configs/config.info
  0:00:00.034     1M / 10M   INFO    General                 (main.cpp                  :  78)   Maximum # of threads to use (adjusted due to OMP capabilities): 16
  0:00:00.039     1M / 10M   INFO    General                 (memory_limit.cpp          :  54)   Memory limit set to 7 Gb
  0:00:00.045     1M / 10M   INFO    General                 (hammer_tools.cpp          :  38)   Hamming graph threshold tau=1, k=21, subkmer positions = [ 0 10 ]
  0:00:00.050     1M / 10M   INFO    General                 (main.cpp                  : 113)   Size of aux. kmer data 24 bytes
     === ITERATION 0 begins ===
  0:00:00.061     1M / 10M   INFO    General                 (kmer_index_builder.hpp    : 243)   Splitting kmer instances into 16 files using 16 threads. This might take a while.
  0:00:00.073     1M / 10M   INFO    General                 (file_limit.hpp            :  42)   Open file limit set to 1048576
  0:00:00.081     1M / 10M   INFO    General                 (kmer_splitter.hpp         :  93)   Memory available for splitting buffers: 0.145831 Gb
  0:00:00.084     1M / 10M   INFO    General                 (kmer_splitter.hpp         : 101)   Using cell size of 1223321
  0:00:00.092  2817M / 2817M INFO   K-mer Splitting          (kmer_data.cpp             :  97)   Processing /workspace/output/task_c753c536/data/SRR1234567_R1.fastq.gz
  0:00:00.195  2817M / 2817M INFO   K-mer Splitting          (kmer_data.cpp             :  97)   Processing /workspace/output/task_c753c536/data/SRR1234567_R2.fastq.gz
  0:00:00.274  2817M / 2817M INFO   K-mer Splitting          (kmer_data.cpp             : 112)   Total 200 reads processed
  0:00:00.275     1M / 10M   INFO    General                 (kmer_index_builder.hpp    : 249)   Starting k-mer counting.
  0:00:00.349     1M / 10M   INFO    General                 (kmer_index_builder.hpp    : 260)   K-mer counting done. There are 4 kmers in total.
  0:00:00.360     1M / 10M   INFO   K-mer Index Building     (kmer_index_builder.hpp    : 395)   Building perfect hash indices
  0:00:00.426     1M / 10M   INFO   K-mer Index Building     (kmer_index_builder.hpp    : 431)   Index built. Total 4 kmers, 2400 bytes occupied (4800 bits per kmer).
  0:00:00.452     1M / 10M   INFO   K-mer Counting           (kmer_data.cpp             : 354)   Arranging kmers in hash map order
  0:00:00.496     1M / 10M   INFO    General                 (main.cpp                  : 148)   Clustering Hamming graph.
  0:00:00.510     1M / 10M   INFO    General                 (main.cpp                  : 155)   Extracting clusters:
  0:00:00.511     1M / 10M   INFO    General                 (concurrent_dsu.cpp        :  18)   Connecting to root
  0:00:00.514     1M / 10M   INFO    General                 (concurrent_dsu.cpp        :  34)   Calculating counts
  0:00:00.521     1M / 10M   INFO    General                 (concurrent_dsu.cpp        :  63)   Writing down entries
  0:00:00.536     1M / 10M   INFO    General                 (main.cpp                  : 167)   Clustering done. Total clusters: 4
  0:00:00.538     1M / 10M   INFO   K-mer Counting           (kmer_data.cpp             : 371)   Collecting K-mer information, this takes a while.
  0:00:00.538     1M / 10M   INFO   K-mer Counting           (kmer_data.cpp             : 377)   Processing /workspace/output/task_c753c536/data/SRR1234567_R1.fastq.gz
  0:00:00.554     1M / 10M   INFO   K-mer Counting           (kmer_data.cpp             : 377)   Processing /workspace/output/task_c753c536/data/SRR1234567_R2.fastq.gz
  0:00:00.569     1M / 10M   INFO   K-mer Counting           (kmer_data.cpp             : 384)   Collection done, postprocessing.
  0:00:00.570     1M / 10M   INFO   K-mer Counting           (kmer_data.cpp             : 397)   There are 4 kmers in total. Among them 0 (0%) are singletons.
  0:00:00.575     1M / 10M   INFO    General                 (main.cpp                  : 173)   Subclustering Hamming graph
  0:00:00.636     1M / 10M   INFO   Hamming Subclustering    (kmer_cluster.cpp          : 650)   Subclustering done. Total 0 non-read kmers were generated.
  0:00:00.637     1M / 10M   INFO   Hamming Subclustering    (kmer_cluster.cpp          : 651)   Subclustering statistics:
  0:00:00.639     1M / 10M   INFO   Hamming Subclustering    (kmer_cluster.cpp          : 652)     Total singleton hamming clusters: 4. Among them 4 (100%) are good
  0:00:00.640     1M / 10M   INFO   Hamming Subclustering    (kmer_cluster.cpp          : 653)     Total singleton subclusters: 0. Among them 0 (-nan%) are good
  0:00:00.648     1M / 10M   INFO   Hamming Subclustering    (kmer_cluster.cpp          : 654)     Total non-singleton subcluster centers: 0. Among them 0 (-nan%) are good
  0:00:00.649     1M / 10M   INFO   Hamming Subclustering    (kmer_cluster.cpp          : 655)     Average size of non-trivial subcluster: -nan kmers
  0:00:00.650     1M / 10M   INFO   Hamming Subclustering    (kmer_cluster.cpp          : 656)     Average number of sub-clusters per non-singleton cluster: -nan
  0:00:00.654     1M / 10M   INFO   Hamming Subclustering    (kmer_cluster.cpp          : 657)     Total solid k-mers: 4
  0:00:00.655     1M / 10M   INFO   Hamming Subclustering    (kmer_cluster.cpp          : 658)     Substitution probabilities: [4,4]((-nan,-nan,-nan,-nan),(-nan,-nan,-nan,-nan),(-nan,-nan,-nan,-nan),(-nan,-nan,-nan,-nan))
  0:00:00.659     1M / 10M   INFO    General                 (main.cpp                  : 178)   Finished clustering.
  0:00:00.659     1M / 10M   INFO    General                 (main.cpp                  : 197)   Starting solid k-mers expansion in 16 threads.
  0:00:00.677     1M / 10M   INFO    General                 (main.cpp                  : 218)   Solid k-mers iteration 0 produced 0 new k-mers.
  0:00:00.677     1M / 10M   INFO    General                 (main.cpp                  : 222)   Solid k-mers finalized
  0:00:00.677     1M / 10M   INFO    General                 (hammer_tools.cpp          : 222)   Starting read correction in 16 threads.
  0:00:00.679     1M / 10M   INFO    General                 (hammer_tools.cpp          : 235)   Correcting pair of reads: /workspace/output/task_c753c536/data/SRR1234567_R1.fastq.gz and /workspace/output/task_c753c536/data/SRR1234567_R2.fastq.gz
  0:00:00.809   130M / 130M  INFO    General                 (hammer_tools.cpp          : 170)   Prepared batch 0 of 100 reads.
  0:00:00.820   130M / 130M  INFO    General                 (hammer_tools.cpp          : 177)   Processed batch 0
  0:00:00.826   130M / 130M  INFO    General                 (hammer_tools.cpp          : 187)   Written batch 0
  0:00:00.851     1M / 127M  INFO    General                 (hammer_tools.cpp          : 276)   Correction done. Changed 0 bases in 0 reads.
  0:00:00.856     1M / 127M  INFO    General                 (hammer_tools.cpp          : 277)   Failed to correct 0 bases out of 10000.
  0:00:00.861     1M / 127M  INFO    General                 (main.cpp                  : 248)   Too few reads have changed in this iteration. Exiting.
  0:00:00.863     1M / 127M  INFO    General                 (main.cpp                  : 255)   Saving corrected dataset description to /workspace/output/task_c753c536/corrected/corrected.yaml
  0:00:00.872     1M / 127M  INFO    General                 (main.cpp                  : 262)   All done. Exiting.

===== Read error correction finished. 


===== corrected reads compression started. 


== Running: /usr/bin/python /SPAdes-3.15.5-Linux/share/spades/spades_pipeline/scripts/compress_all.py --input_file /workspace/output/task_c753c536/corrected/corrected.yaml --ext_python_modules_home /SPAdes-3.15.5-Linux/share/spades --max_threads 16 --output_dir /workspace/output/task_c753c536/corrected --gzip_output

== Compressing corrected reads (with pigz)
== Files to compress: ['/workspace/output/task_c753c536/corrected/SRR1234567_R1.fastq.00.0_0.cor.fastq', '/workspace/output/task_c753c536/corrected/SRR1234567_R2.fastq.00.0_0.cor.fastq', '/workspace/output/task_c753c536/corrected/SRR1234567_R_unpaired.00.0_0.cor.fastq']
== Files compression is finished
== Dataset yaml file is updated

===== corrected reads compression finished. 


===== Read error correction finished. 


===== Assembling started. 


===== K21 started. 


== Running: /SPAdes-3.15.5-Linux/bin/spades-core /workspace/output/task_c753c536/K21/configs/config.info

  0:00:00.000     1M / 10M   INFO    General                 (main.cpp                  :  99)   Loaded config from /workspace/output/task_c753c536/K21/configs/config.info
  0:00:00.010     1M / 10M   INFO    General                 (memory_limit.cpp          :  54)   Memory limit set to 7 Gb
  0:00:00.010     1M / 10M   INFO    General                 (main.cpp                  : 107)   Starting SPAdes, built from refs/heads/spades_3.15.5, git revision e757b8216f9a038fb616e9551a2d4891b2d19ad7
  0:00:00.011     1M / 10M   INFO    General                 (main.cpp                  : 108)   Maximum k-mer length: 128
  0:00:00.012     1M / 10M   INFO    General                 (main.cpp                  : 109)   Assembling dataset (/workspace/output/task_c753c536/dataset.info) with K=21
  0:00:00.016     1M / 10M   INFO    General                 (main.cpp                  : 110)   Maximum # of threads to use (adjusted due to OMP capabilities): 16
  0:00:00.021     1M / 10M   INFO    General                 (pipeline.cpp              : 212)   SPAdes started
  0:00:00.027     1M / 10M   INFO    General                 (pipeline.cpp              : 225)   Starting from stage: read_conversion
  0:00:00.030     1M / 10M   INFO    General                 (pipeline.cpp              : 231)   Two-step repeat resolution disabled
  0:00:00.036     1M / 10M   INFO   GraphCore                (graph_core.hpp            : 672)   Graph created, vertex min_id: 3, edge min_id: 3
  0:00:00.037     1M / 10M   INFO   GraphCore                (graph_core.hpp            : 673)   Vertex size: 48, edge size: 40
  0:00:00.046     1M / 10M   INFO    General                 (edge_index.hpp            : 113)   Size of edge index entries: 12/8
  0:00:00.052     1M / 10M   INFO   StageManager             (stage.cpp                 : 185)   STAGE == Binary Read Conversion (id: read_conversion)
  0:00:00.058     1M / 10M   INFO    General                 (read_converter.cpp        :  72)   Converting reads to binary format for library #0 (takes a while)
  0:00:00.059     1M / 10M   INFO    General                 (read_converter.cpp        :  73)   Converting paired reads
  0:00:00.069    21M / 21M   INFO    General                 (binary_converter.cpp      : 111)   99 reads written
  0:00:00.071    14M / 14M   INFO    General                 (read_converter.cpp        :  86)   Converting single reads
  0:00:00.080    24M / 24M   INFO    General                 (binary_converter.cpp      : 111)   1 reads written
  0:00:00.094    20M / 20M   INFO    General                 (read_converter.cpp        :  92)   Converting merged reads
  0:00:00.104    24M / 24M   INFO    General                 (binary_converter.cpp      : 111)   0 reads written
  0:00:00.124     1M / 10M   INFO   StageManager             (stage.cpp                 : 185)   STAGE == de Bruijn graph construction (id: construction)
  0:00:00.271     1M / 10M   INFO    General                 (construction.cpp          : 153)   Max read length 50
  0:00:00.273     1M / 10M   INFO    General                 (construction.cpp          : 159)   Average read length 50
  0:00:00.273     1M / 10M   INFO    General                 (stage.cpp                 : 117)   PROCEDURE == k+1-mer counting (id: construction:kpomer_counting)
  0:00:00.279     1M / 10M   INFO    General                 (kmer_index_builder.hpp    : 243)   Splitting kmer instances into 160 files using 16 threads. This might take a while.
  0:00:00.285     1M / 10M   INFO    General                 (file_limit.hpp            :  42)   Open file limit set to 1048576
  0:00:00.288     1M / 10M   INFO    General                 (kmer_splitter.hpp         :  93)   Memory available for splitting buffers: 0.145821 Gb
  0:00:00.289     1M / 10M   INFO    General                 (kmer_splitter.hpp         : 101)   Using cell size of 122323
  0:00:01.512     1M / 17M   INFO    General                 (kmer_splitters.hpp        : 131)   Used 398 reads
  0:00:01.515     1M / 17M   INFO    General                 (kmer_index_builder.hpp    : 249)   Starting k-mer counting.
  0:00:02.586     1M / 17M   INFO    General                 (kmer_index_builder.hpp    : 260)   K-mer counting done. There are 3 kmers in total.
  0:00:02.592     1M / 17M   INFO    General                 (stage.cpp                 : 117)   PROCEDURE == Extension index construction (id: construction:extension_index_construction)
  0:00:02.811     1M / 17M   INFO   K-mer Index Building     (kmer_index_builder.hpp    : 438)   Building kmer index
  0:00:02.811     1M / 17M   INFO    General                 (kmer_index_builder.hpp    : 243)   Splitting kmer instances into 160 files using 16 threads. This might take a while.
  0:00:02.839     1M / 17M   INFO    General                 (file_limit.hpp            :  42)   Open file limit set to 1048576
  0:00:02.865     1M / 17M   INFO    General                 (kmer_splitter.hpp         :  93)   Memory available for splitting buffers: 0.145819 Gb
  0:00:02.883     1M / 17M   INFO    General                 (kmer_splitter.hpp         : 101)   Using cell size of 122322
  0:00:04.103  3201M / 3201M INFO    General                 (kmer_splitters.hpp        : 199)   Used 3 kmers.
  0:00:04.115     1M / 17M   INFO    General                 (kmer_index_builder.hpp    : 249)   Starting k-mer counting.
  0:00:05.143     1M / 17M   INFO    General                 (kmer_index_builder.hpp    : 260)   K-mer counting done. There are 2 kmers in total.
  0:00:05.146     1M / 17M   INFO   K-mer Index Building     (kmer_index_builder.hpp    : 395)   Building perfect hash indices
  0:00:05.645     2M / 17M   INFO   K-mer Index Building     (kmer_index_builder.hpp    : 431)   Index built. Total 2 kmers, 1600 bytes occupied (6400 bits per kmer).
  0:00:05.652     2M / 17M   INFO    General                 (kmer_index_builder.hpp    : 169)   Merging final buckets.
  0:00:05.998     2M / 17M   INFO   DeBruijnExtensionIndexBu (kmer_extension_index_build: 100)   Building k-mer extensions from k+1-mers
  0:00:06.044     2M / 17M   INFO   DeBruijnExtensionIndexBu (kmer_extension_index_build: 105)   Building k-mer extensions from k+1-mers finished.
  0:00:06.053     1M / 17M   INFO    General                 (stage.cpp                 : 117)   PROCEDURE == Early tip clipping (id: construction:early_tip_clipper)
  0:00:06.054     1M / 17M   INFO    General                 (construction.cpp          : 301)   Early tip clipper length bound set as (RL - K)
  0:00:06.055     1M / 17M   INFO   Early tip clipping       (early_simplification.hpp  :  47)   Early tip clipping
  0:00:06.069     1M / 17M   INFO   Early tip clipping       (early_simplification.hpp  :  82)   #tipped junctions: 0
  0:00:06.072     1M / 17M   INFO   Early tip clipping       (early_simplification.hpp  :  93)   Clipped tips: 0
  0:00:06.073     1M / 17M   INFO   Early tip clipping       (early_simplification.hpp  :  49)   0 22-mers were removed by early tip clipper
  0:00:06.075     1M / 17M   INFO    General                 (stage.cpp                 : 117)   PROCEDURE == Condensing graph (id: construction:graph_condensing)
  0:00:06.082     1M / 17M   INFO   UnbranchingPathExtractor (debruijn_graph_constructor: 354)   Extracting unbranching paths
  0:00:06.086     1M / 17M   INFO   UnbranchingPathExtractor (debruijn_graph_constructor: 373)   Extracting unbranching paths finished. 0 sequences extracted
  0:00:06.096     1M / 17M   INFO   UnbranchingPathExtractor (debruijn_graph_constructor: 309)   Collecting perfect loops
  0:00:06.103     1M / 17M   INFO   UnbranchingPathExtractor (debruijn_graph_constructor: 342)   Collecting perfect loops finished. 2 loops collected
  0:00:06.107     1M / 17M   INFO    General                 (debruijn_graph_constructor: 487)   Total 4 edges to create
  0:00:06.107     1M / 17M   INFO    General                 (debruijn_graph_constructor: 489)   Collecting link records
  0:00:06.110     1M / 17M   INFO    General                 (debruijn_graph_constructor: 491)   Ordering link records
  0:00:06.113     1M / 17M   INFO    General                 (debruijn_graph_constructor: 493)   Sorting done
  0:00:06.116     1M / 17M   INFO    General                 (debruijn_graph_constructor: 503)   Total 1 vertices to create
  0:00:06.120     1M / 17M   INFO    General                 (debruijn_graph_constructor: 506)   Connecting the graph
  0:00:06.122     1M / 17M   INFO    General                 (stage.cpp                 : 117)   PROCEDURE == Filling coverage indices (PHM) (id: construction:coverage_filling_phm)
  0:00:06.123     1M / 17M   INFO   K-mer Index Building     (kmer_index_builder.hpp    : 395)   Building perfect hash indices
  0:00:06.560     2M / 17M   INFO   K-mer Index Building     (kmer_index_builder.hpp    : 431)   Index built. Total 3 kmers, 2400 bytes occupied (6400 bits per kmer).
  0:00:06.695     2M / 17M   INFO    General                 (coverage_hash_map_builder.:  47)   Collecting k-mer coverage information from reads, this takes a while.
  0:00:06.708     2M / 17M   INFO    General                 (construction.cpp          : 430)   Filling coverage and flanking coverage from PHM
  0:00:06.989     1M / 17M   INFO   StageManager             (stage.cpp                 : 185)   STAGE == EC Threshold Finding (id: ec_threshold_finder)
  0:00:06.998     1M / 17M   INFO    General                 (kmer_coverage_model.cpp   : 181)   Kmer coverage valley at: 0
  0:00:07.002     1M / 17M   INFO    General                 (kmer_coverage_model.cpp   : 201)   K-mer histogram maximum: 2785
  0:00:07.014     1M / 17M   INFO    General                 (kmer_coverage_model.cpp   : 237)   Estimated median coverage: 2786. Coverage mad: 2.9652
  0:00:07.020     1M / 17M   INFO    General                 (kmer_coverage_model.cpp   : 259)   Fitting coverage model
  0:00:07.050     1M / 17M   INFO    General                 (kmer_coverage_model.cpp   : 295)   ... iteration 2
  0:00:07.070     1M / 17M   INFO    General                 (kmer_coverage_model.cpp   : 295)   ... iteration 4
  0:00:07.100     1M / 17M   INFO    General                 (kmer_coverage_model.cpp   : 295)   ... iteration 8
  0:00:07.209     1M / 17M   INFO    General                 (kmer_coverage_model.cpp   : 309)   Fitted mean coverage: 2786. Fitted coverage std. dev: 1.33778e-309
  0:00:07.222     1M / 17M   INFO    General                 (kmer_coverage_model.cpp   : 334)   Probability of erroneous kmer at valley: 1
  0:00:07.224     1M / 17M   INFO    General                 (kmer_coverage_model.cpp   : 358)   Preliminary threshold calculated as: 2786
  0:00:07.225     1M / 17M   INFO    General                 (kmer_coverage_model.cpp   : 362)   Threshold adjusted to: 1393
  0:00:07.231     1M / 17M   INFO    General                 (kmer_coverage_model.cpp   : 375)   Estimated genome size (ignoring repeats): 3
  0:00:07.232     1M / 17M   INFO    General                 (genomic_info_filler.cpp   :  55)   Mean coverage was calculated as 2786
  0:00:07.235     1M / 17M   INFO    General                 (genomic_info_filler.cpp   :  70)   EC coverage threshold value was calculated as 1393
  0:00:07.241     1M / 17M   INFO    General                 (genomic_info_filler.cpp   :  71)   Trusted kmer low bound: 0
  0:00:07.243     1M / 17M   INFO   StageManager             (stage.cpp                 : 185)   STAGE == Raw Simplification (id: raw_simplification)
  0:00:07.249     1M / 17M   INFO    General                 (simplification.cpp        : 127)   PROCEDURE == Initial cleaning
  0:00:07.255     1M / 17M   INFO    General                 (graph_simplification.hpp  : 662)   Flanking coverage based disconnection disabled
  0:00:07.258     1M / 17M   INFO   Simplification           (parallel_processing.hpp   : 167)   Running Self conjugate edge remover
  0:00:07.270     1M / 17M   INFO   Simplification           (parallel_processing.hpp   : 170)   Self conjugate edge remover triggered 0 times
  0:00:07.273     1M / 17M   INFO   Simplification           (parallel_processing.hpp   : 167)   Running Initial tip clipper
  0:00:07.282     1M / 17M   INFO   Simplification           (parallel_processing.hpp   : 170)   Initial tip clipper triggered 0 times
  0:00:07.288     1M / 17M   INFO   Simplification           (parallel_processing.hpp   : 167)   Running Initial ec remover
  0:00:07.294     1M / 17M   INFO   Simplification           (parallel_processing.hpp   : 170)   Initial ec remover triggered 0 times
  0:00:07.303     1M / 17M   INFO   Simplification           (parallel_processing.hpp   : 167)   Running Initial isolated edge remover
  0:00:07.309     1M / 17M   INFO   Simplification           (parallel_processing.hpp   : 170)   Initial isolated edge remover triggered 0 times
  0:00:07.311     1M / 17M   INFO   StageManager             (stage.cpp                 : 185)   STAGE == Simplification (id: simplification)
  0:00:07.314     1M / 17M   INFO    General                 (simplification.cpp        : 368)   Graph simplification started
  0:00:07.316     1M / 17M   INFO    General                 (graph_simplification.hpp  : 634)   Creating parallel br instance
  0:00:07.316     1M / 17M   INFO    General                 (simplification.cpp        : 373)   PROCEDURE == Simplification cycle, iteration 1
  0:00:07.318     1M / 17M   INFO   Simplification           (parallel_processing.hpp   : 167)   Running Tip clipper
  0:00:07.320     1M / 17M   INFO   Simplification           (parallel_processing.hpp   : 170)   Tip clipper triggered 0 times
  0:00:07.321     1M / 17M   INFO   Simplification           (parallel_processing.hpp   : 167)   Running Bulge remover
  0:00:07.325     1M / 17M   INFO   Simplification           (parallel_processing.hpp   : 170)   Bulge remover triggered 0 times
  0:00:07.326     1M / 17M   INFO   Simplification           (parallel_processing.hpp   : 167)   Running Low coverage edge remover
  0:00:07.328     1M / 17M   INFO   Simplification           (parallel_processing.hpp   : 170)   Low coverage edge remover triggered 0 times
  0:00:07.330     1M / 17M   INFO    General                 (simplification.cpp        : 373)   PROCEDURE == Simplification cycle, iteration 2
  0:00:07.333     1M / 17M   INFO   Simplification           (parallel_processing.hpp   : 167)   Running Tip clipper
  0:00:07.333     1M / 17M   INFO   Simplification           (parallel_processing.hpp   : 170)   Tip clipper triggered 0 times
  0:00:07.339     1M / 17M   INFO   Simplification           (parallel_processing.hpp   : 167)   Running Bulge remover
  0:00:07.341     1M / 17M   INFO   Simplification           (parallel_processing.hpp   : 170)   Bulge remover triggered 0 times
  0:00:07.343     1M / 17M   INFO   Simplification           (parallel_processing.hpp   : 167)   Running Low coverage edge remover
  0:00:07.347     1M / 17M   INFO   Simplification           (parallel_processing.hpp   : 170)   Low coverage edge remover triggered 0 times
  0:00:07.349     1M / 17M   INFO    General                 (simplification.cpp        : 373)   PROCEDURE == Simplification cycle, iteration 3
  0:00:07.351     1M / 17M   INFO   Simplification           (parallel_processing.hpp   : 167)   Running Tip clipper
  0:00:07.353     1M / 17M   INFO   Simplification           (parallel_processing.hpp   : 170)   Tip clipper triggered 0 times
  0:00:07.355     1M / 17M   INFO   Simplification           (parallel_processing.hpp   : 167)   Running Bulge remover
  0:00:07.358     1M / 17M   INFO   Simplification           (parallel_processing.hpp   : 170)   Bulge remover triggered 0 times
  0:00:07.360     1M / 17M   INFO   Simplification           (parallel_processing.hpp   : 167)   Running Low coverage edge remover
  0:00:07.361     1M / 17M   INFO   Simplification           (parallel_processing.hpp   : 170)   Low coverage edge remover triggered 0 times
  0:00:07.362     1M / 17M   INFO    General                 (simplification.cpp        : 373)   PROCEDURE == Simplification cycle, iteration 4
  0:00:07.364     1M / 17M   INFO   Simplification           (parallel_processing.hpp   : 167)   Running Tip clipper
  0:00:07.365     1M / 17M   INFO   Simplification           (parallel_processing.hpp   : 170)   Tip clipper triggered 0 times
  0:00:07.366     1M / 17M   INFO   Simplification           (parallel_processing.hpp   : 167)   Running Bulge remover
  0:00:07.370     1M / 17M   INFO   Simplification           (parallel_processing.hpp   : 170)   Bulge remover triggered 0 times
  0:00:07.372     1M / 17M   INFO   Simplification           (parallel_processing.hpp   : 167)   Running Low coverage edge remover
  0:00:07.373     1M / 17M   INFO   Simplification           (parallel_processing.hpp   : 170)   Low coverage edge remover triggered 0 times
  0:00:07.376     1M / 17M   INFO    General                 (simplification.cpp        : 373)   PROCEDURE == Simplification cycle, iteration 5
  0:00:07.378     1M / 17M   INFO   Simplification           (parallel_processing.hpp   : 167)   Running Tip clipper
  0:00:07.379     1M / 17M   INFO   Simplification           (parallel_processing.hpp   : 170)   Tip clipper triggered 0 times
  0:00:07.381     1M / 17M   INFO   Simplification           (parallel_processing.hpp   : 167)   Running Bulge remover
  0:00:07.382     1M / 17M   INFO   Simplification           (parallel_processing.hpp   : 170)   Bulge remover triggered 0 times
  0:00:07.384     1M / 17M   INFO   Simplification           (parallel_processing.hpp   : 167)   Running Low coverage edge remover
  0:00:07.387     1M / 17M   INFO   Simplification           (parallel_processing.hpp   : 170)   Low coverage edge remover triggered 0 times
  0:00:07.390     1M / 17M   INFO    General                 (simplification.cpp        : 373)   PROCEDURE == Simplification cycle, iteration 6
  0:00:07.395     1M / 17M   INFO   Simplification           (parallel_processing.hpp   : 167)   Running Tip clipper
  0:00:07.397     1M / 17M   INFO   Simplification           (parallel_processing.hpp   : 170)   Tip clipper triggered 0 times
  0:00:07.402     1M / 17M   INFO   Simplification           (parallel_processing.hpp   : 167)   Running Bulge remover
  0:00:07.403     1M / 17M   INFO   Simplification           (parallel_processing.hpp   : 170)   Bulge remover triggered 0 times
  0:00:07.403     1M / 17M   INFO   Simplification           (parallel_processing.hpp   : 167)   Running Low coverage edge remover
  0:00:07.405     1M / 17M   INFO   Simplification           (parallel_processing.hpp   : 170)   Low coverage edge remover triggered 0 times
  0:00:07.407     1M / 17M   INFO    General                 (simplification.cpp        : 373)   PROCEDURE == Simplification cycle, iteration 7
  0:00:07.410     1M / 17M   INFO   Simplification           (parallel_processing.hpp   : 167)   Running Tip clipper
  0:00:07.410     1M / 17M   INFO   Simplification           (parallel_processing.hpp   : 170)   Tip clipper triggered 0 times
  0:00:07.413     1M / 17M   INFO   Simplification           (parallel_processing.hpp   : 167)   Running Bulge remover
  0:00:07.416     1M / 17M   INFO   Simplification           (parallel_processing.hpp   : 170)   Bulge remover triggered 0 times
  0:00:07.419     1M / 17M   INFO   Simplification           (parallel_processing.hpp   : 167)   Running Low coverage edge remover
  0:00:07.421     1M / 17M   INFO   Simplification           (parallel_processing.hpp   : 170)   Low coverage edge remover triggered 0 times
  0:00:07.424     1M / 17M   INFO    General                 (simplification.cpp        : 373)   PROCEDURE == Simplification cycle, iteration 8
  0:00:07.425     1M / 17M   INFO   Simplification           (parallel_processing.hpp   : 167)   Running Tip clipper
  0:00:07.426     1M / 17M   INFO   Simplification           (parallel_processing.hpp   : 170)   Tip clipper triggered 0 times
  0:00:07.431     1M / 17M   INFO   Simplification           (parallel_processing.hpp   : 167)   Running Bulge remover
  0:00:07.433     1M / 17M   INFO   Simplification           (parallel_processing.hpp   : 170)   Bulge remover triggered 0 times
  0:00:07.434     1M / 17M   INFO   Simplification           (parallel_processing.hpp   : 167)   Running Low coverage edge remover
  0:00:07.435     1M / 17M   INFO   Simplification           (parallel_processing.hpp   : 170)   Low coverage edge remover triggered 0 times
  0:00:07.438     1M / 17M   INFO    General                 (simplification.cpp        : 373)   PROCEDURE == Simplification cycle, iteration 9
  0:00:07.439     1M / 17M   INFO   Simplification           (parallel_processing.hpp   : 167)   Running Tip clipper
  0:00:07.441     1M / 17M   INFO   Simplification           (parallel_processing.hpp   : 170)   Tip clipper triggered 0 times
  0:00:07.441     1M / 17M   INFO   Simplification           (parallel_processing.hpp   : 167)   Running Bulge remover
  0:00:07.445     1M / 17M   INFO   Simplification           (parallel_processing.hpp   : 170)   Bulge remover triggered 0 times
  0:00:07.449     1M / 17M   INFO   Simplification           (parallel_processing.hpp   : 167)   Running Low coverage edge remover
  0:00:07.451     1M / 17M   INFO   Simplification           (parallel_processing.hpp   : 170)   Low coverage edge remover triggered 0 times
  0:00:07.452     1M / 17M   INFO    General                 (simplification.cpp        : 373)   PROCEDURE == Simplification cycle, iteration 10
  0:00:07.453     1M / 17M   INFO   Simplification           (parallel_processing.hpp   : 167)   Running Tip clipper
  0:00:07.457     1M / 17M   INFO   Simplification           (parallel_processing.hpp   : 170)   Tip clipper triggered 0 times
  0:00:07.458     1M / 17M   INFO   Simplification           (parallel_processing.hpp   : 167)   Running Bulge remover
  0:00:07.459     1M / 17M   INFO   Simplification           (parallel_processing.hpp   : 170)   Bulge remover triggered 0 times
  0:00:07.465     1M / 17M   INFO   Simplification           (parallel_processing.hpp   : 167)   Running Low coverage edge remover
  0:00:07.468     1M / 17M   INFO   Simplification           (parallel_processing.hpp   : 170)   Low coverage edge remover triggered 0 times
  0:00:07.470     1M / 17M   INFO    General                 (simplification.cpp        : 373)   PROCEDURE == Simplification cycle, iteration 11
  0:00:07.471     1M / 17M   INFO   Simplification           (parallel_processing.hpp   : 167)   Running Tip clipper
  0:00:07.475     1M / 17M   INFO   Simplification           (parallel_processing.hpp   : 170)   Tip clipper triggered 0 times
  0:00:07.477     1M / 17M   INFO   Simplification           (parallel_processing.hpp   : 167)   Running Bulge remover
  0:00:07.485     1M / 17M   INFO   Simplification           (parallel_processing.hpp   : 170)   Bulge remover triggered 0 times
  0:00:07.490     1M / 17M   INFO   Simplification           (parallel_processing.hpp   : 167)   Running Low coverage edge remover
  0:00:07.513     1M / 17M   INFO   Simplification           (parallel_processing.hpp   : 170)   Low coverage edge remover triggered 0 times
  0:00:07.517     1M / 17M   INFO   StageManager             (stage.cpp                 : 185)   STAGE == Simplification Cleanup (id: simplification_cleanup)
  0:00:07.519     1M / 17M   INFO    General                 (simplification.cpp        : 176)   PROCEDURE == Post simplification
  0:00:07.520     1M / 17M   INFO    General                 (graph_simplification.hpp  : 448)   Disconnection of relatively low covered edges disabled
  0:00:07.521     1M / 17M   INFO    General                 (graph_simplification.hpp  : 485)   Complex tip clipping disabled
  0:00:07.522     1M / 17M   INFO    General                 (graph_simplification.hpp  : 634)   Creating parallel br instance
  0:00:07.523     1M / 17M   INFO   Simplification           (parallel_processing.hpp   : 167)   Running Tip clipper
  0:00:07.527     1M / 17M   INFO   Simplification           (parallel_processing.hpp   : 170)   Tip clipper triggered 0 times
  0:00:07.530     1M / 17M   INFO   Simplification           (parallel_processing.hpp   : 167)   Running Bulge remover
  0:00:07.535     1M / 17M   INFO   Simplification           (parallel_processing.hpp   : 170)   Bulge remover triggered 0 times
  0:00:07.537     1M / 17M   INFO   Simplification           (parallel_processing.hpp   : 167)   Running Tip clipper
  0:00:07.540     1M / 17M   INFO   Simplification           (parallel_processing.hpp   : 170)   Tip clipper triggered 0 times
  0:00:07.542     1M / 17M   INFO   Simplification           (parallel_processing.hpp   : 167)   Running Bulge remover
  0:00:07.544     1M / 17M   INFO   Simplification           (parallel_processing.hpp   : 170)   Bulge remover triggered 0 times
  0:00:07.546     1M / 17M   INFO    General                 (simplification.cpp        : 327)   Disrupting self-conjugate edges
  0:00:07.549     1M / 17M   INFO   Simplification           (parallel_processing.hpp   : 167)   Running Removing isolated edges
  0:00:07.553     1M / 17M   INFO   Simplification           (parallel_processing.hpp   : 170)   Removing isolated edges triggered 0 times
  0:00:07.557     1M / 17M   INFO    General                 (simplification.cpp        : 495)   After simplification:
  0:00:07.557     1M / 17M   INFO    General                 (simplification.cpp        : 496)     Average coverage = 2885.5
  0:00:07.562     1M / 17M   INFO    General                 (simplification.cpp        : 497)     Total length = 4
  0:00:07.568     1M / 17M   INFO    General                 (simplification.cpp        : 498)     Median edge length: 3
  0:00:07.568     1M / 17M   INFO    General                 (simplification.cpp        : 499)     Edges: 2
  0:00:07.571     1M / 17M   INFO    General                 (simplification.cpp        : 500)     Vertices: 2
  0:00:07.572     1M / 17M   INFO   StageManager             (stage.cpp                 : 185)   STAGE == Contig Output (id: contig_output)
  0:00:07.575     1M / 17M   INFO    General                 (read_converter.cpp        : 107)   Outputting contigs to /workspace/output/task_c753c536/K21/simplified_contigs
  0:00:07.589     3M / 17M   INFO    General                 (binary_converter.cpp      : 111)   2 reads written
  0:00:07.603     1M / 17M   INFO    General                 (pipeline.cpp              : 287)   SPAdes finished
  0:00:07.604     1M / 17M   INFO    General                 (main.cpp                  : 136)   Assembling time: 0 hours 0 minutes 7 seconds

===== K21 finished. 


===== K33 started. 


== Running: /SPAdes-3.15.5-Linux/bin/spades-core /workspace/output/task_c753c536/K33/configs/config.info

  0:00:00.000     1M / 10M   INFO    General                 (main.cpp                  :  99)   Loaded config from /workspace/output/task_c753c536/K33/configs/config.info
  0:00:00.010     1M / 10M   INFO    General                 (memory_limit.cpp          :  54)   Memory limit set to 7 Gb
  0:00:00.020     1M / 10M   INFO    General                 (main.cpp                  : 107)   Starting SPAdes, built from refs/heads/spades_3.15.5, git revision e757b8216f9a038fb616e9551a2d4891b2d19ad7
  0:00:00.026     1M / 10M   INFO    General                 (main.cpp                  : 108)   Maximum k-mer length: 128
  0:00:00.031     1M / 10M   INFO    General                 (main.cpp                  : 109)   Assembling dataset (/workspace/output/task_c753c536/dataset.info) with K=33
  0:00:00.032     1M / 10M   INFO    General                 (main.cpp                  : 110)   Maximum # of threads to use (adjusted due to OMP capabilities): 16
  0:00:00.033     1M / 10M   INFO    General                 (pipeline.cpp              : 212)   SPAdes started
  0:00:00.036     1M / 10M   INFO    General                 (pipeline.cpp              : 225)   Starting from stage: read_conversion
  0:00:00.036     1M / 10M   INFO    General                 (pipeline.cpp              : 231)   Two-step repeat resolution disabled
  0:00:00.044     1M / 10M   INFO   GraphCore                (graph_core.hpp            : 672)   Graph created, vertex min_id: 3, edge min_id: 3
  0:00:00.045     1M / 10M   INFO   GraphCore                (graph_core.hpp            : 673)   Vertex size: 48, edge size: 40
  0:00:00.047     1M / 10M   INFO    General                 (edge_index.hpp            : 113)   Size of edge index entries: 12/8
  0:00:00.050     1M / 10M   INFO    General                 (pipeline.cpp              : 242)   Will need read mapping, kmer mapper will be attached
  0:00:00.051     1M / 10M   INFO   StageManager             (stage.cpp                 : 185)   STAGE == Binary Read Conversion (id: read_conversion)
  0:00:00.060     1M / 10M   INFO    General                 (read_converter.cpp        :  53)   Binary reads detected
  0:00:00.065     1M / 10M   INFO   StageManager             (stage.cpp                 : 185)   STAGE == de Bruijn graph construction (id: construction)
  0:00:00.065     1M / 10M   INFO    General                 (construction.cpp          : 118)   Contigs from previous K will be used: /workspace/output/task_c753c536/K21/simplified_contigs
  0:00:00.288     1M / 10M   INFO    General                 (construction.cpp          : 153)   Max read length 50
  0:00:00.297     1M / 10M   INFO    General                 (construction.cpp          : 159)   Average read length 50
  0:00:00.310     1M / 10M   INFO    General                 (stage.cpp                 : 117)   PROCEDURE == k+1-mer counting (id: construction:kpomer_counting)
  0:00:00.318     1M / 10M   INFO    General                 (kmer_index_builder.hpp    : 243)   Splitting kmer instances into 160 files using 16 threads. This might take a while.
  0:00:00.337     1M / 10M   INFO    General                 (file_limit.hpp            :  42)   Open file limit set to 1048576
  0:00:00.340     1M / 10M   INFO    General                 (kmer_splitter.hpp         :  93)   Memory available for splitting buffers: 0.145818 Gb
  0:00:00.343     1M / 10M   INFO    General                 (kmer_splitter.hpp         : 101)   Using cell size of 61160
  0:00:01.600     1M / 18M   INFO    General                 (kmer_splitters.hpp        : 131)   Used 402 reads
  0:00:01.604     1M / 18M   INFO    General                 (kmer_index_builder.hpp    : 249)   Starting k-mer counting.
  0:00:02.606     1M / 18M   INFO    General                 (kmer_index_builder.hpp    : 260)   K-mer counting done. There are 3 kmers in total.
  0:00:02.616     1M / 18M   INFO    General                 (stage.cpp                 : 117)   PROCEDURE == Extension index construction (id: construction:extension_index_construction)
  0:00:02.836     1M / 18M   INFO   K-mer Index Building     (kmer_index_builder.hpp    : 438)   Building kmer index
  0:00:02.851     1M / 18M   INFO    General                 (kmer_index_builder.hpp    : 243)   Splitting kmer instances into 160 files using 16 threads. This might take a while.
  0:00:02.880     1M / 18M   INFO    General                 (file_limit.hpp            :  42)   Open file limit set to 1048576
  0:00:02.898     1M / 18M   INFO    General                 (kmer_splitter.hpp         :  93)   Memory available for splitting buffers: 0.145816 Gb
  0:00:02.906     1M / 18M   INFO    General                 (kmer_splitter.hpp         : 101)   Using cell size of 61159
  0:00:03.991  3201M / 3201M INFO    General                 (kmer_splitters.hpp        : 199)   Used 3 kmers.
  0:00:04.003     2M / 18M   INFO    General                 (kmer_index_builder.hpp    : 249)   Starting k-mer counting.
  0:00:05.030     2M / 18M   INFO    General                 (kmer_index_builder.hpp    : 260)   K-mer counting done. There are 2 kmers in total.
  0:00:05.037     2M / 18M   INFO   K-mer Index Building     (kmer_index_builder.hpp    : 395)   Building perfect hash indices
  0:00:05.550     2M / 18M   INFO   K-mer Index Building     (kmer_index_builder.hpp    : 431)   Index built. Total 2 kmers, 1600 bytes occupied (6400 bits per kmer).
  0:00:05.558     2M / 18M   INFO    General                 (kmer_index_builder.hpp    : 169)   Merging final buckets.
  0:00:05.970     2M / 18M   INFO   DeBruijnExtensionIndexBu (kmer_extension_index_build: 100)   Building k-mer extensions from k+1-mers
  0:00:06.000     2M / 18M   INFO   DeBruijnExtensionIndexBu (kmer_extension_index_build: 105)   Building k-mer extensions from k+1-mers finished.
  0:00:06.012     2M / 18M   INFO    General                 (stage.cpp                 : 117)   PROCEDURE == Condensing graph (id: construction:graph_condensing)
  0:00:06.025     2M / 18M   INFO   UnbranchingPathExtractor (debruijn_graph_constructor: 354)   Extracting unbranching paths
  0:00:06.034     2M / 18M   INFO   UnbranchingPathExtractor (debruijn_graph_constructor: 373)   Extracting unbranching paths finished. 0 sequences extracted
  0:00:06.050     2M / 18M   INFO   UnbranchingPathExtractor (debruijn_graph_constructor: 309)   Collecting perfect loops
  0:00:06.067     2M / 18M   INFO   UnbranchingPathExtractor (debruijn_graph_constructor: 342)   Collecting perfect loops finished. 2 loops collected
  0:00:06.075     2M / 18M   INFO    General                 (debruijn_graph_constructor: 487)   Total 4 edges to create
  0:00:06.075     2M / 18M   INFO    General                 (debruijn_graph_constructor: 489)   Collecting link records
  0:00:06.079     2M / 18M   INFO    General                 (debruijn_graph_constructor: 491)   Ordering link records
  0:00:06.081     2M / 18M   INFO    General                 (debruijn_graph_constructor: 493)   Sorting done
  0:00:06.083     2M / 18M   INFO    General                 (debruijn_graph_constructor: 503)   Total 1 vertices to create
  0:00:06.086     2M / 18M   INFO    General                 (debruijn_graph_constructor: 506)   Connecting the graph
  0:00:06.091     2M / 18M   INFO    General                 (stage.cpp                 : 117)   PROCEDURE == Filling coverage indices (PHM) (id: construction:coverage_filling_phm)
  0:00:06.091     2M / 18M   INFO   K-mer Index Building     (kmer_index_builder.hpp    : 395)   Building perfect hash indices
  0:00:06.524     2M / 18M   INFO   K-mer Index Building     (kmer_index_builder.hpp    : 431)   Index built. Total 3 kmers, 2400 bytes occupied (6400 bits per kmer).
  0:00:06.639     2M / 18M   INFO    General                 (coverage_hash_map_builder.:  47)   Collecting k-mer coverage information from reads, this takes a while.
  0:00:06.651     2M / 18M   INFO    General                 (construction.cpp          : 430)   Filling coverage and flanking coverage from PHM
  0:00:06.878     1M / 18M   INFO   StageManager             (stage.cpp                 : 185)   STAGE == EC Threshold Finding (id: ec_threshold_finder)
  0:00:06.885     1M / 18M   INFO    General                 (kmer_coverage_model.cpp   : 181)   Kmer coverage valley at: 0
  0:00:06.885     1M / 18M   INFO    General                 (kmer_coverage_model.cpp   : 201)   K-mer histogram maximum: 1591
  0:00:06.885     1M / 18M   INFO    General                 (kmer_coverage_model.cpp   : 237)   Estimated median coverage: 1592. Coverage mad: 2.9652
  0:00:06.885     1M / 18M   INFO    General                 (kmer_coverage_model.cpp   : 259)   Fitting coverage model
  0:00:06.900     1M / 18M   INFO    General                 (kmer_coverage_model.cpp   : 295)   ... iteration 2
  0:00:06.914     1M / 18M   INFO    General                 (kmer_coverage_model.cpp   : 295)   ... iteration 4
  0:00:06.935     1M / 18M   INFO    General                 (kmer_coverage_model.cpp   : 295)   ... iteration 8
  0:00:06.960     1M / 18M   INFO    General                 (kmer_coverage_model.cpp   : 309)   Fitted mean coverage: 1592. Fitted coverage std. dev: 2.79956e-13
  0:00:06.966     1M / 18M   INFO    General                 (kmer_coverage_model.cpp   : 334)   Probability of erroneous kmer at valley: 1
  0:00:06.968     1M / 18M   INFO    General                 (kmer_coverage_model.cpp   : 358)   Preliminary threshold calculated as: 1592
  0:00:06.968     1M / 18M   INFO    General                 (kmer_coverage_model.cpp   : 362)   Threshold adjusted to: 796
  0:00:06.972     1M / 18M   INFO    General                 (kmer_coverage_model.cpp   : 375)   Estimated genome size (ignoring repeats): 3
  0:00:06.976     1M / 18M   INFO    General                 (genomic_info_filler.cpp   :  55)   Mean coverage was calculated as 1592
  0:00:06.977     1M / 18M   INFO    General                 (genomic_info_filler.cpp   :  70)   EC coverage threshold value was calculated as 796
  0:00:06.977     1M / 18M   INFO    General                 (genomic_info_filler.cpp   :  71)   Trusted kmer low bound: 0
  0:00:06.981     1M / 18M   INFO   StageManager             (stage.cpp                 : 185)   STAGE == Gap Closer (id: early_gapcloser)
  0:00:06.994    10M / 18M   INFO    General                 (edge_index.hpp            : 113)   Size of edge index entries: 12/8
  0:00:06.997    10M / 18M   INFO    General                 (gap_closer.cpp            : 101)   Total edges in tip neighborhood: 0 out of 2, length: 0
  0:00:06.999    10M / 18M   INFO    General                 (gap_closer.cpp            : 437)   No tips in graph, skipping gap closer
  0:00:07.004     1M / 18M   INFO   StageManager             (stage.cpp                 : 185)   STAGE == Raw Simplification (id: raw_simplification)
  0:00:07.004     1M / 18M   INFO    General                 (simplification.cpp        : 127)   PROCEDURE == Initial cleaning
  0:00:07.006     1M / 18M   INFO    General                 (graph_simplification.hpp  : 662)   Flanking coverage based disconnection disabled
  0:00:07.008     1M / 18M   INFO   Simplification           (parallel_processing.hpp   : 167)   Running Self conjugate edge remover
  0:00:07.011     1M / 18M   INFO   Simplification           (parallel_processing.hpp   : 170)   Self conjugate edge remover triggered 0 times
  0:00:07.017     1M / 18M   INFO   Simplification           (parallel_processing.hpp   : 167)   Running Initial tip clipper
  0:00:07.025     1M / 18M   INFO   Simplification           (parallel_processing.hpp   : 170)   Initial tip clipper triggered 0 times
  0:00:07.027     1M / 18M   INFO   Simplification           (parallel_processing.hpp   : 167)   Running Initial ec remover
  0:00:07.030     1M / 18M   INFO   Simplification           (parallel_processing.hpp   : 170)   Initial ec remover triggered 0 times
  0:00:07.031     1M / 18M   INFO   Simplification           (parallel_processing.hpp   : 167)   Running Initial isolated edge remover
  0:00:07.035     1M / 18M   INFO   Simplification           (parallel_processing.hpp   : 170)   Initial isolated edge remover triggered 0 times
  0:00:07.036     1M / 18M   INFO   StageManager             (stage.cpp                 : 185)   STAGE == Simplification (id: simplification)
  0:00:07.039     1M / 18M   INFO    General                 (simplification.cpp        : 368)   Graph simplification started
  0:00:07.040     1M / 18M   INFO    General                 (graph_simplification.hpp  : 634)   Creating parallel br instance
  0:00:07.043     1M / 18M   INFO    General                 (simplification.cpp        : 373)   PROCEDURE == Simplification cycle, iteration 1
  0:00:07.045     1M / 18M   INFO   Simplification           (parallel_processing.hpp   : 167)   Running Tip clipper
  0:00:07.049     1M / 18M   INFO   Simplification           (parallel_processing.hpp   : 170)   Tip clipper triggered 0 times
  0:00:07.053     1M / 18M   INFO   Simplification           (parallel_processing.hpp   : 167)   Running Bulge remover
  0:00:07.058     1M / 18M   INFO   Simplification           (parallel_processing.hpp   : 170)   Bulge remover triggered 0 times
  0:00:07.059     1M / 18M   INFO   Simplification           (parallel_processing.hpp   : 167)   Running Low coverage edge remover
  0:00:07.063     1M / 18M   INFO   Simplification           (parallel_processing.hpp   : 170)   Low coverage edge remover triggered 0 times
  0:00:07.064     1M / 18M   INFO    General                 (simplification.cpp        : 373)   PROCEDURE == Simplification cycle, iteration 2
  0:00:07.071     1M / 18M   INFO   Simplification           (parallel_processing.hpp   : 167)   Running Tip clipper
  0:00:07.074     1M / 18M   INFO   Simplification           (parallel_processing.hpp   : 170)   Tip clipper triggered 0 times
  0:00:07.078     1M / 18M   INFO   Simplification           (parallel_processing.hpp   : 167)   Running Bulge remover
  0:00:07.080     1M / 18M   INFO   Simplification           (parallel_processing.hpp   : 170)   Bulge remover triggered 0 times
  0:00:07.081     1M / 18M   INFO   Simplification           (parallel_processing.hpp   : 167)   Running Low coverage edge remover
  0:00:07.085     1M / 18M   INFO   Simplification           (parallel_processing.hpp   : 170)   Low coverage edge remover triggered 0 times
  0:00:07.087     1M / 18M   INFO    General                 (simplification.cpp        : 373)   PROCEDURE == Simplification cycle, iteration 3
  0:00:07.088     1M / 18M   INFO   Simplification           (parallel_processing.hpp   : 167)   Running Tip clipper
  0:00:07.091     1M / 18M   INFO   Simplification           (parallel_processing.hpp   : 170)   Tip clipper triggered 0 times
  0:00:07.094     1M / 18M   INFO   Simplification           (parallel_processing.hpp   : 167)   Running Bulge remover
  0:00:07.096     1M / 18M   INFO   Simplification           (parallel_processing.hpp   : 170)   Bulge remover triggered 0 times
  0:00:07.097     1M / 18M   INFO   Simplification           (parallel_processing.hpp   : 167)   Running Low coverage edge remover
  0:00:07.100     1M / 18M   INFO   Simplification           (parallel_processing.hpp   : 170)   Low coverage edge remover triggered 0 times
  0:00:07.102     1M / 18M   INFO    General                 (simplification.cpp        : 373)   PROCEDURE == Simplification cycle, iteration 4
  0:00:07.102     1M / 18M   INFO   Simplification           (parallel_processing.hpp   : 167)   Running Tip clipper
  0:00:07.104     1M / 18M   INFO   Simplification           (parallel_processing.hpp   : 170)   Tip clipper triggered 0 times
  0:00:07.107     1M / 18M   INFO   Simplification           (parallel_processing.hpp   : 167)   Running Bulge remover
  0:00:07.108     1M / 18M   INFO   Simplification           (parallel_processing.hpp   : 170)   Bulge remover triggered 0 times
  0:00:07.111     1M / 18M   INFO   Simplification           (parallel_processing.hpp   : 167)   Running Low coverage edge remover
  0:00:07.112     1M / 18M   INFO   Simplification           (parallel_processing.hpp   : 170)   Low coverage edge remover triggered 0 times
  0:00:07.114     1M / 18M   INFO    General                 (simplification.cpp        : 373)   PROCEDURE == Simplification cycle, iteration 5
  0:00:07.117     1M / 18M   INFO   Simplification           (parallel_processing.hpp   : 167)   Running Tip clipper
  0:00:07.118     1M / 18M   INFO   Simplification           (parallel_processing.hpp   : 170)   Tip clipper triggered 0 times
  0:00:07.120     1M / 18M   INFO   Simplification           (parallel_processing.hpp   : 167)   Running Bulge remover
  0:00:07.123     1M / 18M   INFO   Simplification           (parallel_processing.hpp   : 170)   Bulge remover triggered 0 times
  0:00:07.125     1M / 18M   INFO   Simplification           (parallel_processing.hpp   : 167)   Running Low coverage edge remover
  0:00:07.126     1M / 18M   INFO   Simplification           (parallel_processing.hpp   : 170)   Low coverage edge remover triggered 0 times
  0:00:07.128     1M / 18M   INFO    General                 (simplification.cpp        : 373)   PROCEDURE == Simplification cycle, iteration 6
  0:00:07.131     1M / 18M   INFO   Simplification           (parallel_processing.hpp   : 167)   Running Tip clipper
  0:00:07.132     1M / 18M   INFO   Simplification           (parallel_processing.hpp   : 170)   Tip clipper triggered 0 times
  0:00:07.134     1M / 18M   INFO   Simplification           (parallel_processing.hpp   : 167)   Running Bulge remover
  0:00:07.136     1M / 18M   INFO   Simplification           (parallel_processing.hpp   : 170)   Bulge remover triggered 0 times
  0:00:07.143     1M / 18M   INFO   Simplification           (parallel_processing.hpp   : 167)   Running Low coverage edge remover
  0:00:07.144     1M / 18M   INFO   Simplification           (parallel_processing.hpp   : 170)   Low coverage edge remover triggered 0 times
  0:00:07.146     1M / 18M   INFO    General                 (simplification.cpp        : 373)   PROCEDURE == Simplification cycle, iteration 7
  0:00:07.147     1M / 18M   INFO   Simplification           (parallel_processing.hpp   : 167)   Running Tip clipper
  0:00:07.149     1M / 18M   INFO   Simplification           (parallel_processing.hpp   : 170)   Tip clipper triggered 0 times
  0:00:07.151     1M / 18M   INFO   Simplification           (parallel_processing.hpp   : 167)   Running Bulge remover
  0:00:07.154     1M / 18M   INFO   Simplification           (parallel_processing.hpp   : 170)   Bulge remover triggered 0 times
  0:00:07.157     1M / 18M   INFO   Simplification           (parallel_processing.hpp   : 167)   Running Low coverage edge remover
  0:00:07.161     1M / 18M   INFO   Simplification           (parallel_processing.hpp   : 170)   Low coverage edge remover triggered 0 times
  0:00:07.162     1M / 18M   INFO    General                 (simplification.cpp        : 373)   PROCEDURE == Simplification cycle, iteration 8
  0:00:07.165     1M / 18M   INFO   Simplification           (parallel_processing.hpp   : 167)   Running Tip clipper
  0:00:07.166     1M / 18M   INFO   Simplification           (parallel_processing.hpp   : 170)   Tip clipper triggered 0 times
  0:00:07.168     1M / 18M   INFO   Simplification           (parallel_processing.hpp   : 167)   Running Bulge remover
  0:00:07.171     1M / 18M   INFO   Simplification           (parallel_processing.hpp   : 170)   Bulge remover triggered 0 times
  0:00:07.172     1M / 18M   INFO   Simplification           (parallel_processing.hpp   : 167)   Running Low coverage edge remover
  0:00:07.174     1M / 18M   INFO   Simplification           (parallel_processing.hpp   : 170)   Low coverage edge remover triggered 0 times
  0:00:07.176     1M / 18M   INFO    General                 (simplification.cpp        : 373)   PROCEDURE == Simplification cycle, iteration 9
  0:00:07.178     1M / 18M   INFO   Simplification           (parallel_processing.hpp   : 167)   Running Tip clipper
  0:00:07.179     1M / 18M   INFO   Simplification           (parallel_processing.hpp   : 170)   Tip clipper triggered 0 times
  0:00:07.181     1M / 18M   INFO   Simplification           (parallel_processing.hpp   : 167)   Running Bulge remover
  0:00:07.184     1M / 18M   INFO   Simplification           (parallel_processing.hpp   : 170)   Bulge remover triggered 0 times
  0:00:07.185     1M / 18M   INFO   Simplification           (parallel_processing.hpp   : 167)   Running Low coverage edge remover
  0:00:07.187     1M / 18M   INFO   Simplification           (parallel_processing.hpp   : 170)   Low coverage edge remover triggered 0 times
  0:00:07.188     1M / 18M   INFO    General                 (simplification.cpp        : 373)   PROCEDURE == Simplification cycle, iteration 10
  0:00:07.190     1M / 18M   INFO   Simplification           (parallel_processing.hpp   : 167)   Running Tip clipper
  0:00:07.192     1M / 18M   INFO   Simplification           (parallel_processing.hpp   : 170)   Tip clipper triggered 0 times
  0:00:07.193     1M / 18M   INFO   Simplification           (parallel_processing.hpp   : 167)   Running Bulge remover
  0:00:07.195     1M / 18M   INFO   Simplification           (parallel_processing.hpp   : 170)   Bulge remover triggered 0 times
  0:00:07.197     1M / 18M   INFO   Simplification           (parallel_processing.hpp   : 167)   Running Low coverage edge remover
  0:00:07.201     1M / 18M   INFO   Simplification           (parallel_processing.hpp   : 170)   Low coverage edge remover triggered 0 times
  0:00:07.203     1M / 18M   INFO    General                 (simplification.cpp        : 373)   PROCEDURE == Simplification cycle, iteration 11
  0:00:07.204     1M / 18M   INFO   Simplification           (parallel_processing.hpp   : 167)   Running Tip clipper
  0:00:07.208     1M / 18M   INFO   Simplification           (parallel_processing.hpp   : 170)   Tip clipper triggered 0 times
  0:00:07.210     1M / 18M   INFO   Simplification           (parallel_processing.hpp   : 167)   Running Bulge remover
  0:00:07.214     1M / 18M   INFO   Simplification           (parallel_processing.hpp   : 170)   Bulge remover triggered 0 times
  0:00:07.217     1M / 18M   INFO   Simplification           (parallel_processing.hpp   : 167)   Running Low coverage edge remover
  0:00:07.222     1M / 18M   INFO   Simplification           (parallel_processing.hpp   : 170)   Low coverage edge remover triggered 0 times
  0:00:07.225     1M / 18M   INFO   StageManager             (stage.cpp                 : 185)   STAGE == Gap Closer (id: late_gapcloser)
  0:00:07.231    10M / 18M   INFO    General                 (edge_index.hpp            : 113)   Size of edge index entries: 12/8
  0:00:07.233    10M / 18M   INFO    General                 (gap_closer.cpp            : 101)   Total edges in tip neighborhood: 0 out of 2, length: 0
  0:00:07.237    10M / 18M   INFO    General                 (gap_closer.cpp            : 437)   No tips in graph, skipping gap closer
  0:00:07.241     1M / 18M   INFO   StageManager             (stage.cpp                 : 185)   STAGE == Simplification Cleanup (id: simplification_cleanup)
  0:00:07.243     1M / 18M   INFO    General                 (simplification.cpp        : 176)   PROCEDURE == Post simplification
  0:00:07.244     1M / 18M   INFO    General                 (graph_simplification.hpp  : 448)   Disconnection of relatively low covered edges disabled
  0:00:07.245     1M / 18M   INFO    General                 (graph_simplification.hpp  : 485)   Complex tip clipping disabled
  0:00:07.248     1M / 18M   INFO    General                 (graph_simplification.hpp  : 634)   Creating parallel br instance
  0:00:07.249     1M / 18M   INFO   Simplification           (parallel_processing.hpp   : 167)   Running Tip clipper
  0:00:07.253     1M / 18M   INFO   Simplification           (parallel_processing.hpp   : 170)   Tip clipper triggered 0 times
  0:00:07.254     1M / 18M   INFO   Simplification           (parallel_processing.hpp   : 167)   Running Bulge remover
  0:00:07.258     1M / 18M   INFO   Simplification           (parallel_processing.hpp   : 170)   Bulge remover triggered 0 times
  0:00:07.258     1M / 18M   INFO   Simplification           (parallel_processing.hpp   : 167)   Running Tip clipper
  0:00:07.262     1M / 18M   INFO   Simplification           (parallel_processing.hpp   : 170)   Tip clipper triggered 0 times
  0:00:07.263     1M / 18M   INFO   Simplification           (parallel_processing.hpp   : 167)   Running Bulge remover
  0:00:07.268     1M / 18M   INFO   Simplification           (parallel_processing.hpp   : 170)   Bulge remover triggered 0 times
  0:00:07.269     1M / 18M   INFO    General                 (simplification.cpp        : 327)   Disrupting self-conjugate edges
  0:00:07.269     1M / 18M   INFO   Simplification           (parallel_processing.hpp   : 167)   Running Removing isolated edges
  0:00:07.272     1M / 18M   INFO   Simplification           (parallel_processing.hpp   : 170)   Removing isolated edges triggered 0 times
  0:00:07.274     1M / 18M   INFO    General                 (simplification.cpp        : 495)   After simplification:
  0:00:07.275     1M / 18M   INFO    General                 (simplification.cpp        : 496)     Average coverage = 1691.5
  0:00:07.278     1M / 18M   INFO    General                 (simplification.cpp        : 497)     Total length = 4
  0:00:07.279     1M / 18M   INFO    General                 (simplification.cpp        : 498)     Median edge length: 3
  0:00:07.281     1M / 18M   INFO    General                 (simplification.cpp        : 499)     Edges: 2
  0:00:07.284     1M / 18M   INFO    General                 (simplification.cpp        : 500)     Vertices: 2
  0:00:07.286     1M / 18M   INFO   StageManager             (stage.cpp                 : 185)   STAGE == Mismatch Correction (id: mismatch_correction)
  0:00:07.288     1M / 18M   INFO    General                 (graph_pack.cpp            :  67)   Index refill
  0:00:07.289     1M / 18M   INFO    General                 (edge_index.hpp            : 156)   Using small index (max_id = 7)
  0:00:07.302     1M / 19M   INFO   K-mer Index Building     (kmer_index_builder.hpp    : 395)   Building perfect hash indices
  0:00:07.306     1M / 19M   INFO   K-mer Index Building     (kmer_index_builder.hpp    : 431)   Index built. Total 3 kmers, 800 bytes occupied (2133.33 bits per kmer).
  0:00:07.308     1M / 19M   INFO    General                 (edge_index_builders.hpp   : 252)   Collecting edge information from graph, this takes a while.
  0:00:07.309     1M / 19M   INFO    General                 (graph_pack.cpp            :  77)   Normalizing k-mer map. Total 0 kmers to process
  0:00:07.314     1M / 19M   INFO    General                 (graph_pack.cpp            :  79)   Normalizing done
  0:00:07.317     1M / 19M   INFO    General                 (mismatch_correction.cpp   : 400)   Collect potential mismatches
  0:00:07.321     1M / 19M   INFO    General                 (mismatch_correction.cpp   : 192)   Total 0 edges (out of 2) with 0 potential mismatch positions (-nan positions per edge)
  0:00:07.323     1M / 19M   INFO    General                 (mismatch_correction.cpp   : 402)   Potential mismatches collected
  0:00:07.448     1M / 19M   INFO    General                 (sequence_mapper_notifier.h:  95)   Total 398 reads processed
  0:00:07.469     1M / 19M   INFO    General                 (mismatch_correction.cpp   : 395)   All edges processed
  0:00:07.470     1M / 19M   INFO    General                 (mismatch_correction.cpp   : 450)   Corrected 0 nucleotides
  0:00:07.471     1M / 19M   INFO   StageManager             (stage.cpp                 : 185)   STAGE == Contig Output (id: contig_output)
  0:00:07.471     1M / 19M   INFO    General                 (contig_output.hpp         :  16)   Outputting contigs to /workspace/output/task_c753c536/K33/before_rr.fasta
  0:00:07.487     1M / 19M   INFO    General                 (contig_output_stage.cpp   : 151)   Writing GFA graph to /workspace/output/task_c753c536/K33/assembly_graph_after_simplification.gfa
  0:00:07.495     1M / 19M   INFO   StageManager             (stage.cpp                 : 185)   STAGE == Paired Information Counting (id: late_pair_info_count)
  0:00:07.496     1M / 19M   INFO    General                 (graph_pack.cpp            :  77)   Normalizing k-mer map. Total 0 kmers to process
  0:00:07.499     1M / 19M   INFO    General                 (graph_pack.cpp            :  79)   Normalizing done
  0:00:07.500     1M / 19M   INFO    General                 (pair_info_count.cpp       : 339)   Min edge length for estimation: 3
  0:00:07.501     1M / 19M   INFO    General                 (pair_info_count.cpp       : 350)   Estimating insert size for library #0
  0:00:07.503     1M / 19M   INFO    General                 (pair_info_count.cpp       : 202)   Estimating insert size (takes a while)
  0:00:07.761   273M / 281M  INFO    General                 (pair_info_count.cpp       :  48)   Selecting usual mapper
  0:00:08.054   273M / 281M  INFO    General                 (sequence_mapper_notifier.h:  95)   Total 99 reads processed
  0:00:08.114   273M / 281M  INFO    General                 (pair_info_count.cpp       : 220)   Edge pairs: 4
  0:00:08.115   273M / 281M  INFO    General                 (pair_info_count.cpp       : 222)   0 paired reads (0% of all) aligned to long edges
  0:00:08.118     1M / 281M  WARN    General                 (pair_info_count.cpp       : 358)   Unable to estimate insert size for paired library #0
  0:00:08.122     1M / 281M  WARN    General                 (pair_info_count.cpp       : 364)   None of paired reads aligned properly. Please, check orientation of your read pairs.
  0:00:08.128     1M / 281M  INFO   StageManager             (stage.cpp                 : 185)   STAGE == Distance Estimation (id: distance_estimation)
  0:00:08.130     1M / 281M  INFO    General                 (distance_estimation.cpp   : 186)   Clearing raw paired index
  0:00:08.134     1M / 281M  INFO   StageManager             (stage.cpp                 : 185)   STAGE == Repeat Resolving (id: repeat_resolving)
  0:00:08.138     1M / 281M  WARN    General                 (repeat_resolving.cpp      :  81)   Insert size was not estimated for any of the paired libraries, repeat resolution module will not run.
  0:00:08.140     1M / 281M  INFO   StageManager             (stage.cpp                 : 185)   STAGE == Contig Output (id: contig_output)
  0:00:08.141     1M / 281M  INFO    General                 (contig_output.hpp         :  16)   Outputting contigs to /workspace/output/task_c753c536/K33/before_rr.fasta
  0:00:08.159     1M / 281M  INFO    General                 (contig_output_stage.cpp   : 151)   Writing GFA graph to /workspace/output/task_c753c536/K33/assembly_graph_with_scaffolds.gfa
  0:00:08.160     1M / 281M  INFO    General                 (contig_output_stage.cpp   : 165)   Outputting FastG graph to /workspace/output/task_c753c536/K33/assembly_graph.fastg
  0:00:08.171     1M / 281M  INFO    General                 (contig_output.hpp         :  16)   Outputting contigs to /workspace/output/task_c753c536/K33/final_contigs.fasta
  0:00:08.184     1M / 281M  INFO    General                 (pipeline.cpp              : 287)   SPAdes finished
  0:00:08.184     1M / 281M  INFO    General                 (main.cpp                  : 136)   Assembling time: 0 hours 0 minutes 8 seconds

===== K33 finished. 


===== Copy files started. 


== Running: /usr/bin/python /SPAdes-3.15.5-Linux/share/spades/spades_pipeline/scripts/copy_files.py /workspace/output/task_c753c536/K33/before_rr.fasta /workspace/output/task_c753c536/before_rr.fasta /workspace/output/task_c753c536/K33/assembly_graph_after_simplification.gfa /workspace/output/task_c753c536/assembly_graph_after_simplification.gfa /workspace/output/task_c753c536/K33/final_contigs.fasta /workspace/output/task_c753c536/contigs.fasta /workspace/output/task_c753c536/K33/first_pe_contigs.fasta /workspace/output/task_c753c536/first_pe_contigs.fasta /workspace/output/task_c753c536/K33/strain_graph.gfa /workspace/output/task_c753c536/strain_graph.gfa /workspace/output/task_c753c536/K33/scaffolds.fasta /workspace/output/task_c753c536/scaffolds.fasta /workspace/output/task_c753c536/K33/scaffolds.paths /workspace/output/task_c753c536/scaffolds.paths /workspace/output/task_c753c536/K33/assembly_graph_with_scaffolds.gfa /workspace/output/task_c753c536/assembly_graph_with_scaffolds.gfa /workspace/output/task_c753c536/K33/assembly_graph.fastg /workspace/output/task_c753c536/assembly_graph.fastg /workspace/output/task_c753c536/K33/final_contigs.paths /workspace/output/task_c753c536/contigs.paths


===== Copy files finished. 


===== Assembling finished. 


===== Breaking scaffolds started. 


== Running: /usr/bin/python /SPAdes-3.15.5-Linux/share/spades/spades_pipeline/scripts/breaking_scaffolds_script.py --result_scaffolds_filename /workspace/output/task_c753c536/scaffolds.fasta --misc_dir /workspace/output/task_c753c536/misc --threshold_for_breaking_scaffolds 3


===== Breaking scaffolds finished. 


===== Terminate started. 


===== Terminate finished. 

 * Corrected reads are in /workspace/output/task_c753c536/corrected/
 * Assembled contigs are in /workspace/output/task_c753c536/contigs.fasta
 * Assembly graph is in /workspace/output/task_c753c536/assembly_graph.fastg
 * Assembly graph in GFA format is in /workspace/output/task_c753c536/assembly_graph_with_scaffolds.gfa

======= SPAdes pipeline finished WITH WARNINGS!

=== Error correction and assembling warnings:
 * 0:00:08.118     1M / 281M  WARN    General                 (pair_info_count.cpp       : 358)   Unable to estimate insert size for paired library #0
 * 0:00:08.122     1M / 281M  WARN    General                 (pair_info_count.cpp       : 364)   None of paired reads aligned properly. Please, check orientation of your read pairs.
 * 0:00:08.138     1M / 281M  WARN    General                 (repeat_resolving.cpp      :  81)   Insert size was not estimated for any of the paired libraries, repeat resolution module will not run.
======= Warnings saved to /workspace/output/task_c753c536/warnings.log

SPAdes log can be found here: /workspace/output/task_c753c536/spades.log

Thank you for using SPAdes!
