Command line: /SPAdes-3.15.5-Linux/bin/spades.py	--phred-offset	33	-k	21,33,55,77	--meta	-1	/workspace/output/task_fb38797a/marked_duplicates_R1_trimmed_paired.fastq.gz	-2	/workspace/output/task_fb38797a/marked_duplicates_R2_trimmed_paired.fastq.gz	-o	/workspace/output/task_fb38797a/spades_output	

System information:
  SPAdes version: 3.15.5
  Python version: 3.8.10
  OS: Linux-6.6.87.2-microsoft-standard-WSL2-x86_64-with-glibc2.29

Output dir: /workspace/output/task_fb38797a/spades_output
Mode: read error correction and assembling
Debug mode is turned OFF

Dataset parameters:
  Metagenomic mode
  Reads:
    Library number: 1, library type: paired-end
      orientation: fr
      left reads: ['/workspace/output/task_fb38797a/marked_duplicates_R1_trimmed_paired.fastq.gz']
      right reads: ['/workspace/output/task_fb38797a/marked_duplicates_R2_trimmed_paired.fastq.gz']
      interlaced reads: not specified
      single reads: not specified
      merged reads: not specified
Read error correction parameters:
  Iterations: 1
  PHRED offset: 33
  Corrected reads will be compressed
Assembly parameters:
  k: [21, 33, 55, 77]
  Repeat resolution is enabled
  Mismatch careful mode is turned OFF
  MismatchCorrector will be SKIPPED
  Coverage cutoff is turned OFF
Other parameters:
  Dir for temp files: /workspace/output/task_fb38797a/spades_output/tmp
  Threads: 16
  Memory limit (in Gb): 7


======= SPAdes pipeline started. Log can be found here: /workspace/output/task_fb38797a/spades_output/spades.log

/workspace/output/task_fb38797a/marked_duplicates_R1_trimmed_paired.fastq.gz: max reads length: 50
/workspace/output/task_fb38797a/marked_duplicates_R2_trimmed_paired.fastq.gz: max reads length: 50

Reads length: 50

K-mer sizes were set to [21, 33] because estimated read length (50) is less than 77

===== Before start started. 


===== Read error correction started. 


===== Read error correction started. 


== Running: /SPAdes-3.15.5-Linux/bin/spades-hammer /workspace/output/task_fb38797a/spades_output/corrected/configs/config.info

  0:00:00.000     1M / 10M   INFO    General                 (main.cpp                  :  75)   Starting BayesHammer, built from refs/heads/spades_3.15.5, git revision e757b8216f9a038fb616e9551a2d4891b2d19ad7
  0:00:00.009     1M / 10M   INFO    General                 (main.cpp                  :  76)   Loading config from /workspace/output/task_fb38797a/spades_output/corrected/configs/config.info
  0:00:00.020     1M / 10M   INFO    General                 (main.cpp                  :  78)   Maximum # of threads to use (adjusted due to OMP capabilities): 16
  0:00:00.021     1M / 10M   INFO    General                 (memory_limit.cpp          :  54)   Memory limit set to 7 Gb
  0:00:00.027     1M / 10M   INFO    General                 (hammer_tools.cpp          :  38)   Hamming graph threshold tau=1, k=21, subkmer positions = [ 0 10 ]
  0:00:00.029     1M / 10M   INFO    General                 (main.cpp                  : 113)   Size of aux. kmer data 24 bytes
     === ITERATION 0 begins ===
  0:00:00.031     1M / 10M   INFO   K-mer Counting           (kmer_data.cpp             : 283)   Estimating k-mer count
  0:00:00.229   257M / 260M  INFO   K-mer Counting           (kmer_data.cpp             : 288)   Processing /workspace/output/task_fb38797a/marked_duplicates_R1_trimmed_paired.fastq.gz
  0:00:00.239   257M / 260M  INFO   K-mer Counting           (kmer_data.cpp             : 288)   Processing /workspace/output/task_fb38797a/marked_duplicates_R2_trimmed_paired.fastq.gz
  0:00:00.256   257M / 260M  INFO   K-mer Counting           (kmer_data.cpp             : 302)   Total 200 reads processed
  0:00:00.514   257M / 260M  INFO   K-mer Counting           (kmer_data.cpp             : 305)   Estimated 4 distinct kmers
  0:00:00.516     1M / 260M  INFO   K-mer Counting           (kmer_data.cpp             : 309)   Filtering singleton k-mers
  0:00:00.519     1M / 260M  INFO   K-mer Counting           (kmer_data.cpp             : 315)   Processing /workspace/output/task_fb38797a/marked_duplicates_R1_trimmed_paired.fastq.gz
  0:00:00.524     1M / 260M  INFO   K-mer Counting           (kmer_data.cpp             : 315)   Processing /workspace/output/task_fb38797a/marked_duplicates_R2_trimmed_paired.fastq.gz
  0:00:00.528     1M / 260M  INFO   K-mer Counting           (kmer_data.cpp             : 329)   Total 200 reads processed
  0:00:00.538     1M / 260M  INFO    General                 (kmer_index_builder.hpp    : 243)   Splitting kmer instances into 16 files using 16 threads. This might take a while.
  0:00:00.545     1M / 260M  INFO    General                 (file_limit.hpp            :  42)   Open file limit set to 1048576
  0:00:00.548     1M / 260M  INFO    General                 (kmer_splitter.hpp         :  93)   Memory available for splitting buffers: 0.145831 Gb
  0:00:00.549     1M / 260M  INFO    General                 (kmer_splitter.hpp         : 101)   Using cell size of 1223321
  0:00:00.556  2817M / 2817M INFO   K-mer Splitting          (kmer_data.cpp             :  97)   Processing /workspace/output/task_fb38797a/marked_duplicates_R1_trimmed_paired.fastq.gz
  0:00:00.664  2817M / 2817M INFO   K-mer Splitting          (kmer_data.cpp             :  97)   Processing /workspace/output/task_fb38797a/marked_duplicates_R2_trimmed_paired.fastq.gz
  0:00:00.747  2817M / 2817M INFO   K-mer Splitting          (kmer_data.cpp             : 112)   Total 200 reads processed
  0:00:00.754     1M / 260M  INFO    General                 (kmer_index_builder.hpp    : 249)   Starting k-mer counting.
  0:00:00.831     1M / 260M  INFO    General                 (kmer_index_builder.hpp    : 260)   K-mer counting done. There are 4 kmers in total.
  0:00:00.837     1M / 260M  INFO   K-mer Index Building     (kmer_index_builder.hpp    : 395)   Building perfect hash indices
  0:00:00.884     1M / 260M  INFO   K-mer Index Building     (kmer_index_builder.hpp    : 431)   Index built. Total 4 kmers, 2400 bytes occupied (4800 bits per kmer).
  0:00:00.906     1M / 260M  INFO   K-mer Counting           (kmer_data.cpp             : 354)   Arranging kmers in hash map order
  0:00:00.993     1M / 260M  INFO    General                 (main.cpp                  : 148)   Clustering Hamming graph.
  0:00:00.993     1M / 260M  INFO    General                 (main.cpp                  : 155)   Extracting clusters:
  0:00:00.993     1M / 260M  INFO    General                 (concurrent_dsu.cpp        :  18)   Connecting to root
  0:00:00.993     1M / 260M  INFO    General                 (concurrent_dsu.cpp        :  34)   Calculating counts
  0:00:00.993     1M / 260M  INFO    General                 (concurrent_dsu.cpp        :  63)   Writing down entries
  0:00:01.017     1M / 260M  INFO    General                 (main.cpp                  : 167)   Clustering done. Total clusters: 4
  0:00:01.022     1M / 260M  INFO   K-mer Counting           (kmer_data.cpp             : 371)   Collecting K-mer information, this takes a while.
  0:00:01.026     1M / 260M  INFO   K-mer Counting           (kmer_data.cpp             : 377)   Processing /workspace/output/task_fb38797a/marked_duplicates_R1_trimmed_paired.fastq.gz
  0:00:01.043     1M / 260M  INFO   K-mer Counting           (kmer_data.cpp             : 377)   Processing /workspace/output/task_fb38797a/marked_duplicates_R2_trimmed_paired.fastq.gz
  0:00:01.063     1M / 260M  INFO   K-mer Counting           (kmer_data.cpp             : 384)   Collection done, postprocessing.
  0:00:01.063     1M / 260M  INFO   K-mer Counting           (kmer_data.cpp             : 397)   There are 4 kmers in total. Among them 0 (0%) are singletons.
  0:00:01.063     1M / 260M  INFO    General                 (main.cpp                  : 173)   Subclustering Hamming graph
  0:00:01.108     1M / 260M  INFO   Hamming Subclustering    (kmer_cluster.cpp          : 650)   Subclustering done. Total 0 non-read kmers were generated.
  0:00:01.108     1M / 260M  INFO   Hamming Subclustering    (kmer_cluster.cpp          : 651)   Subclustering statistics:
  0:00:01.108     1M / 260M  INFO   Hamming Subclustering    (kmer_cluster.cpp          : 652)     Total singleton hamming clusters: 4. Among them 4 (100%) are good
  0:00:01.108     1M / 260M  INFO   Hamming Subclustering    (kmer_cluster.cpp          : 653)     Total singleton subclusters: 0. Among them 0 (-nan%) are good
  0:00:01.108     1M / 260M  INFO   Hamming Subclustering    (kmer_cluster.cpp          : 654)     Total non-singleton subcluster centers: 0. Among them 0 (-nan%) are good
  0:00:01.108     1M / 260M  INFO   Hamming Subclustering    (kmer_cluster.cpp          : 655)     Average size of non-trivial subcluster: -nan kmers
  0:00:01.108     1M / 260M  INFO   Hamming Subclustering    (kmer_cluster.cpp          : 656)     Average number of sub-clusters per non-singleton cluster: -nan
  0:00:01.108     1M / 260M  INFO   Hamming Subclustering    (kmer_cluster.cpp          : 657)     Total solid k-mers: 4
  0:00:01.109     1M / 260M  INFO   Hamming Subclustering    (kmer_cluster.cpp          : 658)     Substitution probabilities: [4,4]((-nan,-nan,-nan,-nan),(-nan,-nan,-nan,-nan),(-nan,-nan,-nan,-nan),(-nan,-nan,-nan,-nan))
  0:00:01.118     1M / 260M  INFO    General                 (main.cpp                  : 178)   Finished clustering.
  0:00:01.131     1M / 260M  INFO    General                 (main.cpp                  : 197)   Starting solid k-mers expansion in 16 threads.
  0:00:01.154     1M / 260M  INFO    General                 (main.cpp                  : 218)   Solid k-mers iteration 0 produced 0 new k-mers.
  0:00:01.154     1M / 260M  INFO    General                 (main.cpp                  : 222)   Solid k-mers finalized
  0:00:01.154     1M / 260M  INFO    General                 (hammer_tools.cpp          : 222)   Starting read correction in 16 threads.
  0:00:01.154     1M / 260M  INFO    General                 (hammer_tools.cpp          : 235)   Correcting pair of reads: /workspace/output/task_fb38797a/marked_duplicates_R1_trimmed_paired.fastq.gz and /workspace/output/task_fb38797a/marked_duplicates_R2_trimmed_paired.fastq.gz
  0:00:01.237   130M / 319M  INFO    General                 (hammer_tools.cpp          : 170)   Prepared batch 0 of 100 reads.
  0:00:01.237   130M / 319M  INFO    General                 (hammer_tools.cpp          : 177)   Processed batch 0
  0:00:01.245   130M / 319M  INFO    General                 (hammer_tools.cpp          : 187)   Written batch 0
  0:00:01.275     1M / 319M  INFO    General                 (hammer_tools.cpp          : 276)   Correction done. Changed 0 bases in 0 reads.
  0:00:01.279     1M / 319M  INFO    General                 (hammer_tools.cpp          : 277)   Failed to correct 0 bases out of 10000.
  0:00:01.279     1M / 319M  INFO    General                 (main.cpp                  : 248)   Too few reads have changed in this iteration. Exiting.
  0:00:01.279     1M / 319M  INFO    General                 (main.cpp                  : 255)   Saving corrected dataset description to /workspace/output/task_fb38797a/spades_output/corrected/corrected.yaml
  0:00:01.287     1M / 319M  INFO    General                 (main.cpp                  : 262)   All done. Exiting.

===== Read error correction finished. 


===== corrected reads compression started. 


== Running: /usr/bin/python /SPAdes-3.15.5-Linux/share/spades/spades_pipeline/scripts/compress_all.py --input_file /workspace/output/task_fb38797a/spades_output/corrected/corrected.yaml --ext_python_modules_home /SPAdes-3.15.5-Linux/share/spades --max_threads 16 --output_dir /workspace/output/task_fb38797a/spades_output/corrected --gzip_output

== Compressing corrected reads (with pigz)
== Files to compress: ['/workspace/output/task_fb38797a/spades_output/corrected/marked_duplicates_R1_trimmed_paired.fastq.00.0_0.cor.fastq', '/workspace/output/task_fb38797a/spades_output/corrected/marked_duplicates_R2_trimmed_paired.fastq.00.0_0.cor.fastq', '/workspace/output/task_fb38797a/spades_output/corrected/marked_duplicates_R_unpaired.00.0_0.cor.fastq']
== Files compression is finished
== Dataset yaml file is updated

===== corrected reads compression finished. 


===== Read error correction finished. 


===== Assembling started. 


===== K21 started. 


== Running: /SPAdes-3.15.5-Linux/bin/spades-core /workspace/output/task_fb38797a/spades_output/K21/configs/config.info /workspace/output/task_fb38797a/spades_output/K21/configs/mda_mode.info /workspace/output/task_fb38797a/spades_output/K21/configs/meta_mode.info

  0:00:00.000     1M / 10M   INFO    General                 (main.cpp                  :  99)   Loaded config from /workspace/output/task_fb38797a/spades_output/K21/configs/config.info
  0:00:00.015     1M / 10M   INFO    General                 (main.cpp                  :  99)   Loaded config from /workspace/output/task_fb38797a/spades_output/K21/configs/mda_mode.info
  0:00:00.022     1M / 10M   INFO    General                 (main.cpp                  :  99)   Loaded config from /workspace/output/task_fb38797a/spades_output/K21/configs/meta_mode.info
  0:00:00.030     1M / 10M   INFO    General                 (memory_limit.cpp          :  54)   Memory limit set to 7 Gb
  0:00:00.038     1M / 10M   INFO    General                 (main.cpp                  : 107)   Starting SPAdes, built from refs/heads/spades_3.15.5, git revision e757b8216f9a038fb616e9551a2d4891b2d19ad7
  0:00:00.046     1M / 10M   INFO    General                 (main.cpp                  : 108)   Maximum k-mer length: 128
  0:00:00.054     1M / 10M   INFO    General                 (main.cpp                  : 109)   Assembling dataset (/workspace/output/task_fb38797a/spades_output/dataset.info) with K=21
  0:00:00.055     1M / 10M   INFO    General                 (main.cpp                  : 110)   Maximum # of threads to use (adjusted due to OMP capabilities): 16
  0:00:00.055     1M / 10M   INFO    General                 (pipeline.cpp              : 212)   SPAdes started
  0:00:00.058     1M / 10M   INFO    General                 (pipeline.cpp              : 225)   Starting from stage: read_conversion
  0:00:00.061     1M / 10M   INFO    General                 (pipeline.cpp              : 231)   Two-step repeat resolution disabled
  0:00:00.063     1M / 10M   INFO   GraphCore                (graph_core.hpp            : 672)   Graph created, vertex min_id: 3, edge min_id: 3
  0:00:00.065     1M / 10M   INFO   GraphCore                (graph_core.hpp            : 673)   Vertex size: 48, edge size: 40
  0:00:00.069     1M / 10M   INFO    General                 (edge_index.hpp            : 113)   Size of edge index entries: 12/8
  0:00:00.069     1M / 10M   INFO   StageManager             (stage.cpp                 : 185)   STAGE == Binary Read Conversion (id: read_conversion)
  0:00:00.076     1M / 10M   INFO    General                 (read_converter.cpp        :  72)   Converting reads to binary format for library #0 (takes a while)
  0:00:00.076     1M / 10M   INFO    General                 (read_converter.cpp        :  73)   Converting paired reads
  0:00:00.085    21M / 21M   INFO    General                 (binary_converter.cpp      : 111)   93 reads written
  0:00:00.085    14M / 14M   INFO    General                 (read_converter.cpp        :  86)   Converting single reads
  0:00:00.092    24M / 24M   INFO    General                 (binary_converter.cpp      : 111)   7 reads written
  0:00:00.092    20M / 20M   INFO    General                 (read_converter.cpp        :  92)   Converting merged reads
  0:00:00.097    24M / 24M   INFO    General                 (binary_converter.cpp      : 111)   0 reads written
  0:00:00.106     1M / 10M   INFO   StageManager             (stage.cpp                 : 185)   STAGE == de Bruijn graph construction (id: construction)
  0:00:00.185     1M / 10M   INFO    General                 (construction.cpp          : 153)   Max read length 50
  0:00:00.186     1M / 10M   INFO    General                 (construction.cpp          : 159)   Average read length 50
  0:00:00.186     1M / 10M   INFO    General                 (stage.cpp                 : 117)   PROCEDURE == k+1-mer counting (id: construction:kpomer_counting)
  0:00:00.187     1M / 10M   INFO    General                 (kmer_index_builder.hpp    : 243)   Splitting kmer instances into 160 files using 16 threads. This might take a while.
  0:00:00.195     1M / 10M   INFO    General                 (file_limit.hpp            :  42)   Open file limit set to 1048576
  0:00:00.202     1M / 10M   INFO    General                 (kmer_splitter.hpp         :  93)   Memory available for splitting buffers: 0.145821 Gb
  0:00:00.202     1M / 10M   INFO    General                 (kmer_splitter.hpp         : 101)   Using cell size of 122323
  0:00:01.395     1M / 17M   INFO    General                 (kmer_splitters.hpp        : 131)   Used 386 reads
  0:00:01.399     1M / 17M   INFO    General                 (kmer_index_builder.hpp    : 249)   Starting k-mer counting.
  0:00:02.570     1M / 17M   INFO    General                 (kmer_index_builder.hpp    : 260)   K-mer counting done. There are 3 kmers in total.
  0:00:02.573     1M / 17M   INFO    General                 (stage.cpp                 : 117)   PROCEDURE == Extension index construction (id: construction:extension_index_construction)
  0:00:02.718     1M / 17M   INFO   K-mer Index Building     (kmer_index_builder.hpp    : 438)   Building kmer index
  0:00:02.725     1M / 17M   INFO    General                 (kmer_index_builder.hpp    : 243)   Splitting kmer instances into 160 files using 16 threads. This might take a while.
  0:00:02.736     1M / 17M   INFO    General                 (file_limit.hpp            :  42)   Open file limit set to 1048576
  0:00:02.744     1M / 17M   INFO    General                 (kmer_splitter.hpp         :  93)   Memory available for splitting buffers: 0.145819 Gb
  0:00:02.745     1M / 17M   INFO    General                 (kmer_splitter.hpp         : 101)   Using cell size of 122321
  0:00:03.882  3201M / 3201M INFO    General                 (kmer_splitters.hpp        : 199)   Used 3 kmers.
  0:00:03.889     1M / 17M   INFO    General                 (kmer_index_builder.hpp    : 249)   Starting k-mer counting.
  0:00:04.978     1M / 17M   INFO    General                 (kmer_index_builder.hpp    : 260)   K-mer counting done. There are 2 kmers in total.
  0:00:04.983     1M / 17M   INFO   K-mer Index Building     (kmer_index_builder.hpp    : 395)   Building perfect hash indices
  0:00:05.417     2M / 17M   INFO   K-mer Index Building     (kmer_index_builder.hpp    : 431)   Index built. Total 2 kmers, 1600 bytes occupied (6400 bits per kmer).
  0:00:05.425     2M / 17M   INFO    General                 (kmer_index_builder.hpp    : 169)   Merging final buckets.
  0:00:05.871     2M / 17M   INFO   DeBruijnExtensionIndexBu (kmer_extension_index_build: 100)   Building k-mer extensions from k+1-mers
  0:00:05.905     2M / 17M   INFO   DeBruijnExtensionIndexBu (kmer_extension_index_build: 105)   Building k-mer extensions from k+1-mers finished.
  0:00:05.914     1M / 17M   INFO    General                 (stage.cpp                 : 117)   PROCEDURE == Early tip clipping (id: construction:early_tip_clipper)
  0:00:05.918     1M / 17M   INFO    General                 (construction.cpp          : 301)   Early tip clipper length bound set as (RL - K)
  0:00:05.920     1M / 17M   INFO   Early tip clipping       (early_simplification.hpp  :  47)   Early tip clipping
  0:00:05.925     1M / 17M   INFO   Early tip clipping       (early_simplification.hpp  :  82)   #tipped junctions: 0
  0:00:05.925     1M / 17M   INFO   Early tip clipping       (early_simplification.hpp  :  93)   Clipped tips: 0
  0:00:05.926     1M / 17M   INFO   Early tip clipping       (early_simplification.hpp  :  49)   0 22-mers were removed by early tip clipper
  0:00:05.926     1M / 17M   INFO    General                 (stage.cpp                 : 117)   PROCEDURE == Condensing graph (id: construction:graph_condensing)
  0:00:05.934     1M / 17M   INFO   UnbranchingPathExtractor (debruijn_graph_constructor: 354)   Extracting unbranching paths
  0:00:05.937     1M / 17M   INFO   UnbranchingPathExtractor (debruijn_graph_constructor: 373)   Extracting unbranching paths finished. 0 sequences extracted
  0:00:05.940     1M / 17M   INFO   UnbranchingPathExtractor (debruijn_graph_constructor: 309)   Collecting perfect loops
  0:00:05.947     1M / 17M   INFO   UnbranchingPathExtractor (debruijn_graph_constructor: 342)   Collecting perfect loops finished. 2 loops collected
  0:00:05.950     1M / 17M   INFO    General                 (debruijn_graph_constructor: 487)   Total 4 edges to create
  0:00:05.952     1M / 17M   INFO    General                 (debruijn_graph_constructor: 489)   Collecting link records
  0:00:05.955     1M / 17M   INFO    General                 (debruijn_graph_constructor: 491)   Ordering link records
  0:00:05.956     1M / 17M   INFO    General                 (debruijn_graph_constructor: 493)   Sorting done
  0:00:05.956     1M / 17M   INFO    General                 (debruijn_graph_constructor: 503)   Total 1 vertices to create
  0:00:05.956     1M / 17M   INFO    General                 (debruijn_graph_constructor: 506)   Connecting the graph
  0:00:05.956     1M / 17M   INFO    General                 (stage.cpp                 : 117)   PROCEDURE == Filling coverage indices (PHM) (id: construction:coverage_filling_phm)
  0:00:05.956     1M / 17M   INFO   K-mer Index Building     (kmer_index_builder.hpp    : 395)   Building perfect hash indices
  0:00:06.344     2M / 17M   INFO   K-mer Index Building     (kmer_index_builder.hpp    : 431)   Index built. Total 3 kmers, 2400 bytes occupied (6400 bits per kmer).
  0:00:06.498     2M / 17M   INFO    General                 (coverage_hash_map_builder.:  47)   Collecting k-mer coverage information from reads, this takes a while.
  0:00:06.515     2M / 17M   INFO    General                 (construction.cpp          : 430)   Filling coverage and flanking coverage from PHM
  0:00:06.859     1M / 17M   INFO   StageManager             (stage.cpp                 : 185)   STAGE == Raw Simplification (id: raw_simplification)
  0:00:06.866     1M / 17M   INFO    General                 (simplification.cpp        : 127)   PROCEDURE == Initial cleaning
  0:00:06.877     1M / 17M   INFO    General                 (graph_simplification.hpp  : 662)   Flanking coverage based disconnection disabled
  0:00:06.885     1M / 17M   INFO   Simplification           (parallel_processing.hpp   : 167)   Running Self conjugate edge remover
  0:00:06.901     1M / 17M   INFO   Simplification           (parallel_processing.hpp   : 170)   Self conjugate edge remover triggered 0 times
  0:00:06.909     1M / 17M   INFO   Simplification           (parallel_processing.hpp   : 167)   Running Initial tip clipper
  0:00:06.923     1M / 17M   INFO   Simplification           (parallel_processing.hpp   : 170)   Initial tip clipper triggered 0 times
  0:00:06.924     1M / 17M   INFO   Simplification           (parallel_processing.hpp   : 167)   Running Initial ec remover
  0:00:06.929     1M / 17M   INFO   Simplification           (parallel_processing.hpp   : 170)   Initial ec remover triggered 0 times
  0:00:06.930     1M / 17M   INFO   Simplification           (parallel_processing.hpp   : 167)   Running Initial isolated edge remover
  0:00:06.933     1M / 17M   INFO   Simplification           (parallel_processing.hpp   : 170)   Initial isolated edge remover triggered 0 times
  0:00:06.933     1M / 17M   INFO   StageManager             (stage.cpp                 : 185)   STAGE == Simplification (id: simplification)
  0:00:06.933     1M / 17M   INFO    General                 (simplification.cpp        : 368)   Graph simplification started
  0:00:06.934     1M / 17M   INFO    General                 (graph_simplification.hpp  : 634)   Creating parallel br instance
  0:00:06.935     1M / 17M   INFO    General                 (simplification.cpp        : 373)   PROCEDURE == Simplification cycle, iteration 1
  0:00:06.940     1M / 17M   INFO   Simplification           (parallel_processing.hpp   : 167)   Running Tip clipper
  0:00:06.942     1M / 17M   INFO   Simplification           (parallel_processing.hpp   : 170)   Tip clipper triggered 0 times
  0:00:06.944     1M / 17M   INFO   Simplification           (parallel_processing.hpp   : 167)   Running Bulge remover
  0:00:06.948     1M / 17M   INFO   Simplification           (parallel_processing.hpp   : 170)   Bulge remover triggered 0 times
  0:00:06.948     1M / 17M   INFO   Simplification           (parallel_processing.hpp   : 167)   Running Low coverage edge remover
  0:00:06.949     1M / 17M   INFO   Simplification           (parallel_processing.hpp   : 170)   Low coverage edge remover triggered 0 times
  0:00:06.949     1M / 17M   INFO    General                 (simplification.cpp        : 373)   PROCEDURE == Simplification cycle, iteration 2
  0:00:06.951     1M / 17M   INFO   Simplification           (parallel_processing.hpp   : 167)   Running Tip clipper
  0:00:06.953     1M / 17M   INFO   Simplification           (parallel_processing.hpp   : 170)   Tip clipper triggered 0 times
  0:00:06.954     1M / 17M   INFO   Simplification           (parallel_processing.hpp   : 167)   Running Bulge remover
  0:00:06.956     1M / 17M   INFO   Simplification           (parallel_processing.hpp   : 170)   Bulge remover triggered 0 times
  0:00:06.959     1M / 17M   INFO   Simplification           (parallel_processing.hpp   : 167)   Running Low coverage edge remover
  0:00:06.961     1M / 17M   INFO   Simplification           (parallel_processing.hpp   : 170)   Low coverage edge remover triggered 0 times
  0:00:06.962     1M / 17M   INFO    General                 (simplification.cpp        : 373)   PROCEDURE == Simplification cycle, iteration 3
  0:00:06.962     1M / 17M   INFO   Simplification           (parallel_processing.hpp   : 167)   Running Tip clipper
  0:00:06.963     1M / 17M   INFO   Simplification           (parallel_processing.hpp   : 170)   Tip clipper triggered 0 times
  0:00:06.964     1M / 17M   INFO   Simplification           (parallel_processing.hpp   : 167)   Running Bulge remover
  0:00:06.964     1M / 17M   INFO   Simplification           (parallel_processing.hpp   : 170)   Bulge remover triggered 0 times
  0:00:06.964     1M / 17M   INFO   Simplification           (parallel_processing.hpp   : 167)   Running Low coverage edge remover
  0:00:06.964     1M / 17M   INFO   Simplification           (parallel_processing.hpp   : 170)   Low coverage edge remover triggered 0 times
  0:00:06.965     1M / 17M   INFO    General                 (simplification.cpp        : 373)   PROCEDURE == Simplification cycle, iteration 4
  0:00:06.966     1M / 17M   INFO   Simplification           (parallel_processing.hpp   : 167)   Running Tip clipper
  0:00:06.967     1M / 17M   INFO   Simplification           (parallel_processing.hpp   : 170)   Tip clipper triggered 0 times
  0:00:06.967     1M / 17M   INFO   Simplification           (parallel_processing.hpp   : 167)   Running Bulge remover
  0:00:06.967     1M / 17M   INFO   Simplification           (parallel_processing.hpp   : 170)   Bulge remover triggered 0 times
  0:00:06.967     1M / 17M   INFO   Simplification           (parallel_processing.hpp   : 167)   Running Low coverage edge remover
  0:00:06.967     1M / 17M   INFO   Simplification           (parallel_processing.hpp   : 170)   Low coverage edge remover triggered 0 times
  0:00:06.967     1M / 17M   INFO   StageManager             (stage.cpp                 : 185)   STAGE == Simplification Cleanup (id: simplification_cleanup)
  0:00:06.967     1M / 17M   INFO    General                 (simplification.cpp        : 176)   PROCEDURE == Post simplification
  0:00:06.967     1M / 17M   INFO    General                 (graph_simplification.hpp  : 634)   Creating parallel br instance
  0:00:06.967     1M / 17M   INFO   Simplification           (parallel_processing.hpp   : 167)   Running Relative coverage component remover
  0:00:06.967     1M / 17M   INFO   Simplification           (parallel_processing.hpp   : 170)   Relative coverage component remover triggered 0 times
  0:00:06.967     1M / 17M   INFO   Simplification           (parallel_processing.hpp   : 167)   Running Disconnecting edges with relatively low coverage
  0:00:06.967     1M / 17M   INFO   Simplification           (parallel_processing.hpp   : 170)   Disconnecting edges with relatively low coverage triggered 0 times
  0:00:06.967     1M / 17M   INFO   Simplification           (parallel_processing.hpp   : 167)   Running Complex tip clipper
  0:00:06.967     1M / 17M   INFO   Simplification           (parallel_processing.hpp   : 170)   Complex tip clipper triggered 0 times
  0:00:06.967     1M / 17M   INFO   Simplification           (parallel_processing.hpp   : 167)   Running Complex bulge remover
  0:00:06.967     1M / 17M   INFO   Simplification           (parallel_processing.hpp   : 170)   Complex bulge remover triggered 0 times
  0:00:06.967     1M / 17M   INFO   Simplification           (parallel_processing.hpp   : 167)   Running Tip clipper
  0:00:06.967     1M / 17M   INFO   Simplification           (parallel_processing.hpp   : 170)   Tip clipper triggered 0 times
  0:00:06.967     1M / 17M   INFO   Simplification           (parallel_processing.hpp   : 167)   Running Final tip clipper
  0:00:06.967     1M / 17M   INFO   Simplification           (parallel_processing.hpp   : 170)   Final tip clipper triggered 0 times
  0:00:06.967     1M / 17M   INFO   Simplification           (parallel_processing.hpp   : 167)   Running Bulge remover
  0:00:06.967     1M / 17M   INFO   Simplification           (parallel_processing.hpp   : 170)   Bulge remover triggered 0 times
  0:00:06.967     1M / 17M   INFO   Simplification           (parallel_processing.hpp   : 167)   Running Thorn remover (meta)
  0:00:06.967     1M / 17M   INFO   Simplification           (parallel_processing.hpp   : 170)   Thorn remover (meta) triggered 0 times
  0:00:06.967     1M / 17M   INFO   Simplification           (parallel_processing.hpp   : 167)   Running Relative coverage component remover
  0:00:06.968     1M / 17M   INFO   Simplification           (parallel_processing.hpp   : 170)   Relative coverage component remover triggered 0 times
  0:00:06.968     1M / 17M   INFO   Simplification           (parallel_processing.hpp   : 167)   Running Disconnecting edges with relatively low coverage
  0:00:06.968     1M / 17M   INFO   Simplification           (parallel_processing.hpp   : 170)   Disconnecting edges with relatively low coverage triggered 0 times
  0:00:06.968     1M / 17M   INFO   Simplification           (parallel_processing.hpp   : 167)   Running Complex tip clipper
  0:00:06.968     1M / 17M   INFO   Simplification           (parallel_processing.hpp   : 170)   Complex tip clipper triggered 0 times
  0:00:06.968     1M / 17M   INFO   Simplification           (parallel_processing.hpp   : 167)   Running Complex bulge remover
  0:00:06.968     1M / 17M   INFO   Simplification           (parallel_processing.hpp   : 170)   Complex bulge remover triggered 0 times
  0:00:06.968     1M / 17M   INFO   Simplification           (parallel_processing.hpp   : 167)   Running Tip clipper
  0:00:06.968     1M / 17M   INFO   Simplification           (parallel_processing.hpp   : 170)   Tip clipper triggered 0 times
  0:00:06.968     1M / 17M   INFO   Simplification           (parallel_processing.hpp   : 167)   Running Final tip clipper
  0:00:06.968     1M / 17M   INFO   Simplification           (parallel_processing.hpp   : 170)   Final tip clipper triggered 0 times
  0:00:06.968     1M / 17M   INFO   Simplification           (parallel_processing.hpp   : 167)   Running Bulge remover
  0:00:06.968     1M / 17M   INFO   Simplification           (parallel_processing.hpp   : 170)   Bulge remover triggered 0 times
  0:00:06.968     1M / 17M   INFO   Simplification           (parallel_processing.hpp   : 167)   Running Thorn remover (meta)
  0:00:06.968     1M / 17M   INFO   Simplification           (parallel_processing.hpp   : 170)   Thorn remover (meta) triggered 0 times
  0:00:06.968     1M / 17M   INFO    General                 (simplification.cpp        : 323)   Running Hidden EC remover (meta)
  0:00:06.968     1M / 17M   INFO    General                 (simplification.cpp        : 327)   Disrupting self-conjugate edges
  0:00:06.968     1M / 17M   INFO   Simplification           (parallel_processing.hpp   : 167)   Running Removing isolated edges
  0:00:06.968     1M / 17M   INFO   Simplification           (parallel_processing.hpp   : 170)   Removing isolated edges triggered 0 times
  0:00:06.968     1M / 17M   INFO    General                 (simplification.cpp        : 495)   After simplification:
  0:00:06.968     1M / 17M   INFO    General                 (simplification.cpp        : 496)     Average coverage = 2798.5
  0:00:06.968     1M / 17M   INFO    General                 (simplification.cpp        : 497)     Total length = 4
  0:00:06.969     1M / 17M   INFO    General                 (simplification.cpp        : 498)     Median edge length: 3
  0:00:06.969     1M / 17M   INFO    General                 (simplification.cpp        : 499)     Edges: 2
  0:00:06.969     1M / 17M   INFO    General                 (simplification.cpp        : 500)     Vertices: 2
  0:00:06.969     1M / 17M   INFO   StageManager             (stage.cpp                 : 185)   STAGE == Contig Output (id: contig_output)
  0:00:06.972     1M / 17M   INFO    General                 (read_converter.cpp        : 107)   Outputting contigs to /workspace/output/task_fb38797a/spades_output/K21/simplified_contigs
  0:00:06.976     3M / 17M   INFO    General                 (binary_converter.cpp      : 111)   2 reads written
  0:00:06.991     1M / 17M   INFO    General                 (pipeline.cpp              : 287)   SPAdes finished
  0:00:06.992     1M / 17M   INFO    General                 (main.cpp                  : 136)   Assembling time: 0 hours 0 minutes 7 seconds

===== K21 finished. 


===== K33 started. 


== Running: /SPAdes-3.15.5-Linux/bin/spades-core /workspace/output/task_fb38797a/spades_output/K33/configs/config.info /workspace/output/task_fb38797a/spades_output/K33/configs/mda_mode.info /workspace/output/task_fb38797a/spades_output/K33/configs/meta_mode.info

  0:00:00.000     1M / 10M   INFO    General                 (main.cpp                  :  99)   Loaded config from /workspace/output/task_fb38797a/spades_output/K33/configs/config.info
  0:00:00.008     1M / 10M   INFO    General                 (main.cpp                  :  99)   Loaded config from /workspace/output/task_fb38797a/spades_output/K33/configs/mda_mode.info
  0:00:00.010     1M / 10M   INFO    General                 (main.cpp                  :  99)   Loaded config from /workspace/output/task_fb38797a/spades_output/K33/configs/meta_mode.info
  0:00:00.013     1M / 10M   INFO    General                 (memory_limit.cpp          :  54)   Memory limit set to 7 Gb
  0:00:00.014     1M / 10M   INFO    General                 (main.cpp                  : 107)   Starting SPAdes, built from refs/heads/spades_3.15.5, git revision e757b8216f9a038fb616e9551a2d4891b2d19ad7
  0:00:00.016     1M / 10M   INFO    General                 (main.cpp                  : 108)   Maximum k-mer length: 128
  0:00:00.017     1M / 10M   INFO    General                 (main.cpp                  : 109)   Assembling dataset (/workspace/output/task_fb38797a/spades_output/dataset.info) with K=33
  0:00:00.020     1M / 10M   INFO    General                 (main.cpp                  : 110)   Maximum # of threads to use (adjusted due to OMP capabilities): 16
  0:00:00.025     1M / 10M   INFO    General                 (pipeline.cpp              : 212)   SPAdes started
  0:00:00.028     1M / 10M   INFO    General                 (pipeline.cpp              : 225)   Starting from stage: read_conversion
  0:00:00.031     1M / 10M   INFO    General                 (pipeline.cpp              : 231)   Two-step repeat resolution enabled
  0:00:00.033     1M / 10M   INFO   GraphCore                (graph_core.hpp            : 672)   Graph created, vertex min_id: 3, edge min_id: 3
  0:00:00.034     1M / 10M   INFO   GraphCore                (graph_core.hpp            : 673)   Vertex size: 48, edge size: 40
  0:00:00.038     1M / 10M   INFO    General                 (edge_index.hpp            : 113)   Size of edge index entries: 12/8
  0:00:00.039     1M / 10M   INFO    General                 (pipeline.cpp              : 242)   Will need read mapping, kmer mapper will be attached
  0:00:00.039     1M / 10M   INFO   StageManager             (stage.cpp                 : 185)   STAGE == Binary Read Conversion (id: read_conversion)
  0:00:00.043     1M / 10M   INFO    General                 (read_converter.cpp        :  53)   Binary reads detected
  0:00:00.049     1M / 10M   INFO   StageManager             (stage.cpp                 : 185)   STAGE == de Bruijn graph construction (id: construction)
  0:00:00.049     1M / 10M   INFO    General                 (construction.cpp          : 118)   Contigs from previous K will be used: /workspace/output/task_fb38797a/spades_output/K21/simplified_contigs
  0:00:00.173     1M / 10M   INFO    General                 (construction.cpp          : 153)   Max read length 50
  0:00:00.179     1M / 10M   INFO    General                 (construction.cpp          : 159)   Average read length 50
  0:00:00.180     1M / 10M   INFO    General                 (stage.cpp                 : 117)   PROCEDURE == k+1-mer counting (id: construction:kpomer_counting)
  0:00:00.183     1M / 10M   INFO    General                 (kmer_index_builder.hpp    : 243)   Splitting kmer instances into 160 files using 16 threads. This might take a while.
  0:00:00.189     1M / 10M   INFO    General                 (file_limit.hpp            :  42)   Open file limit set to 1048576
  0:00:00.205     1M / 10M   INFO    General                 (kmer_splitter.hpp         :  93)   Memory available for splitting buffers: 0.145818 Gb
  0:00:00.213     1M / 10M   INFO    General                 (kmer_splitter.hpp         : 101)   Using cell size of 61160
  0:00:01.376     1M / 18M   INFO    General                 (kmer_splitters.hpp        : 131)   Used 390 reads
  0:00:01.378     1M / 18M   INFO    General                 (kmer_index_builder.hpp    : 249)   Starting k-mer counting.
  0:00:02.547     1M / 18M   INFO    General                 (kmer_index_builder.hpp    : 260)   K-mer counting done. There are 3 kmers in total.
  0:00:02.550     1M / 18M   INFO    General                 (stage.cpp                 : 117)   PROCEDURE == Extension index construction (id: construction:extension_index_construction)
  0:00:02.691     1M / 18M   INFO   K-mer Index Building     (kmer_index_builder.hpp    : 438)   Building kmer index
  0:00:02.693     1M / 18M   INFO    General                 (kmer_index_builder.hpp    : 243)   Splitting kmer instances into 160 files using 16 threads. This might take a while.
  0:00:02.701     1M / 18M   INFO    General                 (file_limit.hpp            :  42)   Open file limit set to 1048576
  0:00:02.724     1M / 18M   INFO    General                 (kmer_splitter.hpp         :  93)   Memory available for splitting buffers: 0.145816 Gb
  0:00:02.724     1M / 18M   INFO    General                 (kmer_splitter.hpp         : 101)   Using cell size of 61159
  0:00:03.899  3201M / 3201M INFO    General                 (kmer_splitters.hpp        : 199)   Used 3 kmers.
  0:00:03.914     2M / 18M   INFO    General                 (kmer_index_builder.hpp    : 249)   Starting k-mer counting.
  0:00:05.196     2M / 18M   INFO    General                 (kmer_index_builder.hpp    : 260)   K-mer counting done. There are 2 kmers in total.
  0:00:05.200     2M / 18M   INFO   K-mer Index Building     (kmer_index_builder.hpp    : 395)   Building perfect hash indices
  0:00:05.676     2M / 18M   INFO   K-mer Index Building     (kmer_index_builder.hpp    : 431)   Index built. Total 2 kmers, 1600 bytes occupied (6400 bits per kmer).
  0:00:05.681     2M / 18M   INFO    General                 (kmer_index_builder.hpp    : 169)   Merging final buckets.
  0:00:06.152     2M / 18M   INFO   DeBruijnExtensionIndexBu (kmer_extension_index_build: 100)   Building k-mer extensions from k+1-mers
  0:00:06.189     2M / 18M   INFO   DeBruijnExtensionIndexBu (kmer_extension_index_build: 105)   Building k-mer extensions from k+1-mers finished.
  0:00:06.198     2M / 18M   INFO    General                 (stage.cpp                 : 117)   PROCEDURE == Condensing graph (id: construction:graph_condensing)
  0:00:06.201     2M / 18M   INFO   UnbranchingPathExtractor (debruijn_graph_constructor: 354)   Extracting unbranching paths
  0:00:06.202     2M / 18M   INFO   UnbranchingPathExtractor (debruijn_graph_constructor: 373)   Extracting unbranching paths finished. 0 sequences extracted
  0:00:06.202     2M / 18M   INFO   UnbranchingPathExtractor (debruijn_graph_constructor: 309)   Collecting perfect loops
  0:00:06.203     2M / 18M   INFO   UnbranchingPathExtractor (debruijn_graph_constructor: 342)   Collecting perfect loops finished. 2 loops collected
  0:00:06.204     2M / 18M   INFO    General                 (debruijn_graph_constructor: 487)   Total 4 edges to create
  0:00:06.204     2M / 18M   INFO    General                 (debruijn_graph_constructor: 489)   Collecting link records
  0:00:06.204     2M / 18M   INFO    General                 (debruijn_graph_constructor: 491)   Ordering link records
  0:00:06.205     2M / 18M   INFO    General                 (debruijn_graph_constructor: 493)   Sorting done
  0:00:06.205     2M / 18M   INFO    General                 (debruijn_graph_constructor: 503)   Total 1 vertices to create
  0:00:06.205     2M / 18M   INFO    General                 (debruijn_graph_constructor: 506)   Connecting the graph
  0:00:06.206     2M / 18M   INFO    General                 (stage.cpp                 : 117)   PROCEDURE == Filling coverage indices (PHM) (id: construction:coverage_filling_phm)
  0:00:06.206     2M / 18M   INFO   K-mer Index Building     (kmer_index_builder.hpp    : 395)   Building perfect hash indices
  0:00:06.705     2M / 18M   INFO   K-mer Index Building     (kmer_index_builder.hpp    : 431)   Index built. Total 3 kmers, 2400 bytes occupied (6400 bits per kmer).
  0:00:06.843     2M / 18M   INFO    General                 (coverage_hash_map_builder.:  47)   Collecting k-mer coverage information from reads, this takes a while.
  0:00:06.851     2M / 18M   INFO    General                 (construction.cpp          : 430)   Filling coverage and flanking coverage from PHM
  0:00:07.187     1M / 18M   INFO   StageManager             (stage.cpp                 : 185)   STAGE == Gap Closer (id: early_gapcloser)
  0:00:07.199    10M / 18M   INFO    General                 (edge_index.hpp            : 113)   Size of edge index entries: 12/8
  0:00:07.200    10M / 18M   INFO    General                 (gap_closer.cpp            : 101)   Total edges in tip neighborhood: 0 out of 2, length: 0
  0:00:07.203    10M / 18M   INFO    General                 (gap_closer.cpp            : 437)   No tips in graph, skipping gap closer
  0:00:07.206     1M / 18M   INFO   StageManager             (stage.cpp                 : 185)   STAGE == Raw Simplification (id: raw_simplification)
  0:00:07.206     1M / 18M   INFO    General                 (simplification.cpp        : 127)   PROCEDURE == Initial cleaning
  0:00:07.208     1M / 18M   INFO   Simplification           (parallel_processing.hpp   : 167)   Running Self conjugate edge remover
  0:00:07.208     1M / 18M   INFO   Simplification           (parallel_processing.hpp   : 170)   Self conjugate edge remover triggered 0 times
  0:00:07.208     1M / 18M   INFO   Simplification           (parallel_processing.hpp   : 167)   Running Initial tip clipper
  0:00:07.208     1M / 18M   INFO   Simplification           (parallel_processing.hpp   : 170)   Initial tip clipper triggered 0 times
  0:00:07.208     1M / 18M   INFO   Simplification           (parallel_processing.hpp   : 167)   Running Initial ec remover
  0:00:07.208     1M / 18M   INFO   Simplification           (parallel_processing.hpp   : 170)   Initial ec remover triggered 0 times
  0:00:07.208     1M / 18M   INFO   Simplification           (parallel_processing.hpp   : 167)   Running Disconnecting edges with low flanking coverage
  0:00:07.208     1M / 18M   INFO   Simplification           (parallel_processing.hpp   : 170)   Disconnecting edges with low flanking coverage triggered 0 times
  0:00:07.208     1M / 18M   INFO   Simplification           (parallel_processing.hpp   : 167)   Running Initial isolated edge remover
  0:00:07.208     1M / 18M   INFO   Simplification           (parallel_processing.hpp   : 170)   Initial isolated edge remover triggered 0 times
  0:00:07.208     1M / 18M   INFO   StageManager             (stage.cpp                 : 185)   STAGE == Preliminary Simplification (id: simplification_preliminary)
  0:00:07.208     1M / 18M   INFO    General                 (simplification.cpp        : 368)   Graph simplification started
  0:00:07.208     1M / 18M   INFO    General                 (graph_simplification.hpp  : 634)   Creating parallel br instance
  0:00:07.208     1M / 18M   INFO    General                 (simplification.cpp        : 373)   PROCEDURE == Simplification cycle, iteration 1
  0:00:07.208     1M / 18M   INFO   Simplification           (parallel_processing.hpp   : 167)   Running Tip clipper
  0:00:07.208     1M / 18M   INFO   Simplification           (parallel_processing.hpp   : 170)   Tip clipper triggered 0 times
  0:00:07.208     1M / 18M   INFO   Simplification           (parallel_processing.hpp   : 167)   Running Bulge remover
  0:00:07.208     1M / 18M   INFO   Simplification           (parallel_processing.hpp   : 170)   Bulge remover triggered 0 times
  0:00:07.208     1M / 18M   INFO   Simplification           (parallel_processing.hpp   : 167)   Running Low coverage edge remover
  0:00:07.208     1M / 18M   INFO   Simplification           (parallel_processing.hpp   : 170)   Low coverage edge remover triggered 0 times
  0:00:07.208     1M / 18M   INFO    General                 (simplification.cpp        : 373)   PROCEDURE == Simplification cycle, iteration 2
  0:00:07.208     1M / 18M   INFO   Simplification           (parallel_processing.hpp   : 167)   Running Tip clipper
  0:00:07.208     1M / 18M   INFO   Simplification           (parallel_processing.hpp   : 170)   Tip clipper triggered 0 times
  0:00:07.208     1M / 18M   INFO   Simplification           (parallel_processing.hpp   : 167)   Running Bulge remover
  0:00:07.208     1M / 18M   INFO   Simplification           (parallel_processing.hpp   : 170)   Bulge remover triggered 0 times
  0:00:07.208     1M / 18M   INFO   Simplification           (parallel_processing.hpp   : 167)   Running Low coverage edge remover
  0:00:07.208     1M / 18M   INFO   Simplification           (parallel_processing.hpp   : 170)   Low coverage edge remover triggered 0 times
  0:00:07.209     1M / 18M   INFO    General                 (simplification.cpp        : 373)   PROCEDURE == Simplification cycle, iteration 3
  0:00:07.209     1M / 18M   INFO   Simplification           (parallel_processing.hpp   : 167)   Running Tip clipper
  0:00:07.209     1M / 18M   INFO   Simplification           (parallel_processing.hpp   : 170)   Tip clipper triggered 0 times
  0:00:07.209     1M / 18M   INFO   Simplification           (parallel_processing.hpp   : 167)   Running Bulge remover
  0:00:07.209     1M / 18M   INFO   Simplification           (parallel_processing.hpp   : 170)   Bulge remover triggered 0 times
  0:00:07.209     1M / 18M   INFO   Simplification           (parallel_processing.hpp   : 167)   Running Low coverage edge remover
  0:00:07.209     1M / 18M   INFO   Simplification           (parallel_processing.hpp   : 170)   Low coverage edge remover triggered 0 times
  0:00:07.209     1M / 18M   INFO    General                 (simplification.cpp        : 373)   PROCEDURE == Simplification cycle, iteration 4
  0:00:07.209     1M / 18M   INFO   Simplification           (parallel_processing.hpp   : 167)   Running Tip clipper
  0:00:07.209     1M / 18M   INFO   Simplification           (parallel_processing.hpp   : 170)   Tip clipper triggered 0 times
  0:00:07.209     1M / 18M   INFO   Simplification           (parallel_processing.hpp   : 167)   Running Bulge remover
  0:00:07.209     1M / 18M   INFO   Simplification           (parallel_processing.hpp   : 170)   Bulge remover triggered 0 times
  0:00:07.209     1M / 18M   INFO   Simplification           (parallel_processing.hpp   : 167)   Running Low coverage edge remover
  0:00:07.209     1M / 18M   INFO   Simplification           (parallel_processing.hpp   : 170)   Low coverage edge remover triggered 0 times
  0:00:07.209     1M / 18M   INFO   StageManager             (stage.cpp                 : 185)   STAGE == Gap Closer (id: prelim_gapcloser)
  0:00:07.212    10M / 18M   INFO    General                 (edge_index.hpp            : 113)   Size of edge index entries: 12/8
  0:00:07.217    10M / 18M   INFO    General                 (gap_closer.cpp            : 101)   Total edges in tip neighborhood: 0 out of 2, length: 0
  0:00:07.217    10M / 18M   INFO    General                 (gap_closer.cpp            : 437)   No tips in graph, skipping gap closer
  0:00:07.218     1M / 18M   INFO   StageManager             (stage.cpp                 : 185)   STAGE == Preliminary Paired Information Counting (id: late_pair_info_count_preliminary)
  0:00:07.219     1M / 18M   INFO    General                 (graph_pack.cpp            :  67)   Index refill
  0:00:07.219     1M / 18M   INFO    General                 (edge_index.hpp            : 156)   Using small index (max_id = 7)
  0:00:07.225     1M / 18M   INFO   K-mer Index Building     (kmer_index_builder.hpp    : 395)   Building perfect hash indices
  0:00:07.245     1M / 18M   INFO   K-mer Index Building     (kmer_index_builder.hpp    : 431)   Index built. Total 3 kmers, 800 bytes occupied (2133.33 bits per kmer).
  0:00:07.245     1M / 18M   INFO    General                 (edge_index_builders.hpp   : 252)   Collecting edge information from graph, this takes a while.
  0:00:07.245     1M / 18M   INFO    General                 (graph_pack.cpp            :  77)   Normalizing k-mer map. Total 0 kmers to process
  0:00:07.245     1M / 18M   INFO    General                 (graph_pack.cpp            :  79)   Normalizing done
  0:00:07.245     1M / 18M   INFO    General                 (pair_info_count.cpp       : 339)   Min edge length for estimation: 900
  0:00:07.245     1M / 18M   INFO    General                 (pair_info_count.cpp       : 350)   Estimating insert size for library #0
  0:00:07.245     1M / 18M   INFO    General                 (pair_info_count.cpp       : 202)   Estimating insert size (takes a while)
  0:00:07.512   273M / 281M  INFO    General                 (pair_info_count.cpp       :  48)   Selecting usual mapper
  0:00:07.781   273M / 281M  INFO    General                 (sequence_mapper_notifier.h:  95)   Total 93 reads processed
  0:00:07.850   273M / 281M  INFO    General                 (pair_info_count.cpp       : 220)   Edge pairs: 4
  0:00:07.850   273M / 281M  INFO    General                 (pair_info_count.cpp       : 222)   0 paired reads (0% of all) aligned to long edges
  0:00:07.865     1M / 281M  WARN    General                 (pair_info_count.cpp       : 358)   Unable to estimate insert size for paired library #0
  0:00:07.875     1M / 281M  WARN    General                 (pair_info_count.cpp       : 364)   None of paired reads aligned properly. Please, check orientation of your read pairs.
  0:00:07.876     1M / 281M  INFO   StageManager             (stage.cpp                 : 185)   STAGE == Preliminary Distance Estimation (id: distance_estimation_preliminary)
  0:00:07.881     1M / 281M  INFO    General                 (distance_estimation.cpp   : 186)   Clearing raw paired index
  0:00:07.882     1M / 281M  INFO   StageManager             (stage.cpp                 : 185)   STAGE == Preliminary Repeat Resolving (id: repeat_resolving_preliminary)
  0:00:07.886     1M / 281M  INFO    General                 (repeat_resolving.cpp      :  74)   Setting up preliminary path extend settings
  0:00:07.887     1M / 281M  WARN    General                 (repeat_resolving.cpp      :  81)   Insert size was not estimated for any of the paired libraries, repeat resolution module will not run.
  0:00:07.887     1M / 281M  INFO   StageManager             (stage.cpp                 : 185)   STAGE == Contig Output (id: contig_output)
  0:00:07.889     1M / 281M  INFO    General                 (contig_output_stage.cpp   : 151)   Writing GFA graph to /workspace/output/task_fb38797a/spades_output/K33/strain_graph.gfa
  0:00:07.892     1M / 281M  INFO    General                 (contig_output.hpp         :  16)   Outputting contigs to /workspace/output/task_fb38797a/spades_output/K33/final_contigs.fasta
  0:00:07.897     1M / 281M  INFO   StageManager             (stage.cpp                 : 185)   STAGE == Second Phase Setup (id: second_phase_setup)
  0:00:07.898     1M / 281M  INFO    General                 (second_phase_setup.cpp    :  18)   Preparing second phase
  0:00:07.900     1M / 281M  INFO    General                 (second_phase_setup.cpp    :  26)   Moving preliminary contigs from /workspace/output/task_fb38797a/spades_output/K33/final_contigs.fasta to /workspace/output/task_fb38797a/spades_output/K33/first_pe_contigs.fasta
  0:00:07.905     1M / 281M  INFO    General                 (second_phase_setup.cpp    :  38)   Ready to run second phase
  0:00:07.905     1M / 281M  INFO   StageManager             (stage.cpp                 : 185)   STAGE == Simplification (id: simplification)
  0:00:07.905     1M / 281M  INFO    General                 (simplification.cpp        : 368)   Graph simplification started
  0:00:07.905     1M / 281M  INFO    General                 (graph_simplification.hpp  : 634)   Creating parallel br instance
  0:00:07.905     1M / 281M  INFO    General                 (simplification.cpp        : 373)   PROCEDURE == Simplification cycle, iteration 1
  0:00:07.905     1M / 281M  INFO   Simplification           (parallel_processing.hpp   : 167)   Running Tip clipper
  0:00:07.905     1M / 281M  INFO   Simplification           (parallel_processing.hpp   : 170)   Tip clipper triggered 0 times
  0:00:07.905     1M / 281M  INFO   Simplification           (parallel_processing.hpp   : 167)   Running Bulge remover
  0:00:07.905     1M / 281M  INFO   Simplification           (parallel_processing.hpp   : 170)   Bulge remover triggered 0 times
  0:00:07.905     1M / 281M  INFO   Simplification           (parallel_processing.hpp   : 167)   Running Low coverage edge remover
  0:00:07.906     1M / 281M  INFO   Simplification           (parallel_processing.hpp   : 170)   Low coverage edge remover triggered 0 times
  0:00:07.906     1M / 281M  INFO    General                 (simplification.cpp        : 373)   PROCEDURE == Simplification cycle, iteration 2
  0:00:07.906     1M / 281M  INFO   Simplification           (parallel_processing.hpp   : 167)   Running Tip clipper
  0:00:07.906     1M / 281M  INFO   Simplification           (parallel_processing.hpp   : 170)   Tip clipper triggered 0 times
  0:00:07.906     1M / 281M  INFO   Simplification           (parallel_processing.hpp   : 167)   Running Bulge remover
  0:00:07.906     1M / 281M  INFO   Simplification           (parallel_processing.hpp   : 170)   Bulge remover triggered 0 times
  0:00:07.906     1M / 281M  INFO   Simplification           (parallel_processing.hpp   : 167)   Running Low coverage edge remover
  0:00:07.906     1M / 281M  INFO   Simplification           (parallel_processing.hpp   : 170)   Low coverage edge remover triggered 0 times
  0:00:07.906     1M / 281M  INFO    General                 (simplification.cpp        : 373)   PROCEDURE == Simplification cycle, iteration 3
  0:00:07.906     1M / 281M  INFO   Simplification           (parallel_processing.hpp   : 167)   Running Tip clipper
  0:00:07.906     1M / 281M  INFO   Simplification           (parallel_processing.hpp   : 170)   Tip clipper triggered 0 times
  0:00:07.906     1M / 281M  INFO   Simplification           (parallel_processing.hpp   : 167)   Running Bulge remover
  0:00:07.906     1M / 281M  INFO   Simplification           (parallel_processing.hpp   : 170)   Bulge remover triggered 0 times
  0:00:07.906     1M / 281M  INFO   Simplification           (parallel_processing.hpp   : 167)   Running Low coverage edge remover
  0:00:07.906     1M / 281M  INFO   Simplification           (parallel_processing.hpp   : 170)   Low coverage edge remover triggered 0 times
  0:00:07.906     1M / 281M  INFO    General                 (simplification.cpp        : 373)   PROCEDURE == Simplification cycle, iteration 4
  0:00:07.906     1M / 281M  INFO   Simplification           (parallel_processing.hpp   : 167)   Running Tip clipper
  0:00:07.906     1M / 281M  INFO   Simplification           (parallel_processing.hpp   : 170)   Tip clipper triggered 0 times
  0:00:07.906     1M / 281M  INFO   Simplification           (parallel_processing.hpp   : 167)   Running Bulge remover
  0:00:07.906     1M / 281M  INFO   Simplification           (parallel_processing.hpp   : 170)   Bulge remover triggered 0 times
  0:00:07.906     1M / 281M  INFO   Simplification           (parallel_processing.hpp   : 167)   Running Low coverage edge remover
  0:00:07.906     1M / 281M  INFO   Simplification           (parallel_processing.hpp   : 170)   Low coverage edge remover triggered 0 times
  0:00:07.906     1M / 281M  INFO   StageManager             (stage.cpp                 : 185)   STAGE == Gap Closer (id: late_gapcloser)
  0:00:07.910    10M / 281M  INFO    General                 (edge_index.hpp            : 113)   Size of edge index entries: 12/8
  0:00:07.913    10M / 281M  INFO    General                 (gap_closer.cpp            : 101)   Total edges in tip neighborhood: 0 out of 2, length: 0
  0:00:07.915    10M / 281M  INFO    General                 (gap_closer.cpp            : 437)   No tips in graph, skipping gap closer
  0:00:07.918     1M / 281M  INFO   StageManager             (stage.cpp                 : 185)   STAGE == Simplification Cleanup (id: simplification_cleanup)
  0:00:07.918     1M / 281M  INFO    General                 (simplification.cpp        : 176)   PROCEDURE == Post simplification
  0:00:07.919     1M / 281M  INFO    General                 (graph_simplification.hpp  : 634)   Creating parallel br instance
  0:00:07.920     1M / 281M  INFO    General                 (graph_simplification.hpp  : 634)   Creating parallel br instance
  0:00:07.920     1M / 281M  INFO   Simplification           (parallel_processing.hpp   : 167)   Running Relative coverage component remover
  0:00:07.921     1M / 281M  INFO   Simplification           (parallel_processing.hpp   : 170)   Relative coverage component remover triggered 0 times
  0:00:07.921     1M / 281M  INFO   Simplification           (parallel_processing.hpp   : 167)   Running Disconnecting edges with relatively low coverage
  0:00:07.921     1M / 281M  INFO   Simplification           (parallel_processing.hpp   : 170)   Disconnecting edges with relatively low coverage triggered 0 times
  0:00:07.921     1M / 281M  INFO   Simplification           (parallel_processing.hpp   : 167)   Running Complex tip clipper
  0:00:07.921     1M / 281M  INFO   Simplification           (parallel_processing.hpp   : 170)   Complex tip clipper triggered 0 times
  0:00:07.921     1M / 281M  INFO   Simplification           (parallel_processing.hpp   : 167)   Running Complex bulge remover
  0:00:07.921     1M / 281M  INFO   Simplification           (parallel_processing.hpp   : 170)   Complex bulge remover triggered 0 times
  0:00:07.921     1M / 281M  INFO   Simplification           (parallel_processing.hpp   : 167)   Running Tip clipper
  0:00:07.921     1M / 281M  INFO   Simplification           (parallel_processing.hpp   : 170)   Tip clipper triggered 0 times
  0:00:07.921     1M / 281M  INFO   Simplification           (parallel_processing.hpp   : 167)   Running Final tip clipper
  0:00:07.921     1M / 281M  INFO   Simplification           (parallel_processing.hpp   : 170)   Final tip clipper triggered 0 times
  0:00:07.921     1M / 281M  INFO   Simplification           (parallel_processing.hpp   : 167)   Running Bulge remover
  0:00:07.921     1M / 281M  INFO   Simplification           (parallel_processing.hpp   : 170)   Bulge remover triggered 0 times
  0:00:07.921     1M / 281M  INFO   Simplification           (parallel_processing.hpp   : 167)   Running Final bulge remover
  0:00:07.921     1M / 281M  INFO   Simplification           (parallel_processing.hpp   : 170)   Final bulge remover triggered 0 times
  0:00:07.921     1M / 281M  INFO   Simplification           (parallel_processing.hpp   : 167)   Running Thorn remover (meta)
  0:00:07.921     1M / 281M  INFO   Simplification           (parallel_processing.hpp   : 170)   Thorn remover (meta) triggered 0 times
  0:00:07.921     1M / 281M  INFO   Simplification           (parallel_processing.hpp   : 167)   Running Relative coverage component remover
  0:00:07.921     1M / 281M  INFO   Simplification           (parallel_processing.hpp   : 170)   Relative coverage component remover triggered 0 times
  0:00:07.921     1M / 281M  INFO   Simplification           (parallel_processing.hpp   : 167)   Running Disconnecting edges with relatively low coverage
  0:00:07.921     1M / 281M  INFO   Simplification           (parallel_processing.hpp   : 170)   Disconnecting edges with relatively low coverage triggered 0 times
  0:00:07.921     1M / 281M  INFO   Simplification           (parallel_processing.hpp   : 167)   Running Complex tip clipper
  0:00:07.921     1M / 281M  INFO   Simplification           (parallel_processing.hpp   : 170)   Complex tip clipper triggered 0 times
  0:00:07.921     1M / 281M  INFO   Simplification           (parallel_processing.hpp   : 167)   Running Complex bulge remover
  0:00:07.922     1M / 281M  INFO   Simplification           (parallel_processing.hpp   : 170)   Complex bulge remover triggered 0 times
  0:00:07.922     1M / 281M  INFO   Simplification           (parallel_processing.hpp   : 167)   Running Tip clipper
  0:00:07.922     1M / 281M  INFO   Simplification           (parallel_processing.hpp   : 170)   Tip clipper triggered 0 times
  0:00:07.922     1M / 281M  INFO   Simplification           (parallel_processing.hpp   : 167)   Running Final tip clipper
  0:00:07.922     1M / 281M  INFO   Simplification           (parallel_processing.hpp   : 170)   Final tip clipper triggered 0 times
  0:00:07.922     1M / 281M  INFO   Simplification           (parallel_processing.hpp   : 167)   Running Bulge remover
  0:00:07.922     1M / 281M  INFO   Simplification           (parallel_processing.hpp   : 170)   Bulge remover triggered 0 times
  0:00:07.922     1M / 281M  INFO   Simplification           (parallel_processing.hpp   : 167)   Running Final bulge remover
  0:00:07.922     1M / 281M  INFO   Simplification           (parallel_processing.hpp   : 170)   Final bulge remover triggered 0 times
  0:00:07.922     1M / 281M  INFO   Simplification           (parallel_processing.hpp   : 167)   Running Thorn remover (meta)
  0:00:07.922     1M / 281M  INFO   Simplification           (parallel_processing.hpp   : 170)   Thorn remover (meta) triggered 0 times
  0:00:07.922     1M / 281M  INFO    General                 (simplification.cpp        : 323)   Running Hidden EC remover (meta)
  0:00:07.922     1M / 281M  INFO    General                 (simplification.cpp        : 327)   Disrupting self-conjugate edges
  0:00:07.922     1M / 281M  INFO   Simplification           (parallel_processing.hpp   : 167)   Running Removing isolated edges
  0:00:07.922     1M / 281M  INFO   Simplification           (parallel_processing.hpp   : 170)   Removing isolated edges triggered 0 times
  0:00:07.922     1M / 281M  INFO    General                 (simplification.cpp        : 495)   After simplification:
  0:00:07.922     1M / 281M  INFO    General                 (simplification.cpp        : 496)     Average coverage = 1640.5
  0:00:07.922     1M / 281M  INFO    General                 (simplification.cpp        : 497)     Total length = 4
  0:00:07.922     1M / 281M  INFO    General                 (simplification.cpp        : 498)     Median edge length: 3
  0:00:07.922     1M / 281M  INFO    General                 (simplification.cpp        : 499)     Edges: 2
  0:00:07.922     1M / 281M  INFO    General                 (simplification.cpp        : 500)     Vertices: 2
  0:00:07.922     1M / 281M  INFO   StageManager             (stage.cpp                 : 185)   STAGE == Mismatch Correction (id: mismatch_correction)
  0:00:07.922     1M / 281M  INFO    General                 (graph_pack.cpp            :  67)   Index refill
  0:00:07.922     1M / 281M  INFO    General                 (edge_index.hpp            : 156)   Using small index (max_id = 7)
  0:00:07.922     1M / 281M  INFO   K-mer Index Building     (kmer_index_builder.hpp    : 395)   Building perfect hash indices
  0:00:07.922     1M / 281M  INFO   K-mer Index Building     (kmer_index_builder.hpp    : 431)   Index built. Total 3 kmers, 800 bytes occupied (2133.33 bits per kmer).
  0:00:07.922     1M / 281M  INFO    General                 (edge_index_builders.hpp   : 252)   Collecting edge information from graph, this takes a while.
  0:00:07.922     1M / 281M  INFO    General                 (graph_pack.cpp            :  77)   Normalizing k-mer map. Total 0 kmers to process
  0:00:07.922     1M / 281M  INFO    General                 (graph_pack.cpp            :  79)   Normalizing done
  0:00:07.922     1M / 281M  INFO    General                 (mismatch_correction.cpp   : 400)   Collect potential mismatches
  0:00:07.922     1M / 281M  INFO    General                 (mismatch_correction.cpp   : 192)   Total 0 edges (out of 2) with 0 potential mismatch positions (-nan positions per edge)
  0:00:07.922     1M / 281M  INFO    General                 (mismatch_correction.cpp   : 402)   Potential mismatches collected
  0:00:08.031     1M / 281M  INFO    General                 (sequence_mapper_notifier.h:  95)   Total 386 reads processed
  0:00:08.060     1M / 281M  INFO    General                 (mismatch_correction.cpp   : 395)   All edges processed
  0:00:08.060     1M / 281M  INFO    General                 (mismatch_correction.cpp   : 450)   Corrected 0 nucleotides
  0:00:08.060     1M / 281M  INFO   StageManager             (stage.cpp                 : 185)   STAGE == Contig Output (id: contig_output)
  0:00:08.060     1M / 281M  INFO    General                 (contig_output.hpp         :  16)   Outputting contigs to /workspace/output/task_fb38797a/spades_output/K33/before_rr.fasta
  0:00:08.079     1M / 281M  INFO    General                 (contig_output_stage.cpp   : 151)   Writing GFA graph to /workspace/output/task_fb38797a/spades_output/K33/assembly_graph_after_simplification.gfa
  0:00:08.085     1M / 281M  INFO   StageManager             (stage.cpp                 : 185)   STAGE == Paired Information Counting (id: late_pair_info_count)
  0:00:08.086     1M / 281M  INFO    General                 (graph_pack.cpp            :  77)   Normalizing k-mer map. Total 0 kmers to process
  0:00:08.087     1M / 281M  INFO    General                 (graph_pack.cpp            :  79)   Normalizing done
  0:00:08.088     1M / 281M  INFO    General                 (pair_info_count.cpp       : 339)   Min edge length for estimation: 900
  0:00:08.089     1M / 281M  INFO    General                 (pair_info_count.cpp       : 350)   Estimating insert size for library #0
  0:00:08.089     1M / 281M  INFO    General                 (pair_info_count.cpp       : 202)   Estimating insert size (takes a while)
  0:00:08.192   273M / 281M  INFO    General                 (pair_info_count.cpp       :  48)   Selecting usual mapper
  0:00:08.462   273M / 281M  INFO    General                 (sequence_mapper_notifier.h:  95)   Total 93 reads processed
  0:00:08.516   273M / 281M  INFO    General                 (pair_info_count.cpp       : 220)   Edge pairs: 4
  0:00:08.517   273M / 281M  INFO    General                 (pair_info_count.cpp       : 222)   0 paired reads (0% of all) aligned to long edges
  0:00:08.528     1M / 281M  WARN    General                 (pair_info_count.cpp       : 358)   Unable to estimate insert size for paired library #0
  0:00:08.533     1M / 281M  WARN    General                 (pair_info_count.cpp       : 364)   None of paired reads aligned properly. Please, check orientation of your read pairs.
  0:00:08.542     1M / 281M  INFO    General                 (pair_info_count.cpp       : 346)   Mapping contigs library #1
  0:00:08.544     1M / 281M  WARN    General                 (pair_info_count.cpp       : 187)   Single reads are not used in metagenomic mode
  0:00:08.550     1M / 281M  INFO    General                 (pair_info_count.cpp       :  48)   Selecting usual mapper
  0:00:08.564     1M / 281M  INFO    General                 (sequence_mapper_notifier.h:  95)   Total 2 reads processed
  0:00:08.569     1M / 281M  INFO   StageManager             (stage.cpp                 : 185)   STAGE == Distance Estimation (id: distance_estimation)
  0:00:08.577     1M / 281M  INFO    General                 (distance_estimation.cpp   : 186)   Clearing raw paired index
  0:00:08.585     1M / 281M  INFO   StageManager             (stage.cpp                 : 185)   STAGE == Repeat Resolving (id: repeat_resolving)
  0:00:08.585     1M / 281M  INFO    General                 (repeat_resolving.cpp      :  87)   Using Path-Extend repeat resolving
  0:00:08.585     1M / 281M  INFO    General                 (launcher.cpp              : 600)   ExSPAnder repeat resolving tool started
  0:00:08.596     1M / 281M  INFO    General                 (launcher.cpp              : 418)   Creating main extenders, unique edge length = 2000
  0:00:08.596     1M / 281M  INFO    General                 (launcher.cpp              : 342)   filling path container
  0:00:08.600     1M / 281M  INFO    General                 (extenders_logic.cpp       :  47)   resolvable_repeat_length_bound set to 10000
  0:00:08.602     1M / 281M  INFO    General                 (extenders_logic.cpp       : 543)   Using 0 paired-end libraries
  0:00:08.602     1M / 281M  INFO    General                 (extenders_logic.cpp       : 544)   Using 0 paired-end scaffolding libraries
  0:00:08.602     1M / 281M  INFO    General                 (extenders_logic.cpp       : 545)   Using 1 single read library
  0:00:08.602     1M / 281M  INFO    General                 (launcher.cpp              : 430)   Will not use new long read scaffolding algorithm in this mode
  0:00:08.603     1M / 281M  INFO    General                 (launcher.cpp              : 447)   Total number of extenders is 1
  0:00:08.603     1M / 281M  INFO    General                 (launcher.cpp              : 250)   Finalizing paths
  0:00:08.603     1M / 281M  INFO    General                 (launcher.cpp              : 252)   Deduplicating paths
  0:00:08.603     1M / 281M  INFO    General                 (launcher.cpp              : 256)   Paths deduplicated
  0:00:08.603     1M / 281M  INFO    General                 (launcher.cpp              : 263)   Overlaps will not be removed
  0:00:08.603     1M / 281M  INFO    General                 (launcher.cpp              : 273)   Paths finalized
  0:00:08.603     1M / 281M  INFO    General                 (launcher.cpp              : 454)   Closing gaps in paths
  0:00:08.603     1M / 281M  INFO    General                 (launcher.cpp              : 484)   Gap closing completed
  0:00:08.603     1M / 281M  INFO    General                 (launcher.cpp              : 302)   Traversing tandem repeats
  0:00:08.603     1M / 281M  INFO    General                 (launcher.cpp              : 312)   Traversed 0 loops
  0:00:08.603     1M / 281M  INFO    General                 (launcher.cpp              : 250)   Finalizing paths
  0:00:08.603     1M / 281M  INFO    General                 (launcher.cpp              : 252)   Deduplicating paths
  0:00:08.603     1M / 281M  INFO    General                 (launcher.cpp              : 256)   Paths deduplicated
  0:00:08.608     1M / 281M  INFO    General                 (launcher.cpp              : 263)   Overlaps will not be removed
  0:00:08.612     1M / 281M  INFO    General                 (launcher.cpp              : 273)   Paths finalized
  0:00:08.613     1M / 281M  INFO    General                 (launcher.cpp              : 664)   ExSPAnder repeat resolving tool finished
  0:00:08.615     1M / 281M  INFO   StageManager             (stage.cpp                 : 185)   STAGE == Contig Output (id: contig_output)
  0:00:08.615     1M / 281M  INFO    General                 (contig_output.hpp         :  16)   Outputting contigs to /workspace/output/task_fb38797a/spades_output/K33/before_rr.fasta
  0:00:08.622     1M / 281M  INFO    General                 (contig_output_stage.cpp   : 151)   Writing GFA graph to /workspace/output/task_fb38797a/spades_output/K33/assembly_graph_with_scaffolds.gfa
  0:00:08.622     1M / 281M  INFO    General                 (contig_output_stage.cpp   : 165)   Outputting FastG graph to /workspace/output/task_fb38797a/spades_output/K33/assembly_graph.fastg
  0:00:08.625     1M / 281M  INFO    General                 (contig_output_stage.cpp   : 196)   Breaking scaffolds
  0:00:08.625     1M / 281M  INFO    General                 (contig_output_stage.cpp   :  98)   Outputting contigs to /workspace/output/task_fb38797a/spades_output/K33/final_contigs.fasta
  0:00:08.635     1M / 281M  INFO    General                 (contig_output_stage.cpp   : 104)   Outputting FastG paths to /workspace/output/task_fb38797a/spades_output/K33/final_contigs.paths
  0:00:08.644     1M / 281M  INFO    General                 (contig_output_stage.cpp   :  98)   Outputting contigs to /workspace/output/task_fb38797a/spades_output/K33/scaffolds.fasta
  0:00:08.649     1M / 281M  INFO    General                 (contig_output_stage.cpp   : 104)   Outputting FastG paths to /workspace/output/task_fb38797a/spades_output/K33/scaffolds.paths
  0:00:08.652     1M / 281M  INFO    General                 (contig_output_stage.cpp   : 111)   Populating GFA with scaffold paths
  0:00:08.663     1M / 281M  INFO    General                 (pipeline.cpp              : 287)   SPAdes finished
  0:00:08.663     1M / 281M  INFO    General                 (main.cpp                  : 136)   Assembling time: 0 hours 0 minutes 8 seconds

===== K33 finished. 


===== Copy files started. 


== Running: /usr/bin/python /SPAdes-3.15.5-Linux/share/spades/spades_pipeline/scripts/copy_files.py /workspace/output/task_fb38797a/spades_output/K33/before_rr.fasta /workspace/output/task_fb38797a/spades_output/before_rr.fasta /workspace/output/task_fb38797a/spades_output/K33/assembly_graph_after_simplification.gfa /workspace/output/task_fb38797a/spades_output/assembly_graph_after_simplification.gfa /workspace/output/task_fb38797a/spades_output/K33/final_contigs.fasta /workspace/output/task_fb38797a/spades_output/contigs.fasta /workspace/output/task_fb38797a/spades_output/K33/first_pe_contigs.fasta /workspace/output/task_fb38797a/spades_output/first_pe_contigs.fasta /workspace/output/task_fb38797a/spades_output/K33/strain_graph.gfa /workspace/output/task_fb38797a/spades_output/strain_graph.gfa /workspace/output/task_fb38797a/spades_output/K33/scaffolds.fasta /workspace/output/task_fb38797a/spades_output/scaffolds.fasta /workspace/output/task_fb38797a/spades_output/K33/scaffolds.paths /workspace/output/task_fb38797a/spades_output/scaffolds.paths /workspace/output/task_fb38797a/spades_output/K33/assembly_graph_with_scaffolds.gfa /workspace/output/task_fb38797a/spades_output/assembly_graph_with_scaffolds.gfa /workspace/output/task_fb38797a/spades_output/K33/assembly_graph.fastg /workspace/output/task_fb38797a/spades_output/assembly_graph.fastg /workspace/output/task_fb38797a/spades_output/K33/final_contigs.paths /workspace/output/task_fb38797a/spades_output/contigs.paths


===== Copy files finished. 


===== Assembling finished. 


===== Breaking scaffolds started. 


== Running: /usr/bin/python /SPAdes-3.15.5-Linux/share/spades/spades_pipeline/scripts/breaking_scaffolds_script.py --result_scaffolds_filename /workspace/output/task_fb38797a/spades_output/scaffolds.fasta --misc_dir /workspace/output/task_fb38797a/spades_output/misc --threshold_for_breaking_scaffolds 3


===== Breaking scaffolds finished. 


===== Terminate started. 


===== Terminate finished. 

 * Corrected reads are in /workspace/output/task_fb38797a/spades_output/corrected/
 * Assembled contigs are in /workspace/output/task_fb38797a/spades_output/contigs.fasta
 * Assembled scaffolds are in /workspace/output/task_fb38797a/spades_output/scaffolds.fasta
 * Paths in the assembly graph corresponding to the contigs are in /workspace/output/task_fb38797a/spades_output/contigs.paths
 * Paths in the assembly graph corresponding to the scaffolds are in /workspace/output/task_fb38797a/spades_output/scaffolds.paths
 * Assembly graph is in /workspace/output/task_fb38797a/spades_output/assembly_graph.fastg
 * Assembly graph in GFA format is in /workspace/output/task_fb38797a/spades_output/assembly_graph_with_scaffolds.gfa

======= SPAdes pipeline finished WITH WARNINGS!

=== Error correction and assembling warnings:
 * 0:00:07.865     1M / 281M  WARN    General                 (pair_info_count.cpp       : 358)   Unable to estimate insert size for paired library #0
 * 0:00:07.875     1M / 281M  WARN    General                 (pair_info_count.cpp       : 364)   None of paired reads aligned properly. Please, check orientation of your read pairs.
 * 0:00:07.887     1M / 281M  WARN    General                 (repeat_resolving.cpp      :  81)   Insert size was not estimated for any of the paired libraries, repeat resolution module will not run.
 * 0:00:08.544     1M / 281M  WARN    General                 (pair_info_count.cpp       : 187)   Single reads are not used in metagenomic mode
======= Warnings saved to /workspace/output/task_fb38797a/spades_output/warnings.log

SPAdes log can be found here: /workspace/output/task_fb38797a/spades_output/spades.log

Thank you for using SPAdes!
