Command line: /SPAdes-3.15.5-Linux/bin/spades.py	--phred-offset	33	-k	21,33,55,77	-1	/workspace/tmpplqrvd_7/marked_duplicates_R1.fastq	-2	/workspace/tmpplqrvd_7/marked_duplicates_R2.fastq	-o	/workspace/spades_output	

System information:
  SPAdes version: 3.15.5
  Python version: 3.8.10
  OS: Linux-6.6.87.2-microsoft-standard-WSL2-x86_64-with-glibc2.29

Output dir: /workspace/spades_output
Mode: read error correction and assembling
Debug mode is turned OFF

Dataset parameters:
  Standard mode
  For multi-cell/isolate data we recommend to use '--isolate' option; for single-cell MDA data use '--sc'; for metagenomic data use '--meta'; for RNA-Seq use '--rna'.
  Reads:
    Library number: 1, library type: paired-end
      orientation: fr
      left reads: ['/workspace/tmpplqrvd_7/marked_duplicates_R1.fastq']
      right reads: ['/workspace/tmpplqrvd_7/marked_duplicates_R2.fastq']
      interlaced reads: not specified
      single reads: not specified
      merged reads: not specified
Read error correction parameters:
  Iterations: 1
  PHRED offset: 33
  Corrected reads will be compressed
Assembly parameters:
  k: [21, 33, 55, 77]
  Repeat resolution is enabled
  Mismatch careful mode is turned OFF
  MismatchCorrector will be SKIPPED
  Coverage cutoff is turned OFF
Other parameters:
  Dir for temp files: /workspace/spades_output/tmp
  Threads: 16
  Memory limit (in Gb): 7


======= SPAdes pipeline started. Log can be found here: /workspace/spades_output/spades.log

/workspace/tmpplqrvd_7/marked_duplicates_R1.fastq: max reads length: 8
/workspace/tmpplqrvd_7/marked_duplicates_R2.fastq: max reads length: 8

Reads length: 8

K-mer sizes were set to [] because estimated read length (8) is less than 77

===== Before start started. 


===== Read error correction started. 


===== Read error correction started. 


== Running: /SPAdes-3.15.5-Linux/bin/spades-hammer /workspace/spades_output/corrected/configs/config.info

  0:00:00.000     1M / 10M   INFO    General                 (main.cpp                  :  75)   Starting BayesHammer, built from refs/heads/spades_3.15.5, git revision e757b8216f9a038fb616e9551a2d4891b2d19ad7
  0:00:00.010     1M / 10M   INFO    General                 (main.cpp                  :  76)   Loading config from /workspace/spades_output/corrected/configs/config.info
  0:00:00.026     1M / 10M   INFO    General                 (main.cpp                  :  78)   Maximum # of threads to use (adjusted due to OMP capabilities): 16
  0:00:00.028     1M / 10M   INFO    General                 (memory_limit.cpp          :  54)   Memory limit set to 7 Gb
  0:00:00.029     1M / 10M   INFO    General                 (hammer_tools.cpp          :  38)   Hamming graph threshold tau=1, k=21, subkmer positions = [ 0 10 ]
  0:00:00.029     1M / 10M   INFO    General                 (main.cpp                  : 113)   Size of aux. kmer data 24 bytes
     === ITERATION 0 begins ===
  0:00:00.046     1M / 10M   INFO    General                 (kmer_index_builder.hpp    : 243)   Splitting kmer instances into 16 files using 16 threads. This might take a while.
  0:00:00.061     1M / 10M   INFO    General                 (file_limit.hpp            :  42)   Open file limit set to 1048576
  0:00:00.067     1M / 10M   INFO    General                 (kmer_splitter.hpp         :  93)   Memory available for splitting buffers: 0.145831 Gb
  0:00:00.072     1M / 10M   INFO    General                 (kmer_splitter.hpp         : 101)   Using cell size of 1223322
  0:00:00.076  2817M / 2817M INFO   K-mer Splitting          (kmer_data.cpp             :  97)   Processing /workspace/tmpplqrvd_7/marked_duplicates_R1.fastq
  0:00:00.186  2817M / 2817M INFO   K-mer Splitting          (kmer_data.cpp             :  97)   Processing /workspace/tmpplqrvd_7/marked_duplicates_R2.fastq
  0:00:00.266  2817M / 2817M INFO   K-mer Splitting          (kmer_data.cpp             : 112)   Total 2 reads processed
  0:00:00.267     1M / 10M   INFO    General                 (kmer_index_builder.hpp    : 249)   Starting k-mer counting.
  0:00:00.354     1M / 10M   INFO    General                 (kmer_index_builder.hpp    : 260)   K-mer counting done. There are 0 kmers in total.
  0:00:00.355     1M / 10M   ERROR   General                 (kmer_index_builder.hpp    : 262)   No kmers were extracted from reads. Check the read lengths and k-mer length settings


== Error ==  system call for: "['/SPAdes-3.15.5-Linux/bin/spades-hammer', '/workspace/spades_output/corrected/configs/config.info']" finished abnormally, OS return value: 2
None

In case you have troubles running SPAdes, you can write to spades.support@cab.spbu.ru
or report an issue on our GitHub repository github.com/ablab/spades
Please provide us with params.txt and spades.log files from the output directory.

SPAdes log can be found here: /workspace/spades_output/spades.log

Thank you for using SPAdes!
