[bwa_index] Pack FASTA... 0.00 sec
[bwa_index] Construct BWT for the packed sequence...
[bwa_index] 0.00 seconds elapse.
[bwa_index] Update BWT... 0.00 sec
[bwa_index] Pack forward-only FASTA... 0.00 sec
[bwa_index] Construct SA from BWT and Occ... 0.00 sec
[main] Version: 0.7.15-r1140
[main] CMD: /quast-5.3.0/quast_libs/bwa/bwa index -p /workspace/output/task_16d1f5c4/assembly_report/quast_corrected_input/scaffolds.fasta /workspace/output/task_16d1f5c4/assembly_report/quast_corrected_input/scaffolds.fasta
[main] Real time: 0.068 sec; CPU: 0.004 sec
[M::bwa_idx_load_from_disk] read 0 ALT contigs
[M::process] read 200 sequences (10000 bp)...
[M::mem_pestat] # candidate unique pairs for (FF, FR, RF, RR): (0, 0, 0, 0)
[M::mem_pestat] skip orientation FF as there are not enough pairs
[M::mem_pestat] skip orientation FR as there are not enough pairs
[M::mem_pestat] skip orientation RF as there are not enough pairs
[M::mem_pestat] skip orientation RR as there are not enough pairs
[M::mem_process_seqs] Processed 200 reads in 0.053 CPU sec, 0.030 real sec
[main] Version: 0.7.15-r1140
[main] CMD: /quast-5.3.0/quast_libs/bwa/bwa mem -t 2 /workspace/output/task_16d1f5c4/assembly_report/quast_corrected_input/scaffolds.fasta /workspace/output/task_16d1f5c4/data/SRR1234567_R1.fastq.gz /workspace/output/task_16d1f5c4/data/SRR1234567_R2.fastq.gz
[main] Real time: 0.062 sec; CPU: 0.056 sec
finding positions of the duplicate reads in the file...
[bwa_index] Pack FASTA...   sorted 100 end pairs
     and 0 single ends (among them 0 unmatched pairs)
  collecting indices of duplicate reads...   done in 13 ms
  found 174 duplicates
0.03 sec
collected list of positions in 0[bwa_index] Construct BWT for the packed sequence...
 min 0 sec
removing duplicates...
total time elapsed: 0 min 0 sec
[bwa_index] 1.08 seconds elapse.
[bwa_index] Update BWT... 0.02 sec
[bwa_index] Pack forward-only FASTA... 0.01 sec
[bwa_index] Construct SA from BWT and Occ... 0.34 sec
[main] Version: 0.7.15-r1140
[main] CMD: /quast-5.3.0/quast_libs/bwa/bwa index -p /workspace/output/task_16d1f5c4/assembly_report/quast_corrected_input/Reference.fasta /workspace/output/task_16d1f5c4/assembly_report/quast_corrected_input/Reference.fasta
[main] Real time: 1.892 sec; CPU: 1.489 sec
[M::bwa_idx_load_from_disk] read 0 ALT contigs
[M::process] read 200 sequences (10000 bp)...
[M::mem_pestat] # candidate unique pairs for (FF, FR, RF, RR): (0, 0, 0, 0)
[M::mem_pestat] skip orientation FF as there are not enough pairs
[M::mem_pestat] skip orientation FR as there are not enough pairs
[M::mem_pestat] skip orientation RF as there are not enough pairs
[M::mem_pestat] skip orientation RR as there are not enough pairs
[M::mem_process_seqs] Processed 200 reads in 0.001 CPU sec, 0.002 real sec
[main] Version: 0.7.15-r1140
[main] CMD: /quast-5.3.0/quast_libs/bwa/bwa mem -t 2 /workspace/output/task_16d1f5c4/assembly_report/quast_corrected_input/Reference.fasta /workspace/output/task_16d1f5c4/data/SRR1234567_R1.fastq.gz /workspace/output/task_16d1f5c4/data/SRR1234567_R2.fastq.gz
[main] Real time: 0.074 sec; CPU: 0.008 sec
finding positions of the duplicate reads in the file...
  sorted 0 end pairs
     and 0 single ends (among them 0 unmatched pairs)
  collecting indices of duplicate reads...   done in 2 ms
  found 0 duplicates
collected list of positions in 0 min 0 sec
removing duplicates...
total time elapsed: 0 min 0 sec

*****
*****WARNING: Genome (-g) files are ignored when BAM input is provided. 
*****
[Sun Mar 22 06:54:42 EDT 2026] gridss.CallVariants OUTPUT=/workspace/output/task_16d1f5c4/assembly_report/reads_stats/temp_output/Reference_gridss/Reference.vcf ASSEMBLY=/workspace/output/task_16d1f5c4/assembly_report/reads_stats/temp_output/Reference_gridss/Reference.gridss.bam INPUT=[/workspace/output/task_16d1f5c4/assembly_report/reads_stats/temp_output/Reference.mapped.sorted.bam] WORKER_THREADS=4 WORKING_DIR=/workspace/output/task_16d1f5c4/assembly_report/reads_stats/temp_output/Reference_gridss REFERENCE_SEQUENCE=/workspace/output/task_16d1f5c4/assembly_report/quast_corrected_input/Reference.fasta    READ_PAIR_CONCORDANT_PERCENT=0.995 IGNORE_DUPLICATES=true VERBOSITY=INFO QUIET=false VALIDATION_STRINGENCY=STRICT COMPRESSION_LEVEL=5 MAX_RECORDS_IN_RAM=500000 CREATE_INDEX=true CREATE_MD5_FILE=false GA4GH_CLIENT_SECRETS=client_secrets.json
[Sun Mar 22 06:54:42 EDT 2026] Executing as root@6934a98d27f9 on Linux 6.6.87.2-microsoft-standard-WSL2 amd64; OpenJDK 64-Bit Server VM 1.8.0_432-8u432-ga~us1-0ubuntu2~22.04-ga; Picard version: 1.4.1
SLF4J: Failed to load class "org.slf4j.impl.StaticLoggerBinder".
SLF4J: Defaulting to no-operation (NOP) logger implementation
SLF4J: See http://www.slf4j.org/codes.html#StaticLoggerBinder for further details.
INFO	2026-03-22 06:54:42	GridssConfiguration	maxCoverage=10000
INFO	2026-03-22 06:54:42	GridssConfiguration	minMapq=10
INFO	2026-03-22 06:54:42	GridssConfiguration	fallbackMapq=20
INFO	2026-03-22 06:54:42	GridssConfiguration	multimapping=false
INFO	2026-03-22 06:54:42	GridssConfiguration	minAnchorShannonEntropy=0.5
INFO	2026-03-22 06:54:42	GridssConfiguration	dovetailMargin=4
INFO	2026-03-22 06:54:42	GridssConfiguration	softclip.minAverageQual=5.0
INFO	2026-03-22 06:54:42	GridssConfiguration	softclip.minLength=4
INFO	2026-03-22 06:54:42	GridssConfiguration	softclip.minAnchorIdentity=0.95
INFO	2026-03-22 06:54:42	GridssConfiguration	multimappingUniqueAssemblyAllocation=true
INFO	2026-03-22 06:54:42	GridssConfiguration	multimappingUniqueVariantAllocation=true
INFO	2026-03-22 06:54:42	GridssConfiguration	useReadGroupSampleNameCategoryLabel=true
INFO	2026-03-22 06:54:42	GridssConfiguration	chunkSize=10000000
INFO	2026-03-22 06:54:42	GridssConfiguration	chunkSequenceChangePenalty=250000
INFO	2026-03-22 06:54:42	GridssConfiguration	hashEvidenceID=true
INFO	2026-03-22 06:54:42	GridssConfiguration	adapter=AGATCGGAAGAG
INFO	2026-03-22 06:54:42	GridssConfiguration	adapter=ATGGAATTCTCG
INFO	2026-03-22 06:54:42	GridssConfiguration	adapter=CTGTCTCTTATA
INFO	2026-03-22 06:54:42	GridssConfiguration	scoring.model=FastEmpiricalReferenceLikelihood
INFO	2026-03-22 06:54:42	GridssConfiguration	assembly.k=25
INFO	2026-03-22 06:54:42	GridssConfiguration	assembly.minReads=3
INFO	2026-03-22 06:54:42	GridssConfiguration	assembly.includePairAnchors=true
INFO	2026-03-22 06:54:42	GridssConfiguration	assembly.pairAnchorMismatchIgnoreEndBases=5
INFO	2026-03-22 06:54:42	GridssConfiguration	assembly.excludeNonSupportingEvidence=false
INFO	2026-03-22 06:54:42	GridssConfiguration	assembly.writeFiltered=true
INFO	2026-03-22 06:54:42	GridssConfiguration	assembly.anchorLength=100
INFO	2026-03-22 06:54:42	GridssConfiguration	assembly.removeMisassembledPartialContigsDuringAssembly=true
INFO	2026-03-22 06:54:42	GridssConfiguration	assembly.maxExpectedBreakendLengthMultiple=1.5
INFO	2026-03-22 06:54:42	GridssConfiguration	assembly.errorCorrection.collapseBubblesOnly=true
INFO	2026-03-22 06:54:42	GridssConfiguration	assembly.errorCorrection.maxBaseMismatchForCollapse=2
INFO	2026-03-22 06:54:42	GridssConfiguration	assembly.errorCorrection.maxPathCollapseLengthMultiple=2.0
INFO	2026-03-22 06:54:42	GridssConfiguration	assembly.downsample.acceptDensityPortion=0.5
INFO	2026-03-22 06:54:42	GridssConfiguration	assembly.downsample.targetEvidenceDensity=5.0
INFO	2026-03-22 06:54:42	GridssConfiguration	assembly.downsample.minimumDensityWindowSize=1000
INFO	2026-03-22 06:54:42	GridssConfiguration	assembly.positional.maxPathLengthMultiple=1.1
INFO	2026-03-22 06:54:42	GridssConfiguration	assembly.positional.retainWidthMultiple=5.0
INFO	2026-03-22 06:54:42	GridssConfiguration	assembly.positional.flushWidthMultiple=10.0
INFO	2026-03-22 06:54:42	GridssConfiguration	assembly.positional.maximumNodeDensity=5.0
INFO	2026-03-22 06:54:42	GridssConfiguration	assembly.positional.trimSelfIntersectingReads=true
INFO	2026-03-22 06:54:42	GridssConfiguration	assembly.positional.forceFullMemoizationRecalculationAt=0.8
INFO	2026-03-22 06:54:42	GridssConfiguration	variantcalling.minReads=2
INFO	2026-03-22 06:54:42	GridssConfiguration	variantcalling.minScore=50.0
INFO	2026-03-22 06:54:42	GridssConfiguration	variantcalling.minSize=32
INFO	2026-03-22 06:54:42	GridssConfiguration	variantcalling.lowQuality=500.0
INFO	2026-03-22 06:54:42	GridssConfiguration	variantcalling.callOnlyAssemblies=false
INFO	2026-03-22 06:54:42	GridssConfiguration	variantcalling.breakendMargin=10
INFO	2026-03-22 06:54:42	GridssConfiguration	variantcalling.writeFiltered=false
INFO	2026-03-22 06:54:42	GridssConfiguration	variantcalling.simplecalls=false
INFO	2026-03-22 06:54:42	GridssConfiguration	variantcalling.maxBreakendHomologyLength=300
INFO	2026-03-22 06:54:42	GridssConfiguration	variantcalling.breakendHomologyAlignmentMargin=10
INFO	2026-03-22 06:54:42	GridssConfiguration	terminateOnFirstError=true
INFO	2026-03-22 06:54:42	GridssConfiguration	visualisation.directory=visualisation
INFO	2026-03-22 06:54:42	GridssConfiguration	visualisation.buffers=false
INFO	2026-03-22 06:54:42	GridssConfiguration	visualisation.bufferTrackingItervalInSeconds=60
INFO	2026-03-22 06:54:42	GridssConfiguration	visualisation.timeouts=false
INFO	2026-03-22 06:54:42	GridssConfiguration	visualisation.evidenceAllocation=false
INFO	2026-03-22 06:54:42	GridssConfiguration	visualisation.assemblyProgress=false
INFO	2026-03-22 06:54:42	GridssConfiguration	visualisation.assemblyGraph=false
INFO	2026-03-22 06:54:42	GridssConfiguration	visualisation.assemblyGraphFullSize=false
INFO	2026-03-22 06:54:42	GridssConfiguration	visualisation.assemblyContigMemoization=false
INFO	2026-03-22 06:54:42	GridssConfiguration	visualisation.assemblyTelemetry=false
INFO	2026-03-22 06:54:42	GenomicProcessingContext	Attempting to create sequence dictionary for /workspace/output/task_16d1f5c4/assembly_report/quast_corrected_input/Reference.fasta
[Sun Mar 22 06:54:42 EDT 2026] picard.sam.CreateSequenceDictionary    REFERENCE=/workspace/output/task_16d1f5c4/assembly_report/quast_corrected_input/Reference.fasta OUTPUT=/workspace/output/task_16d1f5c4/assembly_report/quast_corrected_input/Reference.fasta.dict TRUNCATE_NAMES_AT_WHITESPACE=true NUM_SEQUENCES=2147483647 VERBOSITY=INFO QUIET=false VALIDATION_STRINGENCY=STRICT COMPRESSION_LEVEL=5 MAX_RECORDS_IN_RAM=500000 CREATE_INDEX=true CREATE_MD5_FILE=false GA4GH_CLIENT_SECRETS=client_secrets.json
[Sun Mar 22 06:54:42 EDT 2026] Executing as root@6934a98d27f9 on Linux 6.6.87.2-microsoft-standard-WSL2 amd64; OpenJDK 64-Bit Server VM 1.8.0_432-8u432-ga~us1-0ubuntu2~22.04-ga; Picard version: 1.4.1
[Sun Mar 22 06:54:42 EDT 2026] picard.sam.CreateSequenceDictionary done. Elapsed time: 0.00 minutes.
Runtime.totalMemory()=122683392
INFO	2026-03-22 06:54:42	MultipleSamFileCommandLineProgram	Loading aligner
INFO	2026-03-22 06:54:42	AlignerFactory	sswjni library loading successful.
INFO	2026-03-22 06:54:42	MultipleSamFileCommandLineProgram	Using 4 worker threads
INFO	2026-03-22 06:54:42	CallVariants	Extracting evidence.
INFO	2026-03-22 06:54:42	SAMEvidenceSource	Calculating metrics for /workspace/output/task_16d1f5c4/assembly_report/reads_stats/temp_output/Reference.mapped.sorted.bam
[Sun Mar 22 06:54:42 EDT 2026] gridss.analysis.CollectGridssMetrics GRIDSS_PROGRAM=[CollectCigarMetrics, CollectMapqMetrics, CollectTagMetrics, CollectIdsvMetrics, ReportThresholdCoverage] THRESHOLD_COVERAGE=10000 INPUT=/workspace/output/task_16d1f5c4/assembly_report/reads_stats/temp_output/Reference.mapped.sorted.bam OUTPUT=/workspace/output/task_16d1f5c4/assembly_report/reads_stats/temp_output/Reference_gridss/Reference.mapped.sorted.bam.gridss.working/Reference.mapped.sorted.bam FILE_EXTENSION=null PROGRAM=[CollectAlignmentSummaryMetrics, QualityScoreDistribution, CollectInsertSizeMetrics] TMP_DIR=[/tmp/root] VERBOSITY=INFO QUIET=false VALIDATION_STRINGENCY=STRICT COMPRESSION_LEVEL=5 MAX_RECORDS_IN_RAM=500000 CREATE_INDEX=true CREATE_MD5_FILE=false REFERENCE_SEQUENCE=/workspace/output/task_16d1f5c4/assembly_report/quast_corrected_input/Reference.fasta GA4GH_CLIENT_SECRETS=client_secrets.json    ASSUME_SORTED=true STOP_AFTER=0 METRIC_ACCUMULATION_LEVEL=[ALL_READS] INCLUDE_UNPAIRED=false
[Sun Mar 22 06:54:42 EDT 2026] Executing as root@6934a98d27f9 on Linux 6.6.87.2-microsoft-standard-WSL2 amd64; OpenJDK 64-Bit Server VM 1.8.0_432-8u432-ga~us1-0ubuntu2~22.04-ga; Picard version: 1.4.1
WARNING	2026-03-22 06:54:42	QualityScoreDistribution	No valid bases found in input file. No plot will be produced.
WARNING	2026-03-22 06:54:42	CollectInsertSizeMetrics	All data categories were discarded because they contained < 0.05 of the total aligned paired data.
WARNING	2026-03-22 06:54:42	CollectInsertSizeMetrics	Total mapped pairs in all categories: 0.0
[Sun Mar 22 06:54:42 EDT 2026] gridss.analysis.CollectGridssMetrics done. Elapsed time: 0.00 minutes.
Runtime.totalMemory()=122683392
INFO	2026-03-22 06:54:42	IdsvSamFileMetrics	No pair-end insert size metrics found in /workspace/output/task_16d1f5c4/assembly_report/reads_stats/temp_output/Reference_gridss/Reference.mapped.sorted.bam.gridss.working/Reference.mapped.sorted.bam.insert_size_metrics. Assuming this library contains single-end reads
INFO	2026-03-22 06:54:42	SAMEvidenceSource	Extracting SV reads from /workspace/output/task_16d1f5c4/assembly_report/reads_stats/temp_output/Reference.mapped.sorted.bam
[Sun Mar 22 06:54:42 EDT 2026] gridss.ExtractSVReads METRICS_OUTPUT=/workspace/output/task_16d1f5c4/assembly_report/reads_stats/temp_output/Reference_gridss/Reference.mapped.sorted.bam.gridss.working/Reference.mapped.sorted.bam.sv_metrics MIN_CLIP_LENGTH=4 READ_PAIR_CONCORDANCE_METHOD=PERCENTAGE FIXED_READ_PAIR_CONCORDANCE_MIN_FRAGMENT_SIZE=0 FIXED_READ_PAIR_CONCORDANCE_MAX_FRAGMENT_SIZE=0 READ_PAIR_CONCORDANT_PERCENT=0.995 INSERT_SIZE_METRICS=/workspace/output/task_16d1f5c4/assembly_report/reads_stats/temp_output/Reference_gridss/Reference.mapped.sorted.bam.gridss.working/Reference.mapped.sorted.bam.insert_size_metrics UNMAPPED_READS=false INPUT=/workspace/output/task_16d1f5c4/assembly_report/reads_stats/temp_output/Reference.mapped.sorted.bam OUTPUT=/workspace/output/task_16d1f5c4/assembly_report/reads_stats/temp_output/Reference_gridss/Reference.mapped.sorted.bam.gridss.working/gridss.tmp.extracted.Reference.mapped.sorted.bam.sv.bam TMP_DIR=[/tmp/root] VERBOSITY=INFO QUIET=false VALIDATION_STRINGENCY=STRICT COMPRESSION_LEVEL=5 MAX_RECORDS_IN_RAM=500000 CREATE_INDEX=true CREATE_MD5_FILE=false REFERENCE_SEQUENCE=/workspace/output/task_16d1f5c4/assembly_report/quast_corrected_input/Reference.fasta GA4GH_CLIENT_SECRETS=client_secrets.json    MIN_INDEL_SIZE=1 CLIPPED=true INDELS=true SPLIT=true SINGLE_MAPPED_PAIRED=true DISCORDANT_READ_PAIRS=true ASSUME_SORTED=true STOP_AFTER=0 IGNORE_DUPLICATES=true
[Sun Mar 22 06:54:42 EDT 2026] Executing as root@6934a98d27f9 on Linux 6.6.87.2-microsoft-standard-WSL2 amd64; OpenJDK 64-Bit Server VM 1.8.0_432-8u432-ga~us1-0ubuntu2~22.04-ga; Picard version: 1.4.1
WARNING	2026-03-22 06:54:43	ByReadNameSinglePassSamProgram	File reports sort order 'coordinate', assuming it's queryname sorted anyway.
WARNING	2026-03-22 06:54:43	ProcessStructuralVariantReadsCommandLineProgram	Missing /workspace/output/task_16d1f5c4/assembly_report/reads_stats/temp_output/Reference_gridss/Reference.mapped.sorted.bam.gridss.working/Reference.mapped.sorted.bam.insert_size_metrics
INFO	2026-03-22 06:54:43	ExtractSVReads	Not considering multiple read alignments as the input file is not queryname sorted.
WARNING	2026-03-22 06:54:43	ProcessStructuralVariantReadsCommandLineProgram	Missing /workspace/output/task_16d1f5c4/assembly_report/reads_stats/temp_output/Reference_gridss/Reference.mapped.sorted.bam.gridss.working/Reference.mapped.sorted.bam.insert_size_metrics
INFO	2026-03-22 06:54:43	ExtractSVReads	Extracted 0 reads from /workspace/output/task_16d1f5c4/assembly_report/reads_stats/temp_output/Reference.mapped.sorted.bam
[Sun Mar 22 06:54:43 EDT 2026] gridss.ExtractSVReads done. Elapsed time: 0.00 minutes.
Runtime.totalMemory()=122683392
INFO	2026-03-22 06:54:43	SAMFileUtil	Sorting /workspace/output/task_16d1f5c4/assembly_report/reads_stats/temp_output/Reference_gridss/Reference.mapped.sorted.bam.gridss.working/gridss.tmp.extracted.Reference.mapped.sorted.bam.sv.bam
INFO	2026-03-22 06:54:43	SAMEvidenceSource	Computing SAM tags for /workspace/output/task_16d1f5c4/assembly_report/reads_stats/temp_output/Reference_gridss/Reference.mapped.sorted.bam.gridss.working/Reference.mapped.sorted.bam.sv.bam
[Sun Mar 22 06:54:43 EDT 2026] gridss.ComputeSamTags INPUT=/workspace/output/task_16d1f5c4/assembly_report/reads_stats/temp_output/Reference_gridss/Reference.mapped.sorted.bam.gridss.working/gridss.tmp.querysorted.Reference.mapped.sorted.bam.sv.bam OUTPUT=/workspace/output/task_16d1f5c4/assembly_report/reads_stats/temp_output/Reference_gridss/Reference.mapped.sorted.bam.gridss.working/gridss.tmp.tagged.Reference.mapped.sorted.bam.sv.bam TMP_DIR=[/tmp/root] VERBOSITY=INFO QUIET=false VALIDATION_STRINGENCY=STRICT COMPRESSION_LEVEL=5 MAX_RECORDS_IN_RAM=500000 CREATE_INDEX=true CREATE_MD5_FILE=false REFERENCE_SEQUENCE=/workspace/output/task_16d1f5c4/assembly_report/quast_corrected_input/Reference.fasta GA4GH_CLIENT_SECRETS=client_secrets.json    ASSUME_SORTED=false SOFTEN_HARD_CLIPS=true FIX_MATE_INFORMATION=true RECALCULATE_SA_SUPPLEMENTARY=true TAGS=[R2, mm, Q2, MQ, MC, SA, NM] IGNORE_DUPLICATES=true
[Sun Mar 22 06:54:43 EDT 2026] Executing as root@6934a98d27f9 on Linux 6.6.87.2-microsoft-standard-WSL2 amd64; OpenJDK 64-Bit Server VM 1.8.0_432-8u432-ga~us1-0ubuntu2~22.04-ga; Picard version: 1.4.1
[Sun Mar 22 06:54:43 EDT 2026] gridss.ComputeSamTags done. Elapsed time: 0.00 minutes.
Runtime.totalMemory()=122683392
INFO	2026-03-22 06:54:43	SAMEvidenceSource	Identifying split reads for /workspace/output/task_16d1f5c4/assembly_report/reads_stats/temp_output/Reference.mapped.sorted.bam
[Sun Mar 22 06:54:43 EDT 2026] gridss.SoftClipsToSplitReads INPUT=/workspace/output/task_16d1f5c4/assembly_report/reads_stats/temp_output/Reference_gridss/Reference.mapped.sorted.bam.gridss.working/gridss.tmp.tagged.Reference.mapped.sorted.bam.sv.bam OUTPUT=/workspace/output/task_16d1f5c4/assembly_report/reads_stats/temp_output/Reference_gridss/Reference.mapped.sorted.bam.gridss.working/gridss.tmp.splitreads.Reference.mapped.sorted.bam.sv.bam WORKER_THREADS=4 TMP_DIR=[/tmp/root] VERBOSITY=INFO QUIET=false VALIDATION_STRINGENCY=STRICT COMPRESSION_LEVEL=5 MAX_RECORDS_IN_RAM=500000 CREATE_INDEX=true CREATE_MD5_FILE=false REFERENCE_SEQUENCE=/workspace/output/task_16d1f5c4/assembly_report/quast_corrected_input/Reference.fasta GA4GH_CLIENT_SECRETS=client_secrets.json    MIN_CLIP_LENGTH=15 MIN_CLIP_QUAL=5.0 PROCESS_SECONDARY_ALIGNMENTS=false ALIGNER_COMMAND_LINE=[bwa, mem, -t, %3$d, %2$s, %1$s] IGNORE_DUPLICATES=true
[Sun Mar 22 06:54:43 EDT 2026] Executing as root@6934a98d27f9 on Linux 6.6.87.2-microsoft-standard-WSL2 amd64; OpenJDK 64-Bit Server VM 1.8.0_432-8u432-ga~us1-0ubuntu2~22.04-ga; Picard version: 1.4.1
INFO	2026-03-22 06:54:43	SplitReadRealigner	Merging split read alignments for /workspace/output/task_16d1f5c4/assembly_report/reads_stats/temp_output/Reference_gridss/Reference.mapped.sorted.bam.gridss.working/gridss.tmp.splitreads.Reference.mapped.sorted.bam.sv.bam
INFO	2026-03-22 06:54:43	SAMFileUtil	/workspace/output/task_16d1f5c4/assembly_report/reads_stats/temp_output/Reference_gridss/Reference.mapped.sorted.bam.gridss.working/gridss.tmp.SplitReadAligner.sa.gridss.tmp.splitreads.Reference.mapped.sorted.bam.sv.bam already sorted by queryname
[Sun Mar 22 06:54:43 EDT 2026] gridss.SoftClipsToSplitReads done. Elapsed time: 0.01 minutes.
Runtime.totalMemory()=122683392
INFO	2026-03-22 06:54:43	SAMFileUtil	Sorting /workspace/output/task_16d1f5c4/assembly_report/reads_stats/temp_output/Reference_gridss/Reference.mapped.sorted.bam.gridss.working/gridss.tmp.splitreads.Reference.mapped.sorted.bam.sv.bam
INFO	2026-03-22 06:54:43	CallVariants	Evidence extraction complete.
INFO	2026-03-22 06:54:43	AssemblyEvidenceSource	Starting assembly on chunk 0 (NC_000913.3:1-NC_000913.3:4641652)
INFO	2026-03-22 06:54:43	AssemblyEvidenceSource	Completed assembly on chunk 0 (NC_000913.3:1-NC_000913.3:4641652) in 0s (60.64 ms)
INFO	2026-03-22 06:54:43	SAMFileUtil	Sorting /workspace/output/task_16d1f5c4/assembly_report/reads_stats/temp_output/Reference_gridss/Reference.gridss.bam.gridss.working/gridss.tmp.Reference.gridss.bam.assembly.chunk0.bam
INFO	2026-03-22 06:54:44	AssemblyEvidenceSource	Breakend assembly complete.
INFO	2026-03-22 06:54:44	AssemblyEvidenceSource	Breakend assembly complete.
INFO	2026-03-22 06:54:44	AssemblyEvidenceSource	Merging assembly files
[Sun Mar 22 06:54:44 EDT 2026] picard.sam.GatherBamFiles INPUT=[/workspace/output/task_16d1f5c4/assembly_report/reads_stats/temp_output/Reference_gridss/Reference.gridss.bam.gridss.working/Reference.gridss.bam.assembly.chunk0.bam] OUTPUT=/workspace/output/task_16d1f5c4/assembly_report/reads_stats/temp_output/Reference_gridss/gridss.tmp.Reference.gridss.bam TMP_DIR=[/tmp/root] VERBOSITY=INFO QUIET=false VALIDATION_STRINGENCY=STRICT COMPRESSION_LEVEL=5 MAX_RECORDS_IN_RAM=500000 CREATE_INDEX=true CREATE_MD5_FILE=false REFERENCE_SEQUENCE=/workspace/output/task_16d1f5c4/assembly_report/quast_corrected_input/Reference.fasta GA4GH_CLIENT_SECRETS=client_secrets.json   
[Sun Mar 22 06:54:44 EDT 2026] Executing as root@6934a98d27f9 on Linux 6.6.87.2-microsoft-standard-WSL2 amd64; OpenJDK 64-Bit Server VM 1.8.0_432-8u432-ga~us1-0ubuntu2~22.04-ga; Picard version: 1.4.1
INFO	2026-03-22 06:54:44	BamFileIoUtils	Block copying /workspace/output/task_16d1f5c4/assembly_report/reads_stats/temp_output/Reference_gridss/Reference.gridss.bam.gridss.working/Reference.gridss.bam.assembly.chunk0.bam ...
[Sun Mar 22 06:54:44 EDT 2026] picard.sam.GatherBamFiles done. Elapsed time: 0.00 minutes.
Runtime.totalMemory()=122683392
INFO	2026-03-22 06:54:44	SAMEvidenceSource	Calculating metrics for /workspace/output/task_16d1f5c4/assembly_report/reads_stats/temp_output/Reference_gridss/Reference.gridss.bam
[Sun Mar 22 06:54:44 EDT 2026] gridss.analysis.CollectGridssMetrics GRIDSS_PROGRAM=[CollectCigarMetrics, CollectMapqMetrics, CollectTagMetrics, CollectIdsvMetrics, ReportThresholdCoverage] THRESHOLD_COVERAGE=10000 INPUT=/workspace/output/task_16d1f5c4/assembly_report/reads_stats/temp_output/Reference_gridss/Reference.gridss.bam OUTPUT=/workspace/output/task_16d1f5c4/assembly_report/reads_stats/temp_output/Reference_gridss/Reference.gridss.bam.gridss.working/Reference.gridss.bam FILE_EXTENSION=null PROGRAM=[CollectAlignmentSummaryMetrics, QualityScoreDistribution] TMP_DIR=[/tmp/root] VERBOSITY=INFO QUIET=false VALIDATION_STRINGENCY=STRICT COMPRESSION_LEVEL=5 MAX_RECORDS_IN_RAM=500000 CREATE_INDEX=true CREATE_MD5_FILE=false REFERENCE_SEQUENCE=/workspace/output/task_16d1f5c4/assembly_report/quast_corrected_input/Reference.fasta GA4GH_CLIENT_SECRETS=client_secrets.json    ASSUME_SORTED=true STOP_AFTER=0 METRIC_ACCUMULATION_LEVEL=[ALL_READS] INCLUDE_UNPAIRED=false
[Sun Mar 22 06:54:44 EDT 2026] Executing as root@6934a98d27f9 on Linux 6.6.87.2-microsoft-standard-WSL2 amd64; OpenJDK 64-Bit Server VM 1.8.0_432-8u432-ga~us1-0ubuntu2~22.04-ga; Picard version: 1.4.1
WARNING	2026-03-22 06:54:44	QualityScoreDistribution	No valid bases found in input file. No plot will be produced.
[Sun Mar 22 06:54:44 EDT 2026] gridss.analysis.CollectGridssMetrics done. Elapsed time: 0.00 minutes.
Runtime.totalMemory()=122683392
INFO	2026-03-22 06:54:44	AssemblyEvidenceSource	Identifying split reads for /workspace/output/task_16d1f5c4/assembly_report/reads_stats/temp_output/Reference_gridss/Reference.gridss.bam
[Sun Mar 22 06:54:44 EDT 2026] gridss.SoftClipsToSplitReads INPUT=/workspace/output/task_16d1f5c4/assembly_report/reads_stats/temp_output/Reference_gridss/Reference.gridss.bam OUTPUT=/workspace/output/task_16d1f5c4/assembly_report/reads_stats/temp_output/Reference_gridss/Reference.gridss.bam.gridss.working/Reference.gridss.bam.sv.bam WORKER_THREADS=4 TMP_DIR=[/tmp/root] VERBOSITY=INFO QUIET=false VALIDATION_STRINGENCY=STRICT COMPRESSION_LEVEL=5 MAX_RECORDS_IN_RAM=500000 CREATE_INDEX=true CREATE_MD5_FILE=false REFERENCE_SEQUENCE=/workspace/output/task_16d1f5c4/assembly_report/quast_corrected_input/Reference.fasta GA4GH_CLIENT_SECRETS=client_secrets.json    MIN_CLIP_LENGTH=15 MIN_CLIP_QUAL=5.0 PROCESS_SECONDARY_ALIGNMENTS=false ALIGNER_COMMAND_LINE=[bwa, mem, -t, %3$d, %2$s, %1$s] IGNORE_DUPLICATES=true
[Sun Mar 22 06:54:44 EDT 2026] Executing as root@6934a98d27f9 on Linux 6.6.87.2-microsoft-standard-WSL2 amd64; OpenJDK 64-Bit Server VM 1.8.0_432-8u432-ga~us1-0ubuntu2~22.04-ga; Picard version: 1.4.1
INFO	2026-03-22 06:54:44	SplitReadRealigner	Merging split read alignments for /workspace/output/task_16d1f5c4/assembly_report/reads_stats/temp_output/Reference_gridss/Reference.gridss.bam.gridss.working/Reference.gridss.bam.sv.bam
INFO	2026-03-22 06:54:44	SAMFileUtil	/workspace/output/task_16d1f5c4/assembly_report/reads_stats/temp_output/Reference_gridss/Reference.gridss.bam.gridss.working/gridss.tmp.SplitReadAligner.sa.Reference.gridss.bam.sv.bam already sorted by coordinate
[Sun Mar 22 06:54:44 EDT 2026] gridss.SoftClipsToSplitReads done. Elapsed time: 0.00 minutes.
Runtime.totalMemory()=122683392
INFO	2026-03-22 06:54:44	SAMFileUtil	Not sorting as output already exists: /workspace/output/task_16d1f5c4/assembly_report/reads_stats/temp_output/Reference_gridss/Reference.gridss.bam.gridss.working/Reference.gridss.bam.sv.bam
INFO	2026-03-22 06:54:44	VariantCaller	Identifying Breakpoints
INFO	2026-03-22 06:54:44	VariantCaller	Start calling maximal cliques in chunk 0 (NC_000913.3:1-NC_000913.3:4641652)
INFO	2026-03-22 06:54:44	VariantCaller	Complete calling maximal cliques in chunk 0 (NC_000913.3:1-NC_000913.3:4641652)
INFO	2026-03-22 06:54:44	VariantCaller	Merging identified breakpoints
INFO	2026-03-22 06:54:44	VariantCaller	Sorting identified breakpoints
INFO	2026-03-22 06:54:44	VcfFileUtil	Sorting to /workspace/output/task_16d1f5c4/assembly_report/reads_stats/temp_output/Reference_gridss/Reference.vcf.gridss.working/Reference.vcf.breakpoint.vcf
INFO	2026-03-22 06:54:44	IdentifyVariants	Raw variant calls written to /workspace/output/task_16d1f5c4/assembly_report/reads_stats/temp_output/Reference_gridss/Reference.vcf.gridss.working/Reference.vcf.breakpoint.vcf
INFO	2026-03-22 06:54:44	VcfTransformCommandLineProgram	Annotating variants in /workspace/output/task_16d1f5c4/assembly_report/reads_stats/temp_output/Reference_gridss/Reference.vcf.gridss.working/Reference.vcf.breakpoint.vcf
INFO	2026-03-22 06:54:44	AllocateEvidence	Allocating evidence
INFO	2026-03-22 06:54:44	VcfTransformCommandLineProgram	Annotated variants written to /workspace/output/task_16d1f5c4/assembly_report/reads_stats/temp_output/Reference_gridss/Reference.vcf
[Sun Mar 22 06:54:44 EDT 2026] gridss.CallVariants done. Elapsed time: 0.05 minutes.
Runtime.totalMemory()=122683392
[Sun Mar 22 06:54:44 EDT 2026] au.edu.wehi.idsv.VcfBreakendToBedpe INPUT=/workspace/output/task_16d1f5c4/assembly_report/reads_stats/temp_output/Reference_gridss/Reference.vcf OUTPUT=/workspace/output/task_16d1f5c4/assembly_report/reads_stats/temp_output/Reference_structural_variations.raw.bed OUTPUT_FILTERED=/workspace/output/task_16d1f5c4/assembly_report/reads_stats/temp_output/Reference_structural_variations.filtered.bed REFERENCE=/workspace/output/task_16d1f5c4/assembly_report/quast_corrected_input/Reference.fasta INCLUDE_HEADER=true    INCLUDE_LOW_BREAKEND=true INCLUDE_HIGH_BREAKEND=false VERBOSITY=INFO QUIET=false VALIDATION_STRINGENCY=STRICT COMPRESSION_LEVEL=5 MAX_RECORDS_IN_RAM=500000 CREATE_INDEX=false CREATE_MD5_FILE=false GA4GH_CLIENT_SECRETS=client_secrets.json
[Sun Mar 22 06:54:44 EDT 2026] Executing as root@6934a98d27f9 on Linux 6.6.87.2-microsoft-standard-WSL2 amd64; OpenJDK 64-Bit Server VM 1.8.0_432-8u432-ga~us1-0ubuntu2~22.04-ga; Picard version: 1.4.1
[Sun Mar 22 06:54:45 EDT 2026] au.edu.wehi.idsv.VcfBreakendToBedpe done. Elapsed time: 0.00 minutes.
Runtime.totalMemory()=122683392
