Command line: /SPAdes-3.15.5-Linux/bin/spades.py	-k	21,33,55	--phred-offset	33	-1	/workspace/output/task_1da40717/marked_duplicates_R1.fq	-2	/workspace/output/task_1da40717/marked_duplicates_R2.fq	-o	/workspace/output/task_1da40717/spades_output	

System information:
  SPAdes version: 3.15.5
  Python version: 3.8.10
  OS: Linux-6.6.87.2-microsoft-standard-WSL2-x86_64-with-glibc2.29

Output dir: /workspace/output/task_1da40717/spades_output
Mode: read error correction and assembling
Debug mode is turned OFF

Dataset parameters:
  Standard mode
  For multi-cell/isolate data we recommend to use '--isolate' option; for single-cell MDA data use '--sc'; for metagenomic data use '--meta'; for RNA-Seq use '--rna'.
  Reads:
    Library number: 1, library type: paired-end
      orientation: fr
      left reads: ['/workspace/output/task_1da40717/marked_duplicates_R1.fq']
      right reads: ['/workspace/output/task_1da40717/marked_duplicates_R2.fq']
      interlaced reads: not specified
      single reads: not specified
      merged reads: not specified
Read error correction parameters:
  Iterations: 1
  PHRED offset: 33
  Corrected reads will be compressed
Assembly parameters:
  k: [21, 33, 55]
  Repeat resolution is enabled
  Mismatch careful mode is turned OFF
  MismatchCorrector will be SKIPPED
  Coverage cutoff is turned OFF
Other parameters:
  Dir for temp files: /workspace/output/task_1da40717/spades_output/tmp
  Threads: 16
  Memory limit (in Gb): 7


======= SPAdes pipeline started. Log can be found here: /workspace/output/task_1da40717/spades_output/spades.log

/workspace/output/task_1da40717/marked_duplicates_R1.fq: max reads length: 50
/workspace/output/task_1da40717/marked_duplicates_R2.fq: max reads length: 50

Reads length: 50

K-mer sizes were set to [21, 33] because estimated read length (50) is less than 55

===== Before start started. 


===== Read error correction started. 


===== Read error correction started. 


== Running: /SPAdes-3.15.5-Linux/bin/spades-hammer /workspace/output/task_1da40717/spades_output/corrected/configs/config.info

  0:00:00.000     1M / 10M   INFO    General                 (main.cpp                  :  75)   Starting BayesHammer, built from refs/heads/spades_3.15.5, git revision e757b8216f9a038fb616e9551a2d4891b2d19ad7
  0:00:00.010     1M / 10M   INFO    General                 (main.cpp                  :  76)   Loading config from /workspace/output/task_1da40717/spades_output/corrected/configs/config.info
  0:00:00.027     1M / 10M   INFO    General                 (main.cpp                  :  78)   Maximum # of threads to use (adjusted due to OMP capabilities): 16
  0:00:00.030     1M / 10M   INFO    General                 (memory_limit.cpp          :  54)   Memory limit set to 7 Gb
  0:00:00.031     1M / 10M   INFO    General                 (hammer_tools.cpp          :  38)   Hamming graph threshold tau=1, k=21, subkmer positions = [ 0 10 ]
  0:00:00.031     1M / 10M   INFO    General                 (main.cpp                  : 113)   Size of aux. kmer data 24 bytes
     === ITERATION 0 begins ===
  0:00:00.038     1M / 10M   INFO    General                 (kmer_index_builder.hpp    : 243)   Splitting kmer instances into 16 files using 16 threads. This might take a while.
  0:00:00.047     1M / 10M   INFO    General                 (file_limit.hpp            :  42)   Open file limit set to 1048576
  0:00:00.049     1M / 10M   INFO    General                 (kmer_splitter.hpp         :  93)   Memory available for splitting buffers: 0.145831 Gb
  0:00:00.049     1M / 10M   INFO    General                 (kmer_splitter.hpp         : 101)   Using cell size of 1223321
  0:00:00.051  2817M / 2817M INFO   K-mer Splitting          (kmer_data.cpp             :  97)   Processing /workspace/output/task_1da40717/marked_duplicates_R1.fq
  0:00:00.174  2817M / 2817M INFO   K-mer Splitting          (kmer_data.cpp             :  97)   Processing /workspace/output/task_1da40717/marked_duplicates_R2.fq
  0:00:00.254  2817M / 2817M INFO   K-mer Splitting          (kmer_data.cpp             : 112)   Total 400 reads processed
  0:00:00.254     1M / 10M   INFO    General                 (kmer_index_builder.hpp    : 249)   Starting k-mer counting.
  0:00:00.336     1M / 10M   INFO    General                 (kmer_index_builder.hpp    : 260)   K-mer counting done. There are 4 kmers in total.
  0:00:00.343     1M / 10M   INFO   K-mer Index Building     (kmer_index_builder.hpp    : 395)   Building perfect hash indices
  0:00:00.393     1M / 10M   INFO   K-mer Index Building     (kmer_index_builder.hpp    : 431)   Index built. Total 4 kmers, 2400 bytes occupied (4800 bits per kmer).
  0:00:00.415     1M / 10M   INFO   K-mer Counting           (kmer_data.cpp             : 354)   Arranging kmers in hash map order
  0:00:00.466     1M / 10M   INFO    General                 (main.cpp                  : 148)   Clustering Hamming graph.
  0:00:00.466     1M / 10M   INFO    General                 (main.cpp                  : 155)   Extracting clusters:
  0:00:00.466     1M / 10M   INFO    General                 (concurrent_dsu.cpp        :  18)   Connecting to root
  0:00:00.466     1M / 10M   INFO    General                 (concurrent_dsu.cpp        :  34)   Calculating counts
  0:00:00.466     1M / 10M   INFO    General                 (concurrent_dsu.cpp        :  63)   Writing down entries
  0:00:00.481     1M / 10M   INFO    General                 (main.cpp                  : 167)   Clustering done. Total clusters: 4
  0:00:00.482     1M / 10M   INFO   K-mer Counting           (kmer_data.cpp             : 371)   Collecting K-mer information, this takes a while.
  0:00:00.482     1M / 10M   INFO   K-mer Counting           (kmer_data.cpp             : 377)   Processing /workspace/output/task_1da40717/marked_duplicates_R1.fq
  0:00:00.504     1M / 10M   INFO   K-mer Counting           (kmer_data.cpp             : 377)   Processing /workspace/output/task_1da40717/marked_duplicates_R2.fq
  0:00:00.517     1M / 10M   INFO   K-mer Counting           (kmer_data.cpp             : 384)   Collection done, postprocessing.
  0:00:00.520     1M / 10M   INFO   K-mer Counting           (kmer_data.cpp             : 397)   There are 4 kmers in total. Among them 0 (0%) are singletons.
  0:00:00.523     1M / 10M   INFO    General                 (main.cpp                  : 173)   Subclustering Hamming graph
  0:00:00.575     1M / 10M   INFO   Hamming Subclustering    (kmer_cluster.cpp          : 650)   Subclustering done. Total 0 non-read kmers were generated.
  0:00:00.576     1M / 10M   INFO   Hamming Subclustering    (kmer_cluster.cpp          : 651)   Subclustering statistics:
  0:00:00.579     1M / 10M   INFO   Hamming Subclustering    (kmer_cluster.cpp          : 652)     Total singleton hamming clusters: 4. Among them 4 (100%) are good
  0:00:00.580     1M / 10M   INFO   Hamming Subclustering    (kmer_cluster.cpp          : 653)     Total singleton subclusters: 0. Among them 0 (-nan%) are good
  0:00:00.580     1M / 10M   INFO   Hamming Subclustering    (kmer_cluster.cpp          : 654)     Total non-singleton subcluster centers: 0. Among them 0 (-nan%) are good
  0:00:00.580     1M / 10M   INFO   Hamming Subclustering    (kmer_cluster.cpp          : 655)     Average size of non-trivial subcluster: -nan kmers
  0:00:00.580     1M / 10M   INFO   Hamming Subclustering    (kmer_cluster.cpp          : 656)     Average number of sub-clusters per non-singleton cluster: -nan
  0:00:00.580     1M / 10M   INFO   Hamming Subclustering    (kmer_cluster.cpp          : 657)     Total solid k-mers: 4
  0:00:00.580     1M / 10M   INFO   Hamming Subclustering    (kmer_cluster.cpp          : 658)     Substitution probabilities: [4,4]((-nan,-nan,-nan,-nan),(-nan,-nan,-nan,-nan),(-nan,-nan,-nan,-nan),(-nan,-nan,-nan,-nan))
  0:00:00.584     1M / 10M   INFO    General                 (main.cpp                  : 178)   Finished clustering.
  0:00:00.584     1M / 10M   INFO    General                 (main.cpp                  : 197)   Starting solid k-mers expansion in 16 threads.
  0:00:00.591     1M / 10M   INFO    General                 (main.cpp                  : 218)   Solid k-mers iteration 0 produced 0 new k-mers.
  0:00:00.591     1M / 10M   INFO    General                 (main.cpp                  : 222)   Solid k-mers finalized
  0:00:00.591     1M / 10M   INFO    General                 (hammer_tools.cpp          : 222)   Starting read correction in 16 threads.
  0:00:00.591     1M / 10M   INFO    General                 (hammer_tools.cpp          : 235)   Correcting pair of reads: /workspace/output/task_1da40717/marked_duplicates_R1.fq and /workspace/output/task_1da40717/marked_duplicates_R2.fq
  0:00:00.685   130M / 130M  INFO    General                 (hammer_tools.cpp          : 170)   Prepared batch 0 of 200 reads.
  0:00:00.686   130M / 130M  INFO    General                 (hammer_tools.cpp          : 177)   Processed batch 0
  0:00:00.691   130M / 130M  INFO    General                 (hammer_tools.cpp          : 187)   Written batch 0
  0:00:00.714     1M / 127M  INFO    General                 (hammer_tools.cpp          : 276)   Correction done. Changed 0 bases in 0 reads.
  0:00:00.715     1M / 127M  INFO    General                 (hammer_tools.cpp          : 277)   Failed to correct 0 bases out of 20000.
  0:00:00.715     1M / 127M  INFO    General                 (main.cpp                  : 248)   Too few reads have changed in this iteration. Exiting.
  0:00:00.715     1M / 127M  INFO    General                 (main.cpp                  : 255)   Saving corrected dataset description to /workspace/output/task_1da40717/spades_output/corrected/corrected.yaml
  0:00:00.722     1M / 127M  INFO    General                 (main.cpp                  : 262)   All done. Exiting.

===== Read error correction finished. 


===== corrected reads compression started. 


== Running: /usr/bin/python /SPAdes-3.15.5-Linux/share/spades/spades_pipeline/scripts/compress_all.py --input_file /workspace/output/task_1da40717/spades_output/corrected/corrected.yaml --ext_python_modules_home /SPAdes-3.15.5-Linux/share/spades --max_threads 16 --output_dir /workspace/output/task_1da40717/spades_output/corrected --gzip_output

== Compressing corrected reads (with pigz)
== Files to compress: ['/workspace/output/task_1da40717/spades_output/corrected/marked_duplicates_R1.00.0_0.cor.fastq', '/workspace/output/task_1da40717/spades_output/corrected/marked_duplicates_R2.00.0_0.cor.fastq', '/workspace/output/task_1da40717/spades_output/corrected/marked_duplicates_R_unpaired.00.0_0.cor.fastq']
== Files compression is finished
== Dataset yaml file is updated

===== corrected reads compression finished. 


===== Read error correction finished. 


===== Assembling started. 


===== K21 started. 


== Running: /SPAdes-3.15.5-Linux/bin/spades-core /workspace/output/task_1da40717/spades_output/K21/configs/config.info

  0:00:00.000     1M / 10M   INFO    General                 (main.cpp                  :  99)   Loaded config from /workspace/output/task_1da40717/spades_output/K21/configs/config.info
  0:00:00.013     1M / 10M   INFO    General                 (memory_limit.cpp          :  54)   Memory limit set to 7 Gb
  0:00:00.025     1M / 10M   INFO    General                 (main.cpp                  : 107)   Starting SPAdes, built from refs/heads/spades_3.15.5, git revision e757b8216f9a038fb616e9551a2d4891b2d19ad7
  0:00:00.033     1M / 10M   INFO    General                 (main.cpp                  : 108)   Maximum k-mer length: 128
  0:00:00.037     1M / 10M   INFO    General                 (main.cpp                  : 109)   Assembling dataset (/workspace/output/task_1da40717/spades_output/dataset.info) with K=21
  0:00:00.037     1M / 10M   INFO    General                 (main.cpp                  : 110)   Maximum # of threads to use (adjusted due to OMP capabilities): 16
  0:00:00.038     1M / 10M   INFO    General                 (pipeline.cpp              : 212)   SPAdes started
  0:00:00.038     1M / 10M   INFO    General                 (pipeline.cpp              : 225)   Starting from stage: read_conversion
  0:00:00.039     1M / 10M   INFO    General                 (pipeline.cpp              : 231)   Two-step repeat resolution disabled
  0:00:00.048     1M / 10M   INFO   GraphCore                (graph_core.hpp            : 672)   Graph created, vertex min_id: 3, edge min_id: 3
  0:00:00.049     1M / 10M   INFO   GraphCore                (graph_core.hpp            : 673)   Vertex size: 48, edge size: 40
  0:00:00.052     1M / 10M   INFO    General                 (edge_index.hpp            : 113)   Size of edge index entries: 12/8
  0:00:00.054     1M / 10M   INFO   StageManager             (stage.cpp                 : 185)   STAGE == Binary Read Conversion (id: read_conversion)
  0:00:00.061     1M / 10M   INFO    General                 (read_converter.cpp        :  72)   Converting reads to binary format for library #0 (takes a while)
  0:00:00.061     1M / 10M   INFO    General                 (read_converter.cpp        :  73)   Converting paired reads
  0:00:00.077    21M / 21M   INFO    General                 (binary_converter.cpp      : 111)   197 reads written
  0:00:00.079    14M / 14M   INFO    General                 (read_converter.cpp        :  86)   Converting single reads
  0:00:00.087    24M / 24M   INFO    General                 (binary_converter.cpp      : 111)   3 reads written
  0:00:00.087    20M / 20M   INFO    General                 (read_converter.cpp        :  92)   Converting merged reads
  0:00:00.093    24M / 24M   INFO    General                 (binary_converter.cpp      : 111)   0 reads written
  0:00:00.107     1M / 10M   INFO   StageManager             (stage.cpp                 : 185)   STAGE == de Bruijn graph construction (id: construction)
  0:00:00.183     1M / 10M   INFO    General                 (construction.cpp          : 153)   Max read length 50
  0:00:00.189     1M / 10M   INFO    General                 (construction.cpp          : 159)   Average read length 50
  0:00:00.191     1M / 10M   INFO    General                 (stage.cpp                 : 117)   PROCEDURE == k+1-mer counting (id: construction:kpomer_counting)
  0:00:00.199     1M / 10M   INFO    General                 (kmer_index_builder.hpp    : 243)   Splitting kmer instances into 160 files using 16 threads. This might take a while.
  0:00:00.209     1M / 10M   INFO    General                 (file_limit.hpp            :  42)   Open file limit set to 1048576
  0:00:00.212     1M / 10M   INFO    General                 (kmer_splitter.hpp         :  93)   Memory available for splitting buffers: 0.145821 Gb
  0:00:00.214     1M / 10M   INFO    General                 (kmer_splitter.hpp         : 101)   Using cell size of 122323
  0:00:01.347     1M / 17M   INFO    General                 (kmer_splitters.hpp        : 131)   Used 794 reads
  0:00:01.350     1M / 17M   INFO    General                 (kmer_index_builder.hpp    : 249)   Starting k-mer counting.
  0:00:02.531     1M / 17M   INFO    General                 (kmer_index_builder.hpp    : 260)   K-mer counting done. There are 3 kmers in total.
  0:00:02.531     1M / 17M   INFO    General                 (stage.cpp                 : 117)   PROCEDURE == Extension index construction (id: construction:extension_index_construction)
  0:00:02.678     1M / 17M   INFO   K-mer Index Building     (kmer_index_builder.hpp    : 438)   Building kmer index
  0:00:02.680     1M / 17M   INFO    General                 (kmer_index_builder.hpp    : 243)   Splitting kmer instances into 160 files using 16 threads. This might take a while.
  0:00:02.688     1M / 17M   INFO    General                 (file_limit.hpp            :  42)   Open file limit set to 1048576
  0:00:02.700     1M / 17M   INFO    General                 (kmer_splitter.hpp         :  93)   Memory available for splitting buffers: 0.145819 Gb
  0:00:02.708     1M / 17M   INFO    General                 (kmer_splitter.hpp         : 101)   Using cell size of 122321
  0:00:03.871  3201M / 3201M INFO    General                 (kmer_splitters.hpp        : 199)   Used 3 kmers.
  0:00:03.872     1M / 18M   INFO    General                 (kmer_index_builder.hpp    : 249)   Starting k-mer counting.
  0:00:04.971     1M / 18M   INFO    General                 (kmer_index_builder.hpp    : 260)   K-mer counting done. There are 2 kmers in total.
  0:00:04.971     1M / 18M   INFO   K-mer Index Building     (kmer_index_builder.hpp    : 395)   Building perfect hash indices
  0:00:05.387     2M / 18M   INFO   K-mer Index Building     (kmer_index_builder.hpp    : 431)   Index built. Total 2 kmers, 1600 bytes occupied (6400 bits per kmer).
  0:00:05.388     2M / 18M   INFO    General                 (kmer_index_builder.hpp    : 169)   Merging final buckets.
  0:00:05.758     2M / 18M   INFO   DeBruijnExtensionIndexBu (kmer_extension_index_build: 100)   Building k-mer extensions from k+1-mers
  0:00:05.788     2M / 18M   INFO   DeBruijnExtensionIndexBu (kmer_extension_index_build: 105)   Building k-mer extensions from k+1-mers finished.
  0:00:05.804     1M / 18M   INFO    General                 (stage.cpp                 : 117)   PROCEDURE == Early tip clipping (id: construction:early_tip_clipper)
  0:00:05.804     1M / 18M   INFO    General                 (construction.cpp          : 301)   Early tip clipper length bound set as (RL - K)
  0:00:05.805     1M / 18M   INFO   Early tip clipping       (early_simplification.hpp  :  47)   Early tip clipping
  0:00:05.811     1M / 18M   INFO   Early tip clipping       (early_simplification.hpp  :  82)   #tipped junctions: 0
  0:00:05.811     1M / 18M   INFO   Early tip clipping       (early_simplification.hpp  :  93)   Clipped tips: 0
  0:00:05.816     1M / 18M   INFO   Early tip clipping       (early_simplification.hpp  :  49)   0 22-mers were removed by early tip clipper
  0:00:05.816     1M / 18M   INFO    General                 (stage.cpp                 : 117)   PROCEDURE == Condensing graph (id: construction:graph_condensing)
  0:00:05.821     1M / 18M   INFO   UnbranchingPathExtractor (debruijn_graph_constructor: 354)   Extracting unbranching paths
  0:00:05.836     1M / 18M   INFO   UnbranchingPathExtractor (debruijn_graph_constructor: 373)   Extracting unbranching paths finished. 0 sequences extracted
  0:00:05.844     1M / 18M   INFO   UnbranchingPathExtractor (debruijn_graph_constructor: 309)   Collecting perfect loops
  0:00:05.845     1M / 18M   INFO   UnbranchingPathExtractor (debruijn_graph_constructor: 342)   Collecting perfect loops finished. 2 loops collected
  0:00:05.845     1M / 18M   INFO    General                 (debruijn_graph_constructor: 487)   Total 4 edges to create
  0:00:05.845     1M / 18M   INFO    General                 (debruijn_graph_constructor: 489)   Collecting link records
  0:00:05.845     1M / 18M   INFO    General                 (debruijn_graph_constructor: 491)   Ordering link records
  0:00:05.845     1M / 18M   INFO    General                 (debruijn_graph_constructor: 493)   Sorting done
  0:00:05.845     1M / 18M   INFO    General                 (debruijn_graph_constructor: 503)   Total 1 vertices to create
  0:00:05.845     1M / 18M   INFO    General                 (debruijn_graph_constructor: 506)   Connecting the graph
  0:00:05.845     1M / 18M   INFO    General                 (stage.cpp                 : 117)   PROCEDURE == Filling coverage indices (PHM) (id: construction:coverage_filling_phm)
  0:00:05.845     1M / 18M   INFO   K-mer Index Building     (kmer_index_builder.hpp    : 395)   Building perfect hash indices
  0:00:06.258     2M / 18M   INFO   K-mer Index Building     (kmer_index_builder.hpp    : 431)   Index built. Total 3 kmers, 2400 bytes occupied (6400 bits per kmer).
  0:00:06.377     2M / 18M   INFO    General                 (coverage_hash_map_builder.:  47)   Collecting k-mer coverage information from reads, this takes a while.
  0:00:06.386     2M / 18M   INFO    General                 (construction.cpp          : 430)   Filling coverage and flanking coverage from PHM
  0:00:06.692     1M / 18M   INFO   StageManager             (stage.cpp                 : 185)   STAGE == EC Threshold Finding (id: ec_threshold_finder)
  0:00:06.696     1M / 18M   INFO    General                 (kmer_coverage_model.cpp   : 181)   Kmer coverage valley at: 0
  0:00:06.696     1M / 18M   INFO    General                 (kmer_coverage_model.cpp   : 201)   K-mer histogram maximum: 5557
  0:00:06.696     1M / 18M   INFO    General                 (kmer_coverage_model.cpp   : 237)   Estimated median coverage: 5558. Coverage mad: 2.9652
  0:00:06.696     1M / 18M   INFO    General                 (kmer_coverage_model.cpp   : 259)   Fitting coverage model
  0:00:06.722     1M / 18M   INFO    General                 (kmer_coverage_model.cpp   : 295)   ... iteration 2
  0:00:06.741     1M / 18M   INFO    General                 (kmer_coverage_model.cpp   : 295)   ... iteration 4
  0:00:06.885     1M / 18M   INFO    General                 (kmer_coverage_model.cpp   : 295)   ... iteration 8
  0:00:06.887     1M / 18M   INFO    General                 (kmer_coverage_model.cpp   : 309)   Fitted mean coverage: 5558. Fitted coverage std. dev: 1.33917e-309
  0:00:06.902     1M / 18M   INFO    General                 (kmer_coverage_model.cpp   : 334)   Probability of erroneous kmer at valley: 1
  0:00:06.905     1M / 18M   INFO    General                 (kmer_coverage_model.cpp   : 358)   Preliminary threshold calculated as: 5558
  0:00:06.907     1M / 18M   INFO    General                 (kmer_coverage_model.cpp   : 362)   Threshold adjusted to: 2779
  0:00:06.907     1M / 18M   INFO    General                 (kmer_coverage_model.cpp   : 375)   Estimated genome size (ignoring repeats): 3
  0:00:06.907     1M / 18M   INFO    General                 (genomic_info_filler.cpp   :  55)   Mean coverage was calculated as 5558
  0:00:06.907     1M / 18M   INFO    General                 (genomic_info_filler.cpp   :  70)   EC coverage threshold value was calculated as 2779
  0:00:06.907     1M / 18M   INFO    General                 (genomic_info_filler.cpp   :  71)   Trusted kmer low bound: 0
  0:00:06.907     1M / 18M   INFO   StageManager             (stage.cpp                 : 185)   STAGE == Raw Simplification (id: raw_simplification)
  0:00:06.908     1M / 18M   INFO    General                 (simplification.cpp        : 127)   PROCEDURE == Initial cleaning
  0:00:06.909     1M / 18M   INFO    General                 (graph_simplification.hpp  : 662)   Flanking coverage based disconnection disabled
  0:00:06.909     1M / 18M   INFO   Simplification           (parallel_processing.hpp   : 167)   Running Self conjugate edge remover
  0:00:06.911     1M / 18M   INFO   Simplification           (parallel_processing.hpp   : 170)   Self conjugate edge remover triggered 0 times
  0:00:06.913     1M / 18M   INFO   Simplification           (parallel_processing.hpp   : 167)   Running Initial tip clipper
  0:00:06.914     1M / 18M   INFO   Simplification           (parallel_processing.hpp   : 170)   Initial tip clipper triggered 0 times
  0:00:06.914     1M / 18M   INFO   Simplification           (parallel_processing.hpp   : 167)   Running Initial ec remover
  0:00:06.915     1M / 18M   INFO   Simplification           (parallel_processing.hpp   : 170)   Initial ec remover triggered 0 times
  0:00:06.915     1M / 18M   INFO   Simplification           (parallel_processing.hpp   : 167)   Running Initial isolated edge remover
  0:00:06.915     1M / 18M   INFO   Simplification           (parallel_processing.hpp   : 170)   Initial isolated edge remover triggered 0 times
  0:00:06.915     1M / 18M   INFO   StageManager             (stage.cpp                 : 185)   STAGE == Simplification (id: simplification)
  0:00:06.915     1M / 18M   INFO    General                 (simplification.cpp        : 368)   Graph simplification started
  0:00:06.915     1M / 18M   INFO    General                 (graph_simplification.hpp  : 634)   Creating parallel br instance
  0:00:06.916     1M / 18M   INFO    General                 (simplification.cpp        : 373)   PROCEDURE == Simplification cycle, iteration 1
  0:00:06.916     1M / 18M   INFO   Simplification           (parallel_processing.hpp   : 167)   Running Tip clipper
  0:00:06.916     1M / 18M   INFO   Simplification           (parallel_processing.hpp   : 170)   Tip clipper triggered 0 times
  0:00:06.916     1M / 18M   INFO   Simplification           (parallel_processing.hpp   : 167)   Running Bulge remover
  0:00:06.917     1M / 18M   INFO   Simplification           (parallel_processing.hpp   : 170)   Bulge remover triggered 0 times
  0:00:06.917     1M / 18M   INFO   Simplification           (parallel_processing.hpp   : 167)   Running Low coverage edge remover
  0:00:06.918     1M / 18M   INFO   Simplification           (parallel_processing.hpp   : 170)   Low coverage edge remover triggered 0 times
  0:00:06.918     1M / 18M   INFO    General                 (simplification.cpp        : 373)   PROCEDURE == Simplification cycle, iteration 2
  0:00:06.918     1M / 18M   INFO   Simplification           (parallel_processing.hpp   : 167)   Running Tip clipper
  0:00:06.918     1M / 18M   INFO   Simplification           (parallel_processing.hpp   : 170)   Tip clipper triggered 0 times
  0:00:06.918     1M / 18M   INFO   Simplification           (parallel_processing.hpp   : 167)   Running Bulge remover
  0:00:06.918     1M / 18M   INFO   Simplification           (parallel_processing.hpp   : 170)   Bulge remover triggered 0 times
  0:00:06.918     1M / 18M   INFO   Simplification           (parallel_processing.hpp   : 167)   Running Low coverage edge remover
  0:00:06.919     1M / 18M   INFO   Simplification           (parallel_processing.hpp   : 170)   Low coverage edge remover triggered 0 times
  0:00:06.919     1M / 18M   INFO    General                 (simplification.cpp        : 373)   PROCEDURE == Simplification cycle, iteration 3
  0:00:06.919     1M / 18M   INFO   Simplification           (parallel_processing.hpp   : 167)   Running Tip clipper
  0:00:06.919     1M / 18M   INFO   Simplification           (parallel_processing.hpp   : 170)   Tip clipper triggered 0 times
  0:00:06.920     1M / 18M   INFO   Simplification           (parallel_processing.hpp   : 167)   Running Bulge remover
  0:00:06.920     1M / 18M   INFO   Simplification           (parallel_processing.hpp   : 170)   Bulge remover triggered 0 times
  0:00:06.921     1M / 18M   INFO   Simplification           (parallel_processing.hpp   : 167)   Running Low coverage edge remover
  0:00:06.921     1M / 18M   INFO   Simplification           (parallel_processing.hpp   : 170)   Low coverage edge remover triggered 0 times
  0:00:06.922     1M / 18M   INFO    General                 (simplification.cpp        : 373)   PROCEDURE == Simplification cycle, iteration 4
  0:00:06.922     1M / 18M   INFO   Simplification           (parallel_processing.hpp   : 167)   Running Tip clipper
  0:00:06.922     1M / 18M   INFO   Simplification           (parallel_processing.hpp   : 170)   Tip clipper triggered 0 times
  0:00:06.923     1M / 18M   INFO   Simplification           (parallel_processing.hpp   : 167)   Running Bulge remover
  0:00:06.924     1M / 18M   INFO   Simplification           (parallel_processing.hpp   : 170)   Bulge remover triggered 0 times
  0:00:06.924     1M / 18M   INFO   Simplification           (parallel_processing.hpp   : 167)   Running Low coverage edge remover
  0:00:06.924     1M / 18M   INFO   Simplification           (parallel_processing.hpp   : 170)   Low coverage edge remover triggered 0 times
  0:00:06.924     1M / 18M   INFO    General                 (simplification.cpp        : 373)   PROCEDURE == Simplification cycle, iteration 5
  0:00:06.924     1M / 18M   INFO   Simplification           (parallel_processing.hpp   : 167)   Running Tip clipper
  0:00:06.925     1M / 18M   INFO   Simplification           (parallel_processing.hpp   : 170)   Tip clipper triggered 0 times
  0:00:06.925     1M / 18M   INFO   Simplification           (parallel_processing.hpp   : 167)   Running Bulge remover
  0:00:06.925     1M / 18M   INFO   Simplification           (parallel_processing.hpp   : 170)   Bulge remover triggered 0 times
  0:00:06.925     1M / 18M   INFO   Simplification           (parallel_processing.hpp   : 167)   Running Low coverage edge remover
  0:00:06.925     1M / 18M   INFO   Simplification           (parallel_processing.hpp   : 170)   Low coverage edge remover triggered 0 times
  0:00:06.925     1M / 18M   INFO    General                 (simplification.cpp        : 373)   PROCEDURE == Simplification cycle, iteration 6
  0:00:06.925     1M / 18M   INFO   Simplification           (parallel_processing.hpp   : 167)   Running Tip clipper
  0:00:06.925     1M / 18M   INFO   Simplification           (parallel_processing.hpp   : 170)   Tip clipper triggered 0 times
  0:00:06.925     1M / 18M   INFO   Simplification           (parallel_processing.hpp   : 167)   Running Bulge remover
  0:00:06.925     1M / 18M   INFO   Simplification           (parallel_processing.hpp   : 170)   Bulge remover triggered 0 times
  0:00:06.925     1M / 18M   INFO   Simplification           (parallel_processing.hpp   : 167)   Running Low coverage edge remover
  0:00:06.925     1M / 18M   INFO   Simplification           (parallel_processing.hpp   : 170)   Low coverage edge remover triggered 0 times
  0:00:06.925     1M / 18M   INFO    General                 (simplification.cpp        : 373)   PROCEDURE == Simplification cycle, iteration 7
  0:00:06.925     1M / 18M   INFO   Simplification           (parallel_processing.hpp   : 167)   Running Tip clipper
  0:00:06.925     1M / 18M   INFO   Simplification           (parallel_processing.hpp   : 170)   Tip clipper triggered 0 times
  0:00:06.925     1M / 18M   INFO   Simplification           (parallel_processing.hpp   : 167)   Running Bulge remover
  0:00:06.925     1M / 18M   INFO   Simplification           (parallel_processing.hpp   : 170)   Bulge remover triggered 0 times
  0:00:06.925     1M / 18M   INFO   Simplification           (parallel_processing.hpp   : 167)   Running Low coverage edge remover
  0:00:06.925     1M / 18M   INFO   Simplification           (parallel_processing.hpp   : 170)   Low coverage edge remover triggered 0 times
  0:00:06.926     1M / 18M   INFO    General                 (simplification.cpp        : 373)   PROCEDURE == Simplification cycle, iteration 8
  0:00:06.926     1M / 18M   INFO   Simplification           (parallel_processing.hpp   : 167)   Running Tip clipper
  0:00:06.926     1M / 18M   INFO   Simplification           (parallel_processing.hpp   : 170)   Tip clipper triggered 0 times
  0:00:06.926     1M / 18M   INFO   Simplification           (parallel_processing.hpp   : 167)   Running Bulge remover
  0:00:06.926     1M / 18M   INFO   Simplification           (parallel_processing.hpp   : 170)   Bulge remover triggered 0 times
  0:00:06.926     1M / 18M   INFO   Simplification           (parallel_processing.hpp   : 167)   Running Low coverage edge remover
  0:00:06.926     1M / 18M   INFO   Simplification           (parallel_processing.hpp   : 170)   Low coverage edge remover triggered 0 times
  0:00:06.926     1M / 18M   INFO    General                 (simplification.cpp        : 373)   PROCEDURE == Simplification cycle, iteration 9
  0:00:06.926     1M / 18M   INFO   Simplification           (parallel_processing.hpp   : 167)   Running Tip clipper
  0:00:06.926     1M / 18M   INFO   Simplification           (parallel_processing.hpp   : 170)   Tip clipper triggered 0 times
  0:00:06.926     1M / 18M   INFO   Simplification           (parallel_processing.hpp   : 167)   Running Bulge remover
  0:00:06.926     1M / 18M   INFO   Simplification           (parallel_processing.hpp   : 170)   Bulge remover triggered 0 times
  0:00:06.926     1M / 18M   INFO   Simplification           (parallel_processing.hpp   : 167)   Running Low coverage edge remover
  0:00:06.926     1M / 18M   INFO   Simplification           (parallel_processing.hpp   : 170)   Low coverage edge remover triggered 0 times
  0:00:06.926     1M / 18M   INFO    General                 (simplification.cpp        : 373)   PROCEDURE == Simplification cycle, iteration 10
  0:00:06.926     1M / 18M   INFO   Simplification           (parallel_processing.hpp   : 167)   Running Tip clipper
  0:00:06.926     1M / 18M   INFO   Simplification           (parallel_processing.hpp   : 170)   Tip clipper triggered 0 times
  0:00:06.927     1M / 18M   INFO   Simplification           (parallel_processing.hpp   : 167)   Running Bulge remover
  0:00:06.927     1M / 18M   INFO   Simplification           (parallel_processing.hpp   : 170)   Bulge remover triggered 0 times
  0:00:06.927     1M / 18M   INFO   Simplification           (parallel_processing.hpp   : 167)   Running Low coverage edge remover
  0:00:06.927     1M / 18M   INFO   Simplification           (parallel_processing.hpp   : 170)   Low coverage edge remover triggered 0 times
  0:00:06.927     1M / 18M   INFO    General                 (simplification.cpp        : 373)   PROCEDURE == Simplification cycle, iteration 11
  0:00:06.927     1M / 18M   INFO   Simplification           (parallel_processing.hpp   : 167)   Running Tip clipper
  0:00:06.927     1M / 18M   INFO   Simplification           (parallel_processing.hpp   : 170)   Tip clipper triggered 0 times
  0:00:06.927     1M / 18M   INFO   Simplification           (parallel_processing.hpp   : 167)   Running Bulge remover
  0:00:06.927     1M / 18M   INFO   Simplification           (parallel_processing.hpp   : 170)   Bulge remover triggered 0 times
  0:00:06.927     1M / 18M   INFO   Simplification           (parallel_processing.hpp   : 167)   Running Low coverage edge remover
  0:00:06.927     1M / 18M   INFO   Simplification           (parallel_processing.hpp   : 170)   Low coverage edge remover triggered 0 times
  0:00:06.927     1M / 18M   INFO   StageManager             (stage.cpp                 : 185)   STAGE == Simplification Cleanup (id: simplification_cleanup)
  0:00:06.927     1M / 18M   INFO    General                 (simplification.cpp        : 176)   PROCEDURE == Post simplification
  0:00:06.927     1M / 18M   INFO    General                 (graph_simplification.hpp  : 448)   Disconnection of relatively low covered edges disabled
  0:00:06.927     1M / 18M   INFO    General                 (graph_simplification.hpp  : 485)   Complex tip clipping disabled
  0:00:06.927     1M / 18M   INFO    General                 (graph_simplification.hpp  : 634)   Creating parallel br instance
  0:00:06.927     1M / 18M   INFO   Simplification           (parallel_processing.hpp   : 167)   Running Tip clipper
  0:00:06.927     1M / 18M   INFO   Simplification           (parallel_processing.hpp   : 170)   Tip clipper triggered 0 times
  0:00:06.927     1M / 18M   INFO   Simplification           (parallel_processing.hpp   : 167)   Running Bulge remover
  0:00:06.927     1M / 18M   INFO   Simplification           (parallel_processing.hpp   : 170)   Bulge remover triggered 0 times
  0:00:06.927     1M / 18M   INFO   Simplification           (parallel_processing.hpp   : 167)   Running Tip clipper
  0:00:06.927     1M / 18M   INFO   Simplification           (parallel_processing.hpp   : 170)   Tip clipper triggered 0 times
  0:00:06.927     1M / 18M   INFO   Simplification           (parallel_processing.hpp   : 167)   Running Bulge remover
  0:00:06.927     1M / 18M   INFO   Simplification           (parallel_processing.hpp   : 170)   Bulge remover triggered 0 times
  0:00:06.927     1M / 18M   INFO    General                 (simplification.cpp        : 327)   Disrupting self-conjugate edges
  0:00:06.927     1M / 18M   INFO   Simplification           (parallel_processing.hpp   : 167)   Running Removing isolated edges
  0:00:06.927     1M / 18M   INFO   Simplification           (parallel_processing.hpp   : 170)   Removing isolated edges triggered 0 times
  0:00:06.927     1M / 18M   INFO    General                 (simplification.cpp        : 495)   After simplification:
  0:00:06.927     1M / 18M   INFO    General                 (simplification.cpp        : 496)     Average coverage = 5756.5
  0:00:06.927     1M / 18M   INFO    General                 (simplification.cpp        : 497)     Total length = 4
  0:00:06.928     1M / 18M   INFO    General                 (simplification.cpp        : 498)     Median edge length: 3
  0:00:06.928     1M / 18M   INFO    General                 (simplification.cpp        : 499)     Edges: 2
  0:00:06.928     1M / 18M   INFO    General                 (simplification.cpp        : 500)     Vertices: 2
  0:00:06.928     1M / 18M   INFO   StageManager             (stage.cpp                 : 185)   STAGE == Contig Output (id: contig_output)
  0:00:06.931     1M / 18M   INFO    General                 (read_converter.cpp        : 107)   Outputting contigs to /workspace/output/task_1da40717/spades_output/K21/simplified_contigs
  0:00:06.945     3M / 18M   INFO    General                 (binary_converter.cpp      : 111)   2 reads written
  0:00:06.964     1M / 18M   INFO    General                 (pipeline.cpp              : 287)   SPAdes finished
  0:00:06.964     1M / 18M   INFO    General                 (main.cpp                  : 136)   Assembling time: 0 hours 0 minutes 6 seconds

===== K21 finished. 


===== K33 started. 


== Running: /SPAdes-3.15.5-Linux/bin/spades-core /workspace/output/task_1da40717/spades_output/K33/configs/config.info

  0:00:00.000     1M / 10M   INFO    General                 (main.cpp                  :  99)   Loaded config from /workspace/output/task_1da40717/spades_output/K33/configs/config.info
  0:00:00.006     1M / 10M   INFO    General                 (memory_limit.cpp          :  54)   Memory limit set to 7 Gb
  0:00:00.007     1M / 10M   INFO    General                 (main.cpp                  : 107)   Starting SPAdes, built from refs/heads/spades_3.15.5, git revision e757b8216f9a038fb616e9551a2d4891b2d19ad7
  0:00:00.007     1M / 10M   INFO    General                 (main.cpp                  : 108)   Maximum k-mer length: 128
  0:00:00.009     1M / 10M   INFO    General                 (main.cpp                  : 109)   Assembling dataset (/workspace/output/task_1da40717/spades_output/dataset.info) with K=33
  0:00:00.011     1M / 10M   INFO    General                 (main.cpp                  : 110)   Maximum # of threads to use (adjusted due to OMP capabilities): 16
  0:00:00.011     1M / 10M   INFO    General                 (pipeline.cpp              : 212)   SPAdes started
  0:00:00.011     1M / 10M   INFO    General                 (pipeline.cpp              : 225)   Starting from stage: read_conversion
  0:00:00.011     1M / 10M   INFO    General                 (pipeline.cpp              : 231)   Two-step repeat resolution disabled
  0:00:00.011     1M / 10M   INFO   GraphCore                (graph_core.hpp            : 672)   Graph created, vertex min_id: 3, edge min_id: 3
  0:00:00.011     1M / 10M   INFO   GraphCore                (graph_core.hpp            : 673)   Vertex size: 48, edge size: 40
  0:00:00.011     1M / 10M   INFO    General                 (edge_index.hpp            : 113)   Size of edge index entries: 12/8
  0:00:00.011     1M / 10M   INFO    General                 (pipeline.cpp              : 242)   Will need read mapping, kmer mapper will be attached
  0:00:00.011     1M / 10M   INFO   StageManager             (stage.cpp                 : 185)   STAGE == Binary Read Conversion (id: read_conversion)
  0:00:00.018     1M / 10M   INFO    General                 (read_converter.cpp        :  53)   Binary reads detected
  0:00:00.026     1M / 10M   INFO   StageManager             (stage.cpp                 : 185)   STAGE == de Bruijn graph construction (id: construction)
  0:00:00.031     1M / 10M   INFO    General                 (construction.cpp          : 118)   Contigs from previous K will be used: /workspace/output/task_1da40717/spades_output/K21/simplified_contigs
  0:00:00.173     1M / 10M   INFO    General                 (construction.cpp          : 153)   Max read length 50
  0:00:00.179     1M / 10M   INFO    General                 (construction.cpp          : 159)   Average read length 50
  0:00:00.180     1M / 10M   INFO    General                 (stage.cpp                 : 117)   PROCEDURE == k+1-mer counting (id: construction:kpomer_counting)
  0:00:00.180     1M / 10M   INFO    General                 (kmer_index_builder.hpp    : 243)   Splitting kmer instances into 160 files using 16 threads. This might take a while.
  0:00:00.189     1M / 10M   INFO    General                 (file_limit.hpp            :  42)   Open file limit set to 1048576
  0:00:00.207     1M / 10M   INFO    General                 (kmer_splitter.hpp         :  93)   Memory available for splitting buffers: 0.145818 Gb
  0:00:00.216     1M / 10M   INFO    General                 (kmer_splitter.hpp         : 101)   Using cell size of 61160
  0:00:01.368     1M / 18M   INFO    General                 (kmer_splitters.hpp        : 131)   Used 798 reads
  0:00:01.370     1M / 18M   INFO    General                 (kmer_index_builder.hpp    : 249)   Starting k-mer counting.
  0:00:02.456     1M / 18M   INFO    General                 (kmer_index_builder.hpp    : 260)   K-mer counting done. There are 3 kmers in total.
  0:00:02.457     1M / 18M   INFO    General                 (stage.cpp                 : 117)   PROCEDURE == Extension index construction (id: construction:extension_index_construction)
  0:00:02.589     1M / 18M   INFO   K-mer Index Building     (kmer_index_builder.hpp    : 438)   Building kmer index
  0:00:02.596     1M / 18M   INFO    General                 (kmer_index_builder.hpp    : 243)   Splitting kmer instances into 160 files using 16 threads. This might take a while.
  0:00:02.607     1M / 18M   INFO    General                 (file_limit.hpp            :  42)   Open file limit set to 1048576
  0:00:02.608     1M / 18M   INFO    General                 (kmer_splitter.hpp         :  93)   Memory available for splitting buffers: 0.145816 Gb
  0:00:02.608     1M / 18M   INFO    General                 (kmer_splitter.hpp         : 101)   Using cell size of 61159
  0:00:03.752  3201M / 3201M INFO    General                 (kmer_splitters.hpp        : 199)   Used 3 kmers.
  0:00:03.754     2M / 18M   INFO    General                 (kmer_index_builder.hpp    : 249)   Starting k-mer counting.
  0:00:04.875     2M / 18M   INFO    General                 (kmer_index_builder.hpp    : 260)   K-mer counting done. There are 2 kmers in total.
  0:00:04.877     2M / 18M   INFO   K-mer Index Building     (kmer_index_builder.hpp    : 395)   Building perfect hash indices
  0:00:05.349     2M / 18M   INFO   K-mer Index Building     (kmer_index_builder.hpp    : 431)   Index built. Total 2 kmers, 1600 bytes occupied (6400 bits per kmer).
  0:00:05.357     2M / 18M   INFO    General                 (kmer_index_builder.hpp    : 169)   Merging final buckets.
  0:00:05.777     2M / 18M   INFO   DeBruijnExtensionIndexBu (kmer_extension_index_build: 100)   Building k-mer extensions from k+1-mers
  0:00:05.815     2M / 18M   INFO   DeBruijnExtensionIndexBu (kmer_extension_index_build: 105)   Building k-mer extensions from k+1-mers finished.
  0:00:05.831     2M / 18M   INFO    General                 (stage.cpp                 : 117)   PROCEDURE == Condensing graph (id: construction:graph_condensing)
  0:00:05.835     2M / 18M   INFO   UnbranchingPathExtractor (debruijn_graph_constructor: 354)   Extracting unbranching paths
  0:00:05.836     2M / 18M   INFO   UnbranchingPathExtractor (debruijn_graph_constructor: 373)   Extracting unbranching paths finished. 0 sequences extracted
  0:00:05.837     2M / 18M   INFO   UnbranchingPathExtractor (debruijn_graph_constructor: 309)   Collecting perfect loops
  0:00:05.839     2M / 18M   INFO   UnbranchingPathExtractor (debruijn_graph_constructor: 342)   Collecting perfect loops finished. 2 loops collected
  0:00:05.839     2M / 18M   INFO    General                 (debruijn_graph_constructor: 487)   Total 4 edges to create
  0:00:05.839     2M / 18M   INFO    General                 (debruijn_graph_constructor: 489)   Collecting link records
  0:00:05.840     2M / 18M   INFO    General                 (debruijn_graph_constructor: 491)   Ordering link records
  0:00:05.840     2M / 18M   INFO    General                 (debruijn_graph_constructor: 493)   Sorting done
  0:00:05.840     2M / 18M   INFO    General                 (debruijn_graph_constructor: 503)   Total 1 vertices to create
  0:00:05.840     2M / 18M   INFO    General                 (debruijn_graph_constructor: 506)   Connecting the graph
  0:00:05.840     2M / 18M   INFO    General                 (stage.cpp                 : 117)   PROCEDURE == Filling coverage indices (PHM) (id: construction:coverage_filling_phm)
  0:00:05.841     2M / 18M   INFO   K-mer Index Building     (kmer_index_builder.hpp    : 395)   Building perfect hash indices
  0:00:06.269     2M / 18M   INFO   K-mer Index Building     (kmer_index_builder.hpp    : 431)   Index built. Total 3 kmers, 2400 bytes occupied (6400 bits per kmer).
  0:00:06.421     2M / 18M   INFO    General                 (coverage_hash_map_builder.:  47)   Collecting k-mer coverage information from reads, this takes a while.
  0:00:06.430     2M / 18M   INFO    General                 (construction.cpp          : 430)   Filling coverage and flanking coverage from PHM
  0:00:06.774     1M / 18M   INFO   StageManager             (stage.cpp                 : 185)   STAGE == EC Threshold Finding (id: ec_threshold_finder)
  0:00:06.782     1M / 18M   INFO    General                 (kmer_coverage_model.cpp   : 181)   Kmer coverage valley at: 0
  0:00:06.794     1M / 18M   INFO    General                 (kmer_coverage_model.cpp   : 201)   K-mer histogram maximum: 3175
  0:00:06.807     1M / 18M   INFO    General                 (kmer_coverage_model.cpp   : 237)   Estimated median coverage: 3176. Coverage mad: 2.9652
  0:00:06.815     1M / 18M   INFO    General                 (kmer_coverage_model.cpp   : 259)   Fitting coverage model
  0:00:06.849     1M / 18M   INFO    General                 (kmer_coverage_model.cpp   : 295)   ... iteration 2
  0:00:06.878     1M / 18M   INFO    General                 (kmer_coverage_model.cpp   : 295)   ... iteration 4
  0:00:06.903     1M / 18M   INFO    General                 (kmer_coverage_model.cpp   : 295)   ... iteration 8
  0:00:06.994     1M / 18M   INFO    General                 (kmer_coverage_model.cpp   : 309)   Fitted mean coverage: 3176. Fitted coverage std. dev: 1.33788e-309
  0:00:07.011     1M / 18M   INFO    General                 (kmer_coverage_model.cpp   : 334)   Probability of erroneous kmer at valley: 1
  0:00:07.011     1M / 18M   INFO    General                 (kmer_coverage_model.cpp   : 358)   Preliminary threshold calculated as: 3176
  0:00:07.012     1M / 18M   INFO    General                 (kmer_coverage_model.cpp   : 362)   Threshold adjusted to: 1588
  0:00:07.012     1M / 18M   INFO    General                 (kmer_coverage_model.cpp   : 375)   Estimated genome size (ignoring repeats): 3
  0:00:07.013     1M / 18M   INFO    General                 (genomic_info_filler.cpp   :  55)   Mean coverage was calculated as 3176
  0:00:07.013     1M / 18M   INFO    General                 (genomic_info_filler.cpp   :  70)   EC coverage threshold value was calculated as 1588
  0:00:07.014     1M / 18M   INFO    General                 (genomic_info_filler.cpp   :  71)   Trusted kmer low bound: 0
  0:00:07.014     1M / 18M   INFO   StageManager             (stage.cpp                 : 185)   STAGE == Gap Closer (id: early_gapcloser)
  0:00:07.021    10M / 18M   INFO    General                 (edge_index.hpp            : 113)   Size of edge index entries: 12/8
  0:00:07.025    10M / 18M   INFO    General                 (gap_closer.cpp            : 101)   Total edges in tip neighborhood: 0 out of 2, length: 0
  0:00:07.026    10M / 18M   INFO    General                 (gap_closer.cpp            : 437)   No tips in graph, skipping gap closer
  0:00:07.027     1M / 18M   INFO   StageManager             (stage.cpp                 : 185)   STAGE == Raw Simplification (id: raw_simplification)
  0:00:07.030     1M / 18M   INFO    General                 (simplification.cpp        : 127)   PROCEDURE == Initial cleaning
  0:00:07.030     1M / 18M   INFO    General                 (graph_simplification.hpp  : 662)   Flanking coverage based disconnection disabled
  0:00:07.031     1M / 18M   INFO   Simplification           (parallel_processing.hpp   : 167)   Running Self conjugate edge remover
  0:00:07.031     1M / 19M   INFO   Simplification           (parallel_processing.hpp   : 170)   Self conjugate edge remover triggered 0 times
  0:00:07.031     1M / 19M   INFO   Simplification           (parallel_processing.hpp   : 167)   Running Initial tip clipper
  0:00:07.032     1M / 19M   INFO   Simplification           (parallel_processing.hpp   : 170)   Initial tip clipper triggered 0 times
  0:00:07.032     1M / 19M   INFO   Simplification           (parallel_processing.hpp   : 167)   Running Initial ec remover
  0:00:07.032     1M / 19M   INFO   Simplification           (parallel_processing.hpp   : 170)   Initial ec remover triggered 0 times
  0:00:07.032     1M / 19M   INFO   Simplification           (parallel_processing.hpp   : 167)   Running Initial isolated edge remover
  0:00:07.032     1M / 19M   INFO   Simplification           (parallel_processing.hpp   : 170)   Initial isolated edge remover triggered 0 times
  0:00:07.032     1M / 19M   INFO   StageManager             (stage.cpp                 : 185)   STAGE == Simplification (id: simplification)
  0:00:07.032     1M / 19M   INFO    General                 (simplification.cpp        : 368)   Graph simplification started
  0:00:07.032     1M / 19M   INFO    General                 (graph_simplification.hpp  : 634)   Creating parallel br instance
  0:00:07.032     1M / 19M   INFO    General                 (simplification.cpp        : 373)   PROCEDURE == Simplification cycle, iteration 1
  0:00:07.032     1M / 19M   INFO   Simplification           (parallel_processing.hpp   : 167)   Running Tip clipper
  0:00:07.032     1M / 19M   INFO   Simplification           (parallel_processing.hpp   : 170)   Tip clipper triggered 0 times
  0:00:07.032     1M / 19M   INFO   Simplification           (parallel_processing.hpp   : 167)   Running Bulge remover
  0:00:07.032     1M / 19M   INFO   Simplification           (parallel_processing.hpp   : 170)   Bulge remover triggered 0 times
  0:00:07.032     1M / 19M   INFO   Simplification           (parallel_processing.hpp   : 167)   Running Low coverage edge remover
  0:00:07.032     1M / 19M   INFO   Simplification           (parallel_processing.hpp   : 170)   Low coverage edge remover triggered 0 times
  0:00:07.032     1M / 19M   INFO    General                 (simplification.cpp        : 373)   PROCEDURE == Simplification cycle, iteration 2
  0:00:07.032     1M / 19M   INFO   Simplification           (parallel_processing.hpp   : 167)   Running Tip clipper
  0:00:07.032     1M / 19M   INFO   Simplification           (parallel_processing.hpp   : 170)   Tip clipper triggered 0 times
  0:00:07.033     1M / 19M   INFO   Simplification           (parallel_processing.hpp   : 167)   Running Bulge remover
  0:00:07.033     1M / 19M   INFO   Simplification           (parallel_processing.hpp   : 170)   Bulge remover triggered 0 times
  0:00:07.033     1M / 19M   INFO   Simplification           (parallel_processing.hpp   : 167)   Running Low coverage edge remover
  0:00:07.033     1M / 19M   INFO   Simplification           (parallel_processing.hpp   : 170)   Low coverage edge remover triggered 0 times
  0:00:07.033     1M / 19M   INFO    General                 (simplification.cpp        : 373)   PROCEDURE == Simplification cycle, iteration 3
  0:00:07.033     1M / 19M   INFO   Simplification           (parallel_processing.hpp   : 167)   Running Tip clipper
  0:00:07.033     1M / 19M   INFO   Simplification           (parallel_processing.hpp   : 170)   Tip clipper triggered 0 times
  0:00:07.033     1M / 19M   INFO   Simplification           (parallel_processing.hpp   : 167)   Running Bulge remover
  0:00:07.033     1M / 19M   INFO   Simplification           (parallel_processing.hpp   : 170)   Bulge remover triggered 0 times
  0:00:07.033     1M / 19M   INFO   Simplification           (parallel_processing.hpp   : 167)   Running Low coverage edge remover
  0:00:07.033     1M / 19M   INFO   Simplification           (parallel_processing.hpp   : 170)   Low coverage edge remover triggered 0 times
  0:00:07.033     1M / 19M   INFO    General                 (simplification.cpp        : 373)   PROCEDURE == Simplification cycle, iteration 4
  0:00:07.033     1M / 19M   INFO   Simplification           (parallel_processing.hpp   : 167)   Running Tip clipper
  0:00:07.033     1M / 19M   INFO   Simplification           (parallel_processing.hpp   : 170)   Tip clipper triggered 0 times
  0:00:07.033     1M / 19M   INFO   Simplification           (parallel_processing.hpp   : 167)   Running Bulge remover
  0:00:07.033     1M / 19M   INFO   Simplification           (parallel_processing.hpp   : 170)   Bulge remover triggered 0 times
  0:00:07.033     1M / 19M   INFO   Simplification           (parallel_processing.hpp   : 167)   Running Low coverage edge remover
  0:00:07.033     1M / 19M   INFO   Simplification           (parallel_processing.hpp   : 170)   Low coverage edge remover triggered 0 times
  0:00:07.033     1M / 19M   INFO    General                 (simplification.cpp        : 373)   PROCEDURE == Simplification cycle, iteration 5
  0:00:07.033     1M / 19M   INFO   Simplification           (parallel_processing.hpp   : 167)   Running Tip clipper
  0:00:07.033     1M / 19M   INFO   Simplification           (parallel_processing.hpp   : 170)   Tip clipper triggered 0 times
  0:00:07.033     1M / 19M   INFO   Simplification           (parallel_processing.hpp   : 167)   Running Bulge remover
  0:00:07.033     1M / 19M   INFO   Simplification           (parallel_processing.hpp   : 170)   Bulge remover triggered 0 times
  0:00:07.033     1M / 19M   INFO   Simplification           (parallel_processing.hpp   : 167)   Running Low coverage edge remover
  0:00:07.033     1M / 19M   INFO   Simplification           (parallel_processing.hpp   : 170)   Low coverage edge remover triggered 0 times
  0:00:07.033     1M / 19M   INFO    General                 (simplification.cpp        : 373)   PROCEDURE == Simplification cycle, iteration 6
  0:00:07.033     1M / 19M   INFO   Simplification           (parallel_processing.hpp   : 167)   Running Tip clipper
  0:00:07.033     1M / 19M   INFO   Simplification           (parallel_processing.hpp   : 170)   Tip clipper triggered 0 times
  0:00:07.033     1M / 19M   INFO   Simplification           (parallel_processing.hpp   : 167)   Running Bulge remover
  0:00:07.033     1M / 19M   INFO   Simplification           (parallel_processing.hpp   : 170)   Bulge remover triggered 0 times
  0:00:07.033     1M / 19M   INFO   Simplification           (parallel_processing.hpp   : 167)   Running Low coverage edge remover
  0:00:07.033     1M / 19M   INFO   Simplification           (parallel_processing.hpp   : 170)   Low coverage edge remover triggered 0 times
  0:00:07.033     1M / 19M   INFO    General                 (simplification.cpp        : 373)   PROCEDURE == Simplification cycle, iteration 7
  0:00:07.033     1M / 19M   INFO   Simplification           (parallel_processing.hpp   : 167)   Running Tip clipper
  0:00:07.033     1M / 19M   INFO   Simplification           (parallel_processing.hpp   : 170)   Tip clipper triggered 0 times
  0:00:07.033     1M / 19M   INFO   Simplification           (parallel_processing.hpp   : 167)   Running Bulge remover
  0:00:07.033     1M / 19M   INFO   Simplification           (parallel_processing.hpp   : 170)   Bulge remover triggered 0 times
  0:00:07.033     1M / 19M   INFO   Simplification           (parallel_processing.hpp   : 167)   Running Low coverage edge remover
  0:00:07.033     1M / 19M   INFO   Simplification           (parallel_processing.hpp   : 170)   Low coverage edge remover triggered 0 times
  0:00:07.033     1M / 19M   INFO    General                 (simplification.cpp        : 373)   PROCEDURE == Simplification cycle, iteration 8
  0:00:07.033     1M / 19M   INFO   Simplification           (parallel_processing.hpp   : 167)   Running Tip clipper
  0:00:07.033     1M / 19M   INFO   Simplification           (parallel_processing.hpp   : 170)   Tip clipper triggered 0 times
  0:00:07.033     1M / 19M   INFO   Simplification           (parallel_processing.hpp   : 167)   Running Bulge remover
  0:00:07.033     1M / 19M   INFO   Simplification           (parallel_processing.hpp   : 170)   Bulge remover triggered 0 times
  0:00:07.033     1M / 19M   INFO   Simplification           (parallel_processing.hpp   : 167)   Running Low coverage edge remover
  0:00:07.033     1M / 19M   INFO   Simplification           (parallel_processing.hpp   : 170)   Low coverage edge remover triggered 0 times
  0:00:07.033     1M / 19M   INFO    General                 (simplification.cpp        : 373)   PROCEDURE == Simplification cycle, iteration 9
  0:00:07.033     1M / 19M   INFO   Simplification           (parallel_processing.hpp   : 167)   Running Tip clipper
  0:00:07.033     1M / 19M   INFO   Simplification           (parallel_processing.hpp   : 170)   Tip clipper triggered 0 times
  0:00:07.033     1M / 19M   INFO   Simplification           (parallel_processing.hpp   : 167)   Running Bulge remover
  0:00:07.033     1M / 19M   INFO   Simplification           (parallel_processing.hpp   : 170)   Bulge remover triggered 0 times
  0:00:07.033     1M / 19M   INFO   Simplification           (parallel_processing.hpp   : 167)   Running Low coverage edge remover
  0:00:07.033     1M / 19M   INFO   Simplification           (parallel_processing.hpp   : 170)   Low coverage edge remover triggered 0 times
  0:00:07.033     1M / 19M   INFO    General                 (simplification.cpp        : 373)   PROCEDURE == Simplification cycle, iteration 10
  0:00:07.033     1M / 19M   INFO   Simplification           (parallel_processing.hpp   : 167)   Running Tip clipper
  0:00:07.033     1M / 19M   INFO   Simplification           (parallel_processing.hpp   : 170)   Tip clipper triggered 0 times
  0:00:07.033     1M / 19M   INFO   Simplification           (parallel_processing.hpp   : 167)   Running Bulge remover
  0:00:07.033     1M / 19M   INFO   Simplification           (parallel_processing.hpp   : 170)   Bulge remover triggered 0 times
  0:00:07.033     1M / 19M   INFO   Simplification           (parallel_processing.hpp   : 167)   Running Low coverage edge remover
  0:00:07.033     1M / 19M   INFO   Simplification           (parallel_processing.hpp   : 170)   Low coverage edge remover triggered 0 times
  0:00:07.033     1M / 19M   INFO    General                 (simplification.cpp        : 373)   PROCEDURE == Simplification cycle, iteration 11
  0:00:07.033     1M / 19M   INFO   Simplification           (parallel_processing.hpp   : 167)   Running Tip clipper
  0:00:07.033     1M / 19M   INFO   Simplification           (parallel_processing.hpp   : 170)   Tip clipper triggered 0 times
  0:00:07.033     1M / 19M   INFO   Simplification           (parallel_processing.hpp   : 167)   Running Bulge remover
  0:00:07.033     1M / 19M   INFO   Simplification           (parallel_processing.hpp   : 170)   Bulge remover triggered 0 times
  0:00:07.033     1M / 19M   INFO   Simplification           (parallel_processing.hpp   : 167)   Running Low coverage edge remover
  0:00:07.033     1M / 19M   INFO   Simplification           (parallel_processing.hpp   : 170)   Low coverage edge remover triggered 0 times
  0:00:07.033     1M / 19M   INFO   StageManager             (stage.cpp                 : 185)   STAGE == Gap Closer (id: late_gapcloser)
  0:00:07.040    10M / 19M   INFO    General                 (edge_index.hpp            : 113)   Size of edge index entries: 12/8
  0:00:07.041    10M / 19M   INFO    General                 (gap_closer.cpp            : 101)   Total edges in tip neighborhood: 0 out of 2, length: 0
  0:00:07.041    10M / 19M   INFO    General                 (gap_closer.cpp            : 437)   No tips in graph, skipping gap closer
  0:00:07.043     1M / 19M   INFO   StageManager             (stage.cpp                 : 185)   STAGE == Simplification Cleanup (id: simplification_cleanup)
  0:00:07.043     1M / 19M   INFO    General                 (simplification.cpp        : 176)   PROCEDURE == Post simplification
  0:00:07.043     1M / 19M   INFO    General                 (graph_simplification.hpp  : 448)   Disconnection of relatively low covered edges disabled
  0:00:07.043     1M / 19M   INFO    General                 (graph_simplification.hpp  : 485)   Complex tip clipping disabled
  0:00:07.044     1M / 19M   INFO    General                 (graph_simplification.hpp  : 634)   Creating parallel br instance
  0:00:07.044     1M / 19M   INFO   Simplification           (parallel_processing.hpp   : 167)   Running Tip clipper
  0:00:07.044     1M / 19M   INFO   Simplification           (parallel_processing.hpp   : 170)   Tip clipper triggered 0 times
  0:00:07.044     1M / 19M   INFO   Simplification           (parallel_processing.hpp   : 167)   Running Bulge remover
  0:00:07.044     1M / 19M   INFO   Simplification           (parallel_processing.hpp   : 170)   Bulge remover triggered 0 times
  0:00:07.044     1M / 19M   INFO   Simplification           (parallel_processing.hpp   : 167)   Running Tip clipper
  0:00:07.044     1M / 19M   INFO   Simplification           (parallel_processing.hpp   : 170)   Tip clipper triggered 0 times
  0:00:07.044     1M / 19M   INFO   Simplification           (parallel_processing.hpp   : 167)   Running Bulge remover
  0:00:07.044     1M / 19M   INFO   Simplification           (parallel_processing.hpp   : 170)   Bulge remover triggered 0 times
  0:00:07.044     1M / 19M   INFO    General                 (simplification.cpp        : 327)   Disrupting self-conjugate edges
  0:00:07.044     1M / 19M   INFO   Simplification           (parallel_processing.hpp   : 167)   Running Removing isolated edges
  0:00:07.044     1M / 19M   INFO   Simplification           (parallel_processing.hpp   : 170)   Removing isolated edges triggered 0 times
  0:00:07.045     1M / 19M   INFO    General                 (simplification.cpp        : 495)   After simplification:
  0:00:07.045     1M / 19M   INFO    General                 (simplification.cpp        : 496)     Average coverage = 3374.5
  0:00:07.045     1M / 19M   INFO    General                 (simplification.cpp        : 497)     Total length = 4
  0:00:07.045     1M / 19M   INFO    General                 (simplification.cpp        : 498)     Median edge length: 3
  0:00:07.045     1M / 19M   INFO    General                 (simplification.cpp        : 499)     Edges: 2
  0:00:07.045     1M / 19M   INFO    General                 (simplification.cpp        : 500)     Vertices: 2
  0:00:07.045     1M / 19M   INFO   StageManager             (stage.cpp                 : 185)   STAGE == Mismatch Correction (id: mismatch_correction)
  0:00:07.045     1M / 19M   INFO    General                 (graph_pack.cpp            :  67)   Index refill
  0:00:07.045     1M / 19M   INFO    General                 (edge_index.hpp            : 156)   Using small index (max_id = 7)
  0:00:07.052     1M / 19M   INFO   K-mer Index Building     (kmer_index_builder.hpp    : 395)   Building perfect hash indices
  0:00:07.058     1M / 19M   INFO   K-mer Index Building     (kmer_index_builder.hpp    : 431)   Index built. Total 3 kmers, 800 bytes occupied (2133.33 bits per kmer).
  0:00:07.061     1M / 19M   INFO    General                 (edge_index_builders.hpp   : 252)   Collecting edge information from graph, this takes a while.
  0:00:07.064     1M / 19M   INFO    General                 (graph_pack.cpp            :  77)   Normalizing k-mer map. Total 0 kmers to process
  0:00:07.064     1M / 19M   INFO    General                 (graph_pack.cpp            :  79)   Normalizing done
  0:00:07.065     1M / 19M   INFO    General                 (mismatch_correction.cpp   : 400)   Collect potential mismatches
  0:00:07.065     1M / 19M   INFO    General                 (mismatch_correction.cpp   : 192)   Total 0 edges (out of 2) with 0 potential mismatch positions (-nan positions per edge)
  0:00:07.065     1M / 19M   INFO    General                 (mismatch_correction.cpp   : 402)   Potential mismatches collected
  0:00:07.188     1M / 19M   INFO    General                 (sequence_mapper_notifier.h:  95)   Total 794 reads processed
  0:00:07.208     1M / 19M   INFO    General                 (mismatch_correction.cpp   : 395)   All edges processed
  0:00:07.210     1M / 19M   INFO    General                 (mismatch_correction.cpp   : 450)   Corrected 0 nucleotides
  0:00:07.215     1M / 19M   INFO   StageManager             (stage.cpp                 : 185)   STAGE == Contig Output (id: contig_output)
  0:00:07.217     1M / 19M   INFO    General                 (contig_output.hpp         :  16)   Outputting contigs to /workspace/output/task_1da40717/spades_output/K33/before_rr.fasta
  0:00:07.234     1M / 19M   INFO    General                 (contig_output_stage.cpp   : 151)   Writing GFA graph to /workspace/output/task_1da40717/spades_output/K33/assembly_graph_after_simplification.gfa
  0:00:07.236     1M / 19M   INFO   StageManager             (stage.cpp                 : 185)   STAGE == Paired Information Counting (id: late_pair_info_count)
  0:00:07.243     1M / 19M   INFO    General                 (graph_pack.cpp            :  77)   Normalizing k-mer map. Total 0 kmers to process
  0:00:07.247     1M / 19M   INFO    General                 (graph_pack.cpp            :  79)   Normalizing done
  0:00:07.250     1M / 19M   INFO    General                 (pair_info_count.cpp       : 339)   Min edge length for estimation: 3
  0:00:07.253     1M / 19M   INFO    General                 (pair_info_count.cpp       : 350)   Estimating insert size for library #0
  0:00:07.255     1M / 19M   INFO    General                 (pair_info_count.cpp       : 202)   Estimating insert size (takes a while)
  0:00:07.549   273M / 282M  INFO    General                 (pair_info_count.cpp       :  48)   Selecting usual mapper
  0:00:07.830   273M / 282M  INFO    General                 (sequence_mapper_notifier.h:  95)   Total 197 reads processed
  0:00:07.883   273M / 282M  INFO    General                 (pair_info_count.cpp       : 220)   Edge pairs: 4
  0:00:07.890   273M / 282M  INFO    General                 (pair_info_count.cpp       : 222)   0 paired reads (0% of all) aligned to long edges
  0:00:07.904     1M / 282M  WARN    General                 (pair_info_count.cpp       : 358)   Unable to estimate insert size for paired library #0
  0:00:07.912     1M / 282M  WARN    General                 (pair_info_count.cpp       : 364)   None of paired reads aligned properly. Please, check orientation of your read pairs.
  0:00:07.913     1M / 282M  INFO   StageManager             (stage.cpp                 : 185)   STAGE == Distance Estimation (id: distance_estimation)
  0:00:07.915     1M / 282M  INFO    General                 (distance_estimation.cpp   : 186)   Clearing raw paired index
  0:00:07.918     1M / 282M  INFO   StageManager             (stage.cpp                 : 185)   STAGE == Repeat Resolving (id: repeat_resolving)
  0:00:07.919     1M / 282M  WARN    General                 (repeat_resolving.cpp      :  81)   Insert size was not estimated for any of the paired libraries, repeat resolution module will not run.
  0:00:07.920     1M / 282M  INFO   StageManager             (stage.cpp                 : 185)   STAGE == Contig Output (id: contig_output)
  0:00:07.920     1M / 282M  INFO    General                 (contig_output.hpp         :  16)   Outputting contigs to /workspace/output/task_1da40717/spades_output/K33/before_rr.fasta
  0:00:07.928     1M / 282M  INFO    General                 (contig_output_stage.cpp   : 151)   Writing GFA graph to /workspace/output/task_1da40717/spades_output/K33/assembly_graph_with_scaffolds.gfa
  0:00:07.928     1M / 282M  INFO    General                 (contig_output_stage.cpp   : 165)   Outputting FastG graph to /workspace/output/task_1da40717/spades_output/K33/assembly_graph.fastg
  0:00:07.931     1M / 282M  INFO    General                 (contig_output.hpp         :  16)   Outputting contigs to /workspace/output/task_1da40717/spades_output/K33/final_contigs.fasta
  0:00:07.939     1M / 282M  INFO    General                 (pipeline.cpp              : 287)   SPAdes finished
  0:00:07.940     1M / 282M  INFO    General                 (main.cpp                  : 136)   Assembling time: 0 hours 0 minutes 7 seconds

===== K33 finished. 


===== Copy files started. 


== Running: /usr/bin/python /SPAdes-3.15.5-Linux/share/spades/spades_pipeline/scripts/copy_files.py /workspace/output/task_1da40717/spades_output/K33/before_rr.fasta /workspace/output/task_1da40717/spades_output/before_rr.fasta /workspace/output/task_1da40717/spades_output/K33/assembly_graph_after_simplification.gfa /workspace/output/task_1da40717/spades_output/assembly_graph_after_simplification.gfa /workspace/output/task_1da40717/spades_output/K33/final_contigs.fasta /workspace/output/task_1da40717/spades_output/contigs.fasta /workspace/output/task_1da40717/spades_output/K33/first_pe_contigs.fasta /workspace/output/task_1da40717/spades_output/first_pe_contigs.fasta /workspace/output/task_1da40717/spades_output/K33/strain_graph.gfa /workspace/output/task_1da40717/spades_output/strain_graph.gfa /workspace/output/task_1da40717/spades_output/K33/scaffolds.fasta /workspace/output/task_1da40717/spades_output/scaffolds.fasta /workspace/output/task_1da40717/spades_output/K33/scaffolds.paths /workspace/output/task_1da40717/spades_output/scaffolds.paths /workspace/output/task_1da40717/spades_output/K33/assembly_graph_with_scaffolds.gfa /workspace/output/task_1da40717/spades_output/assembly_graph_with_scaffolds.gfa /workspace/output/task_1da40717/spades_output/K33/assembly_graph.fastg /workspace/output/task_1da40717/spades_output/assembly_graph.fastg /workspace/output/task_1da40717/spades_output/K33/final_contigs.paths /workspace/output/task_1da40717/spades_output/contigs.paths


===== Copy files finished. 


===== Assembling finished. 


===== Breaking scaffolds started. 


== Running: /usr/bin/python /SPAdes-3.15.5-Linux/share/spades/spades_pipeline/scripts/breaking_scaffolds_script.py --result_scaffolds_filename /workspace/output/task_1da40717/spades_output/scaffolds.fasta --misc_dir /workspace/output/task_1da40717/spades_output/misc --threshold_for_breaking_scaffolds 3


===== Breaking scaffolds finished. 


===== Terminate started. 


===== Terminate finished. 

 * Corrected reads are in /workspace/output/task_1da40717/spades_output/corrected/
 * Assembled contigs are in /workspace/output/task_1da40717/spades_output/contigs.fasta
 * Assembly graph is in /workspace/output/task_1da40717/spades_output/assembly_graph.fastg
 * Assembly graph in GFA format is in /workspace/output/task_1da40717/spades_output/assembly_graph_with_scaffolds.gfa

======= SPAdes pipeline finished WITH WARNINGS!

=== Error correction and assembling warnings:
 * 0:00:07.904     1M / 282M  WARN    General                 (pair_info_count.cpp       : 358)   Unable to estimate insert size for paired library #0
 * 0:00:07.912     1M / 282M  WARN    General                 (pair_info_count.cpp       : 364)   None of paired reads aligned properly. Please, check orientation of your read pairs.
 * 0:00:07.919     1M / 282M  WARN    General                 (repeat_resolving.cpp      :  81)   Insert size was not estimated for any of the paired libraries, repeat resolution module will not run.
======= Warnings saved to /workspace/output/task_1da40717/spades_output/warnings.log

SPAdes log can be found here: /workspace/output/task_1da40717/spades_output/spades.log

Thank you for using SPAdes!
