Command line: /SPAdes-3.15.5-Linux/bin/spades.py	--phred-offset	33	-k	21,33,55,77	--meta	-1	/workspace/output/task_6cca3bef/data/SRR1234567_R1.fastq.gz	-2	/workspace/output/task_6cca3bef/data/SRR1234567_R2.fastq.gz	-o	/workspace/output/task_6cca3bef	

System information:
  SPAdes version: 3.15.5
  Python version: 3.8.10
  OS: Linux-6.6.87.2-microsoft-standard-WSL2-x86_64-with-glibc2.29

Output dir: /workspace/output/task_6cca3bef
Mode: read error correction and assembling
Debug mode is turned OFF

Dataset parameters:
  Metagenomic mode
  Reads:
    Library number: 1, library type: paired-end
      orientation: fr
      left reads: ['/workspace/output/task_6cca3bef/data/SRR1234567_R1.fastq.gz']
      right reads: ['/workspace/output/task_6cca3bef/data/SRR1234567_R2.fastq.gz']
      interlaced reads: not specified
      single reads: not specified
      merged reads: not specified
Read error correction parameters:
  Iterations: 1
  PHRED offset: 33
  Corrected reads will be compressed
Assembly parameters:
  k: [21, 33, 55, 77]
  Repeat resolution is enabled
  Mismatch careful mode is turned OFF
  MismatchCorrector will be SKIPPED
  Coverage cutoff is turned OFF
Other parameters:
  Dir for temp files: /workspace/output/task_6cca3bef/tmp
  Threads: 16
  Memory limit (in Gb): 7


======= SPAdes pipeline started. Log can be found here: /workspace/output/task_6cca3bef/spades.log

/workspace/output/task_6cca3bef/data/SRR1234567_R1.fastq.gz: max reads length: 50
/workspace/output/task_6cca3bef/data/SRR1234567_R2.fastq.gz: max reads length: 50

Reads length: 50

K-mer sizes were set to [21, 33] because estimated read length (50) is less than 77

===== Before start started. 


===== Read error correction started. 


===== Read error correction started. 


== Running: /SPAdes-3.15.5-Linux/bin/spades-hammer /workspace/output/task_6cca3bef/corrected/configs/config.info

  0:00:00.000     1M / 10M   INFO    General                 (main.cpp                  :  75)   Starting BayesHammer, built from refs/heads/spades_3.15.5, git revision e757b8216f9a038fb616e9551a2d4891b2d19ad7
  0:00:00.009     1M / 10M   INFO    General                 (main.cpp                  :  76)   Loading config from /workspace/output/task_6cca3bef/corrected/configs/config.info
  0:00:00.019     1M / 10M   INFO    General                 (main.cpp                  :  78)   Maximum # of threads to use (adjusted due to OMP capabilities): 16
  0:00:00.020     1M / 10M   INFO    General                 (memory_limit.cpp          :  54)   Memory limit set to 7 Gb
  0:00:00.021     1M / 10M   INFO    General                 (hammer_tools.cpp          :  38)   Hamming graph threshold tau=1, k=21, subkmer positions = [ 0 10 ]
  0:00:00.021     1M / 10M   INFO    General                 (main.cpp                  : 113)   Size of aux. kmer data 24 bytes
     === ITERATION 0 begins ===
  0:00:00.021     1M / 10M   INFO   K-mer Counting           (kmer_data.cpp             : 283)   Estimating k-mer count
  0:00:00.184   257M / 260M  INFO   K-mer Counting           (kmer_data.cpp             : 288)   Processing /workspace/output/task_6cca3bef/data/SRR1234567_R1.fastq.gz
  0:00:00.208   257M / 261M  INFO   K-mer Counting           (kmer_data.cpp             : 288)   Processing /workspace/output/task_6cca3bef/data/SRR1234567_R2.fastq.gz
  0:00:00.218   257M / 261M  INFO   K-mer Counting           (kmer_data.cpp             : 302)   Total 200 reads processed
  0:00:00.510   257M / 261M  INFO   K-mer Counting           (kmer_data.cpp             : 305)   Estimated 4 distinct kmers
  0:00:00.517     1M / 261M  INFO   K-mer Counting           (kmer_data.cpp             : 309)   Filtering singleton k-mers
  0:00:00.521     1M / 261M  INFO   K-mer Counting           (kmer_data.cpp             : 315)   Processing /workspace/output/task_6cca3bef/data/SRR1234567_R1.fastq.gz
  0:00:00.541     1M / 261M  INFO   K-mer Counting           (kmer_data.cpp             : 315)   Processing /workspace/output/task_6cca3bef/data/SRR1234567_R2.fastq.gz
  0:00:00.567     1M / 261M  INFO   K-mer Counting           (kmer_data.cpp             : 329)   Total 200 reads processed
  0:00:00.582     1M / 261M  INFO    General                 (kmer_index_builder.hpp    : 243)   Splitting kmer instances into 16 files using 16 threads. This might take a while.
  0:00:00.590     1M / 261M  INFO    General                 (file_limit.hpp            :  42)   Open file limit set to 1048576
  0:00:00.594     1M / 261M  INFO    General                 (kmer_splitter.hpp         :  93)   Memory available for splitting buffers: 0.145831 Gb
  0:00:00.596     1M / 261M  INFO    General                 (kmer_splitter.hpp         : 101)   Using cell size of 1223321
  0:00:00.607  2817M / 2817M INFO   K-mer Splitting          (kmer_data.cpp             :  97)   Processing /workspace/output/task_6cca3bef/data/SRR1234567_R1.fastq.gz
  0:00:00.762  2817M / 2817M INFO   K-mer Splitting          (kmer_data.cpp             :  97)   Processing /workspace/output/task_6cca3bef/data/SRR1234567_R2.fastq.gz
  0:00:00.839  2817M / 2817M INFO   K-mer Splitting          (kmer_data.cpp             : 112)   Total 200 reads processed
  0:00:00.844     1M / 261M  INFO    General                 (kmer_index_builder.hpp    : 249)   Starting k-mer counting.
  0:00:00.922     1M / 261M  INFO    General                 (kmer_index_builder.hpp    : 260)   K-mer counting done. There are 4 kmers in total.
  0:00:00.936     1M / 261M  INFO   K-mer Index Building     (kmer_index_builder.hpp    : 395)   Building perfect hash indices
  0:00:00.998     1M / 261M  INFO   K-mer Index Building     (kmer_index_builder.hpp    : 431)   Index built. Total 4 kmers, 2400 bytes occupied (4800 bits per kmer).
  0:00:01.024     1M / 261M  INFO   K-mer Counting           (kmer_data.cpp             : 354)   Arranging kmers in hash map order
  0:00:01.071     1M / 261M  INFO    General                 (main.cpp                  : 148)   Clustering Hamming graph.
  0:00:01.074     1M / 261M  INFO    General                 (main.cpp                  : 155)   Extracting clusters:
  0:00:01.074     1M / 261M  INFO    General                 (concurrent_dsu.cpp        :  18)   Connecting to root
  0:00:01.074     1M / 261M  INFO    General                 (concurrent_dsu.cpp        :  34)   Calculating counts
  0:00:01.074     1M / 261M  INFO    General                 (concurrent_dsu.cpp        :  63)   Writing down entries
  0:00:01.089     1M / 261M  INFO    General                 (main.cpp                  : 167)   Clustering done. Total clusters: 4
  0:00:01.089     1M / 261M  INFO   K-mer Counting           (kmer_data.cpp             : 371)   Collecting K-mer information, this takes a while.
  0:00:01.090     1M / 261M  INFO   K-mer Counting           (kmer_data.cpp             : 377)   Processing /workspace/output/task_6cca3bef/data/SRR1234567_R1.fastq.gz
  0:00:01.114     1M / 261M  INFO   K-mer Counting           (kmer_data.cpp             : 377)   Processing /workspace/output/task_6cca3bef/data/SRR1234567_R2.fastq.gz
  0:00:01.131     1M / 261M  INFO   K-mer Counting           (kmer_data.cpp             : 384)   Collection done, postprocessing.
  0:00:01.135     1M / 261M  INFO   K-mer Counting           (kmer_data.cpp             : 397)   There are 4 kmers in total. Among them 0 (0%) are singletons.
  0:00:01.140     1M / 261M  INFO    General                 (main.cpp                  : 173)   Subclustering Hamming graph
  0:00:01.193     1M / 261M  INFO   Hamming Subclustering    (kmer_cluster.cpp          : 650)   Subclustering done. Total 0 non-read kmers were generated.
  0:00:01.194     1M / 261M  INFO   Hamming Subclustering    (kmer_cluster.cpp          : 651)   Subclustering statistics:
  0:00:01.201     1M / 261M  INFO   Hamming Subclustering    (kmer_cluster.cpp          : 652)     Total singleton hamming clusters: 4. Among them 4 (100%) are good
  0:00:01.208     1M / 261M  INFO   Hamming Subclustering    (kmer_cluster.cpp          : 653)     Total singleton subclusters: 0. Among them 0 (-nan%) are good
  0:00:01.209     1M / 261M  INFO   Hamming Subclustering    (kmer_cluster.cpp          : 654)     Total non-singleton subcluster centers: 0. Among them 0 (-nan%) are good
  0:00:01.215     1M / 261M  INFO   Hamming Subclustering    (kmer_cluster.cpp          : 655)     Average size of non-trivial subcluster: -nan kmers
  0:00:01.217     1M / 261M  INFO   Hamming Subclustering    (kmer_cluster.cpp          : 656)     Average number of sub-clusters per non-singleton cluster: -nan
  0:00:01.220     1M / 261M  INFO   Hamming Subclustering    (kmer_cluster.cpp          : 657)     Total solid k-mers: 4
  0:00:01.221     1M / 261M  INFO   Hamming Subclustering    (kmer_cluster.cpp          : 658)     Substitution probabilities: [4,4]((-nan,-nan,-nan,-nan),(-nan,-nan,-nan,-nan),(-nan,-nan,-nan,-nan),(-nan,-nan,-nan,-nan))
  0:00:01.238     1M / 261M  INFO    General                 (main.cpp                  : 178)   Finished clustering.
  0:00:01.241     1M / 261M  INFO    General                 (main.cpp                  : 197)   Starting solid k-mers expansion in 16 threads.
  0:00:01.261     1M / 261M  INFO    General                 (main.cpp                  : 218)   Solid k-mers iteration 0 produced 0 new k-mers.
  0:00:01.267     1M / 261M  INFO    General                 (main.cpp                  : 222)   Solid k-mers finalized
  0:00:01.271     1M / 261M  INFO    General                 (hammer_tools.cpp          : 222)   Starting read correction in 16 threads.
  0:00:01.273     1M / 261M  INFO    General                 (hammer_tools.cpp          : 235)   Correcting pair of reads: /workspace/output/task_6cca3bef/data/SRR1234567_R1.fastq.gz and /workspace/output/task_6cca3bef/data/SRR1234567_R2.fastq.gz
  0:00:01.371   130M / 319M  INFO    General                 (hammer_tools.cpp          : 170)   Prepared batch 0 of 100 reads.
  0:00:01.387   130M / 319M  INFO    General                 (hammer_tools.cpp          : 177)   Processed batch 0
  0:00:01.391   130M / 319M  INFO    General                 (hammer_tools.cpp          : 187)   Written batch 0
  0:00:01.417     1M / 319M  INFO    General                 (hammer_tools.cpp          : 276)   Correction done. Changed 0 bases in 0 reads.
  0:00:01.423     1M / 319M  INFO    General                 (hammer_tools.cpp          : 277)   Failed to correct 0 bases out of 10000.
  0:00:01.424     1M / 319M  INFO    General                 (main.cpp                  : 248)   Too few reads have changed in this iteration. Exiting.
  0:00:01.426     1M / 319M  INFO    General                 (main.cpp                  : 255)   Saving corrected dataset description to /workspace/output/task_6cca3bef/corrected/corrected.yaml
  0:00:01.438     1M / 319M  INFO    General                 (main.cpp                  : 262)   All done. Exiting.

===== Read error correction finished. 


===== corrected reads compression started. 


== Running: /usr/bin/python /SPAdes-3.15.5-Linux/share/spades/spades_pipeline/scripts/compress_all.py --input_file /workspace/output/task_6cca3bef/corrected/corrected.yaml --ext_python_modules_home /SPAdes-3.15.5-Linux/share/spades --max_threads 16 --output_dir /workspace/output/task_6cca3bef/corrected --gzip_output

== Compressing corrected reads (with pigz)
== Files to compress: ['/workspace/output/task_6cca3bef/corrected/SRR1234567_R1.fastq.00.0_0.cor.fastq', '/workspace/output/task_6cca3bef/corrected/SRR1234567_R2.fastq.00.0_0.cor.fastq', '/workspace/output/task_6cca3bef/corrected/SRR1234567_R_unpaired.00.0_0.cor.fastq']
== Files compression is finished
== Dataset yaml file is updated

===== corrected reads compression finished. 


===== Read error correction finished. 


===== Assembling started. 


===== K21 started. 


== Running: /SPAdes-3.15.5-Linux/bin/spades-core /workspace/output/task_6cca3bef/K21/configs/config.info /workspace/output/task_6cca3bef/K21/configs/mda_mode.info /workspace/output/task_6cca3bef/K21/configs/meta_mode.info

  0:00:00.000     1M / 10M   INFO    General                 (main.cpp                  :  99)   Loaded config from /workspace/output/task_6cca3bef/K21/configs/config.info
  0:00:00.009     1M / 10M   INFO    General                 (main.cpp                  :  99)   Loaded config from /workspace/output/task_6cca3bef/K21/configs/mda_mode.info
  0:00:00.010     1M / 10M   INFO    General                 (main.cpp                  :  99)   Loaded config from /workspace/output/task_6cca3bef/K21/configs/meta_mode.info
  0:00:00.013     1M / 10M   INFO    General                 (memory_limit.cpp          :  54)   Memory limit set to 7 Gb
  0:00:00.013     1M / 10M   INFO    General                 (main.cpp                  : 107)   Starting SPAdes, built from refs/heads/spades_3.15.5, git revision e757b8216f9a038fb616e9551a2d4891b2d19ad7
  0:00:00.014     1M / 10M   INFO    General                 (main.cpp                  : 108)   Maximum k-mer length: 128
  0:00:00.014     1M / 10M   INFO    General                 (main.cpp                  : 109)   Assembling dataset (/workspace/output/task_6cca3bef/dataset.info) with K=21
  0:00:00.014     1M / 10M   INFO    General                 (main.cpp                  : 110)   Maximum # of threads to use (adjusted due to OMP capabilities): 16
  0:00:00.014     1M / 10M   INFO    General                 (pipeline.cpp              : 212)   SPAdes started
  0:00:00.014     1M / 10M   INFO    General                 (pipeline.cpp              : 225)   Starting from stage: read_conversion
  0:00:00.014     1M / 10M   INFO    General                 (pipeline.cpp              : 231)   Two-step repeat resolution disabled
  0:00:00.015     1M / 10M   INFO   GraphCore                (graph_core.hpp            : 672)   Graph created, vertex min_id: 3, edge min_id: 3
  0:00:00.015     1M / 10M   INFO   GraphCore                (graph_core.hpp            : 673)   Vertex size: 48, edge size: 40
  0:00:00.017     1M / 10M   INFO    General                 (edge_index.hpp            : 113)   Size of edge index entries: 12/8
  0:00:00.019     1M / 10M   INFO   StageManager             (stage.cpp                 : 185)   STAGE == Binary Read Conversion (id: read_conversion)
  0:00:00.037     1M / 10M   INFO    General                 (read_converter.cpp        :  72)   Converting reads to binary format for library #0 (takes a while)
  0:00:00.037     1M / 10M   INFO    General                 (read_converter.cpp        :  73)   Converting paired reads
  0:00:00.061    21M / 21M   INFO    General                 (binary_converter.cpp      : 111)   97 reads written
  0:00:00.065    14M / 14M   INFO    General                 (read_converter.cpp        :  86)   Converting single reads
  0:00:00.075    24M / 24M   INFO    General                 (binary_converter.cpp      : 111)   3 reads written
  0:00:00.077    20M / 20M   INFO    General                 (read_converter.cpp        :  92)   Converting merged reads
  0:00:00.083    24M / 24M   INFO    General                 (binary_converter.cpp      : 111)   0 reads written
  0:00:00.100     1M / 10M   INFO   StageManager             (stage.cpp                 : 185)   STAGE == de Bruijn graph construction (id: construction)
  0:00:00.195     1M / 10M   INFO    General                 (construction.cpp          : 153)   Max read length 50
  0:00:00.197     1M / 10M   INFO    General                 (construction.cpp          : 159)   Average read length 50
  0:00:00.197     1M / 10M   INFO    General                 (stage.cpp                 : 117)   PROCEDURE == k+1-mer counting (id: construction:kpomer_counting)
  0:00:00.198     1M / 10M   INFO    General                 (kmer_index_builder.hpp    : 243)   Splitting kmer instances into 160 files using 16 threads. This might take a while.
  0:00:00.204     1M / 10M   INFO    General                 (file_limit.hpp            :  42)   Open file limit set to 1048576
  0:00:00.204     1M / 10M   INFO    General                 (kmer_splitter.hpp         :  93)   Memory available for splitting buffers: 0.145821 Gb
  0:00:00.204     1M / 10M   INFO    General                 (kmer_splitter.hpp         : 101)   Using cell size of 122323
  0:00:01.261     1M / 17M   INFO    General                 (kmer_splitters.hpp        : 131)   Used 394 reads
  0:00:01.264     1M / 17M   INFO    General                 (kmer_index_builder.hpp    : 249)   Starting k-mer counting.
  0:00:02.158     1M / 17M   INFO    General                 (kmer_index_builder.hpp    : 260)   K-mer counting done. There are 3 kmers in total.
  0:00:02.160     1M / 17M   INFO    General                 (stage.cpp                 : 117)   PROCEDURE == Extension index construction (id: construction:extension_index_construction)
  0:00:02.267     1M / 17M   INFO   K-mer Index Building     (kmer_index_builder.hpp    : 438)   Building kmer index
  0:00:02.277     1M / 17M   INFO    General                 (kmer_index_builder.hpp    : 243)   Splitting kmer instances into 160 files using 16 threads. This might take a while.
  0:00:02.286     1M / 17M   INFO    General                 (file_limit.hpp            :  42)   Open file limit set to 1048576
  0:00:02.308     1M / 17M   INFO    General                 (kmer_splitter.hpp         :  93)   Memory available for splitting buffers: 0.145819 Gb
  0:00:02.316     1M / 17M   INFO    General                 (kmer_splitter.hpp         : 101)   Using cell size of 122322
  0:00:03.393  3201M / 3201M INFO    General                 (kmer_splitters.hpp        : 199)   Used 3 kmers.
  0:00:03.394     1M / 18M   INFO    General                 (kmer_index_builder.hpp    : 249)   Starting k-mer counting.
  0:00:04.301     1M / 18M   INFO    General                 (kmer_index_builder.hpp    : 260)   K-mer counting done. There are 2 kmers in total.
  0:00:04.301     1M / 18M   INFO   K-mer Index Building     (kmer_index_builder.hpp    : 395)   Building perfect hash indices
  0:00:04.681     2M / 18M   INFO   K-mer Index Building     (kmer_index_builder.hpp    : 431)   Index built. Total 2 kmers, 1600 bytes occupied (6400 bits per kmer).
  0:00:04.686     2M / 18M   INFO    General                 (kmer_index_builder.hpp    : 169)   Merging final buckets.
  0:00:05.018     2M / 18M   INFO   DeBruijnExtensionIndexBu (kmer_extension_index_build: 100)   Building k-mer extensions from k+1-mers
  0:00:05.052     2M / 18M   INFO   DeBruijnExtensionIndexBu (kmer_extension_index_build: 105)   Building k-mer extensions from k+1-mers finished.
  0:00:05.069     1M / 18M   INFO    General                 (stage.cpp                 : 117)   PROCEDURE == Early tip clipping (id: construction:early_tip_clipper)
  0:00:05.069     1M / 18M   INFO    General                 (construction.cpp          : 301)   Early tip clipper length bound set as (RL - K)
  0:00:05.069     1M / 18M   INFO   Early tip clipping       (early_simplification.hpp  :  47)   Early tip clipping
  0:00:05.078     1M / 18M   INFO   Early tip clipping       (early_simplification.hpp  :  82)   #tipped junctions: 0
  0:00:05.084     1M / 18M   INFO   Early tip clipping       (early_simplification.hpp  :  93)   Clipped tips: 0
  0:00:05.089     1M / 18M   INFO   Early tip clipping       (early_simplification.hpp  :  49)   0 22-mers were removed by early tip clipper
  0:00:05.089     1M / 18M   INFO    General                 (stage.cpp                 : 117)   PROCEDURE == Condensing graph (id: construction:graph_condensing)
  0:00:05.090     1M / 18M   INFO   UnbranchingPathExtractor (debruijn_graph_constructor: 354)   Extracting unbranching paths
  0:00:05.096     1M / 18M   INFO   UnbranchingPathExtractor (debruijn_graph_constructor: 373)   Extracting unbranching paths finished. 0 sequences extracted
  0:00:05.107     1M / 18M   INFO   UnbranchingPathExtractor (debruijn_graph_constructor: 309)   Collecting perfect loops
  0:00:05.113     1M / 18M   INFO   UnbranchingPathExtractor (debruijn_graph_constructor: 342)   Collecting perfect loops finished. 2 loops collected
  0:00:05.115     1M / 18M   INFO    General                 (debruijn_graph_constructor: 487)   Total 4 edges to create
  0:00:05.116     1M / 18M   INFO    General                 (debruijn_graph_constructor: 489)   Collecting link records
  0:00:05.116     1M / 18M   INFO    General                 (debruijn_graph_constructor: 491)   Ordering link records
  0:00:05.116     1M / 18M   INFO    General                 (debruijn_graph_constructor: 493)   Sorting done
  0:00:05.116     1M / 18M   INFO    General                 (debruijn_graph_constructor: 503)   Total 1 vertices to create
  0:00:05.116     1M / 18M   INFO    General                 (debruijn_graph_constructor: 506)   Connecting the graph
  0:00:05.116     1M / 18M   INFO    General                 (stage.cpp                 : 117)   PROCEDURE == Filling coverage indices (PHM) (id: construction:coverage_filling_phm)
  0:00:05.116     1M / 18M   INFO   K-mer Index Building     (kmer_index_builder.hpp    : 395)   Building perfect hash indices
  0:00:05.476     2M / 18M   INFO   K-mer Index Building     (kmer_index_builder.hpp    : 431)   Index built. Total 3 kmers, 2400 bytes occupied (6400 bits per kmer).
  0:00:05.617     2M / 18M   INFO    General                 (coverage_hash_map_builder.:  47)   Collecting k-mer coverage information from reads, this takes a while.
  0:00:05.630     2M / 18M   INFO    General                 (construction.cpp          : 430)   Filling coverage and flanking coverage from PHM
  0:00:05.888     1M / 18M   INFO   StageManager             (stage.cpp                 : 185)   STAGE == Raw Simplification (id: raw_simplification)
  0:00:05.896     1M / 18M   INFO    General                 (simplification.cpp        : 127)   PROCEDURE == Initial cleaning
  0:00:05.901     1M / 18M   INFO    General                 (graph_simplification.hpp  : 662)   Flanking coverage based disconnection disabled
  0:00:05.908     1M / 18M   INFO   Simplification           (parallel_processing.hpp   : 167)   Running Self conjugate edge remover
  0:00:05.924     1M / 18M   INFO   Simplification           (parallel_processing.hpp   : 170)   Self conjugate edge remover triggered 0 times
  0:00:05.932     1M / 18M   INFO   Simplification           (parallel_processing.hpp   : 167)   Running Initial tip clipper
  0:00:05.948     1M / 18M   INFO   Simplification           (parallel_processing.hpp   : 170)   Initial tip clipper triggered 0 times
  0:00:05.956     1M / 18M   INFO   Simplification           (parallel_processing.hpp   : 167)   Running Initial ec remover
  0:00:05.968     1M / 18M   INFO   Simplification           (parallel_processing.hpp   : 170)   Initial ec remover triggered 0 times
  0:00:05.968     1M / 18M   INFO   Simplification           (parallel_processing.hpp   : 167)   Running Initial isolated edge remover
  0:00:05.968     1M / 18M   INFO   Simplification           (parallel_processing.hpp   : 170)   Initial isolated edge remover triggered 0 times
  0:00:05.968     1M / 18M   INFO   StageManager             (stage.cpp                 : 185)   STAGE == Simplification (id: simplification)
  0:00:05.968     1M / 18M   INFO    General                 (simplification.cpp        : 368)   Graph simplification started
  0:00:05.969     1M / 18M   INFO    General                 (graph_simplification.hpp  : 634)   Creating parallel br instance
  0:00:05.969     1M / 18M   INFO    General                 (simplification.cpp        : 373)   PROCEDURE == Simplification cycle, iteration 1
  0:00:05.969     1M / 18M   INFO   Simplification           (parallel_processing.hpp   : 167)   Running Tip clipper
  0:00:05.969     1M / 18M   INFO   Simplification           (parallel_processing.hpp   : 170)   Tip clipper triggered 0 times
  0:00:05.969     1M / 18M   INFO   Simplification           (parallel_processing.hpp   : 167)   Running Bulge remover
  0:00:05.971     1M / 18M   INFO   Simplification           (parallel_processing.hpp   : 170)   Bulge remover triggered 0 times
  0:00:05.971     1M / 18M   INFO   Simplification           (parallel_processing.hpp   : 167)   Running Low coverage edge remover
  0:00:05.972     1M / 18M   INFO   Simplification           (parallel_processing.hpp   : 170)   Low coverage edge remover triggered 0 times
  0:00:05.972     1M / 18M   INFO    General                 (simplification.cpp        : 373)   PROCEDURE == Simplification cycle, iteration 2
  0:00:05.972     1M / 18M   INFO   Simplification           (parallel_processing.hpp   : 167)   Running Tip clipper
  0:00:05.972     1M / 18M   INFO   Simplification           (parallel_processing.hpp   : 170)   Tip clipper triggered 0 times
  0:00:05.972     1M / 18M   INFO   Simplification           (parallel_processing.hpp   : 167)   Running Bulge remover
  0:00:05.972     1M / 18M   INFO   Simplification           (parallel_processing.hpp   : 170)   Bulge remover triggered 0 times
  0:00:05.972     1M / 18M   INFO   Simplification           (parallel_processing.hpp   : 167)   Running Low coverage edge remover
  0:00:05.973     1M / 18M   INFO   Simplification           (parallel_processing.hpp   : 170)   Low coverage edge remover triggered 0 times
  0:00:05.973     1M / 18M   INFO    General                 (simplification.cpp        : 373)   PROCEDURE == Simplification cycle, iteration 3
  0:00:05.973     1M / 18M   INFO   Simplification           (parallel_processing.hpp   : 167)   Running Tip clipper
  0:00:05.973     1M / 18M   INFO   Simplification           (parallel_processing.hpp   : 170)   Tip clipper triggered 0 times
  0:00:05.973     1M / 18M   INFO   Simplification           (parallel_processing.hpp   : 167)   Running Bulge remover
  0:00:05.973     1M / 18M   INFO   Simplification           (parallel_processing.hpp   : 170)   Bulge remover triggered 0 times
  0:00:05.973     1M / 18M   INFO   Simplification           (parallel_processing.hpp   : 167)   Running Low coverage edge remover
  0:00:05.973     1M / 18M   INFO   Simplification           (parallel_processing.hpp   : 170)   Low coverage edge remover triggered 0 times
  0:00:05.973     1M / 18M   INFO    General                 (simplification.cpp        : 373)   PROCEDURE == Simplification cycle, iteration 4
  0:00:05.973     1M / 18M   INFO   Simplification           (parallel_processing.hpp   : 167)   Running Tip clipper
  0:00:05.973     1M / 18M   INFO   Simplification           (parallel_processing.hpp   : 170)   Tip clipper triggered 0 times
  0:00:05.973     1M / 18M   INFO   Simplification           (parallel_processing.hpp   : 167)   Running Bulge remover
  0:00:05.973     1M / 18M   INFO   Simplification           (parallel_processing.hpp   : 170)   Bulge remover triggered 0 times
  0:00:05.973     1M / 18M   INFO   Simplification           (parallel_processing.hpp   : 167)   Running Low coverage edge remover
  0:00:05.973     1M / 18M   INFO   Simplification           (parallel_processing.hpp   : 170)   Low coverage edge remover triggered 0 times
  0:00:05.973     1M / 18M   INFO   StageManager             (stage.cpp                 : 185)   STAGE == Simplification Cleanup (id: simplification_cleanup)
  0:00:05.973     1M / 18M   INFO    General                 (simplification.cpp        : 176)   PROCEDURE == Post simplification
  0:00:05.973     1M / 18M   INFO    General                 (graph_simplification.hpp  : 634)   Creating parallel br instance
  0:00:05.973     1M / 18M   INFO   Simplification           (parallel_processing.hpp   : 167)   Running Relative coverage component remover
  0:00:05.973     1M / 18M   INFO   Simplification           (parallel_processing.hpp   : 170)   Relative coverage component remover triggered 0 times
  0:00:05.973     1M / 18M   INFO   Simplification           (parallel_processing.hpp   : 167)   Running Disconnecting edges with relatively low coverage
  0:00:05.973     1M / 18M   INFO   Simplification           (parallel_processing.hpp   : 170)   Disconnecting edges with relatively low coverage triggered 0 times
  0:00:05.973     1M / 18M   INFO   Simplification           (parallel_processing.hpp   : 167)   Running Complex tip clipper
  0:00:05.973     1M / 18M   INFO   Simplification           (parallel_processing.hpp   : 170)   Complex tip clipper triggered 0 times
  0:00:05.973     1M / 18M   INFO   Simplification           (parallel_processing.hpp   : 167)   Running Complex bulge remover
  0:00:05.973     1M / 18M   INFO   Simplification           (parallel_processing.hpp   : 170)   Complex bulge remover triggered 0 times
  0:00:05.973     1M / 18M   INFO   Simplification           (parallel_processing.hpp   : 167)   Running Tip clipper
  0:00:05.973     1M / 18M   INFO   Simplification           (parallel_processing.hpp   : 170)   Tip clipper triggered 0 times
  0:00:05.973     1M / 18M   INFO   Simplification           (parallel_processing.hpp   : 167)   Running Final tip clipper
  0:00:05.973     1M / 18M   INFO   Simplification           (parallel_processing.hpp   : 170)   Final tip clipper triggered 0 times
  0:00:05.973     1M / 18M   INFO   Simplification           (parallel_processing.hpp   : 167)   Running Bulge remover
  0:00:05.973     1M / 18M   INFO   Simplification           (parallel_processing.hpp   : 170)   Bulge remover triggered 0 times
  0:00:05.973     1M / 18M   INFO   Simplification           (parallel_processing.hpp   : 167)   Running Thorn remover (meta)
  0:00:05.973     1M / 18M   INFO   Simplification           (parallel_processing.hpp   : 170)   Thorn remover (meta) triggered 0 times
  0:00:05.973     1M / 18M   INFO   Simplification           (parallel_processing.hpp   : 167)   Running Relative coverage component remover
  0:00:05.973     1M / 18M   INFO   Simplification           (parallel_processing.hpp   : 170)   Relative coverage component remover triggered 0 times
  0:00:05.973     1M / 18M   INFO   Simplification           (parallel_processing.hpp   : 167)   Running Disconnecting edges with relatively low coverage
  0:00:05.973     1M / 18M   INFO   Simplification           (parallel_processing.hpp   : 170)   Disconnecting edges with relatively low coverage triggered 0 times
  0:00:05.973     1M / 18M   INFO   Simplification           (parallel_processing.hpp   : 167)   Running Complex tip clipper
  0:00:05.973     1M / 18M   INFO   Simplification           (parallel_processing.hpp   : 170)   Complex tip clipper triggered 0 times
  0:00:05.973     1M / 18M   INFO   Simplification           (parallel_processing.hpp   : 167)   Running Complex bulge remover
  0:00:05.973     1M / 18M   INFO   Simplification           (parallel_processing.hpp   : 170)   Complex bulge remover triggered 0 times
  0:00:05.973     1M / 18M   INFO   Simplification           (parallel_processing.hpp   : 167)   Running Tip clipper
  0:00:05.974     1M / 18M   INFO   Simplification           (parallel_processing.hpp   : 170)   Tip clipper triggered 0 times
  0:00:05.974     1M / 18M   INFO   Simplification           (parallel_processing.hpp   : 167)   Running Final tip clipper
  0:00:05.974     1M / 18M   INFO   Simplification           (parallel_processing.hpp   : 170)   Final tip clipper triggered 0 times
  0:00:05.974     1M / 18M   INFO   Simplification           (parallel_processing.hpp   : 167)   Running Bulge remover
  0:00:05.974     1M / 18M   INFO   Simplification           (parallel_processing.hpp   : 170)   Bulge remover triggered 0 times
  0:00:05.974     1M / 18M   INFO   Simplification           (parallel_processing.hpp   : 167)   Running Thorn remover (meta)
  0:00:05.974     1M / 18M   INFO   Simplification           (parallel_processing.hpp   : 170)   Thorn remover (meta) triggered 0 times
  0:00:05.974     1M / 18M   INFO    General                 (simplification.cpp        : 323)   Running Hidden EC remover (meta)
  0:00:05.974     1M / 18M   INFO    General                 (simplification.cpp        : 327)   Disrupting self-conjugate edges
  0:00:05.974     1M / 18M   INFO   Simplification           (parallel_processing.hpp   : 167)   Running Removing isolated edges
  0:00:05.974     1M / 18M   INFO   Simplification           (parallel_processing.hpp   : 170)   Removing isolated edges triggered 0 times
  0:00:05.974     1M / 18M   INFO    General                 (simplification.cpp        : 495)   After simplification:
  0:00:05.974     1M / 18M   INFO    General                 (simplification.cpp        : 496)     Average coverage = 2856.5
  0:00:05.974     1M / 18M   INFO    General                 (simplification.cpp        : 497)     Total length = 4
  0:00:05.974     1M / 18M   INFO    General                 (simplification.cpp        : 498)     Median edge length: 3
  0:00:05.974     1M / 18M   INFO    General                 (simplification.cpp        : 499)     Edges: 2
  0:00:05.974     1M / 18M   INFO    General                 (simplification.cpp        : 500)     Vertices: 2
  0:00:05.974     1M / 18M   INFO   StageManager             (stage.cpp                 : 185)   STAGE == Contig Output (id: contig_output)
  0:00:05.979     1M / 18M   INFO    General                 (read_converter.cpp        : 107)   Outputting contigs to /workspace/output/task_6cca3bef/K21/simplified_contigs
  0:00:05.989     3M / 18M   INFO    General                 (binary_converter.cpp      : 111)   2 reads written
  0:00:06.009     1M / 18M   INFO    General                 (pipeline.cpp              : 287)   SPAdes finished
  0:00:06.009     1M / 18M   INFO    General                 (main.cpp                  : 136)   Assembling time: 0 hours 0 minutes 6 seconds

===== K21 finished. 


===== K33 started. 


== Running: /SPAdes-3.15.5-Linux/bin/spades-core /workspace/output/task_6cca3bef/K33/configs/config.info /workspace/output/task_6cca3bef/K33/configs/mda_mode.info /workspace/output/task_6cca3bef/K33/configs/meta_mode.info

  0:00:00.000     1M / 10M   INFO    General                 (main.cpp                  :  99)   Loaded config from /workspace/output/task_6cca3bef/K33/configs/config.info
  0:00:00.008     1M / 10M   INFO    General                 (main.cpp                  :  99)   Loaded config from /workspace/output/task_6cca3bef/K33/configs/mda_mode.info
  0:00:00.016     1M / 10M   INFO    General                 (main.cpp                  :  99)   Loaded config from /workspace/output/task_6cca3bef/K33/configs/meta_mode.info
  0:00:00.024     1M / 10M   INFO    General                 (memory_limit.cpp          :  54)   Memory limit set to 7 Gb
  0:00:00.032     1M / 10M   INFO    General                 (main.cpp                  : 107)   Starting SPAdes, built from refs/heads/spades_3.15.5, git revision e757b8216f9a038fb616e9551a2d4891b2d19ad7
  0:00:00.040     1M / 10M   INFO    General                 (main.cpp                  : 108)   Maximum k-mer length: 128
  0:00:00.048     1M / 10M   INFO    General                 (main.cpp                  : 109)   Assembling dataset (/workspace/output/task_6cca3bef/dataset.info) with K=33
  0:00:00.050     1M / 10M   INFO    General                 (main.cpp                  : 110)   Maximum # of threads to use (adjusted due to OMP capabilities): 16
  0:00:00.053     1M / 10M   INFO    General                 (pipeline.cpp              : 212)   SPAdes started
  0:00:00.055     1M / 10M   INFO    General                 (pipeline.cpp              : 225)   Starting from stage: read_conversion
  0:00:00.058     1M / 10M   INFO    General                 (pipeline.cpp              : 231)   Two-step repeat resolution enabled
  0:00:00.059     1M / 10M   INFO   GraphCore                (graph_core.hpp            : 672)   Graph created, vertex min_id: 3, edge min_id: 3
  0:00:00.059     1M / 10M   INFO   GraphCore                (graph_core.hpp            : 673)   Vertex size: 48, edge size: 40
  0:00:00.059     1M / 10M   INFO    General                 (edge_index.hpp            : 113)   Size of edge index entries: 12/8
  0:00:00.060     1M / 10M   INFO    General                 (pipeline.cpp              : 242)   Will need read mapping, kmer mapper will be attached
  0:00:00.060     1M / 10M   INFO   StageManager             (stage.cpp                 : 185)   STAGE == Binary Read Conversion (id: read_conversion)
  0:00:00.067     1M / 10M   INFO    General                 (read_converter.cpp        :  53)   Binary reads detected
  0:00:00.070     1M / 10M   INFO   StageManager             (stage.cpp                 : 185)   STAGE == de Bruijn graph construction (id: construction)
  0:00:00.071     1M / 10M   INFO    General                 (construction.cpp          : 118)   Contigs from previous K will be used: /workspace/output/task_6cca3bef/K21/simplified_contigs
  0:00:00.206     1M / 10M   INFO    General                 (construction.cpp          : 153)   Max read length 50
  0:00:00.207     1M / 10M   INFO    General                 (construction.cpp          : 159)   Average read length 50
  0:00:00.208     1M / 10M   INFO    General                 (stage.cpp                 : 117)   PROCEDURE == k+1-mer counting (id: construction:kpomer_counting)
  0:00:00.208     1M / 10M   INFO    General                 (kmer_index_builder.hpp    : 243)   Splitting kmer instances into 160 files using 16 threads. This might take a while.
  0:00:00.219     1M / 10M   INFO    General                 (file_limit.hpp            :  42)   Open file limit set to 1048576
  0:00:00.219     1M / 10M   INFO    General                 (kmer_splitter.hpp         :  93)   Memory available for splitting buffers: 0.145818 Gb
  0:00:00.219     1M / 10M   INFO    General                 (kmer_splitter.hpp         : 101)   Using cell size of 61160
  0:00:01.245     1M / 18M   INFO    General                 (kmer_splitters.hpp        : 131)   Used 398 reads
  0:00:01.254     1M / 18M   INFO    General                 (kmer_index_builder.hpp    : 249)   Starting k-mer counting.
  0:00:02.156     1M / 18M   INFO    General                 (kmer_index_builder.hpp    : 260)   K-mer counting done. There are 3 kmers in total.
  0:00:02.160     1M / 18M   INFO    General                 (stage.cpp                 : 117)   PROCEDURE == Extension index construction (id: construction:extension_index_construction)
  0:00:02.304     1M / 18M   INFO   K-mer Index Building     (kmer_index_builder.hpp    : 438)   Building kmer index
  0:00:02.317     1M / 18M   INFO    General                 (kmer_index_builder.hpp    : 243)   Splitting kmer instances into 160 files using 16 threads. This might take a while.
  0:00:02.336     1M / 18M   INFO    General                 (file_limit.hpp            :  42)   Open file limit set to 1048576
  0:00:02.352     1M / 18M   INFO    General                 (kmer_splitter.hpp         :  93)   Memory available for splitting buffers: 0.145816 Gb
  0:00:02.356     1M / 18M   INFO    General                 (kmer_splitter.hpp         : 101)   Using cell size of 61159
  0:00:03.415  3201M / 3201M INFO    General                 (kmer_splitters.hpp        : 199)   Used 3 kmers.
  0:00:03.425     2M / 18M   INFO    General                 (kmer_index_builder.hpp    : 249)   Starting k-mer counting.
  0:00:04.366     2M / 18M   INFO    General                 (kmer_index_builder.hpp    : 260)   K-mer counting done. There are 2 kmers in total.
  0:00:04.369     2M / 18M   INFO   K-mer Index Building     (kmer_index_builder.hpp    : 395)   Building perfect hash indices
  0:00:04.799     2M / 18M   INFO   K-mer Index Building     (kmer_index_builder.hpp    : 431)   Index built. Total 2 kmers, 1600 bytes occupied (6400 bits per kmer).
  0:00:04.801     2M / 18M   INFO    General                 (kmer_index_builder.hpp    : 169)   Merging final buckets.
  0:00:05.137     2M / 18M   INFO   DeBruijnExtensionIndexBu (kmer_extension_index_build: 100)   Building k-mer extensions from k+1-mers
  0:00:05.168     2M / 18M   INFO   DeBruijnExtensionIndexBu (kmer_extension_index_build: 105)   Building k-mer extensions from k+1-mers finished.
  0:00:05.181     2M / 18M   INFO    General                 (stage.cpp                 : 117)   PROCEDURE == Condensing graph (id: construction:graph_condensing)
  0:00:05.187     2M / 18M   INFO   UnbranchingPathExtractor (debruijn_graph_constructor: 354)   Extracting unbranching paths
  0:00:05.200     2M / 18M   INFO   UnbranchingPathExtractor (debruijn_graph_constructor: 373)   Extracting unbranching paths finished. 0 sequences extracted
  0:00:05.220     2M / 18M   INFO   UnbranchingPathExtractor (debruijn_graph_constructor: 309)   Collecting perfect loops
  0:00:05.236     2M / 18M   INFO   UnbranchingPathExtractor (debruijn_graph_constructor: 342)   Collecting perfect loops finished. 2 loops collected
  0:00:05.237     2M / 18M   INFO    General                 (debruijn_graph_constructor: 487)   Total 4 edges to create
  0:00:05.238     2M / 18M   INFO    General                 (debruijn_graph_constructor: 489)   Collecting link records
  0:00:05.238     2M / 18M   INFO    General                 (debruijn_graph_constructor: 491)   Ordering link records
  0:00:05.238     2M / 18M   INFO    General                 (debruijn_graph_constructor: 493)   Sorting done
  0:00:05.238     2M / 18M   INFO    General                 (debruijn_graph_constructor: 503)   Total 1 vertices to create
  0:00:05.238     2M / 18M   INFO    General                 (debruijn_graph_constructor: 506)   Connecting the graph
  0:00:05.238     2M / 18M   INFO    General                 (stage.cpp                 : 117)   PROCEDURE == Filling coverage indices (PHM) (id: construction:coverage_filling_phm)
  0:00:05.238     2M / 18M   INFO   K-mer Index Building     (kmer_index_builder.hpp    : 395)   Building perfect hash indices
  0:00:05.648     2M / 18M   INFO   K-mer Index Building     (kmer_index_builder.hpp    : 431)   Index built. Total 3 kmers, 2400 bytes occupied (6400 bits per kmer).
  0:00:05.759     2M / 18M   INFO    General                 (coverage_hash_map_builder.:  47)   Collecting k-mer coverage information from reads, this takes a while.
  0:00:05.776     2M / 18M   INFO    General                 (construction.cpp          : 430)   Filling coverage and flanking coverage from PHM
  0:00:06.013     1M / 18M   INFO   StageManager             (stage.cpp                 : 185)   STAGE == Gap Closer (id: early_gapcloser)
  0:00:06.026    10M / 18M   INFO    General                 (edge_index.hpp            : 113)   Size of edge index entries: 12/8
  0:00:06.040    10M / 18M   INFO    General                 (gap_closer.cpp            : 101)   Total edges in tip neighborhood: 0 out of 2, length: 0
  0:00:06.048    10M / 18M   INFO    General                 (gap_closer.cpp            : 437)   No tips in graph, skipping gap closer
  0:00:06.057     1M / 18M   INFO   StageManager             (stage.cpp                 : 185)   STAGE == Raw Simplification (id: raw_simplification)
  0:00:06.064     1M / 18M   INFO    General                 (simplification.cpp        : 127)   PROCEDURE == Initial cleaning
  0:00:06.072     1M / 18M   INFO   Simplification           (parallel_processing.hpp   : 167)   Running Self conjugate edge remover
  0:00:06.088     1M / 18M   INFO   Simplification           (parallel_processing.hpp   : 170)   Self conjugate edge remover triggered 0 times
  0:00:06.090     1M / 18M   INFO   Simplification           (parallel_processing.hpp   : 167)   Running Initial tip clipper
  0:00:06.091     1M / 18M   INFO   Simplification           (parallel_processing.hpp   : 170)   Initial tip clipper triggered 0 times
  0:00:06.091     1M / 18M   INFO   Simplification           (parallel_processing.hpp   : 167)   Running Initial ec remover
  0:00:06.092     1M / 18M   INFO   Simplification           (parallel_processing.hpp   : 170)   Initial ec remover triggered 0 times
  0:00:06.092     1M / 18M   INFO   Simplification           (parallel_processing.hpp   : 167)   Running Disconnecting edges with low flanking coverage
  0:00:06.092     1M / 18M   INFO   Simplification           (parallel_processing.hpp   : 170)   Disconnecting edges with low flanking coverage triggered 0 times
  0:00:06.092     1M / 18M   INFO   Simplification           (parallel_processing.hpp   : 167)   Running Initial isolated edge remover
  0:00:06.092     1M / 18M   INFO   Simplification           (parallel_processing.hpp   : 170)   Initial isolated edge remover triggered 0 times
  0:00:06.092     1M / 18M   INFO   StageManager             (stage.cpp                 : 185)   STAGE == Preliminary Simplification (id: simplification_preliminary)
  0:00:06.092     1M / 18M   INFO    General                 (simplification.cpp        : 368)   Graph simplification started
  0:00:06.092     1M / 18M   INFO    General                 (graph_simplification.hpp  : 634)   Creating parallel br instance
  0:00:06.092     1M / 18M   INFO    General                 (simplification.cpp        : 373)   PROCEDURE == Simplification cycle, iteration 1
  0:00:06.092     1M / 18M   INFO   Simplification           (parallel_processing.hpp   : 167)   Running Tip clipper
  0:00:06.092     1M / 18M   INFO   Simplification           (parallel_processing.hpp   : 170)   Tip clipper triggered 0 times
  0:00:06.092     1M / 18M   INFO   Simplification           (parallel_processing.hpp   : 167)   Running Bulge remover
  0:00:06.093     1M / 18M   INFO   Simplification           (parallel_processing.hpp   : 170)   Bulge remover triggered 0 times
  0:00:06.093     1M / 18M   INFO   Simplification           (parallel_processing.hpp   : 167)   Running Low coverage edge remover
  0:00:06.095     1M / 18M   INFO   Simplification           (parallel_processing.hpp   : 170)   Low coverage edge remover triggered 0 times
  0:00:06.095     1M / 18M   INFO    General                 (simplification.cpp        : 373)   PROCEDURE == Simplification cycle, iteration 2
  0:00:06.097     1M / 18M   INFO   Simplification           (parallel_processing.hpp   : 167)   Running Tip clipper
  0:00:06.098     1M / 18M   INFO   Simplification           (parallel_processing.hpp   : 170)   Tip clipper triggered 0 times
  0:00:06.099     1M / 18M   INFO   Simplification           (parallel_processing.hpp   : 167)   Running Bulge remover
  0:00:06.101     1M / 18M   INFO   Simplification           (parallel_processing.hpp   : 170)   Bulge remover triggered 0 times
  0:00:06.102     1M / 18M   INFO   Simplification           (parallel_processing.hpp   : 167)   Running Low coverage edge remover
  0:00:06.103     1M / 18M   INFO   Simplification           (parallel_processing.hpp   : 170)   Low coverage edge remover triggered 0 times
  0:00:06.105     1M / 18M   INFO    General                 (simplification.cpp        : 373)   PROCEDURE == Simplification cycle, iteration 3
  0:00:06.106     1M / 18M   INFO   Simplification           (parallel_processing.hpp   : 167)   Running Tip clipper
  0:00:06.107     1M / 18M   INFO   Simplification           (parallel_processing.hpp   : 170)   Tip clipper triggered 0 times
  0:00:06.107     1M / 18M   INFO   Simplification           (parallel_processing.hpp   : 167)   Running Bulge remover
  0:00:06.107     1M / 18M   INFO   Simplification           (parallel_processing.hpp   : 170)   Bulge remover triggered 0 times
  0:00:06.108     1M / 18M   INFO   Simplification           (parallel_processing.hpp   : 167)   Running Low coverage edge remover
  0:00:06.108     1M / 18M   INFO   Simplification           (parallel_processing.hpp   : 170)   Low coverage edge remover triggered 0 times
  0:00:06.109     1M / 18M   INFO    General                 (simplification.cpp        : 373)   PROCEDURE == Simplification cycle, iteration 4
  0:00:06.109     1M / 18M   INFO   Simplification           (parallel_processing.hpp   : 167)   Running Tip clipper
  0:00:06.110     1M / 18M   INFO   Simplification           (parallel_processing.hpp   : 170)   Tip clipper triggered 0 times
  0:00:06.111     1M / 18M   INFO   Simplification           (parallel_processing.hpp   : 167)   Running Bulge remover
  0:00:06.111     1M / 18M   INFO   Simplification           (parallel_processing.hpp   : 170)   Bulge remover triggered 0 times
  0:00:06.111     1M / 18M   INFO   Simplification           (parallel_processing.hpp   : 167)   Running Low coverage edge remover
  0:00:06.111     1M / 18M   INFO   Simplification           (parallel_processing.hpp   : 170)   Low coverage edge remover triggered 0 times
  0:00:06.112     1M / 18M   INFO   StageManager             (stage.cpp                 : 185)   STAGE == Gap Closer (id: prelim_gapcloser)
  0:00:06.116    10M / 18M   INFO    General                 (edge_index.hpp            : 113)   Size of edge index entries: 12/8
  0:00:06.119    10M / 18M   INFO    General                 (gap_closer.cpp            : 101)   Total edges in tip neighborhood: 0 out of 2, length: 0
  0:00:06.122    10M / 18M   INFO    General                 (gap_closer.cpp            : 437)   No tips in graph, skipping gap closer
  0:00:06.124     1M / 18M   INFO   StageManager             (stage.cpp                 : 185)   STAGE == Preliminary Paired Information Counting (id: late_pair_info_count_preliminary)
  0:00:06.125     1M / 18M   INFO    General                 (graph_pack.cpp            :  67)   Index refill
  0:00:06.127     1M / 18M   INFO    General                 (edge_index.hpp            : 156)   Using small index (max_id = 7)
  0:00:06.133     1M / 18M   INFO   K-mer Index Building     (kmer_index_builder.hpp    : 395)   Building perfect hash indices
  0:00:06.135     1M / 18M   INFO   K-mer Index Building     (kmer_index_builder.hpp    : 431)   Index built. Total 3 kmers, 800 bytes occupied (2133.33 bits per kmer).
  0:00:06.135     1M / 18M   INFO    General                 (edge_index_builders.hpp   : 252)   Collecting edge information from graph, this takes a while.
  0:00:06.135     1M / 18M   INFO    General                 (graph_pack.cpp            :  77)   Normalizing k-mer map. Total 0 kmers to process
  0:00:06.135     1M / 18M   INFO    General                 (graph_pack.cpp            :  79)   Normalizing done
  0:00:06.135     1M / 18M   INFO    General                 (pair_info_count.cpp       : 339)   Min edge length for estimation: 900
  0:00:06.135     1M / 19M   INFO    General                 (pair_info_count.cpp       : 350)   Estimating insert size for library #0
  0:00:06.135     1M / 19M   INFO    General                 (pair_info_count.cpp       : 202)   Estimating insert size (takes a while)
  0:00:06.357   273M / 281M  INFO    General                 (pair_info_count.cpp       :  48)   Selecting usual mapper
  0:00:06.639   273M / 281M  INFO    General                 (sequence_mapper_notifier.h:  95)   Total 97 reads processed
  0:00:06.697   273M / 281M  INFO    General                 (pair_info_count.cpp       : 220)   Edge pairs: 4
  0:00:06.697   273M / 281M  INFO    General                 (pair_info_count.cpp       : 222)   0 paired reads (0% of all) aligned to long edges
  0:00:06.712     1M / 281M  WARN    General                 (pair_info_count.cpp       : 358)   Unable to estimate insert size for paired library #0
  0:00:06.717     1M / 281M  WARN    General                 (pair_info_count.cpp       : 364)   None of paired reads aligned properly. Please, check orientation of your read pairs.
  0:00:06.717     1M / 281M  INFO   StageManager             (stage.cpp                 : 185)   STAGE == Preliminary Distance Estimation (id: distance_estimation_preliminary)
  0:00:06.717     1M / 281M  INFO    General                 (distance_estimation.cpp   : 186)   Clearing raw paired index
  0:00:06.717     1M / 281M  INFO   StageManager             (stage.cpp                 : 185)   STAGE == Preliminary Repeat Resolving (id: repeat_resolving_preliminary)
  0:00:06.724     1M / 281M  INFO    General                 (repeat_resolving.cpp      :  74)   Setting up preliminary path extend settings
  0:00:06.736     1M / 281M  WARN    General                 (repeat_resolving.cpp      :  81)   Insert size was not estimated for any of the paired libraries, repeat resolution module will not run.
  0:00:06.744     1M / 281M  INFO   StageManager             (stage.cpp                 : 185)   STAGE == Contig Output (id: contig_output)
  0:00:06.759     1M / 281M  INFO    General                 (contig_output_stage.cpp   : 151)   Writing GFA graph to /workspace/output/task_6cca3bef/K33/strain_graph.gfa
  0:00:06.759     1M / 281M  INFO    General                 (contig_output.hpp         :  16)   Outputting contigs to /workspace/output/task_6cca3bef/K33/final_contigs.fasta
  0:00:06.769     1M / 281M  INFO   StageManager             (stage.cpp                 : 185)   STAGE == Second Phase Setup (id: second_phase_setup)
  0:00:06.769     1M / 281M  INFO    General                 (second_phase_setup.cpp    :  18)   Preparing second phase
  0:00:06.776     1M / 281M  INFO    General                 (second_phase_setup.cpp    :  26)   Moving preliminary contigs from /workspace/output/task_6cca3bef/K33/final_contigs.fasta to /workspace/output/task_6cca3bef/K33/first_pe_contigs.fasta
  0:00:06.788     1M / 281M  INFO    General                 (second_phase_setup.cpp    :  38)   Ready to run second phase
  0:00:06.788     1M / 281M  INFO   StageManager             (stage.cpp                 : 185)   STAGE == Simplification (id: simplification)
  0:00:06.788     1M / 281M  INFO    General                 (simplification.cpp        : 368)   Graph simplification started
  0:00:06.789     1M / 281M  INFO    General                 (graph_simplification.hpp  : 634)   Creating parallel br instance
  0:00:06.789     1M / 281M  INFO    General                 (simplification.cpp        : 373)   PROCEDURE == Simplification cycle, iteration 1
  0:00:06.789     1M / 281M  INFO   Simplification           (parallel_processing.hpp   : 167)   Running Tip clipper
  0:00:06.793     1M / 281M  INFO   Simplification           (parallel_processing.hpp   : 170)   Tip clipper triggered 0 times
  0:00:06.794     1M / 281M  INFO   Simplification           (parallel_processing.hpp   : 167)   Running Bulge remover
  0:00:06.796     1M / 281M  INFO   Simplification           (parallel_processing.hpp   : 170)   Bulge remover triggered 0 times
  0:00:06.799     1M / 281M  INFO   Simplification           (parallel_processing.hpp   : 167)   Running Low coverage edge remover
  0:00:06.800     1M / 281M  INFO   Simplification           (parallel_processing.hpp   : 170)   Low coverage edge remover triggered 0 times
  0:00:06.803     1M / 281M  INFO    General                 (simplification.cpp        : 373)   PROCEDURE == Simplification cycle, iteration 2
  0:00:06.804     1M / 281M  INFO   Simplification           (parallel_processing.hpp   : 167)   Running Tip clipper
  0:00:06.806     1M / 281M  INFO   Simplification           (parallel_processing.hpp   : 170)   Tip clipper triggered 0 times
  0:00:06.808     1M / 281M  INFO   Simplification           (parallel_processing.hpp   : 167)   Running Bulge remover
  0:00:06.811     1M / 281M  INFO   Simplification           (parallel_processing.hpp   : 170)   Bulge remover triggered 0 times
  0:00:06.811     1M / 281M  INFO   Simplification           (parallel_processing.hpp   : 167)   Running Low coverage edge remover
  0:00:06.816     1M / 281M  INFO   Simplification           (parallel_processing.hpp   : 170)   Low coverage edge remover triggered 0 times
  0:00:06.817     1M / 281M  INFO    General                 (simplification.cpp        : 373)   PROCEDURE == Simplification cycle, iteration 3
  0:00:06.817     1M / 281M  INFO   Simplification           (parallel_processing.hpp   : 167)   Running Tip clipper
  0:00:06.818     1M / 281M  INFO   Simplification           (parallel_processing.hpp   : 170)   Tip clipper triggered 0 times
  0:00:06.820     1M / 281M  INFO   Simplification           (parallel_processing.hpp   : 167)   Running Bulge remover
  0:00:06.820     1M / 281M  INFO   Simplification           (parallel_processing.hpp   : 170)   Bulge remover triggered 0 times
  0:00:06.821     1M / 281M  INFO   Simplification           (parallel_processing.hpp   : 167)   Running Low coverage edge remover
  0:00:06.822     1M / 281M  INFO   Simplification           (parallel_processing.hpp   : 170)   Low coverage edge remover triggered 0 times
  0:00:06.822     1M / 281M  INFO    General                 (simplification.cpp        : 373)   PROCEDURE == Simplification cycle, iteration 4
  0:00:06.822     1M / 281M  INFO   Simplification           (parallel_processing.hpp   : 167)   Running Tip clipper
  0:00:06.823     1M / 281M  INFO   Simplification           (parallel_processing.hpp   : 170)   Tip clipper triggered 0 times
  0:00:06.824     1M / 281M  INFO   Simplification           (parallel_processing.hpp   : 167)   Running Bulge remover
  0:00:06.825     1M / 281M  INFO   Simplification           (parallel_processing.hpp   : 170)   Bulge remover triggered 0 times
  0:00:06.825     1M / 281M  INFO   Simplification           (parallel_processing.hpp   : 167)   Running Low coverage edge remover
  0:00:06.825     1M / 281M  INFO   Simplification           (parallel_processing.hpp   : 170)   Low coverage edge remover triggered 0 times
  0:00:06.825     1M / 281M  INFO   StageManager             (stage.cpp                 : 185)   STAGE == Gap Closer (id: late_gapcloser)
  0:00:06.828    10M / 281M  INFO    General                 (edge_index.hpp            : 113)   Size of edge index entries: 12/8
  0:00:06.828    10M / 281M  INFO    General                 (gap_closer.cpp            : 101)   Total edges in tip neighborhood: 0 out of 2, length: 0
  0:00:06.828    10M / 281M  INFO    General                 (gap_closer.cpp            : 437)   No tips in graph, skipping gap closer
  0:00:06.829     1M / 281M  INFO   StageManager             (stage.cpp                 : 185)   STAGE == Simplification Cleanup (id: simplification_cleanup)
  0:00:06.829     1M / 281M  INFO    General                 (simplification.cpp        : 176)   PROCEDURE == Post simplification
  0:00:06.829     1M / 281M  INFO    General                 (graph_simplification.hpp  : 634)   Creating parallel br instance
  0:00:06.829     1M / 281M  INFO    General                 (graph_simplification.hpp  : 634)   Creating parallel br instance
  0:00:06.829     1M / 281M  INFO   Simplification           (parallel_processing.hpp   : 167)   Running Relative coverage component remover
  0:00:06.829     1M / 281M  INFO   Simplification           (parallel_processing.hpp   : 170)   Relative coverage component remover triggered 0 times
  0:00:06.829     1M / 281M  INFO   Simplification           (parallel_processing.hpp   : 167)   Running Disconnecting edges with relatively low coverage
  0:00:06.829     1M / 281M  INFO   Simplification           (parallel_processing.hpp   : 170)   Disconnecting edges with relatively low coverage triggered 0 times
  0:00:06.829     1M / 281M  INFO   Simplification           (parallel_processing.hpp   : 167)   Running Complex tip clipper
  0:00:06.829     1M / 281M  INFO   Simplification           (parallel_processing.hpp   : 170)   Complex tip clipper triggered 0 times
  0:00:06.829     1M / 281M  INFO   Simplification           (parallel_processing.hpp   : 167)   Running Complex bulge remover
  0:00:06.829     1M / 281M  INFO   Simplification           (parallel_processing.hpp   : 170)   Complex bulge remover triggered 0 times
  0:00:06.829     1M / 281M  INFO   Simplification           (parallel_processing.hpp   : 167)   Running Tip clipper
  0:00:06.829     1M / 281M  INFO   Simplification           (parallel_processing.hpp   : 170)   Tip clipper triggered 0 times
  0:00:06.829     1M / 281M  INFO   Simplification           (parallel_processing.hpp   : 167)   Running Final tip clipper
  0:00:06.829     1M / 281M  INFO   Simplification           (parallel_processing.hpp   : 170)   Final tip clipper triggered 0 times
  0:00:06.829     1M / 281M  INFO   Simplification           (parallel_processing.hpp   : 167)   Running Bulge remover
  0:00:06.829     1M / 281M  INFO   Simplification           (parallel_processing.hpp   : 170)   Bulge remover triggered 0 times
  0:00:06.829     1M / 281M  INFO   Simplification           (parallel_processing.hpp   : 167)   Running Final bulge remover
  0:00:06.829     1M / 281M  INFO   Simplification           (parallel_processing.hpp   : 170)   Final bulge remover triggered 0 times
  0:00:06.829     1M / 281M  INFO   Simplification           (parallel_processing.hpp   : 167)   Running Thorn remover (meta)
  0:00:06.829     1M / 281M  INFO   Simplification           (parallel_processing.hpp   : 170)   Thorn remover (meta) triggered 0 times
  0:00:06.829     1M / 281M  INFO   Simplification           (parallel_processing.hpp   : 167)   Running Relative coverage component remover
  0:00:06.829     1M / 281M  INFO   Simplification           (parallel_processing.hpp   : 170)   Relative coverage component remover triggered 0 times
  0:00:06.829     1M / 281M  INFO   Simplification           (parallel_processing.hpp   : 167)   Running Disconnecting edges with relatively low coverage
  0:00:06.830     1M / 281M  INFO   Simplification           (parallel_processing.hpp   : 170)   Disconnecting edges with relatively low coverage triggered 0 times
  0:00:06.830     1M / 281M  INFO   Simplification           (parallel_processing.hpp   : 167)   Running Complex tip clipper
  0:00:06.830     1M / 281M  INFO   Simplification           (parallel_processing.hpp   : 170)   Complex tip clipper triggered 0 times
  0:00:06.830     1M / 281M  INFO   Simplification           (parallel_processing.hpp   : 167)   Running Complex bulge remover
  0:00:06.830     1M / 281M  INFO   Simplification           (parallel_processing.hpp   : 170)   Complex bulge remover triggered 0 times
  0:00:06.830     1M / 281M  INFO   Simplification           (parallel_processing.hpp   : 167)   Running Tip clipper
  0:00:06.830     1M / 281M  INFO   Simplification           (parallel_processing.hpp   : 170)   Tip clipper triggered 0 times
  0:00:06.830     1M / 281M  INFO   Simplification           (parallel_processing.hpp   : 167)   Running Final tip clipper
  0:00:06.830     1M / 281M  INFO   Simplification           (parallel_processing.hpp   : 170)   Final tip clipper triggered 0 times
  0:00:06.830     1M / 281M  INFO   Simplification           (parallel_processing.hpp   : 167)   Running Bulge remover
  0:00:06.830     1M / 281M  INFO   Simplification           (parallel_processing.hpp   : 170)   Bulge remover triggered 0 times
  0:00:06.830     1M / 281M  INFO   Simplification           (parallel_processing.hpp   : 167)   Running Final bulge remover
  0:00:06.830     1M / 281M  INFO   Simplification           (parallel_processing.hpp   : 170)   Final bulge remover triggered 0 times
  0:00:06.830     1M / 281M  INFO   Simplification           (parallel_processing.hpp   : 167)   Running Thorn remover (meta)
  0:00:06.830     1M / 281M  INFO   Simplification           (parallel_processing.hpp   : 170)   Thorn remover (meta) triggered 0 times
  0:00:06.830     1M / 281M  INFO    General                 (simplification.cpp        : 323)   Running Hidden EC remover (meta)
  0:00:06.830     1M / 281M  INFO    General                 (simplification.cpp        : 327)   Disrupting self-conjugate edges
  0:00:06.830     1M / 281M  INFO   Simplification           (parallel_processing.hpp   : 167)   Running Removing isolated edges
  0:00:06.830     1M / 281M  INFO   Simplification           (parallel_processing.hpp   : 170)   Removing isolated edges triggered 0 times
  0:00:06.830     1M / 281M  INFO    General                 (simplification.cpp        : 495)   After simplification:
  0:00:06.830     1M / 281M  INFO    General                 (simplification.cpp        : 496)     Average coverage = 1674.5
  0:00:06.830     1M / 281M  INFO    General                 (simplification.cpp        : 497)     Total length = 4
  0:00:06.830     1M / 281M  INFO    General                 (simplification.cpp        : 498)     Median edge length: 3
  0:00:06.830     1M / 281M  INFO    General                 (simplification.cpp        : 499)     Edges: 2
  0:00:06.830     1M / 281M  INFO    General                 (simplification.cpp        : 500)     Vertices: 2
  0:00:06.830     1M / 281M  INFO   StageManager             (stage.cpp                 : 185)   STAGE == Mismatch Correction (id: mismatch_correction)
  0:00:06.830     1M / 281M  INFO    General                 (graph_pack.cpp            :  67)   Index refill
  0:00:06.830     1M / 281M  INFO    General                 (edge_index.hpp            : 156)   Using small index (max_id = 7)
  0:00:06.830     1M / 281M  INFO   K-mer Index Building     (kmer_index_builder.hpp    : 395)   Building perfect hash indices
  0:00:06.830     1M / 281M  INFO   K-mer Index Building     (kmer_index_builder.hpp    : 431)   Index built. Total 3 kmers, 800 bytes occupied (2133.33 bits per kmer).
  0:00:06.830     1M / 281M  INFO    General                 (edge_index_builders.hpp   : 252)   Collecting edge information from graph, this takes a while.
  0:00:06.830     1M / 281M  INFO    General                 (graph_pack.cpp            :  77)   Normalizing k-mer map. Total 0 kmers to process
  0:00:06.830     1M / 281M  INFO    General                 (graph_pack.cpp            :  79)   Normalizing done
  0:00:06.830     1M / 281M  INFO    General                 (mismatch_correction.cpp   : 400)   Collect potential mismatches
  0:00:06.830     1M / 281M  INFO    General                 (mismatch_correction.cpp   : 192)   Total 0 edges (out of 2) with 0 potential mismatch positions (-nan positions per edge)
  0:00:06.830     1M / 281M  INFO    General                 (mismatch_correction.cpp   : 402)   Potential mismatches collected
  0:00:06.938     1M / 281M  INFO    General                 (sequence_mapper_notifier.h:  95)   Total 394 reads processed
  0:00:06.958     1M / 281M  INFO    General                 (mismatch_correction.cpp   : 395)   All edges processed
  0:00:06.959     1M / 281M  INFO    General                 (mismatch_correction.cpp   : 450)   Corrected 0 nucleotides
  0:00:06.960     1M / 281M  INFO   StageManager             (stage.cpp                 : 185)   STAGE == Contig Output (id: contig_output)
  0:00:06.961     1M / 281M  INFO    General                 (contig_output.hpp         :  16)   Outputting contigs to /workspace/output/task_6cca3bef/K33/before_rr.fasta
  0:00:06.976     1M / 281M  INFO    General                 (contig_output_stage.cpp   : 151)   Writing GFA graph to /workspace/output/task_6cca3bef/K33/assembly_graph_after_simplification.gfa
  0:00:06.979     1M / 281M  INFO   StageManager             (stage.cpp                 : 185)   STAGE == Paired Information Counting (id: late_pair_info_count)
  0:00:06.981     1M / 281M  INFO    General                 (graph_pack.cpp            :  77)   Normalizing k-mer map. Total 0 kmers to process
  0:00:06.982     1M / 281M  INFO    General                 (graph_pack.cpp            :  79)   Normalizing done
  0:00:06.986     1M / 281M  INFO    General                 (pair_info_count.cpp       : 339)   Min edge length for estimation: 900
  0:00:06.987     1M / 281M  INFO    General                 (pair_info_count.cpp       : 350)   Estimating insert size for library #0
  0:00:06.987     1M / 281M  INFO    General                 (pair_info_count.cpp       : 202)   Estimating insert size (takes a while)
  0:00:07.101   273M / 281M  INFO    General                 (pair_info_count.cpp       :  48)   Selecting usual mapper
  0:00:07.390   273M / 281M  INFO    General                 (sequence_mapper_notifier.h:  95)   Total 97 reads processed
  0:00:07.453   273M / 281M  INFO    General                 (pair_info_count.cpp       : 220)   Edge pairs: 4
  0:00:07.458   273M / 281M  INFO    General                 (pair_info_count.cpp       : 222)   0 paired reads (0% of all) aligned to long edges
  0:00:07.476     1M / 281M  WARN    General                 (pair_info_count.cpp       : 358)   Unable to estimate insert size for paired library #0
  0:00:07.480     1M / 281M  WARN    General                 (pair_info_count.cpp       : 364)   None of paired reads aligned properly. Please, check orientation of your read pairs.
  0:00:07.482     1M / 281M  INFO    General                 (pair_info_count.cpp       : 346)   Mapping contigs library #1
  0:00:07.485     1M / 281M  WARN    General                 (pair_info_count.cpp       : 187)   Single reads are not used in metagenomic mode
  0:00:07.486     1M / 281M  INFO    General                 (pair_info_count.cpp       :  48)   Selecting usual mapper
  0:00:07.500     1M / 281M  INFO    General                 (sequence_mapper_notifier.h:  95)   Total 2 reads processed
  0:00:07.501     1M / 281M  INFO   StageManager             (stage.cpp                 : 185)   STAGE == Distance Estimation (id: distance_estimation)
  0:00:07.501     1M / 281M  INFO    General                 (distance_estimation.cpp   : 186)   Clearing raw paired index
  0:00:07.501     1M / 281M  INFO   StageManager             (stage.cpp                 : 185)   STAGE == Repeat Resolving (id: repeat_resolving)
  0:00:07.501     1M / 281M  INFO    General                 (repeat_resolving.cpp      :  87)   Using Path-Extend repeat resolving
  0:00:07.502     1M / 281M  INFO    General                 (launcher.cpp              : 600)   ExSPAnder repeat resolving tool started
  0:00:07.505     1M / 281M  INFO    General                 (launcher.cpp              : 418)   Creating main extenders, unique edge length = 2000
  0:00:07.505     1M / 281M  INFO    General                 (launcher.cpp              : 342)   filling path container
  0:00:07.506     1M / 281M  INFO    General                 (extenders_logic.cpp       :  47)   resolvable_repeat_length_bound set to 10000
  0:00:07.507     1M / 281M  INFO    General                 (extenders_logic.cpp       : 543)   Using 0 paired-end libraries
  0:00:07.509     1M / 281M  INFO    General                 (extenders_logic.cpp       : 544)   Using 0 paired-end scaffolding libraries
  0:00:07.510     1M / 281M  INFO    General                 (extenders_logic.cpp       : 545)   Using 1 single read library
  0:00:07.512     1M / 281M  INFO    General                 (launcher.cpp              : 430)   Will not use new long read scaffolding algorithm in this mode
  0:00:07.513     1M / 281M  INFO    General                 (launcher.cpp              : 447)   Total number of extenders is 1
  0:00:07.515     1M / 281M  INFO    General                 (launcher.cpp              : 250)   Finalizing paths
  0:00:07.516     1M / 281M  INFO    General                 (launcher.cpp              : 252)   Deduplicating paths
  0:00:07.517     1M / 281M  INFO    General                 (launcher.cpp              : 256)   Paths deduplicated
  0:00:07.519     1M / 281M  INFO    General                 (launcher.cpp              : 263)   Overlaps will not be removed
  0:00:07.520     1M / 281M  INFO    General                 (launcher.cpp              : 273)   Paths finalized
  0:00:07.521     1M / 281M  INFO    General                 (launcher.cpp              : 454)   Closing gaps in paths
  0:00:07.521     1M / 281M  INFO    General                 (launcher.cpp              : 484)   Gap closing completed
  0:00:07.521     1M / 281M  INFO    General                 (launcher.cpp              : 302)   Traversing tandem repeats
  0:00:07.522     1M / 281M  INFO    General                 (launcher.cpp              : 312)   Traversed 0 loops
  0:00:07.522     1M / 281M  INFO    General                 (launcher.cpp              : 250)   Finalizing paths
  0:00:07.522     1M / 281M  INFO    General                 (launcher.cpp              : 252)   Deduplicating paths
  0:00:07.523     1M / 281M  INFO    General                 (launcher.cpp              : 256)   Paths deduplicated
  0:00:07.524     1M / 281M  INFO    General                 (launcher.cpp              : 263)   Overlaps will not be removed
  0:00:07.524     1M / 281M  INFO    General                 (launcher.cpp              : 273)   Paths finalized
  0:00:07.524     1M / 281M  INFO    General                 (launcher.cpp              : 664)   ExSPAnder repeat resolving tool finished
  0:00:07.524     1M / 281M  INFO   StageManager             (stage.cpp                 : 185)   STAGE == Contig Output (id: contig_output)
  0:00:07.524     1M / 281M  INFO    General                 (contig_output.hpp         :  16)   Outputting contigs to /workspace/output/task_6cca3bef/K33/before_rr.fasta
  0:00:07.531     1M / 281M  INFO    General                 (contig_output_stage.cpp   : 151)   Writing GFA graph to /workspace/output/task_6cca3bef/K33/assembly_graph_with_scaffolds.gfa
  0:00:07.531     1M / 281M  INFO    General                 (contig_output_stage.cpp   : 165)   Outputting FastG graph to /workspace/output/task_6cca3bef/K33/assembly_graph.fastg
  0:00:07.534     1M / 281M  INFO    General                 (contig_output_stage.cpp   : 196)   Breaking scaffolds
  0:00:07.534     1M / 281M  INFO    General                 (contig_output_stage.cpp   :  98)   Outputting contigs to /workspace/output/task_6cca3bef/K33/final_contigs.fasta
  0:00:07.537     1M / 281M  INFO    General                 (contig_output_stage.cpp   : 104)   Outputting FastG paths to /workspace/output/task_6cca3bef/K33/final_contigs.paths
  0:00:07.539     1M / 281M  INFO    General                 (contig_output_stage.cpp   :  98)   Outputting contigs to /workspace/output/task_6cca3bef/K33/scaffolds.fasta
  0:00:07.544     1M / 281M  INFO    General                 (contig_output_stage.cpp   : 104)   Outputting FastG paths to /workspace/output/task_6cca3bef/K33/scaffolds.paths
  0:00:07.554     1M / 281M  INFO    General                 (contig_output_stage.cpp   : 111)   Populating GFA with scaffold paths
  0:00:07.558     1M / 281M  INFO    General                 (pipeline.cpp              : 287)   SPAdes finished
  0:00:07.558     1M / 281M  INFO    General                 (main.cpp                  : 136)   Assembling time: 0 hours 0 minutes 7 seconds

===== K33 finished. 


===== Copy files started. 


== Running: /usr/bin/python /SPAdes-3.15.5-Linux/share/spades/spades_pipeline/scripts/copy_files.py /workspace/output/task_6cca3bef/K33/before_rr.fasta /workspace/output/task_6cca3bef/before_rr.fasta /workspace/output/task_6cca3bef/K33/assembly_graph_after_simplification.gfa /workspace/output/task_6cca3bef/assembly_graph_after_simplification.gfa /workspace/output/task_6cca3bef/K33/final_contigs.fasta /workspace/output/task_6cca3bef/contigs.fasta /workspace/output/task_6cca3bef/K33/first_pe_contigs.fasta /workspace/output/task_6cca3bef/first_pe_contigs.fasta /workspace/output/task_6cca3bef/K33/strain_graph.gfa /workspace/output/task_6cca3bef/strain_graph.gfa /workspace/output/task_6cca3bef/K33/scaffolds.fasta /workspace/output/task_6cca3bef/scaffolds.fasta /workspace/output/task_6cca3bef/K33/scaffolds.paths /workspace/output/task_6cca3bef/scaffolds.paths /workspace/output/task_6cca3bef/K33/assembly_graph_with_scaffolds.gfa /workspace/output/task_6cca3bef/assembly_graph_with_scaffolds.gfa /workspace/output/task_6cca3bef/K33/assembly_graph.fastg /workspace/output/task_6cca3bef/assembly_graph.fastg /workspace/output/task_6cca3bef/K33/final_contigs.paths /workspace/output/task_6cca3bef/contigs.paths


===== Copy files finished. 


===== Assembling finished. 


===== Breaking scaffolds started. 


== Running: /usr/bin/python /SPAdes-3.15.5-Linux/share/spades/spades_pipeline/scripts/breaking_scaffolds_script.py --result_scaffolds_filename /workspace/output/task_6cca3bef/scaffolds.fasta --misc_dir /workspace/output/task_6cca3bef/misc --threshold_for_breaking_scaffolds 3


===== Breaking scaffolds finished. 


===== Terminate started. 


===== Terminate finished. 

 * Corrected reads are in /workspace/output/task_6cca3bef/corrected/
 * Assembled contigs are in /workspace/output/task_6cca3bef/contigs.fasta
 * Assembled scaffolds are in /workspace/output/task_6cca3bef/scaffolds.fasta
 * Paths in the assembly graph corresponding to the contigs are in /workspace/output/task_6cca3bef/contigs.paths
 * Paths in the assembly graph corresponding to the scaffolds are in /workspace/output/task_6cca3bef/scaffolds.paths
 * Assembly graph is in /workspace/output/task_6cca3bef/assembly_graph.fastg
 * Assembly graph in GFA format is in /workspace/output/task_6cca3bef/assembly_graph_with_scaffolds.gfa

======= SPAdes pipeline finished WITH WARNINGS!

=== Error correction and assembling warnings:
 * 0:00:06.712     1M / 281M  WARN    General                 (pair_info_count.cpp       : 358)   Unable to estimate insert size for paired library #0
 * 0:00:06.717     1M / 281M  WARN    General                 (pair_info_count.cpp       : 364)   None of paired reads aligned properly. Please, check orientation of your read pairs.
 * 0:00:06.736     1M / 281M  WARN    General                 (repeat_resolving.cpp      :  81)   Insert size was not estimated for any of the paired libraries, repeat resolution module will not run.
 * 0:00:07.485     1M / 281M  WARN    General                 (pair_info_count.cpp       : 187)   Single reads are not used in metagenomic mode
======= Warnings saved to /workspace/output/task_6cca3bef/warnings.log

SPAdes log can be found here: /workspace/output/task_6cca3bef/spades.log

Thank you for using SPAdes!
