/quast-5.3.0/quast.py --min-contig 1 -o /workspace/output/task_6cca3bef/assembly_report /workspace/output/task_6cca3bef/scaffolds.fasta

Version: 5.3.0

System information:
  OS: Linux-6.6.87.2-microsoft-standard-WSL2-x86_64-with-glibc2.35 (linux_64)
  Python version: 3.10.12
  CPUs number: 16

Started: 2026-03-22 01:54:05

Logging to /workspace/output/task_6cca3bef/assembly_report/quast.log
NOTICE: Maximum number of threads is set to 4 (use --threads option to set it manually)

CWD: /workspace
Main parameters: 
  MODE: default, threads: 4, min contig length: 1, min alignment length: 65, min alignment IDY: 95.0, \
  ambiguity: one, min local misassembly length: 200, min extensive misassembly length: 1000

Contigs:
  Pre-processing...
  /workspace/output/task_6cca3bef/scaffolds.fasta ==> scaffolds

2026-03-22 01:54:06
Running Basic statistics processor...
  Contig files: 
    scaffolds
  Calculating N50 and L50...
    scaffolds, N50 = 36, L50 = 1, auN = 35.0, Total length = 70, GC % = 51.43, # N's per 100 kbp =  0.00
  Drawing Nx plot...
    saved to /workspace/output/task_6cca3bef/assembly_report/basic_stats/Nx_plot.pdf
  Drawing cumulative plot...
    saved to /workspace/output/task_6cca3bef/assembly_report/basic_stats/cumulative_plot.pdf
  Drawing GC content plot...
    saved to /workspace/output/task_6cca3bef/assembly_report/basic_stats/GC_content_plot.pdf
  Drawing scaffolds GC content plot...
    saved to /workspace/output/task_6cca3bef/assembly_report/basic_stats/scaffolds_GC_content_plot.pdf
  Drawing Coverage histogram (bin size: 39x)...
    saved to /workspace/output/task_6cca3bef/assembly_report/basic_stats/coverage_histogram.pdf
  Drawing scaffolds coverage histogram (bin size: 39x)...
    saved to /workspace/output/task_6cca3bef/assembly_report/basic_stats/scaffolds_coverage_histogram.pdf
Done.

NOTICE: Genes are not predicted by default. Use --gene-finding or --glimmer option to enable it.

2026-03-22 01:54:07
Creating large visual summaries...
This may take a while: press Ctrl-C to skip this step..
  1 of 2: Creating PDF with all tables and plots...
  2 of 2: Creating Icarus viewers...
Done

2026-03-22 01:54:07
RESULTS:
  Text versions of total report are saved to /workspace/output/task_6cca3bef/assembly_report/report.txt, report.tsv, and report.tex
  Text versions of transposed total report are saved to /workspace/output/task_6cca3bef/assembly_report/transposed_report.txt, transposed_report.tsv, and transposed_report.tex
  HTML version (interactive tables and plots) is saved to /workspace/output/task_6cca3bef/assembly_report/report.html
  PDF version (tables and plots) is saved to /workspace/output/task_6cca3bef/assembly_report/report.pdf
  Icarus (contig browser) is saved to /workspace/output/task_6cca3bef/assembly_report/icarus.html
  Log is saved to /workspace/output/task_6cca3bef/assembly_report/quast.log

Finished: 2026-03-22 01:54:07
Elapsed time: 0:00:02.675381
NOTICEs: 2; WARNINGs: 0; non-fatal ERRORs: 0

Thank you for using QUAST!
