Command line: /SPAdes-3.15.5-Linux/bin/spades.py	--phred-offset	33	-k	21,33,55,77	-1	/workspace/output/task_a9d6bc97/data/SRR1234567_R1.fastq.gz	-2	/workspace/output/task_a9d6bc97/data/SRR1234567_R2.fastq.gz	-o	/workspace/output/task_a9d6bc97	

System information:
  SPAdes version: 3.15.5
  Python version: 3.8.10
  OS: Linux-6.6.87.2-microsoft-standard-WSL2-x86_64-with-glibc2.29

Output dir: /workspace/output/task_a9d6bc97
Mode: read error correction and assembling
Debug mode is turned OFF

Dataset parameters:
  Standard mode
  For multi-cell/isolate data we recommend to use '--isolate' option; for single-cell MDA data use '--sc'; for metagenomic data use '--meta'; for RNA-Seq use '--rna'.
  Reads:
    Library number: 1, library type: paired-end
      orientation: fr
      left reads: ['/workspace/output/task_a9d6bc97/data/SRR1234567_R1.fastq.gz']
      right reads: ['/workspace/output/task_a9d6bc97/data/SRR1234567_R2.fastq.gz']
      interlaced reads: not specified
      single reads: not specified
      merged reads: not specified
Read error correction parameters:
  Iterations: 1
  PHRED offset: 33
  Corrected reads will be compressed
Assembly parameters:
  k: [21, 33, 55, 77]
  Repeat resolution is enabled
  Mismatch careful mode is turned OFF
  MismatchCorrector will be SKIPPED
  Coverage cutoff is turned OFF
Other parameters:
  Dir for temp files: /workspace/output/task_a9d6bc97/tmp
  Threads: 16
  Memory limit (in Gb): 7


======= SPAdes pipeline started. Log can be found here: /workspace/output/task_a9d6bc97/spades.log

/workspace/output/task_a9d6bc97/data/SRR1234567_R1.fastq.gz: max reads length: 50
/workspace/output/task_a9d6bc97/data/SRR1234567_R2.fastq.gz: max reads length: 50

Reads length: 50

K-mer sizes were set to [21, 33] because estimated read length (50) is less than 77

===== Before start started. 


===== Read error correction started. 


===== Read error correction started. 


== Running: /SPAdes-3.15.5-Linux/bin/spades-hammer /workspace/output/task_a9d6bc97/corrected/configs/config.info

  0:00:00.000     1M / 10M   INFO    General                 (main.cpp                  :  75)   Starting BayesHammer, built from refs/heads/spades_3.15.5, git revision e757b8216f9a038fb616e9551a2d4891b2d19ad7
  0:00:00.006     1M / 10M   INFO    General                 (main.cpp                  :  76)   Loading config from /workspace/output/task_a9d6bc97/corrected/configs/config.info
  0:00:00.018     1M / 10M   INFO    General                 (main.cpp                  :  78)   Maximum # of threads to use (adjusted due to OMP capabilities): 16
  0:00:00.019     1M / 10M   INFO    General                 (memory_limit.cpp          :  54)   Memory limit set to 7 Gb
  0:00:00.020     1M / 10M   INFO    General                 (hammer_tools.cpp          :  38)   Hamming graph threshold tau=1, k=21, subkmer positions = [ 0 10 ]
  0:00:00.026     1M / 10M   INFO    General                 (main.cpp                  : 113)   Size of aux. kmer data 24 bytes
     === ITERATION 0 begins ===
  0:00:00.039     1M / 10M   INFO    General                 (kmer_index_builder.hpp    : 243)   Splitting kmer instances into 16 files using 16 threads. This might take a while.
  0:00:00.043     1M / 10M   INFO    General                 (file_limit.hpp            :  42)   Open file limit set to 1048576
  0:00:00.046     1M / 10M   INFO    General                 (kmer_splitter.hpp         :  93)   Memory available for splitting buffers: 0.145831 Gb
  0:00:00.050     1M / 10M   INFO    General                 (kmer_splitter.hpp         : 101)   Using cell size of 1223321
  0:00:00.054  2817M / 2817M INFO   K-mer Splitting          (kmer_data.cpp             :  97)   Processing /workspace/output/task_a9d6bc97/data/SRR1234567_R1.fastq.gz
  0:00:00.160  2817M / 2817M INFO   K-mer Splitting          (kmer_data.cpp             :  97)   Processing /workspace/output/task_a9d6bc97/data/SRR1234567_R2.fastq.gz
  0:00:00.239  2817M / 2817M INFO   K-mer Splitting          (kmer_data.cpp             : 112)   Total 200 reads processed
  0:00:00.248     1M / 10M   INFO    General                 (kmer_index_builder.hpp    : 249)   Starting k-mer counting.
  0:00:00.344     1M / 10M   INFO    General                 (kmer_index_builder.hpp    : 260)   K-mer counting done. There are 4 kmers in total.
  0:00:00.371     1M / 10M   INFO   K-mer Index Building     (kmer_index_builder.hpp    : 395)   Building perfect hash indices
  0:00:00.427     1M / 10M   INFO   K-mer Index Building     (kmer_index_builder.hpp    : 431)   Index built. Total 4 kmers, 2400 bytes occupied (4800 bits per kmer).
  0:00:00.444     1M / 10M   INFO   K-mer Counting           (kmer_data.cpp             : 354)   Arranging kmers in hash map order
  0:00:00.484     1M / 10M   INFO    General                 (main.cpp                  : 148)   Clustering Hamming graph.
  0:00:00.492     1M / 10M   INFO    General                 (main.cpp                  : 155)   Extracting clusters:
  0:00:00.498     1M / 10M   INFO    General                 (concurrent_dsu.cpp        :  18)   Connecting to root
  0:00:00.499     1M / 10M   INFO    General                 (concurrent_dsu.cpp        :  34)   Calculating counts
  0:00:00.507     1M / 10M   INFO    General                 (concurrent_dsu.cpp        :  63)   Writing down entries
  0:00:00.521     1M / 10M   INFO    General                 (main.cpp                  : 167)   Clustering done. Total clusters: 4
  0:00:00.521     1M / 10M   INFO   K-mer Counting           (kmer_data.cpp             : 371)   Collecting K-mer information, this takes a while.
  0:00:00.528     1M / 10M   INFO   K-mer Counting           (kmer_data.cpp             : 377)   Processing /workspace/output/task_a9d6bc97/data/SRR1234567_R1.fastq.gz
  0:00:00.545     1M / 10M   INFO   K-mer Counting           (kmer_data.cpp             : 377)   Processing /workspace/output/task_a9d6bc97/data/SRR1234567_R2.fastq.gz
  0:00:00.556     1M / 10M   INFO   K-mer Counting           (kmer_data.cpp             : 384)   Collection done, postprocessing.
  0:00:00.557     1M / 10M   INFO   K-mer Counting           (kmer_data.cpp             : 397)   There are 4 kmers in total. Among them 0 (0%) are singletons.
  0:00:00.557     1M / 10M   INFO    General                 (main.cpp                  : 173)   Subclustering Hamming graph
  0:00:00.610     1M / 10M   INFO   Hamming Subclustering    (kmer_cluster.cpp          : 650)   Subclustering done. Total 0 non-read kmers were generated.
  0:00:00.610     1M / 10M   INFO   Hamming Subclustering    (kmer_cluster.cpp          : 651)   Subclustering statistics:
  0:00:00.612     1M / 10M   INFO   Hamming Subclustering    (kmer_cluster.cpp          : 652)     Total singleton hamming clusters: 4. Among them 4 (100%) are good
  0:00:00.613     1M / 10M   INFO   Hamming Subclustering    (kmer_cluster.cpp          : 653)     Total singleton subclusters: 0. Among them 0 (-nan%) are good
  0:00:00.616     1M / 10M   INFO   Hamming Subclustering    (kmer_cluster.cpp          : 654)     Total non-singleton subcluster centers: 0. Among them 0 (-nan%) are good
  0:00:00.617     1M / 10M   INFO   Hamming Subclustering    (kmer_cluster.cpp          : 655)     Average size of non-trivial subcluster: -nan kmers
  0:00:00.618     1M / 10M   INFO   Hamming Subclustering    (kmer_cluster.cpp          : 656)     Average number of sub-clusters per non-singleton cluster: -nan
  0:00:00.620     1M / 10M   INFO   Hamming Subclustering    (kmer_cluster.cpp          : 657)     Total solid k-mers: 4
  0:00:00.622     1M / 10M   INFO   Hamming Subclustering    (kmer_cluster.cpp          : 658)     Substitution probabilities: [4,4]((-nan,-nan,-nan,-nan),(-nan,-nan,-nan,-nan),(-nan,-nan,-nan,-nan),(-nan,-nan,-nan,-nan))
  0:00:00.633     1M / 10M   INFO    General                 (main.cpp                  : 178)   Finished clustering.
  0:00:00.633     1M / 10M   INFO    General                 (main.cpp                  : 197)   Starting solid k-mers expansion in 16 threads.
  0:00:00.656     1M / 10M   INFO    General                 (main.cpp                  : 218)   Solid k-mers iteration 0 produced 0 new k-mers.
  0:00:00.656     1M / 10M   INFO    General                 (main.cpp                  : 222)   Solid k-mers finalized
  0:00:00.656     1M / 10M   INFO    General                 (hammer_tools.cpp          : 222)   Starting read correction in 16 threads.
  0:00:00.661     1M / 10M   INFO    General                 (hammer_tools.cpp          : 235)   Correcting pair of reads: /workspace/output/task_a9d6bc97/data/SRR1234567_R1.fastq.gz and /workspace/output/task_a9d6bc97/data/SRR1234567_R2.fastq.gz
  0:00:00.760   130M / 130M  INFO    General                 (hammer_tools.cpp          : 170)   Prepared batch 0 of 100 reads.
  0:00:00.762   130M / 130M  INFO    General                 (hammer_tools.cpp          : 177)   Processed batch 0
  0:00:00.768   130M / 130M  INFO    General                 (hammer_tools.cpp          : 187)   Written batch 0
  0:00:00.800     1M / 127M  INFO    General                 (hammer_tools.cpp          : 276)   Correction done. Changed 0 bases in 0 reads.
  0:00:00.807     1M / 127M  INFO    General                 (hammer_tools.cpp          : 277)   Failed to correct 0 bases out of 10000.
  0:00:00.807     1M / 127M  INFO    General                 (main.cpp                  : 248)   Too few reads have changed in this iteration. Exiting.
  0:00:00.807     1M / 127M  INFO    General                 (main.cpp                  : 255)   Saving corrected dataset description to /workspace/output/task_a9d6bc97/corrected/corrected.yaml
  0:00:00.820     1M / 127M  INFO    General                 (main.cpp                  : 262)   All done. Exiting.

===== Read error correction finished. 


===== corrected reads compression started. 


== Running: /usr/bin/python /SPAdes-3.15.5-Linux/share/spades/spades_pipeline/scripts/compress_all.py --input_file /workspace/output/task_a9d6bc97/corrected/corrected.yaml --ext_python_modules_home /SPAdes-3.15.5-Linux/share/spades --max_threads 16 --output_dir /workspace/output/task_a9d6bc97/corrected --gzip_output

== Compressing corrected reads (with pigz)
== Files to compress: ['/workspace/output/task_a9d6bc97/corrected/SRR1234567_R1.fastq.00.0_0.cor.fastq', '/workspace/output/task_a9d6bc97/corrected/SRR1234567_R2.fastq.00.0_0.cor.fastq', '/workspace/output/task_a9d6bc97/corrected/SRR1234567_R_unpaired.00.0_0.cor.fastq']
== Files compression is finished
== Dataset yaml file is updated

===== corrected reads compression finished. 


===== Read error correction finished. 


===== Assembling started. 


===== K21 started. 


== Running: /SPAdes-3.15.5-Linux/bin/spades-core /workspace/output/task_a9d6bc97/K21/configs/config.info

  0:00:00.000     1M / 10M   INFO    General                 (main.cpp                  :  99)   Loaded config from /workspace/output/task_a9d6bc97/K21/configs/config.info
  0:00:00.011     1M / 10M   INFO    General                 (memory_limit.cpp          :  54)   Memory limit set to 7 Gb
  0:00:00.020     1M / 10M   INFO    General                 (main.cpp                  : 107)   Starting SPAdes, built from refs/heads/spades_3.15.5, git revision e757b8216f9a038fb616e9551a2d4891b2d19ad7
  0:00:00.025     1M / 10M   INFO    General                 (main.cpp                  : 108)   Maximum k-mer length: 128
  0:00:00.032     1M / 10M   INFO    General                 (main.cpp                  : 109)   Assembling dataset (/workspace/output/task_a9d6bc97/dataset.info) with K=21
  0:00:00.039     1M / 10M   INFO    General                 (main.cpp                  : 110)   Maximum # of threads to use (adjusted due to OMP capabilities): 16
  0:00:00.045     1M / 10M   INFO    General                 (pipeline.cpp              : 212)   SPAdes started
  0:00:00.051     1M / 10M   INFO    General                 (pipeline.cpp              : 225)   Starting from stage: read_conversion
  0:00:00.057     1M / 10M   INFO    General                 (pipeline.cpp              : 231)   Two-step repeat resolution disabled
  0:00:00.059     1M / 10M   INFO   GraphCore                (graph_core.hpp            : 672)   Graph created, vertex min_id: 3, edge min_id: 3
  0:00:00.061     1M / 10M   INFO   GraphCore                (graph_core.hpp            : 673)   Vertex size: 48, edge size: 40
  0:00:00.062     1M / 10M   INFO    General                 (edge_index.hpp            : 113)   Size of edge index entries: 12/8
  0:00:00.067     1M / 10M   INFO   StageManager             (stage.cpp                 : 185)   STAGE == Binary Read Conversion (id: read_conversion)
  0:00:00.076     1M / 10M   INFO    General                 (read_converter.cpp        :  72)   Converting reads to binary format for library #0 (takes a while)
  0:00:00.077     1M / 10M   INFO    General                 (read_converter.cpp        :  73)   Converting paired reads
  0:00:00.093    21M / 21M   INFO    General                 (binary_converter.cpp      : 111)   93 reads written
  0:00:00.094    14M / 14M   INFO    General                 (read_converter.cpp        :  86)   Converting single reads
  0:00:00.110    24M / 24M   INFO    General                 (binary_converter.cpp      : 111)   7 reads written
  0:00:00.111    20M / 20M   INFO    General                 (read_converter.cpp        :  92)   Converting merged reads
  0:00:00.124    24M / 24M   INFO    General                 (binary_converter.cpp      : 111)   0 reads written
  0:00:00.142     1M / 10M   INFO   StageManager             (stage.cpp                 : 185)   STAGE == de Bruijn graph construction (id: construction)
  0:00:00.224     1M / 10M   INFO    General                 (construction.cpp          : 153)   Max read length 50
  0:00:00.231     1M / 10M   INFO    General                 (construction.cpp          : 159)   Average read length 50
  0:00:00.232     1M / 10M   INFO    General                 (stage.cpp                 : 117)   PROCEDURE == k+1-mer counting (id: construction:kpomer_counting)
  0:00:00.239     1M / 10M   INFO    General                 (kmer_index_builder.hpp    : 243)   Splitting kmer instances into 160 files using 16 threads. This might take a while.
  0:00:00.245     1M / 10M   INFO    General                 (file_limit.hpp            :  42)   Open file limit set to 1048576
  0:00:00.251     1M / 10M   INFO    General                 (kmer_splitter.hpp         :  93)   Memory available for splitting buffers: 0.145821 Gb
  0:00:00.256     1M / 10M   INFO    General                 (kmer_splitter.hpp         : 101)   Using cell size of 122323
  0:00:01.133     1M / 17M   INFO    General                 (kmer_splitters.hpp        : 131)   Used 386 reads
  0:00:01.137     1M / 17M   INFO    General                 (kmer_index_builder.hpp    : 249)   Starting k-mer counting.
  0:00:01.911     1M / 17M   INFO    General                 (kmer_index_builder.hpp    : 260)   K-mer counting done. There are 3 kmers in total.
  0:00:01.917     1M / 17M   INFO    General                 (stage.cpp                 : 117)   PROCEDURE == Extension index construction (id: construction:extension_index_construction)
  0:00:02.010     1M / 17M   INFO   K-mer Index Building     (kmer_index_builder.hpp    : 438)   Building kmer index
  0:00:02.016     1M / 17M   INFO    General                 (kmer_index_builder.hpp    : 243)   Splitting kmer instances into 160 files using 16 threads. This might take a while.
  0:00:02.026     1M / 17M   INFO    General                 (file_limit.hpp            :  42)   Open file limit set to 1048576
  0:00:02.030     1M / 17M   INFO    General                 (kmer_splitter.hpp         :  93)   Memory available for splitting buffers: 0.145819 Gb
  0:00:02.031     1M / 17M   INFO    General                 (kmer_splitter.hpp         : 101)   Using cell size of 122322
  0:00:02.883  3201M / 3201M INFO    General                 (kmer_splitters.hpp        : 199)   Used 3 kmers.
  0:00:02.885     1M / 17M   INFO    General                 (kmer_index_builder.hpp    : 249)   Starting k-mer counting.
  0:00:03.800     1M / 17M   INFO    General                 (kmer_index_builder.hpp    : 260)   K-mer counting done. There are 2 kmers in total.
  0:00:03.808     1M / 17M   INFO   K-mer Index Building     (kmer_index_builder.hpp    : 395)   Building perfect hash indices
  0:00:04.322     2M / 17M   INFO   K-mer Index Building     (kmer_index_builder.hpp    : 431)   Index built. Total 2 kmers, 1600 bytes occupied (6400 bits per kmer).
  0:00:04.325     2M / 17M   INFO    General                 (kmer_index_builder.hpp    : 169)   Merging final buckets.
  0:00:04.714     2M / 17M   INFO   DeBruijnExtensionIndexBu (kmer_extension_index_build: 100)   Building k-mer extensions from k+1-mers
  0:00:04.750     2M / 17M   INFO   DeBruijnExtensionIndexBu (kmer_extension_index_build: 105)   Building k-mer extensions from k+1-mers finished.
  0:00:04.765     1M / 17M   INFO    General                 (stage.cpp                 : 117)   PROCEDURE == Early tip clipping (id: construction:early_tip_clipper)
  0:00:04.765     1M / 17M   INFO    General                 (construction.cpp          : 301)   Early tip clipper length bound set as (RL - K)
  0:00:04.767     1M / 17M   INFO   Early tip clipping       (early_simplification.hpp  :  47)   Early tip clipping
  0:00:04.773     1M / 17M   INFO   Early tip clipping       (early_simplification.hpp  :  82)   #tipped junctions: 0
  0:00:04.777     1M / 17M   INFO   Early tip clipping       (early_simplification.hpp  :  93)   Clipped tips: 0
  0:00:04.781     1M / 17M   INFO   Early tip clipping       (early_simplification.hpp  :  49)   0 22-mers were removed by early tip clipper
  0:00:04.783     1M / 17M   INFO    General                 (stage.cpp                 : 117)   PROCEDURE == Condensing graph (id: construction:graph_condensing)
  0:00:04.788     1M / 17M   INFO   UnbranchingPathExtractor (debruijn_graph_constructor: 354)   Extracting unbranching paths
  0:00:04.793     1M / 17M   INFO   UnbranchingPathExtractor (debruijn_graph_constructor: 373)   Extracting unbranching paths finished. 0 sequences extracted
  0:00:04.797     1M / 17M   INFO   UnbranchingPathExtractor (debruijn_graph_constructor: 309)   Collecting perfect loops
  0:00:04.800     1M / 17M   INFO   UnbranchingPathExtractor (debruijn_graph_constructor: 342)   Collecting perfect loops finished. 2 loops collected
  0:00:04.804     1M / 17M   INFO    General                 (debruijn_graph_constructor: 487)   Total 4 edges to create
  0:00:04.806     1M / 17M   INFO    General                 (debruijn_graph_constructor: 489)   Collecting link records
  0:00:04.809     1M / 17M   INFO    General                 (debruijn_graph_constructor: 491)   Ordering link records
  0:00:04.811     1M / 17M   INFO    General                 (debruijn_graph_constructor: 493)   Sorting done
  0:00:04.813     1M / 17M   INFO    General                 (debruijn_graph_constructor: 503)   Total 1 vertices to create
  0:00:04.815     1M / 17M   INFO    General                 (debruijn_graph_constructor: 506)   Connecting the graph
  0:00:04.818     1M / 17M   INFO    General                 (stage.cpp                 : 117)   PROCEDURE == Filling coverage indices (PHM) (id: construction:coverage_filling_phm)
  0:00:04.820     1M / 17M   INFO   K-mer Index Building     (kmer_index_builder.hpp    : 395)   Building perfect hash indices
  0:00:05.281     2M / 17M   INFO   K-mer Index Building     (kmer_index_builder.hpp    : 431)   Index built. Total 3 kmers, 2400 bytes occupied (6400 bits per kmer).
  0:00:05.421     2M / 17M   INFO    General                 (coverage_hash_map_builder.:  47)   Collecting k-mer coverage information from reads, this takes a while.
  0:00:05.444     2M / 17M   INFO    General                 (construction.cpp          : 430)   Filling coverage and flanking coverage from PHM
  0:00:05.691     1M / 17M   INFO   StageManager             (stage.cpp                 : 185)   STAGE == EC Threshold Finding (id: ec_threshold_finder)
  0:00:05.702     1M / 17M   INFO    General                 (kmer_coverage_model.cpp   : 181)   Kmer coverage valley at: 0
  0:00:05.704     1M / 17M   INFO    General                 (kmer_coverage_model.cpp   : 201)   K-mer histogram maximum: 2701
  0:00:05.707     1M / 17M   INFO    General                 (kmer_coverage_model.cpp   : 237)   Estimated median coverage: 2702. Coverage mad: 2.9652
  0:00:05.709     1M / 17M   INFO    General                 (kmer_coverage_model.cpp   : 259)   Fitting coverage model
  0:00:05.735     1M / 17M   INFO    General                 (kmer_coverage_model.cpp   : 295)   ... iteration 2
  0:00:05.755     1M / 17M   INFO    General                 (kmer_coverage_model.cpp   : 295)   ... iteration 4
  0:00:05.773     1M / 17M   INFO    General                 (kmer_coverage_model.cpp   : 309)   Fitted mean coverage: 2702. Fitted coverage std. dev: 0.000271598
  0:00:05.781     1M / 17M   INFO    General                 (kmer_coverage_model.cpp   : 334)   Probability of erroneous kmer at valley: 1
  0:00:05.790     1M / 17M   INFO    General                 (kmer_coverage_model.cpp   : 358)   Preliminary threshold calculated as: 2702
  0:00:05.799     1M / 17M   INFO    General                 (kmer_coverage_model.cpp   : 362)   Threshold adjusted to: 1351
  0:00:05.806     1M / 17M   INFO    General                 (kmer_coverage_model.cpp   : 375)   Estimated genome size (ignoring repeats): 3
  0:00:05.812     1M / 17M   INFO    General                 (genomic_info_filler.cpp   :  55)   Mean coverage was calculated as 2702
  0:00:05.813     1M / 17M   INFO    General                 (genomic_info_filler.cpp   :  70)   EC coverage threshold value was calculated as 1351
  0:00:05.815     1M / 17M   INFO    General                 (genomic_info_filler.cpp   :  71)   Trusted kmer low bound: 0
  0:00:05.817     1M / 17M   INFO   StageManager             (stage.cpp                 : 185)   STAGE == Raw Simplification (id: raw_simplification)
  0:00:05.819     1M / 17M   INFO    General                 (simplification.cpp        : 127)   PROCEDURE == Initial cleaning
  0:00:05.822     1M / 17M   INFO    General                 (graph_simplification.hpp  : 662)   Flanking coverage based disconnection disabled
  0:00:05.823     1M / 17M   INFO   Simplification           (parallel_processing.hpp   : 167)   Running Self conjugate edge remover
  0:00:05.828     1M / 17M   INFO   Simplification           (parallel_processing.hpp   : 170)   Self conjugate edge remover triggered 0 times
  0:00:05.828     1M / 17M   INFO   Simplification           (parallel_processing.hpp   : 167)   Running Initial tip clipper
  0:00:05.831     1M / 17M   INFO   Simplification           (parallel_processing.hpp   : 170)   Initial tip clipper triggered 0 times
  0:00:05.834     1M / 17M   INFO   Simplification           (parallel_processing.hpp   : 167)   Running Initial ec remover
  0:00:05.835     1M / 17M   INFO   Simplification           (parallel_processing.hpp   : 170)   Initial ec remover triggered 0 times
  0:00:05.836     1M / 17M   INFO   Simplification           (parallel_processing.hpp   : 167)   Running Initial isolated edge remover
  0:00:05.839     1M / 17M   INFO   Simplification           (parallel_processing.hpp   : 170)   Initial isolated edge remover triggered 0 times
  0:00:05.842     1M / 17M   INFO   StageManager             (stage.cpp                 : 185)   STAGE == Simplification (id: simplification)
  0:00:05.843     1M / 17M   INFO    General                 (simplification.cpp        : 368)   Graph simplification started
  0:00:05.844     1M / 17M   INFO    General                 (graph_simplification.hpp  : 634)   Creating parallel br instance
  0:00:05.847     1M / 17M   INFO    General                 (simplification.cpp        : 373)   PROCEDURE == Simplification cycle, iteration 1
  0:00:05.848     1M / 17M   INFO   Simplification           (parallel_processing.hpp   : 167)   Running Tip clipper
  0:00:05.850     1M / 17M   INFO   Simplification           (parallel_processing.hpp   : 170)   Tip clipper triggered 0 times
  0:00:05.853     1M / 17M   INFO   Simplification           (parallel_processing.hpp   : 167)   Running Bulge remover
  0:00:05.856     1M / 17M   INFO   Simplification           (parallel_processing.hpp   : 170)   Bulge remover triggered 0 times
  0:00:05.859     1M / 17M   INFO   Simplification           (parallel_processing.hpp   : 167)   Running Low coverage edge remover
  0:00:05.861     1M / 17M   INFO   Simplification           (parallel_processing.hpp   : 170)   Low coverage edge remover triggered 0 times
  0:00:05.862     1M / 17M   INFO    General                 (simplification.cpp        : 373)   PROCEDURE == Simplification cycle, iteration 2
  0:00:05.863     1M / 17M   INFO   Simplification           (parallel_processing.hpp   : 167)   Running Tip clipper
  0:00:05.864     1M / 17M   INFO   Simplification           (parallel_processing.hpp   : 170)   Tip clipper triggered 0 times
  0:00:05.870     1M / 17M   INFO   Simplification           (parallel_processing.hpp   : 167)   Running Bulge remover
  0:00:05.871     1M / 17M   INFO   Simplification           (parallel_processing.hpp   : 170)   Bulge remover triggered 0 times
  0:00:05.872     1M / 17M   INFO   Simplification           (parallel_processing.hpp   : 167)   Running Low coverage edge remover
  0:00:05.875     1M / 17M   INFO   Simplification           (parallel_processing.hpp   : 170)   Low coverage edge remover triggered 0 times
  0:00:05.877     1M / 17M   INFO    General                 (simplification.cpp        : 373)   PROCEDURE == Simplification cycle, iteration 3
  0:00:05.879     1M / 17M   INFO   Simplification           (parallel_processing.hpp   : 167)   Running Tip clipper
  0:00:05.880     1M / 17M   INFO   Simplification           (parallel_processing.hpp   : 170)   Tip clipper triggered 0 times
  0:00:05.881     1M / 17M   INFO   Simplification           (parallel_processing.hpp   : 167)   Running Bulge remover
  0:00:05.882     1M / 17M   INFO   Simplification           (parallel_processing.hpp   : 170)   Bulge remover triggered 0 times
  0:00:05.886     1M / 17M   INFO   Simplification           (parallel_processing.hpp   : 167)   Running Low coverage edge remover
  0:00:05.888     1M / 17M   INFO   Simplification           (parallel_processing.hpp   : 170)   Low coverage edge remover triggered 0 times
  0:00:05.891     1M / 17M   INFO    General                 (simplification.cpp        : 373)   PROCEDURE == Simplification cycle, iteration 4
  0:00:05.893     1M / 17M   INFO   Simplification           (parallel_processing.hpp   : 167)   Running Tip clipper
  0:00:05.894     1M / 17M   INFO   Simplification           (parallel_processing.hpp   : 170)   Tip clipper triggered 0 times
  0:00:05.896     1M / 17M   INFO   Simplification           (parallel_processing.hpp   : 167)   Running Bulge remover
  0:00:05.898     1M / 17M   INFO   Simplification           (parallel_processing.hpp   : 170)   Bulge remover triggered 0 times
  0:00:05.901     1M / 17M   INFO   Simplification           (parallel_processing.hpp   : 167)   Running Low coverage edge remover
  0:00:05.903     1M / 17M   INFO   Simplification           (parallel_processing.hpp   : 170)   Low coverage edge remover triggered 0 times
  0:00:05.905     1M / 17M   INFO    General                 (simplification.cpp        : 373)   PROCEDURE == Simplification cycle, iteration 5
  0:00:05.907     1M / 17M   INFO   Simplification           (parallel_processing.hpp   : 167)   Running Tip clipper
  0:00:05.908     1M / 17M   INFO   Simplification           (parallel_processing.hpp   : 170)   Tip clipper triggered 0 times
  0:00:05.910     1M / 17M   INFO   Simplification           (parallel_processing.hpp   : 167)   Running Bulge remover
  0:00:05.912     1M / 17M   INFO   Simplification           (parallel_processing.hpp   : 170)   Bulge remover triggered 0 times
  0:00:05.913     1M / 17M   INFO   Simplification           (parallel_processing.hpp   : 167)   Running Low coverage edge remover
  0:00:05.916     1M / 17M   INFO   Simplification           (parallel_processing.hpp   : 170)   Low coverage edge remover triggered 0 times
  0:00:05.920     1M / 17M   INFO    General                 (simplification.cpp        : 373)   PROCEDURE == Simplification cycle, iteration 6
  0:00:05.922     1M / 17M   INFO   Simplification           (parallel_processing.hpp   : 167)   Running Tip clipper
  0:00:05.928     1M / 17M   INFO   Simplification           (parallel_processing.hpp   : 170)   Tip clipper triggered 0 times
  0:00:05.928     1M / 17M   INFO   Simplification           (parallel_processing.hpp   : 167)   Running Bulge remover
  0:00:05.929     1M / 17M   INFO   Simplification           (parallel_processing.hpp   : 170)   Bulge remover triggered 0 times
  0:00:05.933     1M / 17M   INFO   Simplification           (parallel_processing.hpp   : 167)   Running Low coverage edge remover
  0:00:05.943     1M / 17M   INFO   Simplification           (parallel_processing.hpp   : 170)   Low coverage edge remover triggered 0 times
  0:00:05.945     1M / 17M   INFO    General                 (simplification.cpp        : 373)   PROCEDURE == Simplification cycle, iteration 7
  0:00:05.946     1M / 17M   INFO   Simplification           (parallel_processing.hpp   : 167)   Running Tip clipper
  0:00:05.948     1M / 17M   INFO   Simplification           (parallel_processing.hpp   : 170)   Tip clipper triggered 0 times
  0:00:05.950     1M / 17M   INFO   Simplification           (parallel_processing.hpp   : 167)   Running Bulge remover
  0:00:05.951     1M / 17M   INFO   Simplification           (parallel_processing.hpp   : 170)   Bulge remover triggered 0 times
  0:00:05.954     1M / 17M   INFO   Simplification           (parallel_processing.hpp   : 167)   Running Low coverage edge remover
  0:00:05.959     1M / 17M   INFO   Simplification           (parallel_processing.hpp   : 170)   Low coverage edge remover triggered 0 times
  0:00:05.960     1M / 17M   INFO    General                 (simplification.cpp        : 373)   PROCEDURE == Simplification cycle, iteration 8
  0:00:05.962     1M / 17M   INFO   Simplification           (parallel_processing.hpp   : 167)   Running Tip clipper
  0:00:05.963     1M / 17M   INFO   Simplification           (parallel_processing.hpp   : 170)   Tip clipper triggered 0 times
  0:00:05.964     1M / 17M   INFO   Simplification           (parallel_processing.hpp   : 167)   Running Bulge remover
  0:00:05.966     1M / 17M   INFO   Simplification           (parallel_processing.hpp   : 170)   Bulge remover triggered 0 times
  0:00:05.967     1M / 17M   INFO   Simplification           (parallel_processing.hpp   : 167)   Running Low coverage edge remover
  0:00:05.969     1M / 17M   INFO   Simplification           (parallel_processing.hpp   : 170)   Low coverage edge remover triggered 0 times
  0:00:05.973     1M / 17M   INFO    General                 (simplification.cpp        : 373)   PROCEDURE == Simplification cycle, iteration 9
  0:00:05.976     1M / 17M   INFO   Simplification           (parallel_processing.hpp   : 167)   Running Tip clipper
  0:00:05.979     1M / 17M   INFO   Simplification           (parallel_processing.hpp   : 170)   Tip clipper triggered 0 times
  0:00:05.980     1M / 17M   INFO   Simplification           (parallel_processing.hpp   : 167)   Running Bulge remover
  0:00:05.983     1M / 17M   INFO   Simplification           (parallel_processing.hpp   : 170)   Bulge remover triggered 0 times
  0:00:05.984     1M / 17M   INFO   Simplification           (parallel_processing.hpp   : 167)   Running Low coverage edge remover
  0:00:05.986     1M / 17M   INFO   Simplification           (parallel_processing.hpp   : 170)   Low coverage edge remover triggered 0 times
  0:00:05.989     1M / 17M   INFO    General                 (simplification.cpp        : 373)   PROCEDURE == Simplification cycle, iteration 10
  0:00:05.990     1M / 17M   INFO   Simplification           (parallel_processing.hpp   : 167)   Running Tip clipper
  0:00:05.994     1M / 17M   INFO   Simplification           (parallel_processing.hpp   : 170)   Tip clipper triggered 0 times
  0:00:05.997     1M / 17M   INFO   Simplification           (parallel_processing.hpp   : 167)   Running Bulge remover
  0:00:05.999     1M / 17M   INFO   Simplification           (parallel_processing.hpp   : 170)   Bulge remover triggered 0 times
  0:00:06.000     1M / 17M   INFO   Simplification           (parallel_processing.hpp   : 167)   Running Low coverage edge remover
  0:00:06.003     1M / 17M   INFO   Simplification           (parallel_processing.hpp   : 170)   Low coverage edge remover triggered 0 times
  0:00:06.005     1M / 17M   INFO    General                 (simplification.cpp        : 373)   PROCEDURE == Simplification cycle, iteration 11
  0:00:06.006     1M / 17M   INFO   Simplification           (parallel_processing.hpp   : 167)   Running Tip clipper
  0:00:06.010     1M / 17M   INFO   Simplification           (parallel_processing.hpp   : 170)   Tip clipper triggered 0 times
  0:00:06.011     1M / 17M   INFO   Simplification           (parallel_processing.hpp   : 167)   Running Bulge remover
  0:00:06.011     1M / 17M   INFO   Simplification           (parallel_processing.hpp   : 170)   Bulge remover triggered 0 times
  0:00:06.011     1M / 17M   INFO   Simplification           (parallel_processing.hpp   : 167)   Running Low coverage edge remover
  0:00:06.013     1M / 17M   INFO   Simplification           (parallel_processing.hpp   : 170)   Low coverage edge remover triggered 0 times
  0:00:06.018     1M / 17M   INFO   StageManager             (stage.cpp                 : 185)   STAGE == Simplification Cleanup (id: simplification_cleanup)
  0:00:06.018     1M / 17M   INFO    General                 (simplification.cpp        : 176)   PROCEDURE == Post simplification
  0:00:06.019     1M / 17M   INFO    General                 (graph_simplification.hpp  : 448)   Disconnection of relatively low covered edges disabled
  0:00:06.022     1M / 17M   INFO    General                 (graph_simplification.hpp  : 485)   Complex tip clipping disabled
  0:00:06.023     1M / 17M   INFO    General                 (graph_simplification.hpp  : 634)   Creating parallel br instance
  0:00:06.026     1M / 17M   INFO   Simplification           (parallel_processing.hpp   : 167)   Running Tip clipper
  0:00:06.029     1M / 17M   INFO   Simplification           (parallel_processing.hpp   : 170)   Tip clipper triggered 0 times
  0:00:06.031     1M / 17M   INFO   Simplification           (parallel_processing.hpp   : 167)   Running Bulge remover
  0:00:06.035     1M / 17M   INFO   Simplification           (parallel_processing.hpp   : 170)   Bulge remover triggered 0 times
  0:00:06.036     1M / 17M   INFO   Simplification           (parallel_processing.hpp   : 167)   Running Tip clipper
  0:00:06.040     1M / 17M   INFO   Simplification           (parallel_processing.hpp   : 170)   Tip clipper triggered 0 times
  0:00:06.045     1M / 17M   INFO   Simplification           (parallel_processing.hpp   : 167)   Running Bulge remover
  0:00:06.050     1M / 17M   INFO   Simplification           (parallel_processing.hpp   : 170)   Bulge remover triggered 0 times
  0:00:06.051     1M / 17M   INFO    General                 (simplification.cpp        : 327)   Disrupting self-conjugate edges
  0:00:06.055     1M / 17M   INFO   Simplification           (parallel_processing.hpp   : 167)   Running Removing isolated edges
  0:00:06.058     1M / 17M   INFO   Simplification           (parallel_processing.hpp   : 170)   Removing isolated edges triggered 0 times
  0:00:06.061     1M / 17M   INFO    General                 (simplification.cpp        : 495)   After simplification:
  0:00:06.062     1M / 17M   INFO    General                 (simplification.cpp        : 496)     Average coverage = 2798.5
  0:00:06.064     1M / 17M   INFO    General                 (simplification.cpp        : 497)     Total length = 4
  0:00:06.068     1M / 17M   INFO    General                 (simplification.cpp        : 498)     Median edge length: 3
  0:00:06.068     1M / 17M   INFO    General                 (simplification.cpp        : 499)     Edges: 2
  0:00:06.070     1M / 17M   INFO    General                 (simplification.cpp        : 500)     Vertices: 2
  0:00:06.074     1M / 17M   INFO   StageManager             (stage.cpp                 : 185)   STAGE == Contig Output (id: contig_output)
  0:00:06.077     1M / 17M   INFO    General                 (read_converter.cpp        : 107)   Outputting contigs to /workspace/output/task_a9d6bc97/K21/simplified_contigs
  0:00:06.090     3M / 17M   INFO    General                 (binary_converter.cpp      : 111)   2 reads written
  0:00:06.100     1M / 17M   INFO    General                 (pipeline.cpp              : 287)   SPAdes finished
  0:00:06.101     1M / 17M   INFO    General                 (main.cpp                  : 136)   Assembling time: 0 hours 0 minutes 6 seconds

===== K21 finished. 


===== K33 started. 


== Running: /SPAdes-3.15.5-Linux/bin/spades-core /workspace/output/task_a9d6bc97/K33/configs/config.info

  0:00:00.000     1M / 10M   INFO    General                 (main.cpp                  :  99)   Loaded config from /workspace/output/task_a9d6bc97/K33/configs/config.info
  0:00:00.004     1M / 10M   INFO    General                 (memory_limit.cpp          :  54)   Memory limit set to 7 Gb
  0:00:00.004     1M / 10M   INFO    General                 (main.cpp                  : 107)   Starting SPAdes, built from refs/heads/spades_3.15.5, git revision e757b8216f9a038fb616e9551a2d4891b2d19ad7
  0:00:00.004     1M / 10M   INFO    General                 (main.cpp                  : 108)   Maximum k-mer length: 128
  0:00:00.004     1M / 10M   INFO    General                 (main.cpp                  : 109)   Assembling dataset (/workspace/output/task_a9d6bc97/dataset.info) with K=33
  0:00:00.004     1M / 10M   INFO    General                 (main.cpp                  : 110)   Maximum # of threads to use (adjusted due to OMP capabilities): 16
  0:00:00.004     1M / 10M   INFO    General                 (pipeline.cpp              : 212)   SPAdes started
  0:00:00.004     1M / 10M   INFO    General                 (pipeline.cpp              : 225)   Starting from stage: read_conversion
  0:00:00.004     1M / 10M   INFO    General                 (pipeline.cpp              : 231)   Two-step repeat resolution disabled
  0:00:00.004     1M / 10M   INFO   GraphCore                (graph_core.hpp            : 672)   Graph created, vertex min_id: 3, edge min_id: 3
  0:00:00.004     1M / 10M   INFO   GraphCore                (graph_core.hpp            : 673)   Vertex size: 48, edge size: 40
  0:00:00.004     1M / 10M   INFO    General                 (edge_index.hpp            : 113)   Size of edge index entries: 12/8
  0:00:00.004     1M / 10M   INFO    General                 (pipeline.cpp              : 242)   Will need read mapping, kmer mapper will be attached
  0:00:00.004     1M / 10M   INFO   StageManager             (stage.cpp                 : 185)   STAGE == Binary Read Conversion (id: read_conversion)
  0:00:00.014     1M / 10M   INFO    General                 (read_converter.cpp        :  53)   Binary reads detected
  0:00:00.025     1M / 10M   INFO   StageManager             (stage.cpp                 : 185)   STAGE == de Bruijn graph construction (id: construction)
  0:00:00.027     1M / 10M   INFO    General                 (construction.cpp          : 118)   Contigs from previous K will be used: /workspace/output/task_a9d6bc97/K21/simplified_contigs
  0:00:00.243     1M / 10M   INFO    General                 (construction.cpp          : 153)   Max read length 50
  0:00:00.249     1M / 10M   INFO    General                 (construction.cpp          : 159)   Average read length 50
  0:00:00.252     1M / 10M   INFO    General                 (stage.cpp                 : 117)   PROCEDURE == k+1-mer counting (id: construction:kpomer_counting)
  0:00:00.257     1M / 10M   INFO    General                 (kmer_index_builder.hpp    : 243)   Splitting kmer instances into 160 files using 16 threads. This might take a while.
  0:00:00.272     1M / 10M   INFO    General                 (file_limit.hpp            :  42)   Open file limit set to 1048576
  0:00:00.275     1M / 10M   INFO    General                 (kmer_splitter.hpp         :  93)   Memory available for splitting buffers: 0.145818 Gb
  0:00:00.283     1M / 10M   INFO    General                 (kmer_splitter.hpp         : 101)   Using cell size of 61160
  0:00:01.510     1M / 17M   INFO    General                 (kmer_splitters.hpp        : 131)   Used 390 reads
  0:00:01.517     1M / 17M   INFO    General                 (kmer_index_builder.hpp    : 249)   Starting k-mer counting.
  0:00:02.554     1M / 17M   INFO    General                 (kmer_index_builder.hpp    : 260)   K-mer counting done. There are 3 kmers in total.
  0:00:02.563     1M / 17M   INFO    General                 (stage.cpp                 : 117)   PROCEDURE == Extension index construction (id: construction:extension_index_construction)
  0:00:02.747     1M / 17M   INFO   K-mer Index Building     (kmer_index_builder.hpp    : 438)   Building kmer index
  0:00:02.753     1M / 17M   INFO    General                 (kmer_index_builder.hpp    : 243)   Splitting kmer instances into 160 files using 16 threads. This might take a while.
  0:00:02.760     1M / 17M   INFO    General                 (file_limit.hpp            :  42)   Open file limit set to 1048576
  0:00:02.763     1M / 17M   INFO    General                 (kmer_splitter.hpp         :  93)   Memory available for splitting buffers: 0.145816 Gb
  0:00:02.767     1M / 17M   INFO    General                 (kmer_splitter.hpp         : 101)   Using cell size of 61159
  0:00:03.991  3201M / 3201M INFO    General                 (kmer_splitters.hpp        : 199)   Used 3 kmers.
  0:00:03.993     2M / 17M   INFO    General                 (kmer_index_builder.hpp    : 249)   Starting k-mer counting.
  0:00:05.058     2M / 17M   INFO    General                 (kmer_index_builder.hpp    : 260)   K-mer counting done. There are 2 kmers in total.
  0:00:05.060     2M / 17M   INFO   K-mer Index Building     (kmer_index_builder.hpp    : 395)   Building perfect hash indices
  0:00:05.570     2M / 17M   INFO   K-mer Index Building     (kmer_index_builder.hpp    : 431)   Index built. Total 2 kmers, 1600 bytes occupied (6400 bits per kmer).
  0:00:05.576     2M / 17M   INFO    General                 (kmer_index_builder.hpp    : 169)   Merging final buckets.
  0:00:05.968     2M / 17M   INFO   DeBruijnExtensionIndexBu (kmer_extension_index_build: 100)   Building k-mer extensions from k+1-mers
  0:00:05.997     2M / 17M   INFO   DeBruijnExtensionIndexBu (kmer_extension_index_build: 105)   Building k-mer extensions from k+1-mers finished.
  0:00:06.011     2M / 17M   INFO    General                 (stage.cpp                 : 117)   PROCEDURE == Condensing graph (id: construction:graph_condensing)
  0:00:06.013     2M / 17M   INFO   UnbranchingPathExtractor (debruijn_graph_constructor: 354)   Extracting unbranching paths
  0:00:06.017     2M / 17M   INFO   UnbranchingPathExtractor (debruijn_graph_constructor: 373)   Extracting unbranching paths finished. 0 sequences extracted
  0:00:06.021     2M / 17M   INFO   UnbranchingPathExtractor (debruijn_graph_constructor: 309)   Collecting perfect loops
  0:00:06.029     2M / 17M   INFO   UnbranchingPathExtractor (debruijn_graph_constructor: 342)   Collecting perfect loops finished. 2 loops collected
  0:00:06.031     2M / 17M   INFO    General                 (debruijn_graph_constructor: 487)   Total 4 edges to create
  0:00:06.033     2M / 17M   INFO    General                 (debruijn_graph_constructor: 489)   Collecting link records
  0:00:06.041     2M / 17M   INFO    General                 (debruijn_graph_constructor: 491)   Ordering link records
  0:00:06.043     2M / 17M   INFO    General                 (debruijn_graph_constructor: 493)   Sorting done
  0:00:06.044     2M / 17M   INFO    General                 (debruijn_graph_constructor: 503)   Total 1 vertices to create
  0:00:06.047     2M / 17M   INFO    General                 (debruijn_graph_constructor: 506)   Connecting the graph
  0:00:06.051     2M / 17M   INFO    General                 (stage.cpp                 : 117)   PROCEDURE == Filling coverage indices (PHM) (id: construction:coverage_filling_phm)
  0:00:06.055     2M / 17M   INFO   K-mer Index Building     (kmer_index_builder.hpp    : 395)   Building perfect hash indices
  0:00:06.511     2M / 17M   INFO   K-mer Index Building     (kmer_index_builder.hpp    : 431)   Index built. Total 3 kmers, 2400 bytes occupied (6400 bits per kmer).
  0:00:06.638     2M / 17M   INFO    General                 (coverage_hash_map_builder.:  47)   Collecting k-mer coverage information from reads, this takes a while.
  0:00:06.651     2M / 17M   INFO    General                 (construction.cpp          : 430)   Filling coverage and flanking coverage from PHM
  0:00:06.918     1M / 17M   INFO   StageManager             (stage.cpp                 : 185)   STAGE == EC Threshold Finding (id: ec_threshold_finder)
  0:00:06.924     1M / 17M   INFO    General                 (kmer_coverage_model.cpp   : 181)   Kmer coverage valley at: 0
  0:00:06.926     1M / 17M   INFO    General                 (kmer_coverage_model.cpp   : 201)   K-mer histogram maximum: 1543
  0:00:06.927     1M / 17M   INFO    General                 (kmer_coverage_model.cpp   : 237)   Estimated median coverage: 1544. Coverage mad: 2.9652
  0:00:06.930     1M / 17M   INFO    General                 (kmer_coverage_model.cpp   : 259)   Fitting coverage model
  0:00:06.943     1M / 17M   INFO    General                 (kmer_coverage_model.cpp   : 295)   ... iteration 2
  0:00:06.954     1M / 17M   INFO    General                 (kmer_coverage_model.cpp   : 295)   ... iteration 4
  0:00:07.009     1M / 17M   INFO    General                 (kmer_coverage_model.cpp   : 295)   ... iteration 8
  0:00:07.015     1M / 17M   INFO    General                 (kmer_coverage_model.cpp   : 309)   Fitted mean coverage: 1544. Fitted coverage std. dev: 1.33865e-309
  0:00:07.028     1M / 17M   INFO    General                 (kmer_coverage_model.cpp   : 334)   Probability of erroneous kmer at valley: 1
  0:00:07.028     1M / 17M   INFO    General                 (kmer_coverage_model.cpp   : 358)   Preliminary threshold calculated as: 1544
  0:00:07.032     1M / 17M   INFO    General                 (kmer_coverage_model.cpp   : 362)   Threshold adjusted to: 772
  0:00:07.034     1M / 17M   INFO    General                 (kmer_coverage_model.cpp   : 375)   Estimated genome size (ignoring repeats): 3
  0:00:07.037     1M / 17M   INFO    General                 (genomic_info_filler.cpp   :  55)   Mean coverage was calculated as 1544
  0:00:07.040     1M / 17M   INFO    General                 (genomic_info_filler.cpp   :  70)   EC coverage threshold value was calculated as 772
  0:00:07.042     1M / 17M   INFO    General                 (genomic_info_filler.cpp   :  71)   Trusted kmer low bound: 0
  0:00:07.044     1M / 17M   INFO   StageManager             (stage.cpp                 : 185)   STAGE == Gap Closer (id: early_gapcloser)
  0:00:07.057    10M / 18M   INFO    General                 (edge_index.hpp            : 113)   Size of edge index entries: 12/8
  0:00:07.060    10M / 18M   INFO    General                 (gap_closer.cpp            : 101)   Total edges in tip neighborhood: 0 out of 2, length: 0
  0:00:07.061    10M / 18M   INFO    General                 (gap_closer.cpp            : 437)   No tips in graph, skipping gap closer
  0:00:07.064     1M / 18M   INFO   StageManager             (stage.cpp                 : 185)   STAGE == Raw Simplification (id: raw_simplification)
  0:00:07.065     1M / 18M   INFO    General                 (simplification.cpp        : 127)   PROCEDURE == Initial cleaning
  0:00:07.065     1M / 18M   INFO    General                 (graph_simplification.hpp  : 662)   Flanking coverage based disconnection disabled
  0:00:07.068     1M / 18M   INFO   Simplification           (parallel_processing.hpp   : 167)   Running Self conjugate edge remover
  0:00:07.075     1M / 19M   INFO   Simplification           (parallel_processing.hpp   : 170)   Self conjugate edge remover triggered 0 times
  0:00:07.076     1M / 19M   INFO   Simplification           (parallel_processing.hpp   : 167)   Running Initial tip clipper
  0:00:07.079     1M / 19M   INFO   Simplification           (parallel_processing.hpp   : 170)   Initial tip clipper triggered 0 times
  0:00:07.085     1M / 19M   INFO   Simplification           (parallel_processing.hpp   : 167)   Running Initial ec remover
  0:00:07.089     1M / 19M   INFO   Simplification           (parallel_processing.hpp   : 170)   Initial ec remover triggered 0 times
  0:00:07.090     1M / 19M   INFO   Simplification           (parallel_processing.hpp   : 167)   Running Initial isolated edge remover
  0:00:07.091     1M / 19M   INFO   Simplification           (parallel_processing.hpp   : 170)   Initial isolated edge remover triggered 0 times
  0:00:07.093     1M / 19M   INFO   StageManager             (stage.cpp                 : 185)   STAGE == Simplification (id: simplification)
  0:00:07.096     1M / 19M   INFO    General                 (simplification.cpp        : 368)   Graph simplification started
  0:00:07.097     1M / 19M   INFO    General                 (graph_simplification.hpp  : 634)   Creating parallel br instance
  0:00:07.099     1M / 19M   INFO    General                 (simplification.cpp        : 373)   PROCEDURE == Simplification cycle, iteration 1
  0:00:07.103     1M / 19M   INFO   Simplification           (parallel_processing.hpp   : 167)   Running Tip clipper
  0:00:07.107     1M / 19M   INFO   Simplification           (parallel_processing.hpp   : 170)   Tip clipper triggered 0 times
  0:00:07.110     1M / 19M   INFO   Simplification           (parallel_processing.hpp   : 167)   Running Bulge remover
  0:00:07.118     1M / 19M   INFO   Simplification           (parallel_processing.hpp   : 170)   Bulge remover triggered 0 times
  0:00:07.120     1M / 19M   INFO   Simplification           (parallel_processing.hpp   : 167)   Running Low coverage edge remover
  0:00:07.123     1M / 19M   INFO   Simplification           (parallel_processing.hpp   : 170)   Low coverage edge remover triggered 0 times
  0:00:07.125     1M / 19M   INFO    General                 (simplification.cpp        : 373)   PROCEDURE == Simplification cycle, iteration 2
  0:00:07.126     1M / 19M   INFO   Simplification           (parallel_processing.hpp   : 167)   Running Tip clipper
  0:00:07.127     1M / 19M   INFO   Simplification           (parallel_processing.hpp   : 170)   Tip clipper triggered 0 times
  0:00:07.133     1M / 19M   INFO   Simplification           (parallel_processing.hpp   : 167)   Running Bulge remover
  0:00:07.134     1M / 19M   INFO   Simplification           (parallel_processing.hpp   : 170)   Bulge remover triggered 0 times
  0:00:07.135     1M / 19M   INFO   Simplification           (parallel_processing.hpp   : 167)   Running Low coverage edge remover
  0:00:07.138     1M / 19M   INFO   Simplification           (parallel_processing.hpp   : 170)   Low coverage edge remover triggered 0 times
  0:00:07.138     1M / 19M   INFO    General                 (simplification.cpp        : 373)   PROCEDURE == Simplification cycle, iteration 3
  0:00:07.140     1M / 19M   INFO   Simplification           (parallel_processing.hpp   : 167)   Running Tip clipper
  0:00:07.143     1M / 19M   INFO   Simplification           (parallel_processing.hpp   : 170)   Tip clipper triggered 0 times
  0:00:07.148     1M / 19M   INFO   Simplification           (parallel_processing.hpp   : 167)   Running Bulge remover
  0:00:07.151     1M / 19M   INFO   Simplification           (parallel_processing.hpp   : 170)   Bulge remover triggered 0 times
  0:00:07.152     1M / 19M   INFO   Simplification           (parallel_processing.hpp   : 167)   Running Low coverage edge remover
  0:00:07.153     1M / 19M   INFO   Simplification           (parallel_processing.hpp   : 170)   Low coverage edge remover triggered 0 times
  0:00:07.156     1M / 19M   INFO    General                 (simplification.cpp        : 373)   PROCEDURE == Simplification cycle, iteration 4
  0:00:07.159     1M / 19M   INFO   Simplification           (parallel_processing.hpp   : 167)   Running Tip clipper
  0:00:07.162     1M / 19M   INFO   Simplification           (parallel_processing.hpp   : 170)   Tip clipper triggered 0 times
  0:00:07.165     1M / 19M   INFO   Simplification           (parallel_processing.hpp   : 167)   Running Bulge remover
  0:00:07.166     1M / 19M   INFO   Simplification           (parallel_processing.hpp   : 170)   Bulge remover triggered 0 times
  0:00:07.168     1M / 19M   INFO   Simplification           (parallel_processing.hpp   : 167)   Running Low coverage edge remover
  0:00:07.170     1M / 19M   INFO   Simplification           (parallel_processing.hpp   : 170)   Low coverage edge remover triggered 0 times
  0:00:07.171     1M / 19M   INFO    General                 (simplification.cpp        : 373)   PROCEDURE == Simplification cycle, iteration 5
  0:00:07.172     1M / 19M   INFO   Simplification           (parallel_processing.hpp   : 167)   Running Tip clipper
  0:00:07.176     1M / 19M   INFO   Simplification           (parallel_processing.hpp   : 170)   Tip clipper triggered 0 times
  0:00:07.179     1M / 19M   INFO   Simplification           (parallel_processing.hpp   : 167)   Running Bulge remover
  0:00:07.180     1M / 19M   INFO   Simplification           (parallel_processing.hpp   : 170)   Bulge remover triggered 0 times
  0:00:07.181     1M / 19M   INFO   Simplification           (parallel_processing.hpp   : 167)   Running Low coverage edge remover
  0:00:07.184     1M / 19M   INFO   Simplification           (parallel_processing.hpp   : 170)   Low coverage edge remover triggered 0 times
  0:00:07.185     1M / 19M   INFO    General                 (simplification.cpp        : 373)   PROCEDURE == Simplification cycle, iteration 6
  0:00:07.189     1M / 19M   INFO   Simplification           (parallel_processing.hpp   : 167)   Running Tip clipper
  0:00:07.190     1M / 19M   INFO   Simplification           (parallel_processing.hpp   : 170)   Tip clipper triggered 0 times
  0:00:07.193     1M / 19M   INFO   Simplification           (parallel_processing.hpp   : 167)   Running Bulge remover
  0:00:07.196     1M / 19M   INFO   Simplification           (parallel_processing.hpp   : 170)   Bulge remover triggered 0 times
  0:00:07.198     1M / 19M   INFO   Simplification           (parallel_processing.hpp   : 167)   Running Low coverage edge remover
  0:00:07.201     1M / 19M   INFO   Simplification           (parallel_processing.hpp   : 170)   Low coverage edge remover triggered 0 times
  0:00:07.202     1M / 19M   INFO    General                 (simplification.cpp        : 373)   PROCEDURE == Simplification cycle, iteration 7
  0:00:07.209     1M / 19M   INFO   Simplification           (parallel_processing.hpp   : 167)   Running Tip clipper
  0:00:07.210     1M / 19M   INFO   Simplification           (parallel_processing.hpp   : 170)   Tip clipper triggered 0 times
  0:00:07.212     1M / 19M   INFO   Simplification           (parallel_processing.hpp   : 167)   Running Bulge remover
  0:00:07.215     1M / 19M   INFO   Simplification           (parallel_processing.hpp   : 170)   Bulge remover triggered 0 times
  0:00:07.216     1M / 19M   INFO   Simplification           (parallel_processing.hpp   : 167)   Running Low coverage edge remover
  0:00:07.217     1M / 19M   INFO   Simplification           (parallel_processing.hpp   : 170)   Low coverage edge remover triggered 0 times
  0:00:07.217     1M / 19M   INFO    General                 (simplification.cpp        : 373)   PROCEDURE == Simplification cycle, iteration 8
  0:00:07.221     1M / 19M   INFO   Simplification           (parallel_processing.hpp   : 167)   Running Tip clipper
  0:00:07.222     1M / 19M   INFO   Simplification           (parallel_processing.hpp   : 170)   Tip clipper triggered 0 times
  0:00:07.226     1M / 19M   INFO   Simplification           (parallel_processing.hpp   : 167)   Running Bulge remover
  0:00:07.227     1M / 19M   INFO   Simplification           (parallel_processing.hpp   : 170)   Bulge remover triggered 0 times
  0:00:07.229     1M / 19M   INFO   Simplification           (parallel_processing.hpp   : 167)   Running Low coverage edge remover
  0:00:07.232     1M / 19M   INFO   Simplification           (parallel_processing.hpp   : 170)   Low coverage edge remover triggered 0 times
  0:00:07.232     1M / 19M   INFO    General                 (simplification.cpp        : 373)   PROCEDURE == Simplification cycle, iteration 9
  0:00:07.234     1M / 19M   INFO   Simplification           (parallel_processing.hpp   : 167)   Running Tip clipper
  0:00:07.234     1M / 19M   INFO   Simplification           (parallel_processing.hpp   : 170)   Tip clipper triggered 0 times
  0:00:07.237     1M / 19M   INFO   Simplification           (parallel_processing.hpp   : 167)   Running Bulge remover
  0:00:07.244     1M / 19M   INFO   Simplification           (parallel_processing.hpp   : 170)   Bulge remover triggered 0 times
  0:00:07.246     1M / 19M   INFO   Simplification           (parallel_processing.hpp   : 167)   Running Low coverage edge remover
  0:00:07.247     1M / 19M   INFO   Simplification           (parallel_processing.hpp   : 170)   Low coverage edge remover triggered 0 times
  0:00:07.249     1M / 19M   INFO    General                 (simplification.cpp        : 373)   PROCEDURE == Simplification cycle, iteration 10
  0:00:07.252     1M / 19M   INFO   Simplification           (parallel_processing.hpp   : 167)   Running Tip clipper
  0:00:07.255     1M / 19M   INFO   Simplification           (parallel_processing.hpp   : 170)   Tip clipper triggered 0 times
  0:00:07.256     1M / 19M   INFO   Simplification           (parallel_processing.hpp   : 167)   Running Bulge remover
  0:00:07.259     1M / 19M   INFO   Simplification           (parallel_processing.hpp   : 170)   Bulge remover triggered 0 times
  0:00:07.261     1M / 19M   INFO   Simplification           (parallel_processing.hpp   : 167)   Running Low coverage edge remover
  0:00:07.263     1M / 19M   INFO   Simplification           (parallel_processing.hpp   : 170)   Low coverage edge remover triggered 0 times
  0:00:07.265     1M / 19M   INFO    General                 (simplification.cpp        : 373)   PROCEDURE == Simplification cycle, iteration 11
  0:00:07.267     1M / 19M   INFO   Simplification           (parallel_processing.hpp   : 167)   Running Tip clipper
  0:00:07.270     1M / 19M   INFO   Simplification           (parallel_processing.hpp   : 170)   Tip clipper triggered 0 times
  0:00:07.272     1M / 19M   INFO   Simplification           (parallel_processing.hpp   : 167)   Running Bulge remover
  0:00:07.277     1M / 19M   INFO   Simplification           (parallel_processing.hpp   : 170)   Bulge remover triggered 0 times
  0:00:07.277     1M / 19M   INFO   Simplification           (parallel_processing.hpp   : 167)   Running Low coverage edge remover
  0:00:07.282     1M / 19M   INFO   Simplification           (parallel_processing.hpp   : 170)   Low coverage edge remover triggered 0 times
  0:00:07.285     1M / 19M   INFO   StageManager             (stage.cpp                 : 185)   STAGE == Gap Closer (id: late_gapcloser)
  0:00:07.292    10M / 19M   INFO    General                 (edge_index.hpp            : 113)   Size of edge index entries: 12/8
  0:00:07.294    10M / 19M   INFO    General                 (gap_closer.cpp            : 101)   Total edges in tip neighborhood: 0 out of 2, length: 0
  0:00:07.298    10M / 19M   INFO    General                 (gap_closer.cpp            : 437)   No tips in graph, skipping gap closer
  0:00:07.300     1M / 19M   INFO   StageManager             (stage.cpp                 : 185)   STAGE == Simplification Cleanup (id: simplification_cleanup)
  0:00:07.302     1M / 19M   INFO    General                 (simplification.cpp        : 176)   PROCEDURE == Post simplification
  0:00:07.303     1M / 19M   INFO    General                 (graph_simplification.hpp  : 448)   Disconnection of relatively low covered edges disabled
  0:00:07.305     1M / 19M   INFO    General                 (graph_simplification.hpp  : 485)   Complex tip clipping disabled
  0:00:07.306     1M / 19M   INFO    General                 (graph_simplification.hpp  : 634)   Creating parallel br instance
  0:00:07.307     1M / 19M   INFO   Simplification           (parallel_processing.hpp   : 167)   Running Tip clipper
  0:00:07.310     1M / 19M   INFO   Simplification           (parallel_processing.hpp   : 170)   Tip clipper triggered 0 times
  0:00:07.312     1M / 19M   INFO   Simplification           (parallel_processing.hpp   : 167)   Running Bulge remover
  0:00:07.316     1M / 19M   INFO   Simplification           (parallel_processing.hpp   : 170)   Bulge remover triggered 0 times
  0:00:07.317     1M / 19M   INFO   Simplification           (parallel_processing.hpp   : 167)   Running Tip clipper
  0:00:07.320     1M / 19M   INFO   Simplification           (parallel_processing.hpp   : 170)   Tip clipper triggered 0 times
  0:00:07.321     1M / 19M   INFO   Simplification           (parallel_processing.hpp   : 167)   Running Bulge remover
  0:00:07.322     1M / 19M   INFO   Simplification           (parallel_processing.hpp   : 170)   Bulge remover triggered 0 times
  0:00:07.324     1M / 19M   INFO    General                 (simplification.cpp        : 327)   Disrupting self-conjugate edges
  0:00:07.325     1M / 19M   INFO   Simplification           (parallel_processing.hpp   : 167)   Running Removing isolated edges
  0:00:07.329     1M / 19M   INFO   Simplification           (parallel_processing.hpp   : 170)   Removing isolated edges triggered 0 times
  0:00:07.331     1M / 19M   INFO    General                 (simplification.cpp        : 495)   After simplification:
  0:00:07.332     1M / 19M   INFO    General                 (simplification.cpp        : 496)     Average coverage = 1640.5
  0:00:07.335     1M / 19M   INFO    General                 (simplification.cpp        : 497)     Total length = 4
  0:00:07.335     1M / 19M   INFO    General                 (simplification.cpp        : 498)     Median edge length: 3
  0:00:07.338     1M / 19M   INFO    General                 (simplification.cpp        : 499)     Edges: 2
  0:00:07.340     1M / 19M   INFO    General                 (simplification.cpp        : 500)     Vertices: 2
  0:00:07.341     1M / 19M   INFO   StageManager             (stage.cpp                 : 185)   STAGE == Mismatch Correction (id: mismatch_correction)
  0:00:07.341     1M / 19M   INFO    General                 (graph_pack.cpp            :  67)   Index refill
  0:00:07.345     1M / 19M   INFO    General                 (edge_index.hpp            : 156)   Using small index (max_id = 7)
  0:00:07.350     1M / 19M   INFO   K-mer Index Building     (kmer_index_builder.hpp    : 395)   Building perfect hash indices
  0:00:07.354     1M / 19M   INFO   K-mer Index Building     (kmer_index_builder.hpp    : 431)   Index built. Total 3 kmers, 800 bytes occupied (2133.33 bits per kmer).
  0:00:07.356     1M / 19M   INFO    General                 (edge_index_builders.hpp   : 252)   Collecting edge information from graph, this takes a while.
  0:00:07.361     1M / 19M   INFO    General                 (graph_pack.cpp            :  77)   Normalizing k-mer map. Total 0 kmers to process
  0:00:07.366     1M / 19M   INFO    General                 (graph_pack.cpp            :  79)   Normalizing done
  0:00:07.369     1M / 19M   INFO    General                 (mismatch_correction.cpp   : 400)   Collect potential mismatches
  0:00:07.371     1M / 19M   INFO    General                 (mismatch_correction.cpp   : 192)   Total 0 edges (out of 2) with 0 potential mismatch positions (-nan positions per edge)
  0:00:07.375     1M / 19M   INFO    General                 (mismatch_correction.cpp   : 402)   Potential mismatches collected
  0:00:07.500     1M / 19M   INFO    General                 (sequence_mapper_notifier.h:  95)   Total 386 reads processed
  0:00:07.523     1M / 19M   INFO    General                 (mismatch_correction.cpp   : 395)   All edges processed
  0:00:07.524     1M / 19M   INFO    General                 (mismatch_correction.cpp   : 450)   Corrected 0 nucleotides
  0:00:07.525     1M / 19M   INFO   StageManager             (stage.cpp                 : 185)   STAGE == Contig Output (id: contig_output)
  0:00:07.530     1M / 19M   INFO    General                 (contig_output.hpp         :  16)   Outputting contigs to /workspace/output/task_a9d6bc97/K33/before_rr.fasta
  0:00:07.545     1M / 19M   INFO    General                 (contig_output_stage.cpp   : 151)   Writing GFA graph to /workspace/output/task_a9d6bc97/K33/assembly_graph_after_simplification.gfa
  0:00:07.547     1M / 19M   INFO   StageManager             (stage.cpp                 : 185)   STAGE == Paired Information Counting (id: late_pair_info_count)
  0:00:07.547     1M / 19M   INFO    General                 (graph_pack.cpp            :  77)   Normalizing k-mer map. Total 0 kmers to process
  0:00:07.549     1M / 19M   INFO    General                 (graph_pack.cpp            :  79)   Normalizing done
  0:00:07.550     1M / 19M   INFO    General                 (pair_info_count.cpp       : 339)   Min edge length for estimation: 3
  0:00:07.554     1M / 19M   INFO    General                 (pair_info_count.cpp       : 350)   Estimating insert size for library #0
  0:00:07.556     1M / 19M   INFO    General                 (pair_info_count.cpp       : 202)   Estimating insert size (takes a while)
  0:00:07.834   273M / 281M  INFO    General                 (pair_info_count.cpp       :  48)   Selecting usual mapper
  0:00:08.118   273M / 281M  INFO    General                 (sequence_mapper_notifier.h:  95)   Total 93 reads processed
  0:00:08.177   273M / 281M  INFO    General                 (pair_info_count.cpp       : 220)   Edge pairs: 4
  0:00:08.185   273M / 281M  INFO    General                 (pair_info_count.cpp       : 222)   0 paired reads (0% of all) aligned to long edges
  0:00:08.196     1M / 281M  WARN    General                 (pair_info_count.cpp       : 358)   Unable to estimate insert size for paired library #0
  0:00:08.200     1M / 281M  WARN    General                 (pair_info_count.cpp       : 364)   None of paired reads aligned properly. Please, check orientation of your read pairs.
  0:00:08.203     1M / 281M  INFO   StageManager             (stage.cpp                 : 185)   STAGE == Distance Estimation (id: distance_estimation)
  0:00:08.206     1M / 281M  INFO    General                 (distance_estimation.cpp   : 186)   Clearing raw paired index
  0:00:08.208     1M / 281M  INFO   StageManager             (stage.cpp                 : 185)   STAGE == Repeat Resolving (id: repeat_resolving)
  0:00:08.209     1M / 281M  WARN    General                 (repeat_resolving.cpp      :  81)   Insert size was not estimated for any of the paired libraries, repeat resolution module will not run.
  0:00:08.210     1M / 281M  INFO   StageManager             (stage.cpp                 : 185)   STAGE == Contig Output (id: contig_output)
  0:00:08.211     1M / 281M  INFO    General                 (contig_output.hpp         :  16)   Outputting contigs to /workspace/output/task_a9d6bc97/K33/before_rr.fasta
  0:00:08.225     1M / 281M  INFO    General                 (contig_output_stage.cpp   : 151)   Writing GFA graph to /workspace/output/task_a9d6bc97/K33/assembly_graph_with_scaffolds.gfa
  0:00:08.226     1M / 281M  INFO    General                 (contig_output_stage.cpp   : 165)   Outputting FastG graph to /workspace/output/task_a9d6bc97/K33/assembly_graph.fastg
  0:00:08.234     1M / 281M  INFO    General                 (contig_output.hpp         :  16)   Outputting contigs to /workspace/output/task_a9d6bc97/K33/final_contigs.fasta
  0:00:08.241     1M / 281M  INFO    General                 (pipeline.cpp              : 287)   SPAdes finished
  0:00:08.243     1M / 281M  INFO    General                 (main.cpp                  : 136)   Assembling time: 0 hours 0 minutes 8 seconds

===== K33 finished. 


===== Copy files started. 


== Running: /usr/bin/python /SPAdes-3.15.5-Linux/share/spades/spades_pipeline/scripts/copy_files.py /workspace/output/task_a9d6bc97/K33/before_rr.fasta /workspace/output/task_a9d6bc97/before_rr.fasta /workspace/output/task_a9d6bc97/K33/assembly_graph_after_simplification.gfa /workspace/output/task_a9d6bc97/assembly_graph_after_simplification.gfa /workspace/output/task_a9d6bc97/K33/final_contigs.fasta /workspace/output/task_a9d6bc97/contigs.fasta /workspace/output/task_a9d6bc97/K33/first_pe_contigs.fasta /workspace/output/task_a9d6bc97/first_pe_contigs.fasta /workspace/output/task_a9d6bc97/K33/strain_graph.gfa /workspace/output/task_a9d6bc97/strain_graph.gfa /workspace/output/task_a9d6bc97/K33/scaffolds.fasta /workspace/output/task_a9d6bc97/scaffolds.fasta /workspace/output/task_a9d6bc97/K33/scaffolds.paths /workspace/output/task_a9d6bc97/scaffolds.paths /workspace/output/task_a9d6bc97/K33/assembly_graph_with_scaffolds.gfa /workspace/output/task_a9d6bc97/assembly_graph_with_scaffolds.gfa /workspace/output/task_a9d6bc97/K33/assembly_graph.fastg /workspace/output/task_a9d6bc97/assembly_graph.fastg /workspace/output/task_a9d6bc97/K33/final_contigs.paths /workspace/output/task_a9d6bc97/contigs.paths


===== Copy files finished. 


===== Assembling finished. 


===== Breaking scaffolds started. 


== Running: /usr/bin/python /SPAdes-3.15.5-Linux/share/spades/spades_pipeline/scripts/breaking_scaffolds_script.py --result_scaffolds_filename /workspace/output/task_a9d6bc97/scaffolds.fasta --misc_dir /workspace/output/task_a9d6bc97/misc --threshold_for_breaking_scaffolds 3


===== Breaking scaffolds finished. 


===== Terminate started. 


===== Terminate finished. 

 * Corrected reads are in /workspace/output/task_a9d6bc97/corrected/
 * Assembled contigs are in /workspace/output/task_a9d6bc97/contigs.fasta
 * Assembly graph is in /workspace/output/task_a9d6bc97/assembly_graph.fastg
 * Assembly graph in GFA format is in /workspace/output/task_a9d6bc97/assembly_graph_with_scaffolds.gfa

======= SPAdes pipeline finished WITH WARNINGS!

=== Error correction and assembling warnings:
 * 0:00:08.196     1M / 281M  WARN    General                 (pair_info_count.cpp       : 358)   Unable to estimate insert size for paired library #0
 * 0:00:08.200     1M / 281M  WARN    General                 (pair_info_count.cpp       : 364)   None of paired reads aligned properly. Please, check orientation of your read pairs.
 * 0:00:08.209     1M / 281M  WARN    General                 (repeat_resolving.cpp      :  81)   Insert size was not estimated for any of the paired libraries, repeat resolution module will not run.
======= Warnings saved to /workspace/output/task_a9d6bc97/warnings.log

SPAdes log can be found here: /workspace/output/task_a9d6bc97/spades.log

Thank you for using SPAdes!
